2023-11-03 08:04:47,742 [INFO] Activator:176 - 


2023-11-03 08:04:47,805 [INFO] Activator:177 - !SESSION log4j initialized
2023-11-03 08:05:06,974 [INFO] LogOutputStream:77 - [STDOUT_REDIRECT] 
2023-11-03 08:05:12,588 [INFO] ApplicationProperties:184 - Using Application install path: C:\ST\STM32CubeIDE_1.12.1\STM32CubeIDE\plugins\com.st.stm32cube.common.mx_6.9.2.202309101412
2023-11-03 08:05:12,654 [INFO] DbMcusXml:78 - Set database path to: C:\ST\STM32CubeIDE_1.12.1\STM32CubeIDE\plugins\com.st.stm32cube.common.mx_6.9.2.202309101412\\db\/mcu/
2023-11-03 08:05:12,654 [INFO] ApiDb:274 - Set plugin database path to: C:\ST\STM32CubeIDE_1.12.1\STM32CubeIDE\plugins\com.st.stm32cube.common.mx_6.9.2.202309101412\\db\/plugins/boardmanager/
2023-11-03 08:05:12,655 [WARN] ApiDb:259 - Overriding images path with different value:  => C:\ST\STM32CubeIDE_1.12.1\STM32CubeIDE\plugins\com.st.stm32cube.common.mx_6.9.2.202309101412\\db\/plugins/mcufinder/images/
2023-11-03 08:05:12,910 [INFO] ApiDb:250 - Set database path to: C:\Users\TAMRD\.stmcufinder\plugins\mcufinder//mcu/
2023-11-03 08:05:12,911 [INFO] DbMcusAds:125 - Set database path to: C:\Users\TAMRD\.stmcufinder\plugins\mcufinder//mcu/
2023-11-03 08:05:12,913 [INFO] CrossReferenceDbSqlite:203 - Set database path to: C:\Users\TAMRD\.stmcufinder\plugins\mcufinder//mcu/cs/
2023-11-03 08:05:13,212 [INFO] RulesReader:64 - Compatibility file has been processed (293 Rules)
2023-11-03 08:05:14,475 [INFO] DbMcusXml:78 - Set database path to: C:\ST\STM32CubeIDE_1.12.1\STM32CubeIDE\plugins\com.st.stm32cube.common.mx_6.9.2.202309101412\\db\/mcu/
2023-11-03 08:05:14,475 [INFO] ApiDb:274 - Set plugin database path to: C:\ST\STM32CubeIDE_1.12.1\STM32CubeIDE\plugins\com.st.stm32cube.common.mx_6.9.2.202309101412\\db\/plugins/boardmanager/
2023-11-03 08:05:14,475 [INFO] ApiDb:261 - Set plugin images path to: C:\ST\STM32CubeIDE_1.12.1\STM32CubeIDE\plugins\com.st.stm32cube.common.mx_6.9.2.202309101412\\db\/plugins/mcufinder/images/
2023-11-03 08:05:14,476 [WARN] DbFile:41 - Overriding database path with different value: C:\Users\TAMRD\.stmcufinder\plugins\mcufinder/ => C:\Users\TAMRD\.stmcufinder\plugins\mcufinder
2023-11-03 08:05:14,476 [INFO] ApiDb:250 - Set database path to: C:\Users\TAMRD\.stmcufinder\plugins\mcufinder//mcu/
2023-11-03 08:05:14,476 [WARN] DbFile:41 - Overriding database path with different value: C:\Users\TAMRD\.stmcufinder\plugins\mcufinder/ => C:\Users\TAMRD\.stmcufinder\plugins\mcufinder
2023-11-03 08:05:14,476 [INFO] DbMcusAds:125 - Set database path to: C:\Users\TAMRD\.stmcufinder\plugins\mcufinder//mcu/
2023-11-03 08:05:14,477 [WARN] DbFile:41 - Overriding database path with different value: C:\Users\TAMRD\.stmcufinder\plugins\mcufinder/ => C:\Users\TAMRD\.stmcufinder\plugins\mcufinder
2023-11-03 08:05:14,477 [WARN] DbFile:41 - Overriding database path with different value: C:\Users\TAMRD\.stmcufinder\plugins\mcufinder/ => C:\Users\TAMRD\.stmcufinder\plugins\mcufinder
2023-11-03 08:05:14,477 [INFO] CrossReferenceDbSqlite:203 - Set database path to: C:\Users\TAMRD\.stmcufinder\plugins\mcufinder//mcu/cs/
2023-11-03 08:05:14,848 [INFO] MainPanel:262 - HeapMemory: 268435456
2023-11-03 08:05:15,848 [INFO] DbMcusXml:78 - Set database path to: C:\ST\STM32CubeIDE_1.12.1\STM32CubeIDE\plugins\com.st.stm32cube.common.mx_6.9.2.202309101412\\db\/mcu/
2023-11-03 08:05:15,849 [INFO] ApiDb:274 - Set plugin database path to: C:\ST\STM32CubeIDE_1.12.1\STM32CubeIDE\plugins\com.st.stm32cube.common.mx_6.9.2.202309101412\\db\/plugins/boardmanager/
2023-11-03 08:05:15,849 [INFO] ApiDb:261 - Set plugin images path to: C:\ST\STM32CubeIDE_1.12.1\STM32CubeIDE\plugins\com.st.stm32cube.common.mx_6.9.2.202309101412\\db\/plugins/mcufinder/images/
2023-11-03 08:05:15,867 [WARN] DbFile:41 - Overriding database path with different value: C:\Users\TAMRD\.stmcufinder\plugins\mcufinder/ => C:\Users\TAMRD\.stmcufinder\plugins\mcufinder
2023-11-03 08:05:15,867 [INFO] ApiDb:250 - Set database path to: C:\Users\TAMRD\.stmcufinder\plugins\mcufinder//mcu/
2023-11-03 08:05:15,867 [WARN] DbFile:41 - Overriding database path with different value: C:\Users\TAMRD\.stmcufinder\plugins\mcufinder/ => C:\Users\TAMRD\.stmcufinder\plugins\mcufinder
2023-11-03 08:05:15,867 [INFO] DbMcusAds:125 - Set database path to: C:\Users\TAMRD\.stmcufinder\plugins\mcufinder//mcu/
2023-11-03 08:05:15,868 [WARN] DbFile:41 - Overriding database path with different value: C:\Users\TAMRD\.stmcufinder\plugins\mcufinder/ => C:\Users\TAMRD\.stmcufinder\plugins\mcufinder
2023-11-03 08:05:15,868 [WARN] DbFile:41 - Overriding database path with different value: C:\Users\TAMRD\.stmcufinder\plugins\mcufinder/ => C:\Users\TAMRD\.stmcufinder\plugins\mcufinder
2023-11-03 08:05:15,868 [INFO] CrossReferenceDbSqlite:203 - Set database path to: C:\Users\TAMRD\.stmcufinder\plugins\mcufinder//mcu/cs/
2023-11-03 08:05:16,123 [INFO] ApplicationProperties:184 - Using Application install path: C:\ST\STM32CubeIDE_1.12.1\STM32CubeIDE\plugins\com.st.stm32cube.common.mx_6.9.2.202309101412
2023-11-03 08:05:16,125 [INFO] PluginManage:196 - Search for loadable plugins [exclusion list=, ]
2023-11-03 08:05:16,127 [INFO] PluginManage:310 - Check plugin analytics
2023-11-03 08:05:16,610 [INFO] AnalyticsPlugin:253 - Accepted Software Licenses: 
2023-11-03 08:05:16,611 [INFO] AnalyticsPlugin:255 - Accepted CMSIS Pack Licenses: 
2023-11-03 08:05:16,611 [INFO] AnalyticsPlugin:257 - Accepted Firmware Licenses: 
2023-11-03 08:05:16,614 [INFO] PluginManage:359 - Loaded plugin analytics (category:tool,tabindex:-1)
2023-11-03 08:05:16,615 [INFO] PluginManage:310 - Check plugin cadmodel
2023-11-03 08:05:16,672 [INFO] CADModel:105 - Init CAD model plugin
2023-11-03 08:05:16,672 [INFO] PluginManage:359 - Loaded plugin cadmodel (category:power,tabindex:5)
2023-11-03 08:05:16,673 [INFO] PluginManage:310 - Check plugin clock
2023-11-03 08:05:16,728 [INFO] PluginManage:359 - Loaded plugin clock (category:base,tabindex:2)
2023-11-03 08:05:16,728 [INFO] PluginManage:310 - Check plugin ddr
2023-11-03 08:05:16,747 [INFO] PluginManage:359 - Loaded plugin ddr (category:tool,tabindex:6)
2023-11-03 08:05:16,747 [INFO] PluginManage:310 - Check plugin filemanager
2023-11-03 08:05:17,265 [INFO] PluginManage:359 - Loaded plugin filemanager (category:base,tabindex:10)
2023-11-03 08:05:17,265 [INFO] PluginManage:310 - Check plugin ipmanager
2023-11-03 08:05:17,298 [INFO] PluginManage:359 - Loaded plugin ipmanager (category:base,tabindex:5)
2023-11-03 08:05:17,298 [INFO] PluginManage:310 - Check plugin lpbam
2023-11-03 08:05:17,352 [INFO] PluginManage:359 - Loaded plugin lpbam (category:base,tabindex:0)
2023-11-03 08:05:17,353 [INFO] PluginManage:310 - Check plugin memorymap
2023-11-03 08:05:17,397 [INFO] PluginManage:359 - Loaded plugin memorymap (category:base,tabindex:4)
2023-11-03 08:05:17,398 [INFO] PluginManage:310 - Check plugin pinoutandconfiguration
2023-11-03 08:05:17,428 [INFO] PluginManage:359 - Loaded plugin pinoutandconfiguration (category:base,tabindex:1)
2023-11-03 08:05:17,429 [INFO] PluginManage:310 - Check plugin pinoutconfig
2023-11-03 08:05:17,599 [WARN] SupportedApi:132 - Cannot load RTOS API schema: s4s-elt-must-match.1: The content of 'definitions' must match (annotation?, (simpleType | complexType)?, (unique | key | keyref)*)). A problem was found starting at: attribute.
2023-11-03 08:05:18,116 [INFO] PluginManage:359 - Loaded plugin pinoutconfig (category:base,tabindex:0)
2023-11-03 08:05:18,117 [INFO] PluginManage:310 - Check plugin power
2023-11-03 08:05:18,190 [INFO] PluginManage:359 - Loaded plugin power (category:power,tabindex:4)
2023-11-03 08:05:18,190 [INFO] PluginManage:310 - Check plugin projectmanager
2023-11-03 08:05:18,220 [INFO] PluginManage:359 - Loaded plugin projectmanager (category:projectmanager,tabindex:3)
2023-11-03 08:05:18,221 [INFO] PluginManage:310 - Check plugin thirdparty
2023-11-03 08:05:19,040 [INFO] PluginManage:359 - Loaded plugin thirdparty (category:base,tabindex:-1)
2023-11-03 08:05:19,040 [INFO] PluginManage:310 - Check plugin tools
2023-11-03 08:05:19,040 [WARN] IntegrityCheckThread:84 - waiting for thirdparty lock release [integrity check]
2023-11-03 08:05:19,041 [INFO] IntegrityCheckThread:86 - entering critical section [integrity check]
2023-11-03 08:05:19,042 [INFO] ThirdPartyUpdaterWithRetryManager:70 - Updater plugin not ready yet. [1/15]
2023-11-03 08:05:19,102 [INFO] PluginManage:359 - Loaded plugin tools (category:base,tabindex:7)
2023-11-03 08:05:19,103 [INFO] PluginManage:310 - Check plugin tutovideos
2023-11-03 08:05:20,448 [INFO] PluginManage:359 - Loaded plugin tutovideos (category:base,tabindex:-1)
2023-11-03 08:05:20,449 [INFO] PluginManage:310 - Check plugin updater
2023-11-03 08:05:20,490 [INFO] PluginManage:359 - Loaded plugin updater (category:base,tabindex:12)
2023-11-03 08:05:20,491 [INFO] PluginManage:310 - Check plugin userauth
2023-11-03 08:05:20,510 [INFO] UserAuth:113 - Init User Auth plugin
2023-11-03 08:05:20,510 [INFO] PluginManage:359 - Loaded plugin userauth (category:base,tabindex:14)
2023-11-03 08:05:20,511 [INFO] PluginManage:283 - PluginManage : Loaded plugins [17]
2023-11-03 08:05:21,280 [INFO] PinOutPanel:1499 - setPackage(No Configuration,No Configuration)
2023-11-03 08:05:21,607 [INFO] CADModel:165 - CPN selected for project level
2023-11-03 08:05:21,607 [INFO] CADModel:114 - Register for checkConnection events
2023-11-03 08:05:21,689 [INFO] IPUIPlugin:80 - create IPUIPlugin
2023-11-03 08:05:21,690 [INFO] PluginManager:220 - loadIPPluginJar : add adc
2023-11-03 08:05:21,767 [INFO] IPUIPlugin:80 - create IPUIPlugin
2023-11-03 08:05:21,767 [INFO] PluginManager:220 - loadIPPluginJar : add aes
2023-11-03 08:05:21,899 [INFO] IPUIPlugin:80 - create IPUIPlugin
2023-11-03 08:05:21,900 [INFO] PluginManager:220 - loadIPPluginJar : add can
2023-11-03 08:05:21,935 [INFO] IPUIPlugin:80 - create IPUIPlugin
2023-11-03 08:05:21,935 [INFO] PluginManager:220 - loadIPPluginJar : add comp
2023-11-03 08:05:22,031 [INFO] IPUIPlugin:80 - create IPUIPlugin
2023-11-03 08:05:22,031 [INFO] PluginManager:220 - loadIPPluginJar : add cryp
2023-11-03 08:05:22,042 [INFO] ThirdPartyUpdaterWithRetryManager:70 - Updater plugin not ready yet. [2/15]
2023-11-03 08:05:22,150 [INFO] IPUIPlugin:80 - create IPUIPlugin
2023-11-03 08:05:22,151 [INFO] PluginManager:220 - loadIPPluginJar : add dfsdm
2023-11-03 08:05:22,211 [INFO] IPUIPlugin:80 - create IPUIPlugin
2023-11-03 08:05:22,211 [INFO] PluginManager:220 - loadIPPluginJar : add dma
2023-11-03 08:05:22,277 [INFO] IPUIPlugin:80 - create IPUIPlugin
2023-11-03 08:05:22,277 [INFO] PluginManager:220 - loadIPPluginJar : add dma3
2023-11-03 08:05:22,358 [INFO] IPUIPlugin:80 - create IPUIPlugin
2023-11-03 08:05:22,358 [INFO] PluginManager:220 - loadIPPluginJar : add fatfs
2023-11-03 08:05:22,422 [INFO] IPUIPlugin:80 - create IPUIPlugin
2023-11-03 08:05:22,423 [INFO] PluginManager:220 - loadIPPluginJar : add fmc
2023-11-03 08:05:22,467 [INFO] IPUIPlugin:80 - create IPUIPlugin
2023-11-03 08:05:22,467 [INFO] PluginManager:220 - loadIPPluginJar : add freertos
2023-11-03 08:05:22,505 [INFO] IPUIPlugin:80 - create IPUIPlugin
2023-11-03 08:05:22,505 [INFO] PluginManager:220 - loadIPPluginJar : add genericplugin
2023-11-03 08:05:22,706 [INFO] IPUIPlugin:80 - create IPUIPlugin
2023-11-03 08:05:22,706 [INFO] PluginManager:220 - loadIPPluginJar : add gfxmmu
2023-11-03 08:05:22,905 [INFO] IPUIPlugin:80 - create IPUIPlugin
2023-11-03 08:05:22,905 [INFO] PluginManager:220 - loadIPPluginJar : add gic
2023-11-03 08:05:22,972 [INFO] IPUIPlugin:80 - create IPUIPlugin
2023-11-03 08:05:22,973 [INFO] PluginManager:220 - loadIPPluginJar : add gpio
2023-11-03 08:05:23,115 [INFO] IPUIPlugin:80 - create IPUIPlugin
2023-11-03 08:05:23,131 [INFO] PluginManager:220 - loadIPPluginJar : add gtzc
2023-11-03 08:05:23,226 [INFO] IPUIPlugin:80 - create IPUIPlugin
2023-11-03 08:05:23,226 [INFO] PluginManager:220 - loadIPPluginJar : add hash
2023-11-03 08:05:23,356 [INFO] IPUIPlugin:80 - create IPUIPlugin
2023-11-03 08:05:23,356 [INFO] PluginManager:220 - loadIPPluginJar : add i2c
2023-11-03 08:05:23,416 [INFO] IPUIPlugin:80 - create IPUIPlugin
2023-11-03 08:05:23,416 [INFO] PluginManager:220 - loadIPPluginJar : add i2s
2023-11-03 08:05:23,481 [INFO] IPUIPlugin:80 - create IPUIPlugin
2023-11-03 08:05:23,481 [INFO] PluginManager:220 - loadIPPluginJar : add i3c
2023-11-03 08:05:23,682 [INFO] IPUIPlugin:80 - create IPUIPlugin
2023-11-03 08:05:23,682 [INFO] PluginManager:220 - loadIPPluginJar : add ipddr
2023-11-03 08:05:23,896 [INFO] IPUIPlugin:80 - create IPUIPlugin
2023-11-03 08:05:23,896 [INFO] PluginManager:220 - loadIPPluginJar : add linkedlist
2023-11-03 08:05:23,993 [INFO] IPUIPlugin:80 - create IPUIPlugin
2023-11-03 08:05:23,993 [INFO] PluginManager:220 - loadIPPluginJar : add lorawan
2023-11-03 08:05:24,084 [INFO] IPUIPlugin:80 - create IPUIPlugin
2023-11-03 08:05:24,084 [INFO] PluginManager:220 - loadIPPluginJar : add ltdc
2023-11-03 08:05:24,160 [INFO] IPUIPlugin:80 - create IPUIPlugin
2023-11-03 08:05:24,161 [INFO] PluginManager:220 - loadIPPluginJar : add mdma
2023-11-03 08:05:24,209 [INFO] IPUIPlugin:80 - create IPUIPlugin
2023-11-03 08:05:24,209 [INFO] PluginManager:220 - loadIPPluginJar : add nvic
2023-11-03 08:05:24,321 [INFO] IPUIPlugin:80 - create IPUIPlugin
2023-11-03 08:05:24,322 [INFO] PluginManager:220 - loadIPPluginJar : add opamp
2023-11-03 08:05:24,446 [INFO] IPUIPlugin:80 - create IPUIPlugin
2023-11-03 08:05:24,446 [INFO] PluginManager:220 - loadIPPluginJar : add openamp
2023-11-03 08:05:24,540 [INFO] IPUIPlugin:80 - create IPUIPlugin
2023-11-03 08:05:24,541 [INFO] PluginManager:220 - loadIPPluginJar : add pdm2pcm
2023-11-03 08:05:24,564 [INFO] IPUIPlugin:80 - create IPUIPlugin
2023-11-03 08:05:24,567 [INFO] PluginManager:220 - loadIPPluginJar : add plateformsettings
2023-11-03 08:05:24,605 [INFO] IPUIPlugin:80 - create IPUIPlugin
2023-11-03 08:05:24,605 [INFO] PluginManager:220 - loadIPPluginJar : add quadspi
2023-11-03 08:05:24,647 [INFO] IPUIPlugin:80 - create IPUIPlugin
2023-11-03 08:05:24,648 [INFO] PluginManager:220 - loadIPPluginJar : add resmgrutility
2023-11-03 08:05:24,702 [INFO] IPUIPlugin:80 - create IPUIPlugin
2023-11-03 08:05:24,703 [INFO] PluginManager:220 - loadIPPluginJar : add sai
2023-11-03 08:05:24,749 [INFO] IPUIPlugin:80 - create IPUIPlugin
2023-11-03 08:05:24,749 [INFO] PluginManager:220 - loadIPPluginJar : add spi
2023-11-03 08:05:24,833 [INFO] IPUIPlugin:80 - create IPUIPlugin
2023-11-03 08:05:24,833 [INFO] PluginManager:220 - loadIPPluginJar : add stm32_wpan
2023-11-03 08:05:24,857 [INFO] IPUIPlugin:80 - create IPUIPlugin
2023-11-03 08:05:24,857 [INFO] PluginManager:220 - loadIPPluginJar : add tim
2023-11-03 08:05:24,941 [INFO] IPUIPlugin:80 - create IPUIPlugin
2023-11-03 08:05:24,941 [INFO] PluginManager:220 - loadIPPluginJar : add touchsensing
2023-11-03 08:05:24,979 [INFO] IPUIPlugin:80 - create IPUIPlugin
2023-11-03 08:05:24,979 [INFO] PluginManager:220 - loadIPPluginJar : add tracer_emb
2023-11-03 08:05:25,014 [INFO] IPUIPlugin:80 - create IPUIPlugin
2023-11-03 08:05:25,014 [INFO] PluginManager:220 - loadIPPluginJar : add ts
2023-11-03 08:05:25,045 [INFO] ThirdPartyUpdaterWithRetryManager:70 - Updater plugin not ready yet. [3/15]
2023-11-03 08:05:25,081 [INFO] IPUIPlugin:80 - create IPUIPlugin
2023-11-03 08:05:25,081 [INFO] PluginManager:220 - loadIPPluginJar : add tsc
2023-11-03 08:05:25,112 [INFO] IPUIPlugin:80 - create IPUIPlugin
2023-11-03 08:05:25,112 [INFO] PluginManager:220 - loadIPPluginJar : add ucpd
2023-11-03 08:05:25,161 [INFO] IPUIPlugin:80 - create IPUIPlugin
2023-11-03 08:05:25,161 [INFO] PluginManager:220 - loadIPPluginJar : add usart
2023-11-03 08:05:25,233 [INFO] IPUIPlugin:80 - create IPUIPlugin
2023-11-03 08:05:25,233 [INFO] PluginManager:220 - loadIPPluginJar : add usbx
2023-11-03 08:05:25,433 [INFO] CADModel:165 - CPN selected for project level
2023-11-03 08:05:25,433 [INFO] CADModel:114 - Register for checkConnection events
2023-11-03 08:05:25,434 [FATAL] Updater:308 - Updater called before beeing initialized
2023-11-03 08:05:25,434 [ERROR] CADModel:125 - Updater not yet initialized, retry later 
2023-11-03 08:05:26,124 [INFO] CADModel:165 - CPN selected for project level
2023-11-03 08:05:26,124 [INFO] CADModel:114 - Register for checkConnection events
2023-11-03 08:05:26,124 [FATAL] Updater:308 - Updater called before beeing initialized
2023-11-03 08:05:26,125 [ERROR] CADModel:125 - Updater not yet initialized, retry later 
2023-11-03 08:05:26,133 [FATAL] Updater:308 - Updater called before beeing initialized
2023-11-03 08:05:26,482 [FATAL] Updater:308 - Updater called before beeing initialized
2023-11-03 08:05:26,508 [INFO] DbMcusAds:53 - JSON generation date=Tue Mar 07 15:50:55 ICT 2023 (1678179055114)
2023-11-03 08:05:26,508 [FATAL] Updater:308 - Updater called before beeing initialized
2023-11-03 08:05:26,934 [WARN] DetailPanel:346 - Failed to get advertising image, set to default
2023-11-03 08:05:27,317 [FATAL] Updater:308 - Updater called before beeing initialized
2023-11-03 08:05:27,346 [FATAL] Updater:308 - Updater called before beeing initialized
2023-11-03 08:05:27,347 [FATAL] Updater:308 - Updater called before beeing initialized
2023-11-03 08:05:27,347 [WARN] DetailPanel:346 - Failed to get advertising image, set to default
2023-11-03 08:05:27,348 [FATAL] Updater:308 - Updater called before beeing initialized
2023-11-03 08:05:27,641 [ERROR] Updater:1120 - MainUpdater not yet initialized. External WinMGr cannot be set.
2023-11-03 08:05:27,665 [INFO] Updater:1056 - Updater Version found : 6.9.2
2023-11-03 08:05:27,861 [INFO] ApplicationProperties:184 - Using Application install path: C:\ST\STM32CubeIDE_1.12.1\STM32CubeIDE\plugins\com.st.stm32cube.common.mx_6.9.2.202309101412
2023-11-03 08:05:28,047 [INFO] ThirdPartyUpdaterWithRetryManager:70 - Updater plugin not ready yet. [4/15]
2023-11-03 08:05:29,243 [INFO] MainUpdater:2868 - connection check result : 10
2023-11-03 08:05:29,244 [INFO] MainUpdater:285 - Updater Check For Update Now.
2023-11-03 08:05:29,244 [INFO] MicroXplorer:498 - Change Database Version : DB.6.0.92
2023-11-03 08:05:29,339 [INFO] McuFinderGlobals:63 - Set McuFinder mode to 2 (CubeIDE integrated)
2023-11-03 08:05:29,659 [INFO] CheckServerUpdateThread:120 - End of CheckServer Thread
2023-11-03 08:05:32,575 [WARN] PackLoader:240 - Cannot read IP mode file for STMicroelectronics.X-CUBE-SMBUS.2.1.0
2023-11-03 08:05:32,696 [WARN] PackLoader:240 - Cannot read IP mode file for STMicroelectronics.X-CUBE-AZRTOS-F7.1.1.0
2023-11-03 08:05:32,771 [WARN] PackLoader:240 - Cannot read IP mode file for STMicroelectronics.FP-SNS-MOTENV1.4.3.2
2023-11-03 08:05:32,808 [WARN] PackLoader:240 - Cannot read IP mode file for STMicroelectronics.FP-SNS-FLIGHT1.5.0.2
2023-11-03 08:05:32,838 [WARN] PackLoader:240 - Cannot read IP mode file for STMicroelectronics.X-CUBE-DISPLAY.3.0.0
2023-11-03 08:05:32,905 [WARN] PackLoader:240 - Cannot read IP mode file for STMicroelectronics.X-CUBE-BLE1.7.0.0
2023-11-03 08:05:32,935 [WARN] PackLoader:240 - Cannot read IP mode file for emotas.I-CUBE-CANOPEN.1.3.0
2023-11-03 08:05:32,995 [WARN] PackLoader:240 - Cannot read IP mode file for STMicroelectronics.X-CUBE-TOUCHGFX.4.22.0
2023-11-03 08:05:33,016 [WARN] PackLoader:240 - Cannot read IP mode file for STMicroelectronics.X-CUBE-TOUCHGFX.4.22.1
2023-11-03 08:05:33,037 [WARN] PackLoader:240 - Cannot read IP mode file for STMicroelectronics.FP-SNS-SMARTAG2.1.2.0
2023-11-03 08:05:33,133 [INFO] LogOutputStream:77 - [STDOUT_REDIRECT] 1 : Invalid condition id : UX_CORESTACK_Condition cause : null
2023-11-03 08:05:33,134 [INFO] LogOutputStream:77 - [STDOUT_REDIRECT] 1 : Invalid condition id : UX_CORESTACK_Condition cause : null
2023-11-03 08:05:33,135 [INFO] LogOutputStream:77 - [STDOUT_REDIRECT] 1 : Invalid condition id : UX_CORESTACK_Condition cause : null
2023-11-03 08:05:33,139 [INFO] LogOutputStream:77 - [STDOUT_REDIRECT] 1 : Invalid condition id : UX_CORESTACK_Condition cause : null
2023-11-03 08:05:33,140 [INFO] LogOutputStream:77 - [STDOUT_REDIRECT] 1 : Invalid condition id : UX_CORESTACK_Condition cause : null
2023-11-03 08:05:33,147 [WARN] PackLoader:240 - Cannot read IP mode file for STMicroelectronics.X-CUBE-AZRTOS-WL.2.0.0
2023-11-03 08:05:33,174 [WARN] PackLoader:240 - Cannot read IP mode file for WES.I-CUBE-Cesium.1.3.0
2023-11-03 08:05:33,231 [WARN] PackLoader:240 - Cannot read IP mode file for STMicroelectronics.X-CUBE-BLE2.3.3.0
2023-11-03 08:05:33,297 [WARN] PackLoader:240 - Cannot read IP mode file for STMicroelectronics.X-CUBE-ALGOBUILD.1.3.0
2023-11-03 08:05:33,383 [WARN] PackLoader:240 - Cannot read IP mode file for STMicroelectronics.X-CUBE-AZRTOS-G0.1.1.0
2023-11-03 08:05:33,426 [WARN] PackLoader:240 - Cannot read IP mode file for STMicroelectronics.X-CUBE-NFC4.3.0.0
2023-11-03 08:05:33,457 [WARN] PackLoader:240 - Cannot read IP mode file for STMicroelectronics.FP-ATR-SIGFOX1.3.2.0
2023-11-03 08:05:33,594 [WARN] PackLoader:240 - Cannot read IP mode file for SEGGER.I-CUBE-embOS.1.3.1
2023-11-03 08:05:33,690 [WARN] PackLoader:240 - Cannot read IP mode file for STMicroelectronics.X-CUBE-GNSS1.6.0.0
2023-11-03 08:05:33,759 [WARN] PackLoader:240 - Cannot read IP mode file for STMicroelectronics.X-CUBE-AZRTOS-F4.1.1.0
2023-11-03 08:05:33,773 [WARN] PackLoader:240 - Cannot read IP mode file for wolfSSL.I-CUBE-wolfSSL.5.6.3
2023-11-03 08:05:33,853 [WARN] PackLoader:240 - Cannot read IP mode file for STMicroelectronics.X-CUBE-AZRTOS-L5.2.0.0
2023-11-03 08:05:33,933 [WARN] PackLoader:240 - Cannot read IP mode file for STMicroelectronics.X-CUBE-MEMS1.9.6.0
2023-11-03 08:05:34,180 [WARN] PackLoader:240 - Cannot read IP mode file for STMicroelectronics.X-CUBE-EEPRMA1.4.2.0
2023-11-03 08:05:34,229 [WARN] PackLoader:240 - Cannot read IP mode file for ITTIA_DB.I-CUBE-ITTIADB.8.8.0
2023-11-03 08:05:34,261 [WARN] PackLoader:240 - Cannot read IP mode file for STMicroelectronics.X-CUBE-BLEMGR.2.0.0
2023-11-03 08:05:34,315 [WARN] ConditionMgr:438 - getConditionDescription Invalid condition id : UX DEVICE CLASS RTOS Condition cause : null
2023-11-03 08:05:34,315 [WARN] ConditionMgr:438 - getConditionDescription Invalid condition id : UX DEVICE CLASS RTOS Condition cause : null
2023-11-03 08:05:34,318 [WARN] PackLoader:240 - Cannot read IP mode file for STMicroelectronics.X-CUBE-AZRTOS-H7.3.1.0
2023-11-03 08:05:34,319 [WARN] ConditionMgr:1039 - genDependencies : Invalid condition id : UX DEVICE CLASS RTOS Condition cause : null
2023-11-03 08:05:34,319 [WARN] ConditionMgr:1039 - genDependencies : Invalid condition id : UX DEVICE CLASS RTOS Condition cause : null
2023-11-03 08:05:34,320 [WARN] ConditionMgr:1039 - genDependencies : Invalid condition id : UX DEVICE CLASS RTOS Condition cause : null
2023-11-03 08:05:34,321 [WARN] ConditionMgr:1039 - genDependencies : Invalid condition id : UX DEVICE CLASS RTOS Condition cause : null
2023-11-03 08:05:34,321 [WARN] ConditionMgr:1039 - genDependencies : Invalid condition id : UX DEVICE CLASS RTOS Condition cause : null
2023-11-03 08:05:34,334 [WARN] PackLoader:240 - Cannot read IP mode file for STMicroelectronics.X-CUBE-NFC7.1.0.1
2023-11-03 08:05:34,381 [WARN] PackLoader:240 - Cannot read IP mode file for STMicroelectronics.X-CUBE-NFC6.3.0.0
2023-11-03 08:05:34,418 [WARN] PackLoader:240 - Cannot read IP mode file for STMicroelectronics.X-CUBE-EEPRMA1.4.1.0
2023-11-03 08:05:34,482 [WARN] PackLoader:240 - Cannot read IP mode file for STMicroelectronics.X-CUBE-AI.8.1.0
2023-11-03 08:05:34,575 [WARN] ConditionMgr:438 - getConditionDescription Invalid condition id : LAN8742 Phy interface Condition cause : null
2023-11-03 08:05:34,576 [WARN] PackLoader:240 - Cannot read IP mode file for STMicroelectronics.X-CUBE-AZRTOS-L4.2.0.0
2023-11-03 08:05:34,601 [WARN] ConditionMgr:1039 - genDependencies : Invalid condition id : LAN8742 Phy interface Condition cause : null
2023-11-03 08:05:34,602 [WARN] ConditionMgr:1039 - genDependencies : Invalid condition id : LAN8742 Phy interface Condition cause : null
2023-11-03 08:05:34,602 [WARN] ConditionMgr:1039 - genDependencies : Invalid condition id : LAN8742 Phy interface Condition cause : null
2023-11-03 08:05:34,643 [WARN] PackLoader:240 - Cannot read IP mode file for STMicroelectronics.X-CUBE-SFXS2LP1.4.0.0
2023-11-03 08:05:34,663 [WARN] PackLoader:240 - Cannot read IP mode file for STMicroelectronics.X-CUBE-ISPU.1.1.0
2023-11-03 08:05:34,732 [WARN] ConditionMgr:438 - getConditionDescription Invalid condition id : UX DEVICE CLASS RTOS Condition cause : null
2023-11-03 08:05:34,732 [WARN] ConditionMgr:438 - getConditionDescription Invalid condition id : UX DEVICE CLASS RTOS Condition cause : null
2023-11-03 08:05:34,734 [WARN] PackLoader:240 - Cannot read IP mode file for STMicroelectronics.X-CUBE-AZRTOS-WB.2.0.0
2023-11-03 08:05:34,735 [WARN] ConditionMgr:1039 - genDependencies : Invalid condition id : UX DEVICE CLASS RTOS Condition cause : null
2023-11-03 08:05:34,735 [WARN] ConditionMgr:1039 - genDependencies : Invalid condition id : UX DEVICE CLASS RTOS Condition cause : null
2023-11-03 08:05:34,735 [WARN] ConditionMgr:1039 - genDependencies : Invalid condition id : UX DEVICE CLASS RTOS Condition cause : null
2023-11-03 08:05:34,736 [WARN] ConditionMgr:1039 - genDependencies : Invalid condition id : UX DEVICE CLASS RTOS Condition cause : null
2023-11-03 08:05:34,736 [WARN] ConditionMgr:1039 - genDependencies : Invalid condition id : UX DEVICE CLASS RTOS Condition cause : null
2023-11-03 08:05:34,788 [WARN] PackLoader:240 - Cannot read IP mode file for STMicroelectronics.X-CUBE-SUBG2.5.0.0
2023-11-03 08:05:34,853 [WARN] PackLoader:240 - Cannot read IP mode file for STMicroelectronics.X-CUBE-TOF1.3.3.1
2023-11-03 08:05:34,986 [WARN] PackLoader:240 - Cannot read IP mode file for STMicroelectronics.X-CUBE-AZRTOS-G4.2.0.0
2023-11-03 08:05:35,035 [WARN] PackLoader:240 - Cannot read IP mode file for Infineon.AIROC-Wi-Fi-Bluetooth-STM32.1.5.1
2023-11-03 08:05:35,138 [WARN] PackLoader:240 - Cannot read IP mode file for STMicroelectronics.X-CUBE-MEMS1.10.0.0
2023-11-03 08:05:35,440 [WARN] PackLoader:240 - Cannot read IP mode file for STMicroelectronics.X-CUBE-FREERTOS.1.1.0
2023-11-03 08:05:35,485 [WARN] PackLoader:240 - Cannot read IP mode file for portGmbH.I-Cube-SoM-uGOAL.1.1.0
2023-11-03 08:05:35,506 [WARN] PackLoader:240 - Cannot read IP mode file for STMicroelectronics.X-CUBE-ALS.1.0.1
2023-11-03 08:05:35,524 [WARN] PackLoader:240 - Cannot read IP mode file for STMicroelectronics.FP-ATR-ASTRA1.2.0.0
2023-11-03 08:05:35,525 [INFO] ThirdParty:978 - Integrity check success = true
2023-11-03 08:05:35,525 [INFO] IntegrityCheckThread:100 - exiting critical section [integrity check]
2023-11-03 08:05:35,525 [INFO] IntegrityCheckThread:103 - End integrity checks thread
2023-11-03 08:05:51,207 [ERROR] LogOutputStream:75 - [STDERR_REDIRECT] SLF4J: Failed to load class "org.slf4j.impl.StaticLoggerBinder".
2023-11-03 08:05:51,207 [ERROR] LogOutputStream:75 - [STDERR_REDIRECT] SLF4J: Defaulting to no-operation (NOP) logger implementation
2023-11-03 08:05:51,208 [ERROR] LogOutputStream:75 - [STDERR_REDIRECT] SLF4J: See http://www.slf4j.org/codes.html#StaticLoggerBinder for further details.
2023-11-03 08:07:09,124 [INFO] McuFinderGlobals:63 - Set McuFinder mode to 2 (CubeIDE integrated)
2023-11-03 08:07:26,140 [INFO] MainUpdater:2868 - connection check result : 10
2023-11-03 08:07:26,159 [INFO] MainUpdater:2868 - connection check result : 10
2023-11-03 08:07:26,976 [INFO] MicroXplorer:468 - Change Database Path : 
2023-11-03 08:07:26,977 [INFO] MicroXplorer:498 - Change Database Version : DB.6.0.92
2023-11-03 08:07:26,981 [WARN] ThirdParty:871 - waiting for thirdparty lock release [close project]
2023-11-03 08:07:26,981 [INFO] ThirdParty:873 - entering critical section [close project]
2023-11-03 08:07:26,982 [INFO] ThirdParty:883 - exiting critical section [close project]
2023-11-03 08:07:26,984 [INFO] PinOutPanel:1499 - setPackage(No Configuration,No Configuration)
2023-11-03 08:07:26,994 [INFO] UtilMem:75 - Begin LoadConfig() Used Memory: 481258056 Bytes (833617920)
2023-11-03 08:07:27,003 [INFO] MicroXplorer:468 - Change Database Path : C:/Users/TAMRD/.stm32cubemx/databases/DB.6.0.91/db/
2023-11-03 08:07:27,003 [INFO] MicroXplorer:498 - Change Database Version : DB.6.0.91
2023-11-03 08:07:32,364 [INFO] OpenFileManager:308 - Change cursor
2023-11-03 08:07:32,730 [INFO] Mcu:1946 - Initializing MCU STM32F103C(8-B)Tx STM32F103C8Tx STM32F103C8T6
2023-11-03 08:07:36,040 [INFO] Context:659 - Trying to add GPIOservice into a context  which must be forbidden
2023-11-03 08:07:37,095 [INFO] RtosManager:555 - Registered RTOS mode: class=CMSIS, group=RTOS, mode=CMSIS_V1, owner=FREERTOS
2023-11-03 08:07:37,096 [INFO] RtosManager:555 - Registered RTOS mode: class=CMSIS, group=RTOS2, mode=CMSIS_V2, owner=FREERTOS
2023-11-03 08:07:37,096 [INFO] RtosManager:555 - Registered RTOS mode: class=RTOS, group=Core, mode=CMSIS_V1, owner=FREERTOS
2023-11-03 08:07:37,096 [INFO] RtosManager:555 - Registered RTOS mode: class=RTOS, group=Core, mode=CMSIS_V2, owner=FREERTOS
2023-11-03 08:07:37,096 [WARN] ModelIntegratedComponent:184 - Missing modes for component STMicroelectronics:FreeRTOS:0.0.1:STMicroelectronics:RTOS:FreeRTOS:Core:::10.2.0:
2023-11-03 08:07:37,268 [WARN] ModelIntegratedComponent:63 - No mode defined for component null
2023-11-03 08:07:37,268 [WARN] ModelIntegratedComponent:63 - No mode defined for component null
2023-11-03 08:07:37,268 [WARN] ModelIntegratedComponent:63 - No mode defined for component null
2023-11-03 08:07:37,268 [WARN] ModelIntegratedComponent:63 - No mode defined for component null
2023-11-03 08:07:37,268 [WARN] ModelIntegratedComponent:63 - No mode defined for component null
2023-11-03 08:07:37,268 [WARN] ModelIntegratedComponent:63 - No mode defined for component null
2023-11-03 08:07:37,268 [WARN] ModelIntegratedComponent:63 - No mode defined for component null
2023-11-03 08:07:37,268 [WARN] ModelIntegratedComponent:63 - No mode defined for component null
2023-11-03 08:07:37,268 [WARN] ModelIntegratedComponent:63 - No mode defined for component null
2023-11-03 08:07:37,268 [WARN] ModelIntegratedComponent:63 - No mode defined for component null
2023-11-03 08:07:37,268 [WARN] ModelIntegratedComponent:63 - No mode defined for component null
2023-11-03 08:07:37,270 [WARN] ModelIntegratedComponent:63 - No mode defined for component null
2023-11-03 08:07:37,270 [WARN] ModelIntegratedComponent:63 - No mode defined for component null
2023-11-03 08:07:37,270 [WARN] ModelIntegratedComponent:63 - No mode defined for component null
2023-11-03 08:07:37,270 [WARN] ModelIntegratedComponent:63 - No mode defined for component null
2023-11-03 08:07:37,270 [WARN] ModelIntegratedComponent:63 - No mode defined for component null
2023-11-03 08:07:37,270 [WARN] ModelIntegratedComponent:63 - No mode defined for component null
2023-11-03 08:07:37,270 [WARN] ModelIntegratedComponent:63 - No mode defined for component null
2023-11-03 08:07:37,270 [WARN] ModelIntegratedComponent:63 - No mode defined for component null
2023-11-03 08:07:37,270 [WARN] ModelIntegratedComponent:63 - No mode defined for component null
2023-11-03 08:07:37,270 [WARN] ModelIntegratedComponent:63 - No mode defined for component null
2023-11-03 08:07:37,270 [WARN] ModelIntegratedComponent:63 - No mode defined for component null
2023-11-03 08:07:37,270 [WARN] ModelIntegratedComponent:63 - No mode defined for component null
2023-11-03 08:07:37,270 [WARN] ModelIntegratedComponent:63 - No mode defined for component null
2023-11-03 08:07:37,270 [WARN] ModelIntegratedComponent:63 - No mode defined for component null
2023-11-03 08:07:37,271 [WARN] ModelIntegratedComponent:63 - No mode defined for component null
2023-11-03 08:07:37,271 [WARN] ModelIntegratedComponent:63 - No mode defined for component null
2023-11-03 08:07:37,271 [WARN] ModelIntegratedComponent:63 - No mode defined for component null
2023-11-03 08:07:37,271 [WARN] ModelIntegratedComponent:63 - No mode defined for component null
2023-11-03 08:07:37,271 [WARN] ModelIntegratedComponent:63 - No mode defined for component null
2023-11-03 08:07:37,271 [WARN] ModelIntegratedComponent:63 - No mode defined for component null
2023-11-03 08:07:37,271 [WARN] ModelIntegratedComponent:63 - No mode defined for component null
2023-11-03 08:07:37,271 [WARN] ModelIntegratedComponent:63 - No mode defined for component null
2023-11-03 08:07:37,674 [INFO] ThirdPartyModel:298 - Start build external matchings
2023-11-03 08:07:38,427 [INFO] ThirdPartyModel:316 - End build external matchings
2023-11-03 08:07:38,456 [INFO] ImportTextPane:194 - (OptionalMessage_ERROR) IP (RCC) : Parameter (ADCFreqValue) has invalid value (36000000)
2023-11-03 08:07:38,456 [INFO] ImportTextPane:194 - (OptionalMessage_ERROR) IP (RCC) : Invalid parameter (FamilyName)
2023-11-03 08:07:38,456 [INFO] ImportTextPane:194 - (OptionalMessage_ERROR) IP (RCC) : Parameter (MCOFreq_Value) has invalid value (72000000)
2023-11-03 08:07:38,457 [INFO] ImportTextPane:194 - (OptionalMessage_ERROR) IP (RCC) : Parameter (USBFreq_Value) has invalid value (72000000)
2023-11-03 08:07:40,137 [INFO] UtilMem:75 - End LoadConfig() Used Memory: 462169472 Bytes (870318080)
2023-11-03 08:07:40,487 [INFO] ApiDb:581 - Connected to CubeFinder SQLite database (C:\Users\TAMRD\.stmcufinder\plugins\mcufinder\mcu\cube-finder-db.db)
2023-11-03 08:07:40,694 [INFO] ApiDb:668 - CubeFinder database Data Model version=2.1
2023-11-03 08:07:40,694 [INFO] ApiDb:669 - CubeFinder database Configuration version=3.0.37
2023-11-03 08:07:40,694 [INFO] ApiDb:670 - CubeFinder database generation date=2023-10-13 (1697197505)
2023-11-03 08:07:40,694 [INFO] ApiDb:671 - CubeFinder database FW Pack versions=[FP-ATR-ASTRA1_V2.0.0, FP-SNS-FLIGHT1_V5.0.1, FP-SNS-FLIGHT1_V5.0.2, FP-SNS-MOTENV1_V4.3.1, FP-SNS-MOTENV1_V4.3.2, FP-SNS-SMARTAG2_V1.2.0, I-CUBE-ITTIADB_V8.6.3-1, STM32Cube_FW_C0_V1.1.0, STM32Cube_FW_F4_V1.27.1, STM32Cube_FW_F7_V1.17.0, STM32Cube_FW_G0_V1.6.1, STM32Cube_FW_G4_V1.5.1, STM32Cube_FW_H5_V0.5.1, STM32Cube_FW_H5_V1.1.1, STM32Cube_FW_H7_V1.11.0, STM32Cube_FW_L0_V1.12.2, STM32Cube_FW_L5_V1.5.0, STM32Cube_FW_U5_V1.3.0, STM32Cube_FW_U5_V1.3.0RC4, STM32Cube_FW_WBA_V1.0.0RC1, STM32Cube_FW_WBA_V1.1.0RC1, STM32Cube_FW_WBA_V1.1.1, STM32Cube_FW_WB_V1.15.0RC1, STM32Cube_FW_WB_V1.16.0, STM32Cube_FW_WB_V1.16.0RC2, STM32Cube_FW_WB_V1.17.3, STM32Cube_FW_WL_V1.3.0, X-CUBE-ALGOBUILD_V1.3.0, X-CUBE-ALS_V1.0.1, X-CUBE-AZRTOS-F4_V1.1.0, X-CUBE-AZRTOS-F7_V1.1.0, X-CUBE-AZRTOS-G0_V1.1.0, X-CUBE-AZRTOS-G4_V2.0.0, X-CUBE-AZRTOS-H7_V3.1.0, X-CUBE-AZRTOS-L4_V1.0.0, X-CUBE-AZRTOS-L4_V2.0.0, X-CUBE-AZRTOS-L5_V1.1.0, X-CUBE-AZRTOS-WB_V2.0.0, X-CUBE-AZRTOS-WL_V2.0.0, X-CUBE-BLE1_V7.0.0, X-CUBE-BLE2_V3.3.0, X-CUBE-BLEMGR_V2.0.0, X-CUBE-EEPRMA1_V4.1.0, X-CUBE-FREERTOS_V1.1.0, X-CUBE-GNSS1_V6.0.0, X-CUBE-MEMS1_V10.0.0, X-CUBE-MEMS1_V9.1.0, X-CUBE-MEMS1_V9.4.0, X-CUBE-MEMS1_V9.6.0, X-CUBE-NFC4_V3.0.0, X-CUBE-NFC7_V1.0.1, X-CUBE-SFXS2LP1_V4.0.0, X-CUBE-SUBG2_V5.0.0, X-CUBE-TOF1_V3.3.1]
2023-11-03 08:07:46,109 [INFO] ApiDb:240 - Found 323 in-development CPN: [B-G473E-ZEST1S, B-WB1M-WPAN1, B-WL5M-SUBG1, NUCLEO-C031C6, NUCLEO-H503RB, NUCLEO-H563ZI, NUCLEO-U545RE-Q, NUCLEO-U5A5ZJ-Q, NUCLEO-WBA52CG, STEVAL-PROTEUS1, STEVAL-SMARTAG2, STEVAL-STWINBX1, STM320518-EVAL, STM32C0116-DK, STM32C011D6Y3TR, STM32C011D6Y6TR, STM32C011F4P3, STM32C011F4P6, STM32C011F4U3, STM32C011F4U6TR, STM32C011F6P3, STM32C011F6P6, STM32C011F6U3, STM32C011F6U6TR, STM32C011J4M3, STM32C011J4M6, STM32C011J6M3, STM32C011J6M6, STM32C0316-DK, STM32C031C4T3, STM32C031C4T6, STM32C031C4U3, STM32C031C4U6, STM32C031C6T3, STM32C031C6T6, STM32C031C6U3, STM32C031C6U6, STM32C031F4P3, STM32C031F4P6, STM32C031F6P3, STM32C031F6P6, STM32C031G4U3, STM32C031G4U6, STM32C031G6U3, STM32C031G6U6, STM32C031K4T3, STM32C031K4T6, STM32C031K4U3, STM32C031K4U6, STM32C031K6T3, STM32C031K6T6, STM32C031K6U3, STM32C031K6U6, STM32G071K8TXN, STM32G071K8UXN, STM32G081GBU6N, STM32G081KBT6N, STM32G081KBUXN, STM32G0B1CCT6N, STM32G0B1KCT6, STM32G0B1NEY6TR, STM32G0B1RCT6N, STM32G0C1CCT6, STM32G0C1CCT6N, STM32G0C1CCU6N, STM32G0C1CET6N, STM32G0C1CEU6N, STM32G0C1KCT6, STM32G0C1NEY6TR, STM32G0C1RCI6N, STM32G0C1RCT6N, STM32G0C1REI6N, STM32G0C1RET6N, STM32G0C1VCI6, STM32G0C1VEI6, STM32G471CCT6, STM32G471CCU6, STM32G471CET3, STM32G471CET6, STM32G471CEU3, STM32G471CEU6, STM32G471MCT6, STM32G471MET3, STM32G471MET6, STM32G471MEY6TR, STM32G471QCT6, STM32G471QET3, STM32G471RCT6, STM32G471RET3, STM32G471RET6, STM32G471VCH6, STM32G471VCI6, STM32G471VCT6, STM32G471VEH3, STM32G471VEH6, STM32G471VEI3, STM32G471VEI6, STM32G471VET3, STM32G471VET6, STM32G474CCT6, STM32H503CBT6, STM32H503CBU6, STM32H503EBY6TR, STM32H503KBU6, STM32H503RBT6, STM32H562AGI6, STM32H562AII6, STM32H562IGK6, STM32H562IGT6, STM32H562IIK6, STM32H562IIT6, STM32H562RGT6, STM32H562RGV6, STM32H562RIT6, STM32H562RIV6, STM32H562VGT6, STM32H562VIT6, STM32H562ZGT6, STM32H562ZIT6, STM32H563AGI6, STM32H563AII3Q, STM32H563AII6, STM32H563IGK6, STM32H563IGT6, STM32H563IIK3Q, STM32H563IIK6, STM32H563IIT3Q, STM32H563IIT6, STM32H563MIY3QTR, STM32H563RGT6, STM32H563RGV6, STM32H563RIT6, STM32H563RIV6, STM32H563VGT6, STM32H563VIT3Q, STM32H563VIT6, STM32H563ZGT6, STM32H563ZIT3Q, STM32H563ZIT6, STM32H573AII3Q, STM32H573AII6, STM32H573I-DK, STM32H573IIK3Q, STM32H573IIK6, STM32H573IIT3Q, STM32H573IIT6, STM32H573MIY3QTR, STM32H573RIT6, STM32H573RIV6, STM32H573VIT3Q, STM32H573VIT6, STM32H573ZIT3Q, STM32H573ZIT6, STM32L4R5QGI6STR, STM32MP131AAE3, STM32MP131AAF3, STM32MP131AAG3, STM32MP131CAE3, STM32MP131CAF3, STM32MP131CAG3, STM32MP131DAE7, STM32MP131DAF7, STM32MP131DAG7, STM32MP131FAE7, STM32MP131FAF7, STM32MP131FAG7, STM32MP133AAE3, STM32MP133AAF3, STM32MP133AAG3, STM32MP133CAE3, STM32MP133CAF3, STM32MP133CAG3, STM32MP133DAE7, STM32MP133DAF7, STM32MP133DAG7, STM32MP133FAE7, STM32MP133FAF7, STM32MP133FAG7, STM32MP135AAE3, STM32MP135AAF3, STM32MP135AAG3, STM32MP135CAE3, STM32MP135CAF3, STM32MP135CAG3, STM32MP135DAE7, STM32MP135DAF7, STM32MP135DAG7, STM32MP135F-DK, STM32MP135FAE7, STM32MP135FAF7, STM32MP135FAF7T, STM32MP135FAF7U, STM32MP135FAG7, STM32U535CBT6, STM32U535CBT6Q, STM32U535CBU6, STM32U535CBU6Q, STM32U535CCT6, STM32U535CCT6Q, STM32U535CCU6, STM32U535CCU6Q, STM32U535CET6, STM32U535CET6Q, STM32U535CEU6, STM32U535CEU6Q, STM32U535JEY6QTR, STM32U535NCY6QTR, STM32U535NEY6QTR, STM32U535RBI6, STM32U535RBI6Q, STM32U535RBT6, STM32U535RBT6Q, STM32U535RCI6, STM32U535RCI6Q, STM32U535RCT6, STM32U535RCT6Q, STM32U535REI6, STM32U535REI6Q, STM32U535RET6, STM32U535RET6Q, STM32U535VCI6, STM32U535VCI6Q, STM32U535VCT6, STM32U535VCT6Q, STM32U535VEI6, STM32U535VEI6Q, STM32U535VET6, STM32U535VET6Q, STM32U545CET6, STM32U545CET6Q, STM32U545CEU6, STM32U545CEU6Q, STM32U545JEY6QTR, STM32U545NEY6QTR, STM32U545REI6, STM32U545REI6Q, STM32U545RET6, STM32U545RET6Q, STM32U545VEI6, STM32U545VEI6Q, STM32U545VET6, STM32U545VET6Q, STM32U595AIH6, STM32U595AIH6Q, STM32U595AJH6, STM32U595AJH6Q, STM32U595QII6, STM32U595QII6Q, STM32U595QJI6, STM32U595QJI6Q, STM32U595RIT6, STM32U595RIT6Q, STM32U595RJT6, STM32U595RJT6Q, STM32U595VIT6, STM32U595VIT6Q, STM32U595VJT6, STM32U595VJT6Q, STM32U595ZIT6, STM32U595ZIT6Q, STM32U595ZIY6QTR, STM32U595ZJT6, STM32U595ZJT6Q, STM32U595ZJY6QTR, STM32U599BJY6QTR, STM32U599NIH6Q, STM32U599NJH6Q, STM32U599VIT6Q, STM32U599VJT6, STM32U599VJT6Q, STM32U599ZIT6Q, STM32U599ZIY6QTR, STM32U599ZJT6Q, STM32U599ZJY6QTR, STM32U5A5AJH6, STM32U5A5AJH6Q, STM32U5A5QJI6, STM32U5A5QJI6Q, STM32U5A5RJT6, STM32U5A5RJT6Q, STM32U5A5VJT6, STM32U5A5VJT6Q, STM32U5A5ZJT6, STM32U5A5ZJT6Q, STM32U5A5ZJY6QTR, STM32U5A9BJY6QTR, STM32U5A9J-DK, STM32U5A9NJH6Q, STM32U5A9VJT6Q, STM32U5A9ZJT6Q, STM32U5A9ZJY6QTR, STM32U5F7VIT6, STM32U5F7VIT6Q, STM32U5F7VJT6, STM32U5F7VJT6Q, STM32U5F9BJY6QTR, STM32U5F9NJH6Q, STM32U5F9VIT6Q, STM32U5F9VJT6Q, STM32U5F9ZIJ6QTR, STM32U5F9ZIT6Q, STM32U5F9ZJJ6QTR, STM32U5F9ZJT6Q, STM32U5G7VJT6, STM32U5G7VJT6Q, STM32U5G9BJY6QTR, STM32U5G9J-DK1, STM32U5G9J-DK2, STM32U5G9NJH6Q, STM32U5G9VJT6Q, STM32U5G9ZJJ6QTR, STM32U5G9ZJT6Q, STM32WB1MMCH6, STM32WBA52CEU6, STM32WBA52CEU6T, STM32WBA52CGU6, STM32WBA52CGU6T, STM32WBA52KEU6, STM32WBA52KEU6T, STM32WBA52KGU6, STM32WBA52KGU6T, STM32WL5MOCH6, STM32WL5MOCH6TR]
2023-11-03 08:07:46,118 [INFO] DbMcus:217 - Found 3848 MCUs, 3848 are supported
2023-11-03 08:07:46,171 [INFO] ApiDb:423 - Load user favorites file C:\Users\TAMRD/.stm32cubeide/favorites.mcus.txt: 1 item(s)
2023-11-03 08:07:46,171 [INFO] ApiDb:427 - User favorites MCUs=[STM32F103C8T6]
2023-11-03 08:07:46,171 [INFO] DbMcus:223 - Set 1 / 1 favorites MCUs
2023-11-03 08:07:46,810 [WARN] ThirdParty:833 - waiting for thirdparty lock release [change project]
2023-11-03 08:07:46,810 [INFO] ThirdParty:835 - entering critical section [change project]
2023-11-03 08:07:46,811 [INFO] ThirdParty:1030 - CMSIS Pack Vendor :STMicroelectronics X-CUBE-ISPU 1.1.0
2023-11-03 08:07:46,811 [INFO] ThirdParty:1030 - CMSIS Pack Vendor :STMicroelectronics USBPD 4.1
2023-11-03 08:07:46,811 [INFO] ThirdParty:1030 - CMSIS Pack Vendor :STMicroelectronics X-CUBE-GNSS1 6.0.0
2023-11-03 08:07:46,811 [INFO] ThirdParty:1030 - CMSIS Pack Vendor :STMicroelectronics USB_HOST 2.0.0
2023-11-03 08:07:46,811 [INFO] ThirdParty:1030 - CMSIS Pack Vendor :STMicroelectronics X-CUBE-AZRTOS-F4 1.1.0
2023-11-03 08:07:46,811 [INFO] ThirdParty:1030 - CMSIS Pack Vendor :STMicroelectronics LIBJPEG 8.0.0
2023-11-03 08:07:46,811 [INFO] ThirdParty:1030 - CMSIS Pack Vendor :wolfSSL I-CUBE-wolfSSL 5.6.3
2023-11-03 08:07:46,811 [INFO] ThirdParty:1030 - CMSIS Pack Vendor :STMicroelectronics X-CUBE-SMBUS 2.1.0
2023-11-03 08:07:46,811 [INFO] ThirdParty:1030 - CMSIS Pack Vendor :STMicroelectronics USB_DEVICE 3.0.0
2023-11-03 08:07:46,811 [INFO] ThirdParty:1030 - CMSIS Pack Vendor :STMicroelectronics X-CUBE-AZRTOS-WB 2.0.0
2023-11-03 08:07:46,811 [INFO] ThirdParty:1030 - CMSIS Pack Vendor :STMicroelectronics X-CUBE-AZRTOS-F7 1.1.0
2023-11-03 08:07:46,811 [INFO] ThirdParty:1030 - CMSIS Pack Vendor :STMicroelectronics X-CUBE-AZRTOS-L5 2.0.0
2023-11-03 08:07:46,811 [INFO] ThirdParty:1030 - CMSIS Pack Vendor :STMicroelectronics USB_DEVICE 2.0.0
2023-11-03 08:07:46,811 [INFO] ThirdParty:1030 - CMSIS Pack Vendor :STMicroelectronics X-CUBE-MEMS1 9.6.0
2023-11-03 08:07:46,811 [INFO] ThirdParty:1030 - CMSIS Pack Vendor :STMicroelectronics X-CUBE-EEPRMA1 4.2.0
2023-11-03 08:07:46,811 [INFO] ThirdParty:1030 - CMSIS Pack Vendor :ITTIA_DB I-CUBE-ITTIADB 8.8.0
2023-11-03 08:07:46,811 [INFO] ThirdParty:1030 - CMSIS Pack Vendor :STMicroelectronics FP-SNS-MOTENV1 4.3.2
2023-11-03 08:07:46,811 [INFO] ThirdParty:1030 - CMSIS Pack Vendor :STMicroelectronics X-CUBE-ALGOBUILD 1.3.0
2023-11-03 08:07:46,811 [INFO] ThirdParty:1030 - CMSIS Pack Vendor :STMicroelectronics FreeRTOS 0.0.1
2023-11-03 08:07:46,812 [INFO] ThirdParty:1030 - CMSIS Pack Vendor :STMicroelectronics X-CUBE-AZRTOS-G0 1.1.0
2023-11-03 08:07:46,812 [INFO] ThirdParty:1030 - CMSIS Pack Vendor :STMicroelectronics X-CUBE-BLEMGR 2.0.0
2023-11-03 08:07:46,812 [INFO] ThirdParty:1030 - CMSIS Pack Vendor :STMicroelectronics X-CUBE-NFC4 3.0.0
2023-11-03 08:07:46,812 [INFO] ThirdParty:1030 - CMSIS Pack Vendor :STMicroelectronics X-CUBE-SUBG2 5.0.0
2023-11-03 08:07:46,812 [INFO] ThirdParty:1030 - CMSIS Pack Vendor :STMicroelectronics STM32_WPAN 1.0.0
2023-11-03 08:07:46,812 [INFO] ThirdParty:1030 - CMSIS Pack Vendor :STMicroelectronics lwIP 2.0.3
2023-11-03 08:07:46,812 [INFO] ThirdParty:1030 - CMSIS Pack Vendor :STMicroelectronics FP-SNS-FLIGHT1 5.0.2
2023-11-03 08:07:46,812 [INFO] ThirdParty:1030 - CMSIS Pack Vendor :STMicroelectronics USB_HOST 1.0.0
2023-11-03 08:07:46,812 [INFO] ThirdParty:1030 - CMSIS Pack Vendor :STMicroelectronics X-CUBE-TOF1 3.3.1
2023-11-03 08:07:46,812 [INFO] ThirdParty:1030 - CMSIS Pack Vendor :STMicroelectronics X-CUBE-AZRTOS-G4 2.0.0
2023-11-03 08:07:46,812 [INFO] ThirdParty:1030 - CMSIS Pack Vendor :STMicroelectronics PDM2PCM 3.1.0
2023-11-03 08:07:46,812 [INFO] ThirdParty:1030 - CMSIS Pack Vendor :STMicroelectronics X-CUBE-AZRTOS-H7 3.1.0
2023-11-03 08:07:46,812 [INFO] ThirdParty:1030 - CMSIS Pack Vendor :Infineon AIROC-Wi-Fi-Bluetooth-STM32 1.5.1
2023-11-03 08:07:46,812 [INFO] ThirdParty:1030 - CMSIS Pack Vendor :STMicroelectronics PDM2PCM 3.3.0
2023-11-03 08:07:46,812 [INFO] ThirdParty:1030 - CMSIS Pack Vendor :STMicroelectronics X-CUBE-DISPLAY 3.0.0
2023-11-03 08:07:46,812 [INFO] ThirdParty:1030 - CMSIS Pack Vendor :STMicroelectronics X-CUBE-BLE1 7.0.0
2023-11-03 08:07:46,812 [INFO] ThirdParty:1030 - CMSIS Pack Vendor :STMicroelectronics FP-ATR-SIGFOX1 3.2.0
2023-11-03 08:07:46,812 [INFO] ThirdParty:1030 - CMSIS Pack Vendor :STMicroelectronics HAL Drivers 0.0.0
2023-11-03 08:07:46,812 [INFO] ThirdParty:1030 - CMSIS Pack Vendor :STMicroelectronics MBEDTLS 2.16.2
2023-11-03 08:07:46,812 [INFO] ThirdParty:1030 - CMSIS Pack Vendor :emotas I-CUBE-CANOPEN 1.3.0
2023-11-03 08:07:46,813 [INFO] ThirdParty:1030 - CMSIS Pack Vendor :STMicroelectronics X-CUBE-MEMS1 10.0.0
2023-11-03 08:07:46,813 [INFO] ThirdParty:1030 - CMSIS Pack Vendor :STMicroelectronics X-CUBE-FREERTOS 1.1.0
2023-11-03 08:07:46,813 [INFO] ThirdParty:1030 - CMSIS Pack Vendor :STMicroelectronics X-CUBE-TOUCHGFX 4.22.0
2023-11-03 08:07:46,813 [INFO] ThirdParty:1030 - CMSIS Pack Vendor :STMicroelectronics X-CUBE-NFC7 1.0.1
2023-11-03 08:07:46,813 [INFO] ThirdParty:1030 - CMSIS Pack Vendor :STMicroelectronics MBEDTLS 2.14.1
2023-11-03 08:07:46,813 [INFO] ThirdParty:1030 - CMSIS Pack Vendor :STMicroelectronics X-CUBE-TOUCHGFX 4.22.1
2023-11-03 08:07:46,813 [INFO] ThirdParty:1030 - CMSIS Pack Vendor :STMicroelectronics X-CUBE-NFC6 3.0.0
2023-11-03 08:07:46,813 [INFO] ThirdParty:1030 - CMSIS Pack Vendor :STMicroelectronics X-CUBE-EEPRMA1 4.1.0
2023-11-03 08:07:46,814 [INFO] ThirdParty:1030 - CMSIS Pack Vendor :portGmbH I-Cube-SoM-uGOAL 1.1.0
2023-11-03 08:07:46,814 [INFO] ThirdParty:1030 - CMSIS Pack Vendor :STMicroelectronics X-CUBE-ALS 1.0.1
2023-11-03 08:07:46,814 [INFO] ThirdParty:1030 - CMSIS Pack Vendor :STMicroelectronics ThreadX 1.0.0
2023-11-03 08:07:46,814 [INFO] ThirdParty:1030 - CMSIS Pack Vendor :STMicroelectronics FP-SNS-SMARTAG2 1.2.0
2023-11-03 08:07:46,814 [INFO] ThirdParty:1030 - CMSIS Pack Vendor :STMicroelectronics X-CUBE-AZRTOS-WL 2.0.0
2023-11-03 08:07:46,814 [INFO] ThirdParty:1030 - CMSIS Pack Vendor :SEGGER I-CUBE-embOS 1.3.1
2023-11-03 08:07:46,814 [INFO] ThirdParty:1030 - CMSIS Pack Vendor :STMicroelectronics USB_DEVICE 1.0.0
2023-11-03 08:07:46,814 [INFO] ThirdParty:1030 - CMSIS Pack Vendor :STMicroelectronics X-CUBE-AI 8.1.0
2023-11-03 08:07:46,814 [INFO] ThirdParty:1030 - CMSIS Pack Vendor :STMicroelectronics X-CUBE-AZRTOS-L4 2.0.0
2023-11-03 08:07:46,814 [INFO] ThirdParty:1030 - CMSIS Pack Vendor :STMicroelectronics ThreadX 0.0.2
2023-11-03 08:07:46,814 [INFO] ThirdParty:1030 - CMSIS Pack Vendor :WES I-CUBE-Cesium 1.3.0
2023-11-03 08:07:46,814 [INFO] ThirdParty:1030 - CMSIS Pack Vendor :STMicroelectronics FP-ATR-ASTRA1 2.0.0
2023-11-03 08:07:46,814 [INFO] ThirdParty:1030 - CMSIS Pack Vendor :STMicroelectronics lwIP 2.1.2
2023-11-03 08:07:46,814 [INFO] ThirdParty:1030 - CMSIS Pack Vendor :STMicroelectronics X-CUBE-SFXS2LP1 4.0.0
2023-11-03 08:07:46,814 [INFO] ThirdParty:1030 - CMSIS Pack Vendor :STMicroelectronics X-CUBE-BLE2 3.3.0
2023-11-03 08:07:46,814 [INFO] ThirdParty:1030 - CMSIS Pack Vendor :STMicroelectronics PDM2PCM 3.2.0
2023-11-03 08:07:46,814 [INFO] ThirdParty:841 - exiting critical section [change project]
2023-11-03 08:07:47,685 [INFO] PinOutPanel:1499 - setPackage(No Configuration,No Configuration)
2023-11-03 08:07:47,762 [INFO] PinOutPanel:1499 - setPackage(STM32F103C8Tx,LQFP48)
2023-11-03 08:07:49,364 [INFO] UtilMem:75 - Before build in PCC Used Memory: 479335552 Bytes (870318080)
2023-11-03 08:07:51,378 [INFO] UtilMem:75 - After build in PCC Used Memory: 577059832 Bytes (870318080)
2023-11-03 08:07:51,402 [INFO] IPUIPlugin:80 - create IPUIPlugin
2023-11-03 08:07:51,402 [INFO] IPUIPlugin:80 - create IPUIPlugin
2023-11-03 08:07:51,402 [INFO] IPUIPlugin:80 - create IPUIPlugin
2023-11-03 08:07:51,403 [INFO] IPUIPlugin:80 - create IPUIPlugin
2023-11-03 08:07:51,403 [INFO] IPUIPlugin:80 - create IPUIPlugin
2023-11-03 08:07:51,403 [INFO] IPUIPlugin:80 - create IPUIPlugin
2023-11-03 08:07:51,403 [INFO] IPUIPlugin:80 - create IPUIPlugin
2023-11-03 08:07:51,403 [INFO] IPUIPlugin:80 - create IPUIPlugin
2023-11-03 08:07:51,403 [INFO] IPUIPlugin:80 - create IPUIPlugin
2023-11-03 08:07:51,403 [INFO] IPUIPlugin:80 - create IPUIPlugin
2023-11-03 08:07:51,403 [INFO] IPUIPlugin:80 - create IPUIPlugin
2023-11-03 08:07:51,403 [INFO] IPUIPlugin:80 - create IPUIPlugin
2023-11-03 08:07:51,404 [INFO] IPUIPlugin:80 - create IPUIPlugin
2023-11-03 08:07:51,404 [INFO] IPUIPlugin:80 - create IPUIPlugin
2023-11-03 08:07:51,404 [INFO] IPUIPlugin:80 - create IPUIPlugin
2023-11-03 08:07:51,404 [INFO] IPUIPlugin:80 - create IPUIPlugin
2023-11-03 08:07:51,404 [INFO] IPUIPlugin:80 - create IPUIPlugin
2023-11-03 08:07:51,404 [INFO] IPUIPlugin:80 - create IPUIPlugin
2023-11-03 08:07:51,405 [INFO] IPUIPlugin:80 - create IPUIPlugin
2023-11-03 08:07:51,405 [INFO] IPUIPlugin:80 - create IPUIPlugin
2023-11-03 08:07:51,405 [INFO] IPUIPlugin:80 - create IPUIPlugin
2023-11-03 08:07:51,405 [INFO] IPUIPlugin:80 - create IPUIPlugin
2023-11-03 08:07:51,405 [INFO] IPUIPlugin:80 - create IPUIPlugin
2023-11-03 08:07:51,406 [INFO] IPUIPlugin:80 - create IPUIPlugin
2023-11-03 08:07:51,406 [INFO] IPUIPlugin:80 - create IPUIPlugin
2023-11-03 08:07:51,406 [INFO] IPUIPlugin:80 - create IPUIPlugin
2023-11-03 08:07:51,406 [INFO] IPUIPlugin:80 - create IPUIPlugin
2023-11-03 08:07:51,451 [INFO] Can:71 - Can Add PropertyChangeListener com.st.microxplorer.plugins.ip.can.Can@26d07f9a
2023-11-03 08:07:52,338 [INFO] CADModel:165 - CPN selected for project levelSTM32F103C8T6
2023-11-03 08:07:52,338 [INFO] CADModel:114 - Register for checkConnection events
2023-11-03 08:07:52,388 [INFO] OpenFileManager:328 - Restore cursor
