2023-12-26 16:04:49,848 [INFO] Activator:176 - 


2023-12-26 16:04:49,858 [INFO] Activator:177 - !SESSION log4j initialized
2023-12-26 16:05:14,341 [INFO] LogOutputStream:77 - [STDOUT_REDIRECT] 
2023-12-26 16:05:28,850 [INFO] ApplicationProperties:184 - Using Application install path: C:\ST\STM32CubeIDE_1.12.1\STM32CubeIDE\plugins\com.st.stm32cube.common.mx_6.9.2.202309101412
2023-12-26 16:05:28,984 [INFO] DbMcusXml:78 - Set database path to: C:\ST\STM32CubeIDE_1.12.1\STM32CubeIDE\plugins\com.st.stm32cube.common.mx_6.9.2.202309101412\\db\/mcu/
2023-12-26 16:05:28,985 [INFO] ApiDb:274 - Set plugin database path to: C:\ST\STM32CubeIDE_1.12.1\STM32CubeIDE\plugins\com.st.stm32cube.common.mx_6.9.2.202309101412\\db\/plugins/boardmanager/
2023-12-26 16:05:28,986 [WARN] ApiDb:259 - Overriding images path with different value:  => C:\ST\STM32CubeIDE_1.12.1\STM32CubeIDE\plugins\com.st.stm32cube.common.mx_6.9.2.202309101412\\db\/plugins/mcufinder/images/
2023-12-26 16:05:29,510 [INFO] ApiDb:250 - Set database path to: C:\Users\TAMRD\.stmcufinder\plugins\mcufinder//mcu/
2023-12-26 16:05:29,511 [INFO] DbMcusAds:125 - Set database path to: C:\Users\TAMRD\.stmcufinder\plugins\mcufinder//mcu/
2023-12-26 16:05:29,520 [INFO] CrossReferenceDbSqlite:203 - Set database path to: C:\Users\TAMRD\.stmcufinder\plugins\mcufinder//mcu/cs/
2023-12-26 16:05:29,914 [INFO] RulesReader:64 - Compatibility file has been processed (293 Rules)
2023-12-26 16:05:30,751 [INFO] DbMcusXml:78 - Set database path to: C:\ST\STM32CubeIDE_1.12.1\STM32CubeIDE\plugins\com.st.stm32cube.common.mx_6.9.2.202309101412\\db\/mcu/
2023-12-26 16:05:30,752 [INFO] ApiDb:274 - Set plugin database path to: C:\ST\STM32CubeIDE_1.12.1\STM32CubeIDE\plugins\com.st.stm32cube.common.mx_6.9.2.202309101412\\db\/plugins/boardmanager/
2023-12-26 16:05:30,752 [INFO] ApiDb:261 - Set plugin images path to: C:\ST\STM32CubeIDE_1.12.1\STM32CubeIDE\plugins\com.st.stm32cube.common.mx_6.9.2.202309101412\\db\/plugins/mcufinder/images/
2023-12-26 16:05:30,752 [WARN] DbFile:41 - Overriding database path with different value: C:\Users\TAMRD\.stmcufinder\plugins\mcufinder/ => C:\Users\TAMRD\.stmcufinder\plugins\mcufinder
2023-12-26 16:05:30,752 [INFO] ApiDb:250 - Set database path to: C:\Users\TAMRD\.stmcufinder\plugins\mcufinder//mcu/
2023-12-26 16:05:30,753 [WARN] DbFile:41 - Overriding database path with different value: C:\Users\TAMRD\.stmcufinder\plugins\mcufinder/ => C:\Users\TAMRD\.stmcufinder\plugins\mcufinder
2023-12-26 16:05:30,753 [INFO] DbMcusAds:125 - Set database path to: C:\Users\TAMRD\.stmcufinder\plugins\mcufinder//mcu/
2023-12-26 16:05:30,753 [WARN] DbFile:41 - Overriding database path with different value: C:\Users\TAMRD\.stmcufinder\plugins\mcufinder/ => C:\Users\TAMRD\.stmcufinder\plugins\mcufinder
2023-12-26 16:05:30,755 [WARN] DbFile:41 - Overriding database path with different value: C:\Users\TAMRD\.stmcufinder\plugins\mcufinder/ => C:\Users\TAMRD\.stmcufinder\plugins\mcufinder
2023-12-26 16:05:30,755 [INFO] CrossReferenceDbSqlite:203 - Set database path to: C:\Users\TAMRD\.stmcufinder\plugins\mcufinder//mcu/cs/
2023-12-26 16:05:31,517 [INFO] MainPanel:262 - HeapMemory: 268435456
2023-12-26 16:05:32,336 [INFO] DbMcusXml:78 - Set database path to: C:\ST\STM32CubeIDE_1.12.1\STM32CubeIDE\plugins\com.st.stm32cube.common.mx_6.9.2.202309101412\\db\/mcu/
2023-12-26 16:05:32,336 [INFO] ApiDb:274 - Set plugin database path to: C:\ST\STM32CubeIDE_1.12.1\STM32CubeIDE\plugins\com.st.stm32cube.common.mx_6.9.2.202309101412\\db\/plugins/boardmanager/
2023-12-26 16:05:32,337 [INFO] ApiDb:261 - Set plugin images path to: C:\ST\STM32CubeIDE_1.12.1\STM32CubeIDE\plugins\com.st.stm32cube.common.mx_6.9.2.202309101412\\db\/plugins/mcufinder/images/
2023-12-26 16:05:32,349 [WARN] DbFile:41 - Overriding database path with different value: C:\Users\TAMRD\.stmcufinder\plugins\mcufinder/ => C:\Users\TAMRD\.stmcufinder\plugins\mcufinder
2023-12-26 16:05:32,350 [INFO] ApiDb:250 - Set database path to: C:\Users\TAMRD\.stmcufinder\plugins\mcufinder//mcu/
2023-12-26 16:05:32,350 [WARN] DbFile:41 - Overriding database path with different value: C:\Users\TAMRD\.stmcufinder\plugins\mcufinder/ => C:\Users\TAMRD\.stmcufinder\plugins\mcufinder
2023-12-26 16:05:32,350 [INFO] DbMcusAds:125 - Set database path to: C:\Users\TAMRD\.stmcufinder\plugins\mcufinder//mcu/
2023-12-26 16:05:32,350 [WARN] DbFile:41 - Overriding database path with different value: C:\Users\TAMRD\.stmcufinder\plugins\mcufinder/ => C:\Users\TAMRD\.stmcufinder\plugins\mcufinder
2023-12-26 16:05:32,350 [WARN] DbFile:41 - Overriding database path with different value: C:\Users\TAMRD\.stmcufinder\plugins\mcufinder/ => C:\Users\TAMRD\.stmcufinder\plugins\mcufinder
2023-12-26 16:05:32,351 [INFO] CrossReferenceDbSqlite:203 - Set database path to: C:\Users\TAMRD\.stmcufinder\plugins\mcufinder//mcu/cs/
2023-12-26 16:05:32,393 [INFO] ApplicationProperties:184 - Using Application install path: C:\ST\STM32CubeIDE_1.12.1\STM32CubeIDE\plugins\com.st.stm32cube.common.mx_6.9.2.202309101412
2023-12-26 16:05:32,395 [INFO] PluginManage:196 - Search for loadable plugins [exclusion list=, ]
2023-12-26 16:05:32,445 [INFO] PluginManage:310 - Check plugin analytics
2023-12-26 16:05:33,009 [INFO] AnalyticsPlugin:253 - Accepted Software Licenses: 
2023-12-26 16:05:33,009 [INFO] AnalyticsPlugin:255 - Accepted CMSIS Pack Licenses: 
2023-12-26 16:05:33,009 [INFO] AnalyticsPlugin:257 - Accepted Firmware Licenses: 
2023-12-26 16:05:33,019 [INFO] PluginManage:359 - Loaded plugin analytics (category:tool,tabindex:-1)
2023-12-26 16:05:33,020 [INFO] PluginManage:310 - Check plugin cadmodel
2023-12-26 16:05:33,142 [INFO] CADModel:105 - Init CAD model plugin
2023-12-26 16:05:33,142 [INFO] PluginManage:359 - Loaded plugin cadmodel (category:power,tabindex:5)
2023-12-26 16:05:33,143 [INFO] PluginManage:310 - Check plugin clock
2023-12-26 16:05:33,257 [INFO] PluginManage:359 - Loaded plugin clock (category:base,tabindex:2)
2023-12-26 16:05:33,257 [INFO] PluginManage:310 - Check plugin ddr
2023-12-26 16:05:33,274 [INFO] PluginManage:359 - Loaded plugin ddr (category:tool,tabindex:6)
2023-12-26 16:05:33,275 [INFO] PluginManage:310 - Check plugin filemanager
2023-12-26 16:05:33,810 [INFO] PluginManage:359 - Loaded plugin filemanager (category:base,tabindex:10)
2023-12-26 16:05:33,810 [INFO] PluginManage:310 - Check plugin ipmanager
2023-12-26 16:05:33,857 [INFO] PluginManage:359 - Loaded plugin ipmanager (category:base,tabindex:5)
2023-12-26 16:05:33,858 [INFO] PluginManage:310 - Check plugin lpbam
2023-12-26 16:05:33,948 [INFO] PluginManage:359 - Loaded plugin lpbam (category:base,tabindex:0)
2023-12-26 16:05:33,949 [INFO] PluginManage:310 - Check plugin memorymap
2023-12-26 16:05:34,042 [INFO] PluginManage:359 - Loaded plugin memorymap (category:base,tabindex:4)
2023-12-26 16:05:34,043 [INFO] PluginManage:310 - Check plugin pinoutandconfiguration
2023-12-26 16:05:34,119 [INFO] PluginManage:359 - Loaded plugin pinoutandconfiguration (category:base,tabindex:1)
2023-12-26 16:05:34,119 [INFO] PluginManage:310 - Check plugin pinoutconfig
2023-12-26 16:05:34,393 [WARN] SupportedApi:132 - Cannot load RTOS API schema: s4s-elt-must-match.1: The content of 'definitions' must match (annotation?, (simpleType | complexType)?, (unique | key | keyref)*)). A problem was found starting at: attribute.
2023-12-26 16:05:34,722 [INFO] PluginManage:359 - Loaded plugin pinoutconfig (category:base,tabindex:0)
2023-12-26 16:05:34,722 [INFO] PluginManage:310 - Check plugin power
2023-12-26 16:05:34,771 [INFO] PluginManage:359 - Loaded plugin power (category:power,tabindex:4)
2023-12-26 16:05:34,771 [INFO] PluginManage:310 - Check plugin projectmanager
2023-12-26 16:05:34,815 [INFO] PluginManage:359 - Loaded plugin projectmanager (category:projectmanager,tabindex:3)
2023-12-26 16:05:34,817 [INFO] PluginManage:310 - Check plugin thirdparty
2023-12-26 16:05:36,406 [INFO] PluginManage:359 - Loaded plugin thirdparty (category:base,tabindex:-1)
2023-12-26 16:05:36,406 [INFO] PluginManage:310 - Check plugin tools
2023-12-26 16:05:36,407 [WARN] IntegrityCheckThread:84 - waiting for thirdparty lock release [integrity check]
2023-12-26 16:05:36,408 [INFO] IntegrityCheckThread:86 - entering critical section [integrity check]
2023-12-26 16:05:36,409 [INFO] ThirdPartyUpdaterWithRetryManager:70 - Updater plugin not ready yet. [1/15]
2023-12-26 16:05:36,474 [INFO] PluginManage:359 - Loaded plugin tools (category:base,tabindex:7)
2023-12-26 16:05:36,475 [INFO] PluginManage:310 - Check plugin tutovideos
2023-12-26 16:05:37,533 [INFO] PluginManage:359 - Loaded plugin tutovideos (category:base,tabindex:-1)
2023-12-26 16:05:37,534 [INFO] PluginManage:310 - Check plugin updater
2023-12-26 16:05:37,721 [INFO] PluginManage:359 - Loaded plugin updater (category:base,tabindex:12)
2023-12-26 16:05:37,721 [INFO] PluginManage:310 - Check plugin userauth
2023-12-26 16:05:37,817 [INFO] UserAuth:113 - Init User Auth plugin
2023-12-26 16:05:37,817 [INFO] PluginManage:359 - Loaded plugin userauth (category:base,tabindex:14)
2023-12-26 16:05:37,818 [INFO] PluginManage:283 - PluginManage : Loaded plugins [17]
2023-12-26 16:05:39,428 [INFO] ThirdPartyUpdaterWithRetryManager:70 - Updater plugin not ready yet. [2/15]
2023-12-26 16:05:39,644 [INFO] PinOutPanel:1499 - setPackage(No Configuration,No Configuration)
2023-12-26 16:05:40,621 [INFO] CADModel:165 - CPN selected for project level
2023-12-26 16:05:40,622 [INFO] CADModel:114 - Register for checkConnection events
2023-12-26 16:05:40,841 [INFO] IPUIPlugin:80 - create IPUIPlugin
2023-12-26 16:05:40,841 [INFO] PluginManager:220 - loadIPPluginJar : add adc
2023-12-26 16:05:40,905 [INFO] IPUIPlugin:80 - create IPUIPlugin
2023-12-26 16:05:40,905 [INFO] PluginManager:220 - loadIPPluginJar : add aes
2023-12-26 16:05:40,990 [INFO] IPUIPlugin:80 - create IPUIPlugin
2023-12-26 16:05:40,991 [INFO] PluginManager:220 - loadIPPluginJar : add can
2023-12-26 16:05:41,058 [INFO] IPUIPlugin:80 - create IPUIPlugin
2023-12-26 16:05:41,059 [INFO] PluginManager:220 - loadIPPluginJar : add comp
2023-12-26 16:05:41,129 [INFO] IPUIPlugin:80 - create IPUIPlugin
2023-12-26 16:05:41,129 [INFO] PluginManager:220 - loadIPPluginJar : add cryp
2023-12-26 16:05:41,189 [INFO] IPUIPlugin:80 - create IPUIPlugin
2023-12-26 16:05:41,189 [INFO] PluginManager:220 - loadIPPluginJar : add dfsdm
2023-12-26 16:05:41,255 [INFO] IPUIPlugin:80 - create IPUIPlugin
2023-12-26 16:05:41,256 [INFO] PluginManager:220 - loadIPPluginJar : add dma
2023-12-26 16:05:41,356 [INFO] IPUIPlugin:80 - create IPUIPlugin
2023-12-26 16:05:41,356 [INFO] PluginManager:220 - loadIPPluginJar : add dma3
2023-12-26 16:05:41,520 [INFO] IPUIPlugin:80 - create IPUIPlugin
2023-12-26 16:05:41,520 [INFO] PluginManager:220 - loadIPPluginJar : add fatfs
2023-12-26 16:05:41,607 [INFO] IPUIPlugin:80 - create IPUIPlugin
2023-12-26 16:05:41,607 [INFO] PluginManager:220 - loadIPPluginJar : add fmc
2023-12-26 16:05:41,683 [INFO] IPUIPlugin:80 - create IPUIPlugin
2023-12-26 16:05:41,683 [INFO] PluginManager:220 - loadIPPluginJar : add freertos
2023-12-26 16:05:41,722 [INFO] IPUIPlugin:80 - create IPUIPlugin
2023-12-26 16:05:41,722 [INFO] PluginManager:220 - loadIPPluginJar : add genericplugin
2023-12-26 16:05:41,905 [INFO] IPUIPlugin:80 - create IPUIPlugin
2023-12-26 16:05:41,906 [INFO] PluginManager:220 - loadIPPluginJar : add gfxmmu
2023-12-26 16:05:42,137 [INFO] IPUIPlugin:80 - create IPUIPlugin
2023-12-26 16:05:42,137 [INFO] PluginManager:220 - loadIPPluginJar : add gic
2023-12-26 16:05:42,226 [INFO] IPUIPlugin:80 - create IPUIPlugin
2023-12-26 16:05:42,227 [INFO] PluginManager:220 - loadIPPluginJar : add gpio
2023-12-26 16:05:42,412 [INFO] IPUIPlugin:80 - create IPUIPlugin
2023-12-26 16:05:42,412 [INFO] PluginManager:220 - loadIPPluginJar : add gtzc
2023-12-26 16:05:42,432 [INFO] ThirdPartyUpdaterWithRetryManager:70 - Updater plugin not ready yet. [3/15]
2023-12-26 16:05:42,493 [INFO] IPUIPlugin:80 - create IPUIPlugin
2023-12-26 16:05:42,493 [INFO] PluginManager:220 - loadIPPluginJar : add hash
2023-12-26 16:05:42,572 [INFO] IPUIPlugin:80 - create IPUIPlugin
2023-12-26 16:05:42,572 [INFO] PluginManager:220 - loadIPPluginJar : add i2c
2023-12-26 16:05:42,636 [INFO] IPUIPlugin:80 - create IPUIPlugin
2023-12-26 16:05:42,636 [INFO] PluginManager:220 - loadIPPluginJar : add i2s
2023-12-26 16:05:42,735 [INFO] IPUIPlugin:80 - create IPUIPlugin
2023-12-26 16:05:42,736 [INFO] PluginManager:220 - loadIPPluginJar : add i3c
2023-12-26 16:05:43,259 [INFO] IPUIPlugin:80 - create IPUIPlugin
2023-12-26 16:05:43,259 [INFO] PluginManager:220 - loadIPPluginJar : add ipddr
2023-12-26 16:05:43,481 [INFO] IPUIPlugin:80 - create IPUIPlugin
2023-12-26 16:05:43,482 [INFO] PluginManager:220 - loadIPPluginJar : add linkedlist
2023-12-26 16:05:43,549 [INFO] IPUIPlugin:80 - create IPUIPlugin
2023-12-26 16:05:43,549 [INFO] PluginManager:220 - loadIPPluginJar : add lorawan
2023-12-26 16:05:43,616 [INFO] IPUIPlugin:80 - create IPUIPlugin
2023-12-26 16:05:43,617 [INFO] PluginManager:220 - loadIPPluginJar : add ltdc
2023-12-26 16:05:43,940 [INFO] IPUIPlugin:80 - create IPUIPlugin
2023-12-26 16:05:43,940 [INFO] PluginManager:220 - loadIPPluginJar : add mdma
2023-12-26 16:05:44,001 [INFO] IPUIPlugin:80 - create IPUIPlugin
2023-12-26 16:05:44,002 [INFO] PluginManager:220 - loadIPPluginJar : add nvic
2023-12-26 16:05:44,161 [INFO] IPUIPlugin:80 - create IPUIPlugin
2023-12-26 16:05:44,161 [INFO] PluginManager:220 - loadIPPluginJar : add opamp
2023-12-26 16:05:44,286 [INFO] IPUIPlugin:80 - create IPUIPlugin
2023-12-26 16:05:44,287 [INFO] PluginManager:220 - loadIPPluginJar : add openamp
2023-12-26 16:05:44,407 [INFO] IPUIPlugin:80 - create IPUIPlugin
2023-12-26 16:05:44,408 [INFO] PluginManager:220 - loadIPPluginJar : add pdm2pcm
2023-12-26 16:05:44,461 [INFO] IPUIPlugin:80 - create IPUIPlugin
2023-12-26 16:05:44,468 [INFO] PluginManager:220 - loadIPPluginJar : add plateformsettings
2023-12-26 16:05:44,509 [INFO] IPUIPlugin:80 - create IPUIPlugin
2023-12-26 16:05:44,509 [INFO] PluginManager:220 - loadIPPluginJar : add quadspi
2023-12-26 16:05:44,592 [INFO] IPUIPlugin:80 - create IPUIPlugin
2023-12-26 16:05:44,593 [INFO] PluginManager:220 - loadIPPluginJar : add resmgrutility
2023-12-26 16:05:44,740 [INFO] IPUIPlugin:80 - create IPUIPlugin
2023-12-26 16:05:44,740 [INFO] PluginManager:220 - loadIPPluginJar : add sai
2023-12-26 16:05:44,940 [INFO] IPUIPlugin:80 - create IPUIPlugin
2023-12-26 16:05:44,941 [INFO] PluginManager:220 - loadIPPluginJar : add spi
2023-12-26 16:05:45,257 [INFO] IPUIPlugin:80 - create IPUIPlugin
2023-12-26 16:05:45,257 [INFO] PluginManager:220 - loadIPPluginJar : add stm32_wpan
2023-12-26 16:05:45,337 [INFO] IPUIPlugin:80 - create IPUIPlugin
2023-12-26 16:05:45,337 [INFO] PluginManager:220 - loadIPPluginJar : add tim
2023-12-26 16:05:45,426 [INFO] IPUIPlugin:80 - create IPUIPlugin
2023-12-26 16:05:45,426 [INFO] PluginManager:220 - loadIPPluginJar : add touchsensing
2023-12-26 16:05:45,435 [INFO] ThirdPartyUpdaterWithRetryManager:70 - Updater plugin not ready yet. [4/15]
2023-12-26 16:05:45,473 [INFO] IPUIPlugin:80 - create IPUIPlugin
2023-12-26 16:05:45,473 [INFO] PluginManager:220 - loadIPPluginJar : add tracer_emb
2023-12-26 16:05:45,519 [INFO] IPUIPlugin:80 - create IPUIPlugin
2023-12-26 16:05:45,520 [INFO] PluginManager:220 - loadIPPluginJar : add ts
2023-12-26 16:05:45,575 [INFO] IPUIPlugin:80 - create IPUIPlugin
2023-12-26 16:05:45,575 [INFO] PluginManager:220 - loadIPPluginJar : add tsc
2023-12-26 16:05:45,624 [INFO] IPUIPlugin:80 - create IPUIPlugin
2023-12-26 16:05:45,625 [INFO] PluginManager:220 - loadIPPluginJar : add ucpd
2023-12-26 16:05:45,722 [INFO] IPUIPlugin:80 - create IPUIPlugin
2023-12-26 16:05:45,722 [INFO] PluginManager:220 - loadIPPluginJar : add usart
2023-12-26 16:05:45,791 [INFO] IPUIPlugin:80 - create IPUIPlugin
2023-12-26 16:05:45,791 [INFO] PluginManager:220 - loadIPPluginJar : add usbx
2023-12-26 16:05:46,086 [INFO] CADModel:165 - CPN selected for project level
2023-12-26 16:05:46,086 [INFO] CADModel:114 - Register for checkConnection events
2023-12-26 16:05:46,086 [FATAL] Updater:308 - Updater called before beeing initialized
2023-12-26 16:05:46,086 [ERROR] CADModel:125 - Updater not yet initialized, retry later 
2023-12-26 16:05:47,158 [INFO] CADModel:165 - CPN selected for project level
2023-12-26 16:05:47,158 [INFO] CADModel:114 - Register for checkConnection events
2023-12-26 16:05:47,159 [FATAL] Updater:308 - Updater called before beeing initialized
2023-12-26 16:05:47,159 [ERROR] CADModel:125 - Updater not yet initialized, retry later 
2023-12-26 16:05:47,200 [FATAL] Updater:308 - Updater called before beeing initialized
2023-12-26 16:05:47,680 [FATAL] Updater:308 - Updater called before beeing initialized
2023-12-26 16:05:47,718 [INFO] DbMcusAds:53 - JSON generation date=Wed Nov 29 17:52:27 ICT 2023 (1701255147349)
2023-12-26 16:05:47,718 [FATAL] Updater:308 - Updater called before beeing initialized
2023-12-26 16:05:47,914 [WARN] DetailPanel:346 - Failed to get advertising image, set to default
2023-12-26 16:05:48,127 [FATAL] Updater:308 - Updater called before beeing initialized
2023-12-26 16:05:48,139 [FATAL] Updater:308 - Updater called before beeing initialized
2023-12-26 16:05:48,139 [FATAL] Updater:308 - Updater called before beeing initialized
2023-12-26 16:05:48,140 [WARN] DetailPanel:346 - Failed to get advertising image, set to default
2023-12-26 16:05:48,143 [FATAL] Updater:308 - Updater called before beeing initialized
2023-12-26 16:05:48,361 [ERROR] Updater:1120 - MainUpdater not yet initialized. External WinMGr cannot be set.
2023-12-26 16:05:48,421 [INFO] Updater:1056 - Updater Version found : 6.9.2
2023-12-26 16:05:48,438 [INFO] ThirdPartyUpdaterWithRetryManager:70 - Updater plugin not ready yet. [5/15]
2023-12-26 16:05:48,512 [INFO] ApplicationProperties:184 - Using Application install path: C:\ST\STM32CubeIDE_1.12.1\STM32CubeIDE\plugins\com.st.stm32cube.common.mx_6.9.2.202309101412
2023-12-26 16:05:50,397 [INFO] MainUpdater:2868 - connection check result : 10
2023-12-26 16:05:50,397 [INFO] MainUpdater:3562 - Updater definition file requires update
2023-12-26 16:05:50,408 [INFO] MainUpdater:285 - Updater Check For Update Now.
2023-12-26 16:05:50,409 [INFO] MicroXplorer:498 - Change Database Version : DB.6.0.92
2023-12-26 16:05:50,493 [INFO] ServerAccessManage:473 - Download File updaters.zip
2023-12-26 16:05:50,573 [INFO] McuFinderGlobals:63 - Set McuFinder mode to 2 (CubeIDE integrated)
2023-12-26 16:05:50,654 [INFO] FileExtend:240 - Unzip File : updaters.zip
2023-12-26 16:05:50,654 [INFO] FileExtend:255 - Standard Zip Deflate
2023-12-26 16:05:51,439 [WARN] MainUpdater:1189 - Updater busy. Cannot search thirdparties
2023-12-26 16:05:51,439 [INFO] ThirdPartyUpdaterWithRetryManager:96 - Updater plugin is busy. [1/15]
2023-12-26 16:05:52,095 [INFO] ServerAccessManage:473 - Download File PacksControlFlags.xml
2023-12-26 16:05:52,348 [INFO] ServerAccessManage:473 - Download File cubemx.pidx
2023-12-26 16:05:52,688 [INFO] LoadServerUpdatesThread:373 - End of LoadServerUpdate Thread
2023-12-26 16:05:53,175 [INFO] CheckServerUpdateThread:120 - End of CheckServer Thread
2023-12-26 16:05:55,978 [WARN] PackLoader:240 - Cannot read IP mode file for STMicroelectronics.X-CUBE-SMBUS.2.1.0
2023-12-26 16:05:56,059 [WARN] PackLoader:240 - Cannot read IP mode file for STMicroelectronics.X-CUBE-TOUCHGFX.4.23.0
2023-12-26 16:05:56,212 [WARN] PackLoader:240 - Cannot read IP mode file for STMicroelectronics.X-CUBE-AZRTOS-F7.1.1.0
2023-12-26 16:05:56,329 [WARN] PackLoader:240 - Cannot read IP mode file for STMicroelectronics.FP-SNS-MOTENV1.4.3.2
2023-12-26 16:05:56,396 [WARN] PackLoader:240 - Cannot read IP mode file for STMicroelectronics.FP-SNS-FLIGHT1.5.0.2
2023-12-26 16:05:56,542 [WARN] PackLoader:240 - Cannot read IP mode file for STMicroelectronics.X-CUBE-DISPLAY.3.0.0
2023-12-26 16:05:56,635 [WARN] PackLoader:240 - Cannot read IP mode file for STMicroelectronics.X-CUBE-BLE1.7.0.0
2023-12-26 16:05:56,736 [WARN] PackLoader:240 - Cannot read IP mode file for emotas.I-CUBE-CANOPEN.1.3.0
2023-12-26 16:05:56,778 [WARN] PackLoader:240 - Cannot read IP mode file for STMicroelectronics.X-CUBE-TOUCHGFX.4.22.0
2023-12-26 16:05:56,829 [WARN] PackLoader:240 - Cannot read IP mode file for STMicroelectronics.X-CUBE-TOUCHGFX.4.22.1
2023-12-26 16:05:56,887 [WARN] PackLoader:240 - Cannot read IP mode file for STMicroelectronics.FP-SNS-SMARTAG2.1.2.0
2023-12-26 16:05:56,932 [INFO] LogOutputStream:77 - [STDOUT_REDIRECT] 1 : Invalid condition id : UX_CORESTACK_Condition cause : null
2023-12-26 16:05:56,933 [INFO] LogOutputStream:77 - [STDOUT_REDIRECT] 1 : Invalid condition id : UX_CORESTACK_Condition cause : null
2023-12-26 16:05:56,936 [INFO] LogOutputStream:77 - [STDOUT_REDIRECT] 1 : Invalid condition id : UX_CORESTACK_Condition cause : null
2023-12-26 16:05:56,941 [INFO] LogOutputStream:77 - [STDOUT_REDIRECT] 1 : Invalid condition id : UX_CORESTACK_Condition cause : null
2023-12-26 16:05:56,942 [INFO] LogOutputStream:77 - [STDOUT_REDIRECT] 1 : Invalid condition id : UX_CORESTACK_Condition cause : null
2023-12-26 16:05:56,953 [WARN] PackLoader:240 - Cannot read IP mode file for STMicroelectronics.X-CUBE-AZRTOS-WL.2.0.0
2023-12-26 16:05:57,003 [WARN] PackLoader:240 - Cannot read IP mode file for WES.I-CUBE-Cesium.1.3.0
2023-12-26 16:05:57,043 [WARN] PackLoader:240 - Cannot read IP mode file for STMicroelectronics.X-CUBE-BLE2.3.3.0
2023-12-26 16:05:57,082 [WARN] PackLoader:240 - Cannot read IP mode file for STMicroelectronics.X-CUBE-ALGOBUILD.1.3.0
2023-12-26 16:05:57,158 [WARN] PackLoader:240 - Cannot read IP mode file for STMicroelectronics.X-CUBE-AZRTOS-G0.1.1.0
2023-12-26 16:05:57,227 [WARN] PackLoader:240 - Cannot read IP mode file for STMicroelectronics.X-CUBE-NFC4.3.0.0
2023-12-26 16:05:57,344 [WARN] PackLoader:240 - Cannot read IP mode file for STMicroelectronics.X-CUBE-BLEMGR.3.0.0
2023-12-26 16:05:57,439 [WARN] PackLoader:240 - Cannot read IP mode file for STMicroelectronics.FP-ATR-SIGFOX1.3.2.0
2023-12-26 16:05:57,571 [WARN] PackLoader:240 - Cannot read IP mode file for SEGGER.I-CUBE-embOS.1.3.1
2023-12-26 16:05:57,756 [WARN] PackLoader:240 - Cannot read IP mode file for STMicroelectronics.X-CUBE-GNSS1.6.0.0
2023-12-26 16:05:57,854 [WARN] PackLoader:240 - Cannot read IP mode file for STMicroelectronics.X-CUBE-AZRTOS-F4.1.1.0
2023-12-26 16:05:57,912 [WARN] PackLoader:240 - Cannot read IP mode file for wolfSSL.I-CUBE-wolfSSL.5.6.3
2023-12-26 16:05:58,036 [WARN] PackLoader:240 - Cannot read IP mode file for STMicroelectronics.X-CUBE-AZRTOS-L5.2.0.0
2023-12-26 16:05:58,226 [WARN] PackLoader:240 - Cannot read IP mode file for STMicroelectronics.X-CUBE-MEMS1.9.6.0
2023-12-26 16:05:58,625 [WARN] PackLoader:240 - Cannot read IP mode file for STMicroelectronics.X-CUBE-EEPRMA1.4.2.0
2023-12-26 16:05:58,655 [WARN] PackLoader:240 - Cannot read IP mode file for ITTIA_DB.I-CUBE-ITTIADB.8.8.0
2023-12-26 16:05:58,757 [WARN] PackLoader:240 - Cannot read IP mode file for STMicroelectronics.X-CUBE-BLEMGR.2.0.0
2023-12-26 16:05:58,856 [WARN] ConditionMgr:438 - getConditionDescription Invalid condition id : UX DEVICE CLASS RTOS Condition cause : null
2023-12-26 16:05:58,857 [WARN] ConditionMgr:438 - getConditionDescription Invalid condition id : UX DEVICE CLASS RTOS Condition cause : null
2023-12-26 16:05:58,860 [WARN] PackLoader:240 - Cannot read IP mode file for STMicroelectronics.X-CUBE-AZRTOS-H7.3.1.0
2023-12-26 16:05:58,862 [WARN] ConditionMgr:1039 - genDependencies : Invalid condition id : UX DEVICE CLASS RTOS Condition cause : null
2023-12-26 16:05:58,862 [WARN] ConditionMgr:1039 - genDependencies : Invalid condition id : UX DEVICE CLASS RTOS Condition cause : null
2023-12-26 16:05:58,863 [WARN] ConditionMgr:1039 - genDependencies : Invalid condition id : UX DEVICE CLASS RTOS Condition cause : null
2023-12-26 16:05:58,864 [WARN] ConditionMgr:1039 - genDependencies : Invalid condition id : UX DEVICE CLASS RTOS Condition cause : null
2023-12-26 16:05:58,865 [WARN] ConditionMgr:1039 - genDependencies : Invalid condition id : UX DEVICE CLASS RTOS Condition cause : null
2023-12-26 16:05:58,905 [WARN] PackLoader:240 - Cannot read IP mode file for STMicroelectronics.X-CUBE-NFC7.1.0.1
2023-12-26 16:05:58,986 [WARN] PackLoader:240 - Cannot read IP mode file for STMicroelectronics.X-CUBE-NFC6.3.0.0
2023-12-26 16:05:59,071 [WARN] PackLoader:240 - Cannot read IP mode file for STMicroelectronics.X-CUBE-EEPRMA1.4.1.0
2023-12-26 16:05:59,177 [WARN] PackLoader:240 - Cannot read IP mode file for STMicroelectronics.X-CUBE-AI.8.1.0
2023-12-26 16:05:59,292 [WARN] ConditionMgr:438 - getConditionDescription Invalid condition id : LAN8742 Phy interface Condition cause : null
2023-12-26 16:05:59,293 [WARN] PackLoader:240 - Cannot read IP mode file for STMicroelectronics.X-CUBE-AZRTOS-L4.2.0.0
2023-12-26 16:05:59,295 [WARN] ConditionMgr:1039 - genDependencies : Invalid condition id : LAN8742 Phy interface Condition cause : null
2023-12-26 16:05:59,295 [WARN] ConditionMgr:1039 - genDependencies : Invalid condition id : LAN8742 Phy interface Condition cause : null
2023-12-26 16:05:59,301 [WARN] ConditionMgr:1039 - genDependencies : Invalid condition id : LAN8742 Phy interface Condition cause : null
2023-12-26 16:05:59,340 [WARN] PackLoader:240 - Cannot read IP mode file for STMicroelectronics.X-CUBE-SFXS2LP1.4.0.0
2023-12-26 16:05:59,387 [WARN] PackLoader:240 - Cannot read IP mode file for STMicroelectronics.X-CUBE-ISPU.1.1.0
2023-12-26 16:05:59,458 [WARN] ConditionMgr:438 - getConditionDescription Invalid condition id : UX DEVICE CLASS RTOS Condition cause : null
2023-12-26 16:05:59,460 [WARN] ConditionMgr:438 - getConditionDescription Invalid condition id : UX DEVICE CLASS RTOS Condition cause : null
2023-12-26 16:05:59,475 [WARN] PackLoader:240 - Cannot read IP mode file for STMicroelectronics.X-CUBE-AZRTOS-WB.2.0.0
2023-12-26 16:05:59,476 [WARN] ConditionMgr:1039 - genDependencies : Invalid condition id : UX DEVICE CLASS RTOS Condition cause : null
2023-12-26 16:05:59,477 [WARN] ConditionMgr:1039 - genDependencies : Invalid condition id : UX DEVICE CLASS RTOS Condition cause : null
2023-12-26 16:05:59,487 [WARN] ConditionMgr:1039 - genDependencies : Invalid condition id : UX DEVICE CLASS RTOS Condition cause : null
2023-12-26 16:05:59,502 [WARN] ConditionMgr:1039 - genDependencies : Invalid condition id : UX DEVICE CLASS RTOS Condition cause : null
2023-12-26 16:05:59,502 [WARN] ConditionMgr:1039 - genDependencies : Invalid condition id : UX DEVICE CLASS RTOS Condition cause : null
2023-12-26 16:05:59,649 [WARN] PackLoader:240 - Cannot read IP mode file for STMicroelectronics.X-CUBE-SUBG2.5.0.0
2023-12-26 16:05:59,740 [WARN] PackLoader:240 - Cannot read IP mode file for STMicroelectronics.X-CUBE-TOF1.3.3.1
2023-12-26 16:05:59,891 [WARN] PackLoader:240 - Cannot read IP mode file for STMicroelectronics.X-CUBE-AZRTOS-G4.2.0.0
2023-12-26 16:05:59,975 [WARN] PackLoader:240 - Cannot read IP mode file for Infineon.AIROC-Wi-Fi-Bluetooth-STM32.1.5.1
2023-12-26 16:06:00,004 [WARN] PackLoader:240 - Cannot read IP mode file for STMicroelectronics.FP-SNS-MOTENVWB1.1.3.0
2023-12-26 16:06:00,107 [WARN] PackLoader:240 - Cannot read IP mode file for STMicroelectronics.FP-SNS-MOTENVWB1.1.3.1
2023-12-26 16:06:00,279 [WARN] PackLoader:240 - Cannot read IP mode file for STMicroelectronics.X-CUBE-MEMS1.10.0.0
2023-12-26 16:06:00,544 [WARN] PackLoader:240 - Cannot read IP mode file for STMicroelectronics.X-CUBE-FREERTOS.1.1.0
2023-12-26 16:06:00,726 [WARN] PackLoader:240 - Cannot read IP mode file for portGmbH.I-Cube-SoM-uGOAL.1.1.0
2023-12-26 16:06:00,777 [WARN] PackLoader:240 - Cannot read IP mode file for STMicroelectronics.X-CUBE-ALS.1.0.1
2023-12-26 16:06:00,823 [WARN] PackLoader:240 - Cannot read IP mode file for STMicroelectronics.FP-ATR-ASTRA1.2.0.0
2023-12-26 16:06:00,912 [WARN] PackLoader:240 - Cannot read IP mode file for STMicroelectronics.X-CUBE-TOF1.3.4.0
2023-12-26 16:06:00,943 [INFO] ThirdParty:978 - Integrity check success = true
2023-12-26 16:06:00,944 [INFO] IntegrityCheckThread:100 - exiting critical section [integrity check]
2023-12-26 16:06:00,944 [INFO] IntegrityCheckThread:103 - End integrity checks thread
2023-12-26 16:06:14,627 [ERROR] LogOutputStream:75 - [STDERR_REDIRECT] SLF4J: Failed to load class "org.slf4j.impl.StaticLoggerBinder".
2023-12-26 16:06:14,628 [ERROR] LogOutputStream:75 - [STDERR_REDIRECT] SLF4J: Defaulting to no-operation (NOP) logger implementation
2023-12-26 16:06:14,629 [ERROR] LogOutputStream:75 - [STDERR_REDIRECT] SLF4J: See http://www.slf4j.org/codes.html#StaticLoggerBinder for further details.
