2023-11-10 09:57:50,880 [INFO] Activator:176 - 


2023-11-10 09:57:50,898 [INFO] Activator:177 - !SESSION log4j initialized
2023-11-10 09:58:02,129 [INFO] LogOutputStream:77 - [STDOUT_REDIRECT] 
2023-11-10 09:58:05,548 [INFO] ApplicationProperties:184 - Using Application install path: C:\ST\STM32CubeIDE_1.12.1\STM32CubeIDE\plugins\com.st.stm32cube.common.mx_6.9.2.202309101412
2023-11-10 09:58:05,599 [INFO] DbMcusXml:78 - Set database path to: C:\ST\STM32CubeIDE_1.12.1\STM32CubeIDE\plugins\com.st.stm32cube.common.mx_6.9.2.202309101412\\db\/mcu/
2023-11-10 09:58:05,601 [INFO] ApiDb:274 - Set plugin database path to: C:\ST\STM32CubeIDE_1.12.1\STM32CubeIDE\plugins\com.st.stm32cube.common.mx_6.9.2.202309101412\\db\/plugins/boardmanager/
2023-11-10 09:58:05,601 [WARN] ApiDb:259 - Overriding images path with different value:  => C:\ST\STM32CubeIDE_1.12.1\STM32CubeIDE\plugins\com.st.stm32cube.common.mx_6.9.2.202309101412\\db\/plugins/mcufinder/images/
2023-11-10 09:58:05,671 [INFO] ApiDb:250 - Set database path to: C:\Users\TAMRD\.stmcufinder\plugins\mcufinder//mcu/
2023-11-10 09:58:05,673 [INFO] DbMcusAds:125 - Set database path to: C:\Users\TAMRD\.stmcufinder\plugins\mcufinder//mcu/
2023-11-10 09:58:05,675 [INFO] CrossReferenceDbSqlite:203 - Set database path to: C:\Users\TAMRD\.stmcufinder\plugins\mcufinder//mcu/cs/
2023-11-10 09:58:05,855 [INFO] RulesReader:64 - Compatibility file has been processed (293 Rules)
2023-11-10 09:58:06,057 [INFO] DbMcusXml:78 - Set database path to: C:\ST\STM32CubeIDE_1.12.1\STM32CubeIDE\plugins\com.st.stm32cube.common.mx_6.9.2.202309101412\\db\/mcu/
2023-11-10 09:58:06,058 [INFO] ApiDb:274 - Set plugin database path to: C:\ST\STM32CubeIDE_1.12.1\STM32CubeIDE\plugins\com.st.stm32cube.common.mx_6.9.2.202309101412\\db\/plugins/boardmanager/
2023-11-10 09:58:06,058 [INFO] ApiDb:261 - Set plugin images path to: C:\ST\STM32CubeIDE_1.12.1\STM32CubeIDE\plugins\com.st.stm32cube.common.mx_6.9.2.202309101412\\db\/plugins/mcufinder/images/
2023-11-10 09:58:06,058 [WARN] DbFile:41 - Overriding database path with different value: C:\Users\TAMRD\.stmcufinder\plugins\mcufinder/ => C:\Users\TAMRD\.stmcufinder\plugins\mcufinder
2023-11-10 09:58:06,058 [INFO] ApiDb:250 - Set database path to: C:\Users\TAMRD\.stmcufinder\plugins\mcufinder//mcu/
2023-11-10 09:58:06,059 [WARN] DbFile:41 - Overriding database path with different value: C:\Users\TAMRD\.stmcufinder\plugins\mcufinder/ => C:\Users\TAMRD\.stmcufinder\plugins\mcufinder
2023-11-10 09:58:06,059 [INFO] DbMcusAds:125 - Set database path to: C:\Users\TAMRD\.stmcufinder\plugins\mcufinder//mcu/
2023-11-10 09:58:06,059 [WARN] DbFile:41 - Overriding database path with different value: C:\Users\TAMRD\.stmcufinder\plugins\mcufinder/ => C:\Users\TAMRD\.stmcufinder\plugins\mcufinder
2023-11-10 09:58:06,059 [WARN] DbFile:41 - Overriding database path with different value: C:\Users\TAMRD\.stmcufinder\plugins\mcufinder/ => C:\Users\TAMRD\.stmcufinder\plugins\mcufinder
2023-11-10 09:58:06,060 [INFO] CrossReferenceDbSqlite:203 - Set database path to: C:\Users\TAMRD\.stmcufinder\plugins\mcufinder//mcu/cs/
2023-11-10 09:58:06,187 [INFO] MainPanel:262 - HeapMemory: 268435456
2023-11-10 09:58:06,392 [INFO] DbMcusXml:78 - Set database path to: C:\ST\STM32CubeIDE_1.12.1\STM32CubeIDE\plugins\com.st.stm32cube.common.mx_6.9.2.202309101412\\db\/mcu/
2023-11-10 09:58:06,392 [INFO] ApiDb:274 - Set plugin database path to: C:\ST\STM32CubeIDE_1.12.1\STM32CubeIDE\plugins\com.st.stm32cube.common.mx_6.9.2.202309101412\\db\/plugins/boardmanager/
2023-11-10 09:58:06,392 [INFO] ApiDb:261 - Set plugin images path to: C:\ST\STM32CubeIDE_1.12.1\STM32CubeIDE\plugins\com.st.stm32cube.common.mx_6.9.2.202309101412\\db\/plugins/mcufinder/images/
2023-11-10 09:58:06,393 [WARN] DbFile:41 - Overriding database path with different value: C:\Users\TAMRD\.stmcufinder\plugins\mcufinder/ => C:\Users\TAMRD\.stmcufinder\plugins\mcufinder
2023-11-10 09:58:06,393 [INFO] ApiDb:250 - Set database path to: C:\Users\TAMRD\.stmcufinder\plugins\mcufinder//mcu/
2023-11-10 09:58:06,393 [WARN] DbFile:41 - Overriding database path with different value: C:\Users\TAMRD\.stmcufinder\plugins\mcufinder/ => C:\Users\TAMRD\.stmcufinder\plugins\mcufinder
2023-11-10 09:58:06,394 [INFO] DbMcusAds:125 - Set database path to: C:\Users\TAMRD\.stmcufinder\plugins\mcufinder//mcu/
2023-11-10 09:58:06,394 [WARN] DbFile:41 - Overriding database path with different value: C:\Users\TAMRD\.stmcufinder\plugins\mcufinder/ => C:\Users\TAMRD\.stmcufinder\plugins\mcufinder
2023-11-10 09:58:06,394 [WARN] DbFile:41 - Overriding database path with different value: C:\Users\TAMRD\.stmcufinder\plugins\mcufinder/ => C:\Users\TAMRD\.stmcufinder\plugins\mcufinder
2023-11-10 09:58:06,394 [INFO] CrossReferenceDbSqlite:203 - Set database path to: C:\Users\TAMRD\.stmcufinder\plugins\mcufinder//mcu/cs/
2023-11-10 09:58:06,418 [INFO] ApplicationProperties:184 - Using Application install path: C:\ST\STM32CubeIDE_1.12.1\STM32CubeIDE\plugins\com.st.stm32cube.common.mx_6.9.2.202309101412
2023-11-10 09:58:06,420 [INFO] PluginManage:196 - Search for loadable plugins [exclusion list=, ]
2023-11-10 09:58:06,422 [INFO] PluginManage:310 - Check plugin analytics
2023-11-10 09:58:06,742 [INFO] AnalyticsPlugin:253 - Accepted Software Licenses: 
2023-11-10 09:58:06,742 [INFO] AnalyticsPlugin:255 - Accepted CMSIS Pack Licenses: 
2023-11-10 09:58:06,742 [INFO] AnalyticsPlugin:257 - Accepted Firmware Licenses: 
2023-11-10 09:58:06,748 [INFO] PluginManage:359 - Loaded plugin analytics (category:tool,tabindex:-1)
2023-11-10 09:58:06,749 [INFO] PluginManage:310 - Check plugin cadmodel
2023-11-10 09:58:06,792 [INFO] CADModel:105 - Init CAD model plugin
2023-11-10 09:58:06,795 [INFO] PluginManage:359 - Loaded plugin cadmodel (category:power,tabindex:5)
2023-11-10 09:58:06,796 [INFO] PluginManage:310 - Check plugin clock
2023-11-10 09:58:06,865 [INFO] PluginManage:359 - Loaded plugin clock (category:base,tabindex:2)
2023-11-10 09:58:06,865 [INFO] PluginManage:310 - Check plugin ddr
2023-11-10 09:58:06,876 [INFO] PluginManage:359 - Loaded plugin ddr (category:tool,tabindex:6)
2023-11-10 09:58:06,876 [INFO] PluginManage:310 - Check plugin filemanager
2023-11-10 09:58:07,115 [INFO] PluginManage:359 - Loaded plugin filemanager (category:base,tabindex:10)
2023-11-10 09:58:07,115 [INFO] PluginManage:310 - Check plugin ipmanager
2023-11-10 09:58:07,141 [INFO] PluginManage:359 - Loaded plugin ipmanager (category:base,tabindex:5)
2023-11-10 09:58:07,142 [INFO] PluginManage:310 - Check plugin lpbam
2023-11-10 09:58:07,171 [INFO] PluginManage:359 - Loaded plugin lpbam (category:base,tabindex:0)
2023-11-10 09:58:07,172 [INFO] PluginManage:310 - Check plugin memorymap
2023-11-10 09:58:07,208 [INFO] PluginManage:359 - Loaded plugin memorymap (category:base,tabindex:4)
2023-11-10 09:58:07,208 [INFO] PluginManage:310 - Check plugin pinoutandconfiguration
2023-11-10 09:58:07,246 [INFO] PluginManage:359 - Loaded plugin pinoutandconfiguration (category:base,tabindex:1)
2023-11-10 09:58:07,246 [INFO] PluginManage:310 - Check plugin pinoutconfig
2023-11-10 09:58:07,394 [WARN] SupportedApi:132 - Cannot load RTOS API schema: s4s-elt-must-match.1: The content of 'definitions' must match (annotation?, (simpleType | complexType)?, (unique | key | keyref)*)). A problem was found starting at: attribute.
2023-11-10 09:58:07,563 [INFO] PluginManage:359 - Loaded plugin pinoutconfig (category:base,tabindex:0)
2023-11-10 09:58:07,563 [INFO] PluginManage:310 - Check plugin power
2023-11-10 09:58:07,612 [INFO] PluginManage:359 - Loaded plugin power (category:power,tabindex:4)
2023-11-10 09:58:07,612 [INFO] PluginManage:310 - Check plugin projectmanager
2023-11-10 09:58:07,638 [INFO] PluginManage:359 - Loaded plugin projectmanager (category:projectmanager,tabindex:3)
2023-11-10 09:58:07,639 [INFO] PluginManage:310 - Check plugin thirdparty
2023-11-10 09:58:08,444 [INFO] PluginManage:359 - Loaded plugin thirdparty (category:base,tabindex:-1)
2023-11-10 09:58:08,444 [INFO] PluginManage:310 - Check plugin tools
2023-11-10 09:58:08,445 [WARN] IntegrityCheckThread:84 - waiting for thirdparty lock release [integrity check]
2023-11-10 09:58:08,446 [INFO] IntegrityCheckThread:86 - entering critical section [integrity check]
2023-11-10 09:58:08,447 [INFO] ThirdPartyUpdaterWithRetryManager:70 - Updater plugin not ready yet. [1/15]
2023-11-10 09:58:08,496 [INFO] PluginManage:359 - Loaded plugin tools (category:base,tabindex:7)
2023-11-10 09:58:08,497 [INFO] PluginManage:310 - Check plugin tutovideos
2023-11-10 09:58:09,106 [INFO] PluginManage:359 - Loaded plugin tutovideos (category:base,tabindex:-1)
2023-11-10 09:58:09,107 [INFO] PluginManage:310 - Check plugin updater
2023-11-10 09:58:09,157 [INFO] PluginManage:359 - Loaded plugin updater (category:base,tabindex:12)
2023-11-10 09:58:09,158 [INFO] PluginManage:310 - Check plugin userauth
2023-11-10 09:58:09,275 [INFO] UserAuth:113 - Init User Auth plugin
2023-11-10 09:58:09,276 [INFO] PluginManage:359 - Loaded plugin userauth (category:base,tabindex:14)
2023-11-10 09:58:09,277 [INFO] PluginManage:283 - PluginManage : Loaded plugins [17]
2023-11-10 09:58:10,653 [INFO] PinOutPanel:1499 - setPackage(No Configuration,No Configuration)
2023-11-10 09:58:11,084 [INFO] CADModel:165 - CPN selected for project level
2023-11-10 09:58:11,084 [INFO] CADModel:114 - Register for checkConnection events
2023-11-10 09:58:11,182 [INFO] IPUIPlugin:80 - create IPUIPlugin
2023-11-10 09:58:11,182 [INFO] PluginManager:220 - loadIPPluginJar : add adc
2023-11-10 09:58:11,257 [INFO] IPUIPlugin:80 - create IPUIPlugin
2023-11-10 09:58:11,258 [INFO] PluginManager:220 - loadIPPluginJar : add aes
2023-11-10 09:58:11,323 [INFO] IPUIPlugin:80 - create IPUIPlugin
2023-11-10 09:58:11,323 [INFO] PluginManager:220 - loadIPPluginJar : add can
2023-11-10 09:58:11,421 [INFO] IPUIPlugin:80 - create IPUIPlugin
2023-11-10 09:58:11,422 [INFO] PluginManager:220 - loadIPPluginJar : add comp
2023-11-10 09:58:11,550 [INFO] ThirdPartyUpdaterWithRetryManager:70 - Updater plugin not ready yet. [2/15]
2023-11-10 09:58:11,563 [INFO] IPUIPlugin:80 - create IPUIPlugin
2023-11-10 09:58:11,563 [INFO] PluginManager:220 - loadIPPluginJar : add cryp
2023-11-10 09:58:11,611 [INFO] IPUIPlugin:80 - create IPUIPlugin
2023-11-10 09:58:11,611 [INFO] PluginManager:220 - loadIPPluginJar : add dfsdm
2023-11-10 09:58:11,642 [INFO] IPUIPlugin:80 - create IPUIPlugin
2023-11-10 09:58:11,642 [INFO] PluginManager:220 - loadIPPluginJar : add dma
2023-11-10 09:58:11,708 [INFO] IPUIPlugin:80 - create IPUIPlugin
2023-11-10 09:58:11,708 [INFO] PluginManager:220 - loadIPPluginJar : add dma3
2023-11-10 09:58:11,724 [INFO] IPUIPlugin:80 - create IPUIPlugin
2023-11-10 09:58:11,724 [INFO] PluginManager:220 - loadIPPluginJar : add fatfs
2023-11-10 09:58:11,899 [INFO] IPUIPlugin:80 - create IPUIPlugin
2023-11-10 09:58:11,900 [INFO] PluginManager:220 - loadIPPluginJar : add fmc
2023-11-10 09:58:11,994 [INFO] IPUIPlugin:80 - create IPUIPlugin
2023-11-10 09:58:11,995 [INFO] PluginManager:220 - loadIPPluginJar : add freertos
2023-11-10 09:58:12,040 [INFO] IPUIPlugin:80 - create IPUIPlugin
2023-11-10 09:58:12,041 [INFO] PluginManager:220 - loadIPPluginJar : add genericplugin
2023-11-10 09:58:12,309 [INFO] IPUIPlugin:80 - create IPUIPlugin
2023-11-10 09:58:12,310 [INFO] PluginManager:220 - loadIPPluginJar : add gfxmmu
2023-11-10 09:58:12,485 [INFO] IPUIPlugin:80 - create IPUIPlugin
2023-11-10 09:58:12,485 [INFO] PluginManager:220 - loadIPPluginJar : add gic
2023-11-10 09:58:12,505 [INFO] IPUIPlugin:80 - create IPUIPlugin
2023-11-10 09:58:12,505 [INFO] PluginManager:220 - loadIPPluginJar : add gpio
2023-11-10 09:58:12,617 [INFO] IPUIPlugin:80 - create IPUIPlugin
2023-11-10 09:58:12,617 [INFO] PluginManager:220 - loadIPPluginJar : add gtzc
2023-11-10 09:58:12,666 [INFO] IPUIPlugin:80 - create IPUIPlugin
2023-11-10 09:58:12,667 [INFO] PluginManager:220 - loadIPPluginJar : add hash
2023-11-10 09:58:12,735 [INFO] IPUIPlugin:80 - create IPUIPlugin
2023-11-10 09:58:12,735 [INFO] PluginManager:220 - loadIPPluginJar : add i2c
2023-11-10 09:58:12,785 [INFO] IPUIPlugin:80 - create IPUIPlugin
2023-11-10 09:58:12,785 [INFO] PluginManager:220 - loadIPPluginJar : add i2s
2023-11-10 09:58:12,843 [INFO] IPUIPlugin:80 - create IPUIPlugin
2023-11-10 09:58:12,843 [INFO] PluginManager:220 - loadIPPluginJar : add i3c
2023-11-10 09:58:12,989 [INFO] IPUIPlugin:80 - create IPUIPlugin
2023-11-10 09:58:12,989 [INFO] PluginManager:220 - loadIPPluginJar : add ipddr
2023-11-10 09:58:13,139 [INFO] IPUIPlugin:80 - create IPUIPlugin
2023-11-10 09:58:13,140 [INFO] PluginManager:220 - loadIPPluginJar : add linkedlist
2023-11-10 09:58:13,155 [INFO] IPUIPlugin:80 - create IPUIPlugin
2023-11-10 09:58:13,156 [INFO] PluginManager:220 - loadIPPluginJar : add lorawan
2023-11-10 09:58:13,213 [INFO] IPUIPlugin:80 - create IPUIPlugin
2023-11-10 09:58:13,213 [INFO] PluginManager:220 - loadIPPluginJar : add ltdc
2023-11-10 09:58:13,273 [INFO] IPUIPlugin:80 - create IPUIPlugin
2023-11-10 09:58:13,274 [INFO] PluginManager:220 - loadIPPluginJar : add mdma
2023-11-10 09:58:13,300 [INFO] IPUIPlugin:80 - create IPUIPlugin
2023-11-10 09:58:13,300 [INFO] PluginManager:220 - loadIPPluginJar : add nvic
2023-11-10 09:58:13,357 [INFO] IPUIPlugin:80 - create IPUIPlugin
2023-11-10 09:58:13,358 [INFO] PluginManager:220 - loadIPPluginJar : add opamp
2023-11-10 09:58:13,443 [INFO] IPUIPlugin:80 - create IPUIPlugin
2023-11-10 09:58:13,444 [INFO] PluginManager:220 - loadIPPluginJar : add openamp
2023-11-10 09:58:13,499 [INFO] IPUIPlugin:80 - create IPUIPlugin
2023-11-10 09:58:13,500 [INFO] PluginManager:220 - loadIPPluginJar : add pdm2pcm
2023-11-10 09:58:13,579 [INFO] IPUIPlugin:80 - create IPUIPlugin
2023-11-10 09:58:13,582 [INFO] PluginManager:220 - loadIPPluginJar : add plateformsettings
2023-11-10 09:58:13,617 [INFO] IPUIPlugin:80 - create IPUIPlugin
2023-11-10 09:58:13,617 [INFO] PluginManager:220 - loadIPPluginJar : add quadspi
2023-11-10 09:58:13,642 [INFO] IPUIPlugin:80 - create IPUIPlugin
2023-11-10 09:58:13,642 [INFO] PluginManager:220 - loadIPPluginJar : add resmgrutility
2023-11-10 09:58:13,707 [INFO] IPUIPlugin:80 - create IPUIPlugin
2023-11-10 09:58:13,707 [INFO] PluginManager:220 - loadIPPluginJar : add sai
2023-11-10 09:58:13,761 [INFO] IPUIPlugin:80 - create IPUIPlugin
2023-11-10 09:58:13,761 [INFO] PluginManager:220 - loadIPPluginJar : add spi
2023-11-10 09:58:13,850 [INFO] IPUIPlugin:80 - create IPUIPlugin
2023-11-10 09:58:13,851 [INFO] PluginManager:220 - loadIPPluginJar : add stm32_wpan
2023-11-10 09:58:13,890 [INFO] IPUIPlugin:80 - create IPUIPlugin
2023-11-10 09:58:13,890 [INFO] PluginManager:220 - loadIPPluginJar : add tim
2023-11-10 09:58:13,959 [INFO] IPUIPlugin:80 - create IPUIPlugin
2023-11-10 09:58:13,959 [INFO] PluginManager:220 - loadIPPluginJar : add touchsensing
2023-11-10 09:58:13,997 [INFO] IPUIPlugin:80 - create IPUIPlugin
2023-11-10 09:58:13,997 [INFO] PluginManager:220 - loadIPPluginJar : add tracer_emb
2023-11-10 09:58:14,054 [INFO] IPUIPlugin:80 - create IPUIPlugin
2023-11-10 09:58:14,055 [INFO] PluginManager:220 - loadIPPluginJar : add ts
2023-11-10 09:58:14,091 [INFO] IPUIPlugin:80 - create IPUIPlugin
2023-11-10 09:58:14,092 [INFO] PluginManager:220 - loadIPPluginJar : add tsc
2023-11-10 09:58:14,127 [INFO] IPUIPlugin:80 - create IPUIPlugin
2023-11-10 09:58:14,127 [INFO] PluginManager:220 - loadIPPluginJar : add ucpd
2023-11-10 09:58:14,180 [INFO] IPUIPlugin:80 - create IPUIPlugin
2023-11-10 09:58:14,181 [INFO] PluginManager:220 - loadIPPluginJar : add usart
2023-11-10 09:58:14,259 [INFO] IPUIPlugin:80 - create IPUIPlugin
2023-11-10 09:58:14,259 [INFO] PluginManager:220 - loadIPPluginJar : add usbx
2023-11-10 09:58:14,440 [INFO] CADModel:165 - CPN selected for project level
2023-11-10 09:58:14,440 [INFO] CADModel:114 - Register for checkConnection events
2023-11-10 09:58:14,440 [FATAL] Updater:308 - Updater called before beeing initialized
2023-11-10 09:58:14,440 [ERROR] CADModel:125 - Updater not yet initialized, retry later 
2023-11-10 09:58:14,550 [INFO] ThirdPartyUpdaterWithRetryManager:70 - Updater plugin not ready yet. [3/15]
2023-11-10 09:58:14,817 [INFO] CADModel:165 - CPN selected for project level
2023-11-10 09:58:14,817 [INFO] CADModel:114 - Register for checkConnection events
2023-11-10 09:58:14,817 [FATAL] Updater:308 - Updater called before beeing initialized
2023-11-10 09:58:14,817 [ERROR] CADModel:125 - Updater not yet initialized, retry later 
2023-11-10 09:58:14,826 [FATAL] Updater:308 - Updater called before beeing initialized
2023-11-10 09:58:15,193 [FATAL] Updater:308 - Updater called before beeing initialized
2023-11-10 09:58:15,206 [INFO] DbMcusAds:53 - JSON generation date=Tue Mar 07 15:50:55 ICT 2023 (1678179055335)
2023-11-10 09:58:15,207 [FATAL] Updater:308 - Updater called before beeing initialized
2023-11-10 09:58:15,321 [WARN] DetailPanel:346 - Failed to get advertising image, set to default
2023-11-10 09:58:15,443 [FATAL] Updater:308 - Updater called before beeing initialized
2023-11-10 09:58:15,446 [FATAL] Updater:308 - Updater called before beeing initialized
2023-11-10 09:58:15,447 [FATAL] Updater:308 - Updater called before beeing initialized
2023-11-10 09:58:15,447 [WARN] DetailPanel:346 - Failed to get advertising image, set to default
2023-11-10 09:58:15,449 [FATAL] Updater:308 - Updater called before beeing initialized
2023-11-10 09:58:15,577 [ERROR] Updater:1120 - MainUpdater not yet initialized. External WinMGr cannot be set.
2023-11-10 09:58:15,609 [INFO] Updater:1056 - Updater Version found : 6.9.2
2023-11-10 09:58:15,641 [INFO] ApplicationProperties:184 - Using Application install path: C:\ST\STM32CubeIDE_1.12.1\STM32CubeIDE\plugins\com.st.stm32cube.common.mx_6.9.2.202309101412
2023-11-10 09:58:16,304 [INFO] MainUpdater:2868 - connection check result : 10
2023-11-10 09:58:16,305 [INFO] MainUpdater:285 - Updater Check For Update Now.
2023-11-10 09:58:16,305 [INFO] MicroXplorer:498 - Change Database Version : DB.6.0.92
2023-11-10 09:58:16,320 [INFO] McuFinderGlobals:63 - Set McuFinder mode to 2 (CubeIDE integrated)
2023-11-10 09:58:16,651 [INFO] CheckServerUpdateThread:120 - End of CheckServer Thread
2023-11-10 09:58:17,913 [WARN] PackLoader:240 - Cannot read IP mode file for STMicroelectronics.X-CUBE-SMBUS.2.1.0
2023-11-10 09:58:17,986 [WARN] PackLoader:240 - Cannot read IP mode file for STMicroelectronics.X-CUBE-AZRTOS-F7.1.1.0
2023-11-10 09:58:18,025 [WARN] PackLoader:240 - Cannot read IP mode file for STMicroelectronics.FP-SNS-MOTENV1.4.3.2
2023-11-10 09:58:18,054 [WARN] PackLoader:240 - Cannot read IP mode file for STMicroelectronics.FP-SNS-FLIGHT1.5.0.2
2023-11-10 09:58:18,081 [WARN] PackLoader:240 - Cannot read IP mode file for STMicroelectronics.X-CUBE-DISPLAY.3.0.0
2023-11-10 09:58:18,117 [WARN] PackLoader:240 - Cannot read IP mode file for STMicroelectronics.X-CUBE-BLE1.7.0.0
2023-11-10 09:58:18,151 [WARN] PackLoader:240 - Cannot read IP mode file for emotas.I-CUBE-CANOPEN.1.3.0
2023-11-10 09:58:18,178 [WARN] PackLoader:240 - Cannot read IP mode file for STMicroelectronics.X-CUBE-TOUCHGFX.4.22.0
2023-11-10 09:58:18,200 [WARN] PackLoader:240 - Cannot read IP mode file for STMicroelectronics.X-CUBE-TOUCHGFX.4.22.1
2023-11-10 09:58:18,228 [WARN] PackLoader:240 - Cannot read IP mode file for STMicroelectronics.FP-SNS-SMARTAG2.1.2.0
2023-11-10 09:58:18,287 [INFO] LogOutputStream:77 - [STDOUT_REDIRECT] 1 : Invalid condition id : UX_CORESTACK_Condition cause : null
2023-11-10 09:58:18,291 [INFO] LogOutputStream:77 - [STDOUT_REDIRECT] 1 : Invalid condition id : UX_CORESTACK_Condition cause : null
2023-11-10 09:58:18,293 [INFO] LogOutputStream:77 - [STDOUT_REDIRECT] 1 : Invalid condition id : UX_CORESTACK_Condition cause : null
2023-11-10 09:58:18,300 [INFO] LogOutputStream:77 - [STDOUT_REDIRECT] 1 : Invalid condition id : UX_CORESTACK_Condition cause : null
2023-11-10 09:58:18,301 [INFO] LogOutputStream:77 - [STDOUT_REDIRECT] 1 : Invalid condition id : UX_CORESTACK_Condition cause : null
2023-11-10 09:58:18,311 [WARN] PackLoader:240 - Cannot read IP mode file for STMicroelectronics.X-CUBE-AZRTOS-WL.2.0.0
2023-11-10 09:58:18,339 [WARN] PackLoader:240 - Cannot read IP mode file for WES.I-CUBE-Cesium.1.3.0
2023-11-10 09:58:18,368 [WARN] PackLoader:240 - Cannot read IP mode file for STMicroelectronics.X-CUBE-BLE2.3.3.0
2023-11-10 09:58:18,409 [WARN] PackLoader:240 - Cannot read IP mode file for STMicroelectronics.X-CUBE-ALGOBUILD.1.3.0
2023-11-10 09:58:18,472 [WARN] PackLoader:240 - Cannot read IP mode file for STMicroelectronics.X-CUBE-AZRTOS-G0.1.1.0
2023-11-10 09:58:18,509 [WARN] PackLoader:240 - Cannot read IP mode file for STMicroelectronics.X-CUBE-NFC4.3.0.0
2023-11-10 09:58:18,539 [WARN] PackLoader:240 - Cannot read IP mode file for STMicroelectronics.X-CUBE-BLEMGR.3.0.0
2023-11-10 09:58:18,568 [WARN] PackLoader:240 - Cannot read IP mode file for STMicroelectronics.FP-ATR-SIGFOX1.3.2.0
2023-11-10 09:58:18,633 [WARN] PackLoader:240 - Cannot read IP mode file for SEGGER.I-CUBE-embOS.1.3.1
2023-11-10 09:58:18,718 [WARN] PackLoader:240 - Cannot read IP mode file for STMicroelectronics.X-CUBE-GNSS1.6.0.0
2023-11-10 09:58:18,759 [WARN] PackLoader:240 - Cannot read IP mode file for STMicroelectronics.X-CUBE-AZRTOS-F4.1.1.0
2023-11-10 09:58:18,779 [WARN] PackLoader:240 - Cannot read IP mode file for wolfSSL.I-CUBE-wolfSSL.5.6.3
2023-11-10 09:58:18,828 [WARN] PackLoader:240 - Cannot read IP mode file for STMicroelectronics.X-CUBE-AZRTOS-L5.2.0.0
2023-11-10 09:58:18,976 [WARN] PackLoader:240 - Cannot read IP mode file for STMicroelectronics.X-CUBE-MEMS1.9.6.0
2023-11-10 09:58:19,184 [WARN] PackLoader:240 - Cannot read IP mode file for STMicroelectronics.X-CUBE-EEPRMA1.4.2.0
2023-11-10 09:58:19,207 [WARN] PackLoader:240 - Cannot read IP mode file for ITTIA_DB.I-CUBE-ITTIADB.8.8.0
2023-11-10 09:58:19,241 [WARN] PackLoader:240 - Cannot read IP mode file for STMicroelectronics.X-CUBE-BLEMGR.2.0.0
2023-11-10 09:58:19,314 [WARN] ConditionMgr:438 - getConditionDescription Invalid condition id : UX DEVICE CLASS RTOS Condition cause : null
2023-11-10 09:58:19,315 [WARN] ConditionMgr:438 - getConditionDescription Invalid condition id : UX DEVICE CLASS RTOS Condition cause : null
2023-11-10 09:58:19,317 [WARN] PackLoader:240 - Cannot read IP mode file for STMicroelectronics.X-CUBE-AZRTOS-H7.3.1.0
2023-11-10 09:58:19,318 [WARN] ConditionMgr:1039 - genDependencies : Invalid condition id : UX DEVICE CLASS RTOS Condition cause : null
2023-11-10 09:58:19,319 [WARN] ConditionMgr:1039 - genDependencies : Invalid condition id : UX DEVICE CLASS RTOS Condition cause : null
2023-11-10 09:58:19,319 [WARN] ConditionMgr:1039 - genDependencies : Invalid condition id : UX DEVICE CLASS RTOS Condition cause : null
2023-11-10 09:58:19,320 [WARN] ConditionMgr:1039 - genDependencies : Invalid condition id : UX DEVICE CLASS RTOS Condition cause : null
2023-11-10 09:58:19,320 [WARN] ConditionMgr:1039 - genDependencies : Invalid condition id : UX DEVICE CLASS RTOS Condition cause : null
2023-11-10 09:58:19,335 [WARN] PackLoader:240 - Cannot read IP mode file for STMicroelectronics.X-CUBE-NFC7.1.0.1
2023-11-10 09:58:19,361 [WARN] PackLoader:240 - Cannot read IP mode file for STMicroelectronics.X-CUBE-NFC6.3.0.0
2023-11-10 09:58:19,403 [WARN] PackLoader:240 - Cannot read IP mode file for STMicroelectronics.X-CUBE-EEPRMA1.4.1.0
2023-11-10 09:58:19,429 [WARN] PackLoader:240 - Cannot read IP mode file for STMicroelectronics.X-CUBE-AI.8.1.0
2023-11-10 09:58:19,474 [WARN] ConditionMgr:438 - getConditionDescription Invalid condition id : LAN8742 Phy interface Condition cause : null
2023-11-10 09:58:19,475 [WARN] PackLoader:240 - Cannot read IP mode file for STMicroelectronics.X-CUBE-AZRTOS-L4.2.0.0
2023-11-10 09:58:19,484 [WARN] ConditionMgr:1039 - genDependencies : Invalid condition id : LAN8742 Phy interface Condition cause : null
2023-11-10 09:58:19,484 [WARN] ConditionMgr:1039 - genDependencies : Invalid condition id : LAN8742 Phy interface Condition cause : null
2023-11-10 09:58:19,485 [WARN] ConditionMgr:1039 - genDependencies : Invalid condition id : LAN8742 Phy interface Condition cause : null
2023-11-10 09:58:19,512 [WARN] PackLoader:240 - Cannot read IP mode file for STMicroelectronics.X-CUBE-SFXS2LP1.4.0.0
2023-11-10 09:58:19,548 [WARN] PackLoader:240 - Cannot read IP mode file for STMicroelectronics.X-CUBE-ISPU.1.1.0
2023-11-10 09:58:19,603 [WARN] ConditionMgr:438 - getConditionDescription Invalid condition id : UX DEVICE CLASS RTOS Condition cause : null
2023-11-10 09:58:19,604 [WARN] ConditionMgr:438 - getConditionDescription Invalid condition id : UX DEVICE CLASS RTOS Condition cause : null
2023-11-10 09:58:19,606 [WARN] PackLoader:240 - Cannot read IP mode file for STMicroelectronics.X-CUBE-AZRTOS-WB.2.0.0
2023-11-10 09:58:19,607 [WARN] ConditionMgr:1039 - genDependencies : Invalid condition id : UX DEVICE CLASS RTOS Condition cause : null
2023-11-10 09:58:19,607 [WARN] ConditionMgr:1039 - genDependencies : Invalid condition id : UX DEVICE CLASS RTOS Condition cause : null
2023-11-10 09:58:19,608 [WARN] ConditionMgr:1039 - genDependencies : Invalid condition id : UX DEVICE CLASS RTOS Condition cause : null
2023-11-10 09:58:19,608 [WARN] ConditionMgr:1039 - genDependencies : Invalid condition id : UX DEVICE CLASS RTOS Condition cause : null
2023-11-10 09:58:19,608 [WARN] ConditionMgr:1039 - genDependencies : Invalid condition id : UX DEVICE CLASS RTOS Condition cause : null
2023-11-10 09:58:19,626 [WARN] PackLoader:240 - Cannot read IP mode file for STMicroelectronics.X-CUBE-SUBG2.5.0.0
2023-11-10 09:58:19,652 [WARN] PackLoader:240 - Cannot read IP mode file for STMicroelectronics.X-CUBE-TOF1.3.3.1
2023-11-10 09:58:19,688 [WARN] PackLoader:240 - Cannot read IP mode file for STMicroelectronics.X-CUBE-AZRTOS-G4.2.0.0
2023-11-10 09:58:19,721 [WARN] PackLoader:240 - Cannot read IP mode file for Infineon.AIROC-Wi-Fi-Bluetooth-STM32.1.5.1
2023-11-10 09:58:19,788 [WARN] PackLoader:240 - Cannot read IP mode file for STMicroelectronics.X-CUBE-MEMS1.10.0.0
2023-11-10 09:58:20,256 [WARN] PackLoader:240 - Cannot read IP mode file for STMicroelectronics.X-CUBE-FREERTOS.1.1.0
2023-11-10 09:58:20,273 [WARN] PackLoader:240 - Cannot read IP mode file for portGmbH.I-Cube-SoM-uGOAL.1.1.0
2023-11-10 09:58:20,294 [WARN] PackLoader:240 - Cannot read IP mode file for STMicroelectronics.X-CUBE-ALS.1.0.1
2023-11-10 09:58:20,303 [WARN] PackLoader:240 - Cannot read IP mode file for STMicroelectronics.FP-ATR-ASTRA1.2.0.0
2023-11-10 09:58:20,308 [INFO] ThirdParty:978 - Integrity check success = true
2023-11-10 09:58:20,318 [INFO] IntegrityCheckThread:100 - exiting critical section [integrity check]
2023-11-10 09:58:20,318 [INFO] IntegrityCheckThread:103 - End integrity checks thread
2023-11-10 09:58:37,978 [ERROR] LogOutputStream:75 - [STDERR_REDIRECT] SLF4J: Failed to load class "org.slf4j.impl.StaticLoggerBinder".
2023-11-10 09:58:37,979 [ERROR] LogOutputStream:75 - [STDERR_REDIRECT] SLF4J: Defaulting to no-operation (NOP) logger implementation
2023-11-10 09:58:37,980 [ERROR] LogOutputStream:75 - [STDERR_REDIRECT] SLF4J: See http://www.slf4j.org/codes.html#StaticLoggerBinder for further details.
