2023-11-09 16:06:06,051 [INFO] Activator:176 - 


2023-11-09 16:06:06,069 [INFO] Activator:177 - !SESSION log4j initialized
2023-11-09 16:06:25,442 [INFO] LogOutputStream:77 - [STDOUT_REDIRECT] 
2023-11-09 16:06:33,162 [INFO] ApplicationProperties:184 - Using Application install path: C:\ST\STM32CubeIDE_1.12.1\STM32CubeIDE\plugins\com.st.stm32cube.common.mx_6.9.2.202309101412
2023-11-09 16:06:33,301 [INFO] DbMcusXml:78 - Set database path to: C:\ST\STM32CubeIDE_1.12.1\STM32CubeIDE\plugins\com.st.stm32cube.common.mx_6.9.2.202309101412\\db\/mcu/
2023-11-09 16:06:33,303 [INFO] ApiDb:274 - Set plugin database path to: C:\ST\STM32CubeIDE_1.12.1\STM32CubeIDE\plugins\com.st.stm32cube.common.mx_6.9.2.202309101412\\db\/plugins/boardmanager/
2023-11-09 16:06:33,308 [WARN] ApiDb:259 - Overriding images path with different value:  => C:\ST\STM32CubeIDE_1.12.1\STM32CubeIDE\plugins\com.st.stm32cube.common.mx_6.9.2.202309101412\\db\/plugins/mcufinder/images/
2023-11-09 16:06:33,493 [INFO] ApiDb:250 - Set database path to: C:\Users\TAMRD\.stmcufinder\plugins\mcufinder//mcu/
2023-11-09 16:06:33,494 [INFO] DbMcusAds:125 - Set database path to: C:\Users\TAMRD\.stmcufinder\plugins\mcufinder//mcu/
2023-11-09 16:06:33,496 [INFO] CrossReferenceDbSqlite:203 - Set database path to: C:\Users\TAMRD\.stmcufinder\plugins\mcufinder//mcu/cs/
2023-11-09 16:06:33,797 [INFO] RulesReader:64 - Compatibility file has been processed (293 Rules)
2023-11-09 16:06:34,648 [INFO] DbMcusXml:78 - Set database path to: C:\ST\STM32CubeIDE_1.12.1\STM32CubeIDE\plugins\com.st.stm32cube.common.mx_6.9.2.202309101412\\db\/mcu/
2023-11-09 16:06:34,648 [INFO] ApiDb:274 - Set plugin database path to: C:\ST\STM32CubeIDE_1.12.1\STM32CubeIDE\plugins\com.st.stm32cube.common.mx_6.9.2.202309101412\\db\/plugins/boardmanager/
2023-11-09 16:06:34,648 [INFO] ApiDb:261 - Set plugin images path to: C:\ST\STM32CubeIDE_1.12.1\STM32CubeIDE\plugins\com.st.stm32cube.common.mx_6.9.2.202309101412\\db\/plugins/mcufinder/images/
2023-11-09 16:06:34,649 [WARN] DbFile:41 - Overriding database path with different value: C:\Users\TAMRD\.stmcufinder\plugins\mcufinder/ => C:\Users\TAMRD\.stmcufinder\plugins\mcufinder
2023-11-09 16:06:34,650 [INFO] ApiDb:250 - Set database path to: C:\Users\TAMRD\.stmcufinder\plugins\mcufinder//mcu/
2023-11-09 16:06:34,650 [WARN] DbFile:41 - Overriding database path with different value: C:\Users\TAMRD\.stmcufinder\plugins\mcufinder/ => C:\Users\TAMRD\.stmcufinder\plugins\mcufinder
2023-11-09 16:06:34,650 [INFO] DbMcusAds:125 - Set database path to: C:\Users\TAMRD\.stmcufinder\plugins\mcufinder//mcu/
2023-11-09 16:06:34,650 [WARN] DbFile:41 - Overriding database path with different value: C:\Users\TAMRD\.stmcufinder\plugins\mcufinder/ => C:\Users\TAMRD\.stmcufinder\plugins\mcufinder
2023-11-09 16:06:34,650 [WARN] DbFile:41 - Overriding database path with different value: C:\Users\TAMRD\.stmcufinder\plugins\mcufinder/ => C:\Users\TAMRD\.stmcufinder\plugins\mcufinder
2023-11-09 16:06:34,650 [INFO] CrossReferenceDbSqlite:203 - Set database path to: C:\Users\TAMRD\.stmcufinder\plugins\mcufinder//mcu/cs/
2023-11-09 16:06:35,356 [INFO] MainPanel:262 - HeapMemory: 268435456
2023-11-09 16:06:35,928 [INFO] DbMcusXml:78 - Set database path to: C:\ST\STM32CubeIDE_1.12.1\STM32CubeIDE\plugins\com.st.stm32cube.common.mx_6.9.2.202309101412\\db\/mcu/
2023-11-09 16:06:35,928 [INFO] ApiDb:274 - Set plugin database path to: C:\ST\STM32CubeIDE_1.12.1\STM32CubeIDE\plugins\com.st.stm32cube.common.mx_6.9.2.202309101412\\db\/plugins/boardmanager/
2023-11-09 16:06:35,928 [INFO] ApiDb:261 - Set plugin images path to: C:\ST\STM32CubeIDE_1.12.1\STM32CubeIDE\plugins\com.st.stm32cube.common.mx_6.9.2.202309101412\\db\/plugins/mcufinder/images/
2023-11-09 16:06:35,929 [WARN] DbFile:41 - Overriding database path with different value: C:\Users\TAMRD\.stmcufinder\plugins\mcufinder/ => C:\Users\TAMRD\.stmcufinder\plugins\mcufinder
2023-11-09 16:06:35,929 [INFO] ApiDb:250 - Set database path to: C:\Users\TAMRD\.stmcufinder\plugins\mcufinder//mcu/
2023-11-09 16:06:35,929 [WARN] DbFile:41 - Overriding database path with different value: C:\Users\TAMRD\.stmcufinder\plugins\mcufinder/ => C:\Users\TAMRD\.stmcufinder\plugins\mcufinder
2023-11-09 16:06:35,929 [INFO] DbMcusAds:125 - Set database path to: C:\Users\TAMRD\.stmcufinder\plugins\mcufinder//mcu/
2023-11-09 16:06:35,929 [WARN] DbFile:41 - Overriding database path with different value: C:\Users\TAMRD\.stmcufinder\plugins\mcufinder/ => C:\Users\TAMRD\.stmcufinder\plugins\mcufinder
2023-11-09 16:06:35,929 [WARN] DbFile:41 - Overriding database path with different value: C:\Users\TAMRD\.stmcufinder\plugins\mcufinder/ => C:\Users\TAMRD\.stmcufinder\plugins\mcufinder
2023-11-09 16:06:35,930 [INFO] CrossReferenceDbSqlite:203 - Set database path to: C:\Users\TAMRD\.stmcufinder\plugins\mcufinder//mcu/cs/
2023-11-09 16:06:36,016 [INFO] ApplicationProperties:184 - Using Application install path: C:\ST\STM32CubeIDE_1.12.1\STM32CubeIDE\plugins\com.st.stm32cube.common.mx_6.9.2.202309101412
2023-11-09 16:06:36,018 [INFO] PluginManage:196 - Search for loadable plugins [exclusion list=, ]
2023-11-09 16:06:36,028 [INFO] PluginManage:310 - Check plugin analytics
2023-11-09 16:06:37,140 [INFO] AnalyticsPlugin:253 - Accepted Software Licenses: 
2023-11-09 16:06:37,141 [INFO] AnalyticsPlugin:255 - Accepted CMSIS Pack Licenses: 
2023-11-09 16:06:37,141 [INFO] AnalyticsPlugin:257 - Accepted Firmware Licenses: 
2023-11-09 16:06:37,147 [INFO] PluginManage:359 - Loaded plugin analytics (category:tool,tabindex:-1)
2023-11-09 16:06:37,149 [INFO] PluginManage:310 - Check plugin cadmodel
2023-11-09 16:06:37,229 [INFO] CADModel:105 - Init CAD model plugin
2023-11-09 16:06:37,229 [INFO] PluginManage:359 - Loaded plugin cadmodel (category:power,tabindex:5)
2023-11-09 16:06:37,229 [INFO] PluginManage:310 - Check plugin clock
2023-11-09 16:06:37,287 [INFO] PluginManage:359 - Loaded plugin clock (category:base,tabindex:2)
2023-11-09 16:06:37,287 [INFO] PluginManage:310 - Check plugin ddr
2023-11-09 16:06:37,347 [INFO] PluginManage:359 - Loaded plugin ddr (category:tool,tabindex:6)
2023-11-09 16:06:37,347 [INFO] PluginManage:310 - Check plugin filemanager
2023-11-09 16:06:37,794 [INFO] PluginManage:359 - Loaded plugin filemanager (category:base,tabindex:10)
2023-11-09 16:06:37,795 [INFO] PluginManage:310 - Check plugin ipmanager
2023-11-09 16:06:37,837 [INFO] PluginManage:359 - Loaded plugin ipmanager (category:base,tabindex:5)
2023-11-09 16:06:37,837 [INFO] PluginManage:310 - Check plugin lpbam
2023-11-09 16:06:37,861 [INFO] PluginManage:359 - Loaded plugin lpbam (category:base,tabindex:0)
2023-11-09 16:06:37,861 [INFO] PluginManage:310 - Check plugin memorymap
2023-11-09 16:06:37,938 [INFO] PluginManage:359 - Loaded plugin memorymap (category:base,tabindex:4)
2023-11-09 16:06:37,938 [INFO] PluginManage:310 - Check plugin pinoutandconfiguration
2023-11-09 16:06:37,997 [INFO] PluginManage:359 - Loaded plugin pinoutandconfiguration (category:base,tabindex:1)
2023-11-09 16:06:37,997 [INFO] PluginManage:310 - Check plugin pinoutconfig
2023-11-09 16:06:38,221 [WARN] SupportedApi:132 - Cannot load RTOS API schema: s4s-elt-must-match.1: The content of 'definitions' must match (annotation?, (simpleType | complexType)?, (unique | key | keyref)*)). A problem was found starting at: attribute.
2023-11-09 16:06:38,510 [INFO] PluginManage:359 - Loaded plugin pinoutconfig (category:base,tabindex:0)
2023-11-09 16:06:38,511 [INFO] PluginManage:310 - Check plugin power
2023-11-09 16:06:38,638 [INFO] PluginManage:359 - Loaded plugin power (category:power,tabindex:4)
2023-11-09 16:06:38,638 [INFO] PluginManage:310 - Check plugin projectmanager
2023-11-09 16:06:38,681 [INFO] PluginManage:359 - Loaded plugin projectmanager (category:projectmanager,tabindex:3)
2023-11-09 16:06:38,682 [INFO] PluginManage:310 - Check plugin thirdparty
2023-11-09 16:06:39,357 [INFO] PluginManage:359 - Loaded plugin thirdparty (category:base,tabindex:-1)
2023-11-09 16:06:39,358 [INFO] PluginManage:310 - Check plugin tools
2023-11-09 16:06:39,398 [WARN] IntegrityCheckThread:84 - waiting for thirdparty lock release [integrity check]
2023-11-09 16:06:39,399 [INFO] IntegrityCheckThread:86 - entering critical section [integrity check]
2023-11-09 16:06:39,399 [INFO] ThirdPartyUpdaterWithRetryManager:70 - Updater plugin not ready yet. [1/15]
2023-11-09 16:06:39,505 [INFO] PluginManage:359 - Loaded plugin tools (category:base,tabindex:7)
2023-11-09 16:06:39,506 [INFO] PluginManage:310 - Check plugin tutovideos
2023-11-09 16:06:39,979 [INFO] PluginManage:359 - Loaded plugin tutovideos (category:base,tabindex:-1)
2023-11-09 16:06:39,980 [INFO] PluginManage:310 - Check plugin updater
2023-11-09 16:06:40,029 [INFO] PluginManage:359 - Loaded plugin updater (category:base,tabindex:12)
2023-11-09 16:06:40,029 [INFO] PluginManage:310 - Check plugin userauth
2023-11-09 16:06:40,076 [INFO] UserAuth:113 - Init User Auth plugin
2023-11-09 16:06:40,076 [INFO] PluginManage:359 - Loaded plugin userauth (category:base,tabindex:14)
2023-11-09 16:06:40,076 [INFO] PluginManage:283 - PluginManage : Loaded plugins [17]
2023-11-09 16:06:40,754 [INFO] PinOutPanel:1499 - setPackage(No Configuration,No Configuration)
2023-11-09 16:06:41,053 [INFO] CADModel:165 - CPN selected for project level
2023-11-09 16:06:41,053 [INFO] CADModel:114 - Register for checkConnection events
2023-11-09 16:06:41,128 [INFO] IPUIPlugin:80 - create IPUIPlugin
2023-11-09 16:06:41,129 [INFO] PluginManager:220 - loadIPPluginJar : add adc
2023-11-09 16:06:41,201 [INFO] IPUIPlugin:80 - create IPUIPlugin
2023-11-09 16:06:41,202 [INFO] PluginManager:220 - loadIPPluginJar : add aes
2023-11-09 16:06:41,286 [INFO] IPUIPlugin:80 - create IPUIPlugin
2023-11-09 16:06:41,286 [INFO] PluginManager:220 - loadIPPluginJar : add can
2023-11-09 16:06:41,336 [INFO] IPUIPlugin:80 - create IPUIPlugin
2023-11-09 16:06:41,337 [INFO] PluginManager:220 - loadIPPluginJar : add comp
2023-11-09 16:06:41,405 [INFO] IPUIPlugin:80 - create IPUIPlugin
2023-11-09 16:06:41,405 [INFO] PluginManager:220 - loadIPPluginJar : add cryp
2023-11-09 16:06:41,460 [INFO] IPUIPlugin:80 - create IPUIPlugin
2023-11-09 16:06:41,460 [INFO] PluginManager:220 - loadIPPluginJar : add dfsdm
2023-11-09 16:06:41,504 [INFO] IPUIPlugin:80 - create IPUIPlugin
2023-11-09 16:06:41,505 [INFO] PluginManager:220 - loadIPPluginJar : add dma
2023-11-09 16:06:41,583 [INFO] IPUIPlugin:80 - create IPUIPlugin
2023-11-09 16:06:41,583 [INFO] PluginManager:220 - loadIPPluginJar : add dma3
2023-11-09 16:06:41,616 [INFO] IPUIPlugin:80 - create IPUIPlugin
2023-11-09 16:06:41,617 [INFO] PluginManager:220 - loadIPPluginJar : add fatfs
2023-11-09 16:06:41,692 [INFO] IPUIPlugin:80 - create IPUIPlugin
2023-11-09 16:06:41,692 [INFO] PluginManager:220 - loadIPPluginJar : add fmc
2023-11-09 16:06:41,727 [INFO] IPUIPlugin:80 - create IPUIPlugin
2023-11-09 16:06:41,727 [INFO] PluginManager:220 - loadIPPluginJar : add freertos
2023-11-09 16:06:41,770 [INFO] IPUIPlugin:80 - create IPUIPlugin
2023-11-09 16:06:41,771 [INFO] PluginManager:220 - loadIPPluginJar : add genericplugin
2023-11-09 16:06:41,926 [INFO] IPUIPlugin:80 - create IPUIPlugin
2023-11-09 16:06:41,926 [INFO] PluginManager:220 - loadIPPluginJar : add gfxmmu
2023-11-09 16:06:42,088 [INFO] IPUIPlugin:80 - create IPUIPlugin
2023-11-09 16:06:42,089 [INFO] PluginManager:220 - loadIPPluginJar : add gic
2023-11-09 16:06:42,109 [INFO] IPUIPlugin:80 - create IPUIPlugin
2023-11-09 16:06:42,109 [INFO] PluginManager:220 - loadIPPluginJar : add gpio
2023-11-09 16:06:42,265 [INFO] IPUIPlugin:80 - create IPUIPlugin
2023-11-09 16:06:42,265 [INFO] PluginManager:220 - loadIPPluginJar : add gtzc
2023-11-09 16:06:42,311 [INFO] IPUIPlugin:80 - create IPUIPlugin
2023-11-09 16:06:42,311 [INFO] PluginManager:220 - loadIPPluginJar : add hash
2023-11-09 16:06:42,394 [INFO] IPUIPlugin:80 - create IPUIPlugin
2023-11-09 16:06:42,394 [INFO] PluginManager:220 - loadIPPluginJar : add i2c
2023-11-09 16:06:42,401 [INFO] ThirdPartyUpdaterWithRetryManager:70 - Updater plugin not ready yet. [2/15]
2023-11-09 16:06:42,454 [INFO] IPUIPlugin:80 - create IPUIPlugin
2023-11-09 16:06:42,454 [INFO] PluginManager:220 - loadIPPluginJar : add i2s
2023-11-09 16:06:42,515 [INFO] IPUIPlugin:80 - create IPUIPlugin
2023-11-09 16:06:42,515 [INFO] PluginManager:220 - loadIPPluginJar : add i3c
2023-11-09 16:06:42,660 [INFO] IPUIPlugin:80 - create IPUIPlugin
2023-11-09 16:06:42,660 [INFO] PluginManager:220 - loadIPPluginJar : add ipddr
2023-11-09 16:06:42,810 [INFO] IPUIPlugin:80 - create IPUIPlugin
2023-11-09 16:06:42,811 [INFO] PluginManager:220 - loadIPPluginJar : add linkedlist
2023-11-09 16:06:42,862 [INFO] IPUIPlugin:80 - create IPUIPlugin
2023-11-09 16:06:42,862 [INFO] PluginManager:220 - loadIPPluginJar : add lorawan
2023-11-09 16:06:42,912 [INFO] IPUIPlugin:80 - create IPUIPlugin
2023-11-09 16:06:42,913 [INFO] PluginManager:220 - loadIPPluginJar : add ltdc
2023-11-09 16:06:42,935 [INFO] IPUIPlugin:80 - create IPUIPlugin
2023-11-09 16:06:42,935 [INFO] PluginManager:220 - loadIPPluginJar : add mdma
2023-11-09 16:06:42,973 [INFO] IPUIPlugin:80 - create IPUIPlugin
2023-11-09 16:06:42,974 [INFO] PluginManager:220 - loadIPPluginJar : add nvic
2023-11-09 16:06:43,025 [INFO] IPUIPlugin:80 - create IPUIPlugin
2023-11-09 16:06:43,026 [INFO] PluginManager:220 - loadIPPluginJar : add opamp
2023-11-09 16:06:43,103 [INFO] IPUIPlugin:80 - create IPUIPlugin
2023-11-09 16:06:43,104 [INFO] PluginManager:220 - loadIPPluginJar : add openamp
2023-11-09 16:06:43,179 [INFO] IPUIPlugin:80 - create IPUIPlugin
2023-11-09 16:06:43,179 [INFO] PluginManager:220 - loadIPPluginJar : add pdm2pcm
2023-11-09 16:06:43,206 [INFO] IPUIPlugin:80 - create IPUIPlugin
2023-11-09 16:06:43,209 [INFO] PluginManager:220 - loadIPPluginJar : add plateformsettings
2023-11-09 16:06:43,250 [INFO] IPUIPlugin:80 - create IPUIPlugin
2023-11-09 16:06:43,250 [INFO] PluginManager:220 - loadIPPluginJar : add quadspi
2023-11-09 16:06:43,303 [INFO] IPUIPlugin:80 - create IPUIPlugin
2023-11-09 16:06:43,303 [INFO] PluginManager:220 - loadIPPluginJar : add resmgrutility
2023-11-09 16:06:43,405 [INFO] IPUIPlugin:80 - create IPUIPlugin
2023-11-09 16:06:43,405 [INFO] PluginManager:220 - loadIPPluginJar : add sai
2023-11-09 16:06:43,491 [INFO] IPUIPlugin:80 - create IPUIPlugin
2023-11-09 16:06:43,491 [INFO] PluginManager:220 - loadIPPluginJar : add spi
2023-11-09 16:06:43,628 [INFO] IPUIPlugin:80 - create IPUIPlugin
2023-11-09 16:06:43,628 [INFO] PluginManager:220 - loadIPPluginJar : add stm32_wpan
2023-11-09 16:06:43,712 [INFO] IPUIPlugin:80 - create IPUIPlugin
2023-11-09 16:06:43,712 [INFO] PluginManager:220 - loadIPPluginJar : add tim
2023-11-09 16:06:43,784 [INFO] IPUIPlugin:80 - create IPUIPlugin
2023-11-09 16:06:43,784 [INFO] PluginManager:220 - loadIPPluginJar : add touchsensing
2023-11-09 16:06:43,836 [INFO] IPUIPlugin:80 - create IPUIPlugin
2023-11-09 16:06:43,837 [INFO] PluginManager:220 - loadIPPluginJar : add tracer_emb
2023-11-09 16:06:43,877 [INFO] IPUIPlugin:80 - create IPUIPlugin
2023-11-09 16:06:43,877 [INFO] PluginManager:220 - loadIPPluginJar : add ts
2023-11-09 16:06:43,915 [INFO] IPUIPlugin:80 - create IPUIPlugin
2023-11-09 16:06:43,915 [INFO] PluginManager:220 - loadIPPluginJar : add tsc
2023-11-09 16:06:43,952 [INFO] IPUIPlugin:80 - create IPUIPlugin
2023-11-09 16:06:43,952 [INFO] PluginManager:220 - loadIPPluginJar : add ucpd
2023-11-09 16:06:44,014 [INFO] IPUIPlugin:80 - create IPUIPlugin
2023-11-09 16:06:44,014 [INFO] PluginManager:220 - loadIPPluginJar : add usart
2023-11-09 16:06:44,078 [INFO] IPUIPlugin:80 - create IPUIPlugin
2023-11-09 16:06:44,079 [INFO] PluginManager:220 - loadIPPluginJar : add usbx
2023-11-09 16:06:44,237 [INFO] CADModel:165 - CPN selected for project level
2023-11-09 16:06:44,238 [INFO] CADModel:114 - Register for checkConnection events
2023-11-09 16:06:44,238 [FATAL] Updater:308 - Updater called before beeing initialized
2023-11-09 16:06:44,239 [ERROR] CADModel:125 - Updater not yet initialized, retry later 
2023-11-09 16:06:44,639 [INFO] CADModel:165 - CPN selected for project level
2023-11-09 16:06:44,639 [INFO] CADModel:114 - Register for checkConnection events
2023-11-09 16:06:44,639 [FATAL] Updater:308 - Updater called before beeing initialized
2023-11-09 16:06:44,639 [ERROR] CADModel:125 - Updater not yet initialized, retry later 
2023-11-09 16:06:44,647 [FATAL] Updater:308 - Updater called before beeing initialized
2023-11-09 16:06:45,011 [FATAL] Updater:308 - Updater called before beeing initialized
2023-11-09 16:06:45,024 [INFO] DbMcusAds:53 - JSON generation date=Tue Mar 07 15:50:55 ICT 2023 (1678179055335)
2023-11-09 16:06:45,024 [FATAL] Updater:308 - Updater called before beeing initialized
2023-11-09 16:06:45,122 [WARN] DetailPanel:346 - Failed to get advertising image, set to default
2023-11-09 16:06:45,246 [FATAL] Updater:308 - Updater called before beeing initialized
2023-11-09 16:06:45,249 [FATAL] Updater:308 - Updater called before beeing initialized
2023-11-09 16:06:45,250 [FATAL] Updater:308 - Updater called before beeing initialized
2023-11-09 16:06:45,250 [WARN] DetailPanel:346 - Failed to get advertising image, set to default
2023-11-09 16:06:45,251 [FATAL] Updater:308 - Updater called before beeing initialized
2023-11-09 16:06:45,416 [INFO] ThirdPartyUpdaterWithRetryManager:70 - Updater plugin not ready yet. [3/15]
2023-11-09 16:06:45,483 [ERROR] Updater:1120 - MainUpdater not yet initialized. External WinMGr cannot be set.
2023-11-09 16:06:45,516 [INFO] Updater:1056 - Updater Version found : 6.9.2
2023-11-09 16:06:45,562 [INFO] ApplicationProperties:184 - Using Application install path: C:\ST\STM32CubeIDE_1.12.1\STM32CubeIDE\plugins\com.st.stm32cube.common.mx_6.9.2.202309101412
2023-11-09 16:06:46,431 [INFO] MainUpdater:2868 - connection check result : 10
2023-11-09 16:06:46,432 [INFO] MainUpdater:285 - Updater Check For Update Now.
2023-11-09 16:06:46,432 [INFO] MicroXplorer:498 - Change Database Version : DB.6.0.92
2023-11-09 16:06:46,466 [INFO] McuFinderGlobals:63 - Set McuFinder mode to 2 (CubeIDE integrated)
2023-11-09 16:06:46,764 [INFO] CheckServerUpdateThread:120 - End of CheckServer Thread
2023-11-09 16:06:49,286 [WARN] PackLoader:240 - Cannot read IP mode file for STMicroelectronics.X-CUBE-SMBUS.2.1.0
2023-11-09 16:06:49,394 [WARN] PackLoader:240 - Cannot read IP mode file for STMicroelectronics.X-CUBE-AZRTOS-F7.1.1.0
2023-11-09 16:06:49,440 [WARN] PackLoader:240 - Cannot read IP mode file for STMicroelectronics.FP-SNS-MOTENV1.4.3.2
2023-11-09 16:06:49,494 [WARN] PackLoader:240 - Cannot read IP mode file for STMicroelectronics.FP-SNS-FLIGHT1.5.0.2
2023-11-09 16:06:49,534 [WARN] PackLoader:240 - Cannot read IP mode file for STMicroelectronics.X-CUBE-DISPLAY.3.0.0
2023-11-09 16:06:49,573 [WARN] PackLoader:240 - Cannot read IP mode file for STMicroelectronics.X-CUBE-BLE1.7.0.0
2023-11-09 16:06:49,609 [WARN] PackLoader:240 - Cannot read IP mode file for emotas.I-CUBE-CANOPEN.1.3.0
2023-11-09 16:06:49,642 [WARN] PackLoader:240 - Cannot read IP mode file for STMicroelectronics.X-CUBE-TOUCHGFX.4.22.0
2023-11-09 16:06:49,705 [WARN] PackLoader:240 - Cannot read IP mode file for STMicroelectronics.X-CUBE-TOUCHGFX.4.22.1
2023-11-09 16:06:49,727 [WARN] PackLoader:240 - Cannot read IP mode file for STMicroelectronics.FP-SNS-SMARTAG2.1.2.0
2023-11-09 16:06:49,800 [INFO] LogOutputStream:77 - [STDOUT_REDIRECT] 1 : Invalid condition id : UX_CORESTACK_Condition cause : null
2023-11-09 16:06:49,800 [INFO] LogOutputStream:77 - [STDOUT_REDIRECT] 1 : Invalid condition id : UX_CORESTACK_Condition cause : null
2023-11-09 16:06:49,801 [INFO] LogOutputStream:77 - [STDOUT_REDIRECT] 1 : Invalid condition id : UX_CORESTACK_Condition cause : null
2023-11-09 16:06:49,803 [INFO] LogOutputStream:77 - [STDOUT_REDIRECT] 1 : Invalid condition id : UX_CORESTACK_Condition cause : null
2023-11-09 16:06:49,804 [INFO] LogOutputStream:77 - [STDOUT_REDIRECT] 1 : Invalid condition id : UX_CORESTACK_Condition cause : null
2023-11-09 16:06:49,808 [WARN] PackLoader:240 - Cannot read IP mode file for STMicroelectronics.X-CUBE-AZRTOS-WL.2.0.0
2023-11-09 16:06:49,856 [WARN] PackLoader:240 - Cannot read IP mode file for WES.I-CUBE-Cesium.1.3.0
2023-11-09 16:06:49,945 [WARN] PackLoader:240 - Cannot read IP mode file for STMicroelectronics.X-CUBE-BLE2.3.3.0
2023-11-09 16:06:49,998 [WARN] PackLoader:240 - Cannot read IP mode file for STMicroelectronics.X-CUBE-ALGOBUILD.1.3.0
2023-11-09 16:06:50,159 [WARN] PackLoader:240 - Cannot read IP mode file for STMicroelectronics.X-CUBE-AZRTOS-G0.1.1.0
2023-11-09 16:06:50,240 [WARN] PackLoader:240 - Cannot read IP mode file for STMicroelectronics.X-CUBE-NFC4.3.0.0
2023-11-09 16:06:50,325 [WARN] PackLoader:240 - Cannot read IP mode file for STMicroelectronics.X-CUBE-BLEMGR.3.0.0
2023-11-09 16:06:50,386 [WARN] PackLoader:240 - Cannot read IP mode file for STMicroelectronics.FP-ATR-SIGFOX1.3.2.0
2023-11-09 16:06:50,485 [WARN] PackLoader:240 - Cannot read IP mode file for SEGGER.I-CUBE-embOS.1.3.1
2023-11-09 16:06:50,642 [WARN] PackLoader:240 - Cannot read IP mode file for STMicroelectronics.X-CUBE-GNSS1.6.0.0
2023-11-09 16:06:50,776 [WARN] PackLoader:240 - Cannot read IP mode file for STMicroelectronics.X-CUBE-AZRTOS-F4.1.1.0
2023-11-09 16:06:50,816 [WARN] PackLoader:240 - Cannot read IP mode file for wolfSSL.I-CUBE-wolfSSL.5.6.3
2023-11-09 16:06:50,882 [WARN] PackLoader:240 - Cannot read IP mode file for STMicroelectronics.X-CUBE-AZRTOS-L5.2.0.0
2023-11-09 16:06:50,996 [WARN] PackLoader:240 - Cannot read IP mode file for STMicroelectronics.X-CUBE-MEMS1.9.6.0
2023-11-09 16:06:51,294 [WARN] PackLoader:240 - Cannot read IP mode file for STMicroelectronics.X-CUBE-EEPRMA1.4.2.0
2023-11-09 16:06:51,330 [WARN] PackLoader:240 - Cannot read IP mode file for ITTIA_DB.I-CUBE-ITTIADB.8.8.0
2023-11-09 16:06:51,389 [WARN] PackLoader:240 - Cannot read IP mode file for STMicroelectronics.X-CUBE-BLEMGR.2.0.0
2023-11-09 16:06:51,453 [WARN] ConditionMgr:438 - getConditionDescription Invalid condition id : UX DEVICE CLASS RTOS Condition cause : null
2023-11-09 16:06:51,453 [WARN] ConditionMgr:438 - getConditionDescription Invalid condition id : UX DEVICE CLASS RTOS Condition cause : null
2023-11-09 16:06:51,457 [WARN] PackLoader:240 - Cannot read IP mode file for STMicroelectronics.X-CUBE-AZRTOS-H7.3.1.0
2023-11-09 16:06:51,458 [WARN] ConditionMgr:1039 - genDependencies : Invalid condition id : UX DEVICE CLASS RTOS Condition cause : null
2023-11-09 16:06:51,458 [WARN] ConditionMgr:1039 - genDependencies : Invalid condition id : UX DEVICE CLASS RTOS Condition cause : null
2023-11-09 16:06:51,458 [WARN] ConditionMgr:1039 - genDependencies : Invalid condition id : UX DEVICE CLASS RTOS Condition cause : null
2023-11-09 16:06:51,459 [WARN] ConditionMgr:1039 - genDependencies : Invalid condition id : UX DEVICE CLASS RTOS Condition cause : null
2023-11-09 16:06:51,459 [WARN] ConditionMgr:1039 - genDependencies : Invalid condition id : UX DEVICE CLASS RTOS Condition cause : null
2023-11-09 16:06:51,486 [WARN] PackLoader:240 - Cannot read IP mode file for STMicroelectronics.X-CUBE-NFC7.1.0.1
2023-11-09 16:06:51,520 [WARN] PackLoader:240 - Cannot read IP mode file for STMicroelectronics.X-CUBE-NFC6.3.0.0
2023-11-09 16:06:51,549 [WARN] PackLoader:240 - Cannot read IP mode file for STMicroelectronics.X-CUBE-EEPRMA1.4.1.0
2023-11-09 16:06:51,646 [WARN] PackLoader:240 - Cannot read IP mode file for STMicroelectronics.X-CUBE-AI.8.1.0
2023-11-09 16:06:51,801 [WARN] ConditionMgr:438 - getConditionDescription Invalid condition id : LAN8742 Phy interface Condition cause : null
2023-11-09 16:06:51,802 [WARN] PackLoader:240 - Cannot read IP mode file for STMicroelectronics.X-CUBE-AZRTOS-L4.2.0.0
2023-11-09 16:06:51,808 [WARN] ConditionMgr:1039 - genDependencies : Invalid condition id : LAN8742 Phy interface Condition cause : null
2023-11-09 16:06:51,808 [WARN] ConditionMgr:1039 - genDependencies : Invalid condition id : LAN8742 Phy interface Condition cause : null
2023-11-09 16:06:51,809 [WARN] ConditionMgr:1039 - genDependencies : Invalid condition id : LAN8742 Phy interface Condition cause : null
2023-11-09 16:06:51,875 [WARN] PackLoader:240 - Cannot read IP mode file for STMicroelectronics.X-CUBE-SFXS2LP1.4.0.0
2023-11-09 16:06:52,204 [WARN] PackLoader:240 - Cannot read IP mode file for STMicroelectronics.X-CUBE-ISPU.1.1.0
2023-11-09 16:06:52,297 [WARN] ConditionMgr:438 - getConditionDescription Invalid condition id : UX DEVICE CLASS RTOS Condition cause : null
2023-11-09 16:06:52,297 [WARN] ConditionMgr:438 - getConditionDescription Invalid condition id : UX DEVICE CLASS RTOS Condition cause : null
2023-11-09 16:06:52,299 [WARN] PackLoader:240 - Cannot read IP mode file for STMicroelectronics.X-CUBE-AZRTOS-WB.2.0.0
2023-11-09 16:06:52,300 [WARN] ConditionMgr:1039 - genDependencies : Invalid condition id : UX DEVICE CLASS RTOS Condition cause : null
2023-11-09 16:06:52,300 [WARN] ConditionMgr:1039 - genDependencies : Invalid condition id : UX DEVICE CLASS RTOS Condition cause : null
2023-11-09 16:06:52,301 [WARN] ConditionMgr:1039 - genDependencies : Invalid condition id : UX DEVICE CLASS RTOS Condition cause : null
2023-11-09 16:06:52,301 [WARN] ConditionMgr:1039 - genDependencies : Invalid condition id : UX DEVICE CLASS RTOS Condition cause : null
2023-11-09 16:06:52,301 [WARN] ConditionMgr:1039 - genDependencies : Invalid condition id : UX DEVICE CLASS RTOS Condition cause : null
2023-11-09 16:06:52,359 [WARN] PackLoader:240 - Cannot read IP mode file for STMicroelectronics.X-CUBE-SUBG2.5.0.0
2023-11-09 16:06:52,427 [WARN] PackLoader:240 - Cannot read IP mode file for STMicroelectronics.X-CUBE-TOF1.3.3.1
2023-11-09 16:06:52,576 [WARN] PackLoader:240 - Cannot read IP mode file for STMicroelectronics.X-CUBE-AZRTOS-G4.2.0.0
2023-11-09 16:06:52,707 [WARN] PackLoader:240 - Cannot read IP mode file for Infineon.AIROC-Wi-Fi-Bluetooth-STM32.1.5.1
2023-11-09 16:06:53,823 [WARN] PackLoader:240 - Cannot read IP mode file for STMicroelectronics.X-CUBE-MEMS1.10.0.0
2023-11-09 16:06:54,901 [WARN] PackLoader:240 - Cannot read IP mode file for STMicroelectronics.X-CUBE-FREERTOS.1.1.0
2023-11-09 16:06:54,936 [WARN] PackLoader:240 - Cannot read IP mode file for portGmbH.I-Cube-SoM-uGOAL.1.1.0
2023-11-09 16:06:55,013 [WARN] PackLoader:240 - Cannot read IP mode file for STMicroelectronics.X-CUBE-ALS.1.0.1
2023-11-09 16:06:55,068 [WARN] PackLoader:240 - Cannot read IP mode file for STMicroelectronics.FP-ATR-ASTRA1.2.0.0
2023-11-09 16:06:55,073 [INFO] ThirdParty:978 - Integrity check success = true
2023-11-09 16:06:55,080 [INFO] IntegrityCheckThread:100 - exiting critical section [integrity check]
2023-11-09 16:06:55,080 [INFO] IntegrityCheckThread:103 - End integrity checks thread
2023-11-09 16:07:09,104 [ERROR] LogOutputStream:75 - [STDERR_REDIRECT] SLF4J: Failed to load class "org.slf4j.impl.StaticLoggerBinder".
2023-11-09 16:07:09,105 [ERROR] LogOutputStream:75 - [STDERR_REDIRECT] SLF4J: Defaulting to no-operation (NOP) logger implementation
2023-11-09 16:07:09,111 [ERROR] LogOutputStream:75 - [STDERR_REDIRECT] SLF4J: See http://www.slf4j.org/codes.html#StaticLoggerBinder for further details.
2023-11-09 16:52:51,624 [INFO] Activator:176 - 


2023-11-09 16:52:51,638 [INFO] Activator:177 - !SESSION log4j initialized
2023-11-09 16:53:03,334 [INFO] LogOutputStream:77 - [STDOUT_REDIRECT] 
2023-11-09 16:53:05,250 [INFO] ApplicationProperties:184 - Using Application install path: C:\ST\STM32CubeIDE_1.12.1\STM32CubeIDE\plugins\com.st.stm32cube.common.mx_6.9.2.202309101412
2023-11-09 16:53:05,319 [INFO] DbMcusXml:78 - Set database path to: C:\ST\STM32CubeIDE_1.12.1\STM32CubeIDE\plugins\com.st.stm32cube.common.mx_6.9.2.202309101412\\db\/mcu/
2023-11-09 16:53:05,320 [INFO] ApiDb:274 - Set plugin database path to: C:\ST\STM32CubeIDE_1.12.1\STM32CubeIDE\plugins\com.st.stm32cube.common.mx_6.9.2.202309101412\\db\/plugins/boardmanager/
2023-11-09 16:53:05,320 [WARN] ApiDb:259 - Overriding images path with different value:  => C:\ST\STM32CubeIDE_1.12.1\STM32CubeIDE\plugins\com.st.stm32cube.common.mx_6.9.2.202309101412\\db\/plugins/mcufinder/images/
2023-11-09 16:53:05,337 [INFO] ApiDb:250 - Set database path to: C:\Users\TAMRD\.stmcufinder\plugins\mcufinder//mcu/
2023-11-09 16:53:05,338 [INFO] DbMcusAds:125 - Set database path to: C:\Users\TAMRD\.stmcufinder\plugins\mcufinder//mcu/
2023-11-09 16:53:05,342 [INFO] CrossReferenceDbSqlite:203 - Set database path to: C:\Users\TAMRD\.stmcufinder\plugins\mcufinder//mcu/cs/
2023-11-09 16:53:05,526 [INFO] RulesReader:64 - Compatibility file has been processed (293 Rules)
2023-11-09 16:53:05,681 [INFO] DbMcusXml:78 - Set database path to: C:\ST\STM32CubeIDE_1.12.1\STM32CubeIDE\plugins\com.st.stm32cube.common.mx_6.9.2.202309101412\\db\/mcu/
2023-11-09 16:53:05,682 [INFO] ApiDb:274 - Set plugin database path to: C:\ST\STM32CubeIDE_1.12.1\STM32CubeIDE\plugins\com.st.stm32cube.common.mx_6.9.2.202309101412\\db\/plugins/boardmanager/
2023-11-09 16:53:05,682 [INFO] ApiDb:261 - Set plugin images path to: C:\ST\STM32CubeIDE_1.12.1\STM32CubeIDE\plugins\com.st.stm32cube.common.mx_6.9.2.202309101412\\db\/plugins/mcufinder/images/
2023-11-09 16:53:05,682 [WARN] DbFile:41 - Overriding database path with different value: C:\Users\TAMRD\.stmcufinder\plugins\mcufinder/ => C:\Users\TAMRD\.stmcufinder\plugins\mcufinder
2023-11-09 16:53:05,682 [INFO] ApiDb:250 - Set database path to: C:\Users\TAMRD\.stmcufinder\plugins\mcufinder//mcu/
2023-11-09 16:53:05,683 [WARN] DbFile:41 - Overriding database path with different value: C:\Users\TAMRD\.stmcufinder\plugins\mcufinder/ => C:\Users\TAMRD\.stmcufinder\plugins\mcufinder
2023-11-09 16:53:05,683 [INFO] DbMcusAds:125 - Set database path to: C:\Users\TAMRD\.stmcufinder\plugins\mcufinder//mcu/
2023-11-09 16:53:05,683 [WARN] DbFile:41 - Overriding database path with different value: C:\Users\TAMRD\.stmcufinder\plugins\mcufinder/ => C:\Users\TAMRD\.stmcufinder\plugins\mcufinder
2023-11-09 16:53:05,684 [WARN] DbFile:41 - Overriding database path with different value: C:\Users\TAMRD\.stmcufinder\plugins\mcufinder/ => C:\Users\TAMRD\.stmcufinder\plugins\mcufinder
2023-11-09 16:53:05,684 [INFO] CrossReferenceDbSqlite:203 - Set database path to: C:\Users\TAMRD\.stmcufinder\plugins\mcufinder//mcu/cs/
2023-11-09 16:53:05,814 [INFO] MainPanel:262 - HeapMemory: 268435456
2023-11-09 16:53:06,052 [INFO] DbMcusXml:78 - Set database path to: C:\ST\STM32CubeIDE_1.12.1\STM32CubeIDE\plugins\com.st.stm32cube.common.mx_6.9.2.202309101412\\db\/mcu/
2023-11-09 16:53:06,052 [INFO] ApiDb:274 - Set plugin database path to: C:\ST\STM32CubeIDE_1.12.1\STM32CubeIDE\plugins\com.st.stm32cube.common.mx_6.9.2.202309101412\\db\/plugins/boardmanager/
2023-11-09 16:53:06,052 [INFO] ApiDb:261 - Set plugin images path to: C:\ST\STM32CubeIDE_1.12.1\STM32CubeIDE\plugins\com.st.stm32cube.common.mx_6.9.2.202309101412\\db\/plugins/mcufinder/images/
2023-11-09 16:53:06,053 [WARN] DbFile:41 - Overriding database path with different value: C:\Users\TAMRD\.stmcufinder\plugins\mcufinder/ => C:\Users\TAMRD\.stmcufinder\plugins\mcufinder
2023-11-09 16:53:06,053 [INFO] ApiDb:250 - Set database path to: C:\Users\TAMRD\.stmcufinder\plugins\mcufinder//mcu/
2023-11-09 16:53:06,053 [WARN] DbFile:41 - Overriding database path with different value: C:\Users\TAMRD\.stmcufinder\plugins\mcufinder/ => C:\Users\TAMRD\.stmcufinder\plugins\mcufinder
2023-11-09 16:53:06,053 [INFO] DbMcusAds:125 - Set database path to: C:\Users\TAMRD\.stmcufinder\plugins\mcufinder//mcu/
2023-11-09 16:53:06,053 [WARN] DbFile:41 - Overriding database path with different value: C:\Users\TAMRD\.stmcufinder\plugins\mcufinder/ => C:\Users\TAMRD\.stmcufinder\plugins\mcufinder
2023-11-09 16:53:06,053 [WARN] DbFile:41 - Overriding database path with different value: C:\Users\TAMRD\.stmcufinder\plugins\mcufinder/ => C:\Users\TAMRD\.stmcufinder\plugins\mcufinder
2023-11-09 16:53:06,054 [INFO] CrossReferenceDbSqlite:203 - Set database path to: C:\Users\TAMRD\.stmcufinder\plugins\mcufinder//mcu/cs/
2023-11-09 16:53:06,083 [INFO] ApplicationProperties:184 - Using Application install path: C:\ST\STM32CubeIDE_1.12.1\STM32CubeIDE\plugins\com.st.stm32cube.common.mx_6.9.2.202309101412
2023-11-09 16:53:06,085 [INFO] PluginManage:196 - Search for loadable plugins [exclusion list=, ]
2023-11-09 16:53:06,087 [INFO] PluginManage:310 - Check plugin analytics
2023-11-09 16:53:06,309 [INFO] AnalyticsPlugin:253 - Accepted Software Licenses: 
2023-11-09 16:53:06,309 [INFO] AnalyticsPlugin:255 - Accepted CMSIS Pack Licenses: 
2023-11-09 16:53:06,310 [INFO] AnalyticsPlugin:257 - Accepted Firmware Licenses: 
2023-11-09 16:53:06,316 [INFO] PluginManage:359 - Loaded plugin analytics (category:tool,tabindex:-1)
2023-11-09 16:53:06,318 [INFO] PluginManage:310 - Check plugin cadmodel
2023-11-09 16:53:06,332 [INFO] CADModel:105 - Init CAD model plugin
2023-11-09 16:53:06,332 [INFO] PluginManage:359 - Loaded plugin cadmodel (category:power,tabindex:5)
2023-11-09 16:53:06,333 [INFO] PluginManage:310 - Check plugin clock
2023-11-09 16:53:06,344 [INFO] PluginManage:359 - Loaded plugin clock (category:base,tabindex:2)
2023-11-09 16:53:06,344 [INFO] PluginManage:310 - Check plugin ddr
2023-11-09 16:53:06,347 [INFO] PluginManage:359 - Loaded plugin ddr (category:tool,tabindex:6)
2023-11-09 16:53:06,347 [INFO] PluginManage:310 - Check plugin filemanager
2023-11-09 16:53:06,505 [INFO] PluginManage:359 - Loaded plugin filemanager (category:base,tabindex:10)
2023-11-09 16:53:06,505 [INFO] PluginManage:310 - Check plugin ipmanager
2023-11-09 16:53:06,514 [INFO] PluginManage:359 - Loaded plugin ipmanager (category:base,tabindex:5)
2023-11-09 16:53:06,514 [INFO] PluginManage:310 - Check plugin lpbam
2023-11-09 16:53:06,523 [INFO] PluginManage:359 - Loaded plugin lpbam (category:base,tabindex:0)
2023-11-09 16:53:06,524 [INFO] PluginManage:310 - Check plugin memorymap
2023-11-09 16:53:06,555 [INFO] PluginManage:359 - Loaded plugin memorymap (category:base,tabindex:4)
2023-11-09 16:53:06,555 [INFO] PluginManage:310 - Check plugin pinoutandconfiguration
2023-11-09 16:53:06,563 [INFO] PluginManage:359 - Loaded plugin pinoutandconfiguration (category:base,tabindex:1)
2023-11-09 16:53:06,563 [INFO] PluginManage:310 - Check plugin pinoutconfig
2023-11-09 16:53:06,723 [WARN] SupportedApi:132 - Cannot load RTOS API schema: s4s-elt-must-match.1: The content of 'definitions' must match (annotation?, (simpleType | complexType)?, (unique | key | keyref)*)). A problem was found starting at: attribute.
2023-11-09 16:53:06,889 [INFO] PluginManage:359 - Loaded plugin pinoutconfig (category:base,tabindex:0)
2023-11-09 16:53:06,890 [INFO] PluginManage:310 - Check plugin power
2023-11-09 16:53:06,925 [INFO] PluginManage:359 - Loaded plugin power (category:power,tabindex:4)
2023-11-09 16:53:06,926 [INFO] PluginManage:310 - Check plugin projectmanager
2023-11-09 16:53:06,952 [INFO] PluginManage:359 - Loaded plugin projectmanager (category:projectmanager,tabindex:3)
2023-11-09 16:53:06,953 [INFO] PluginManage:310 - Check plugin thirdparty
2023-11-09 16:53:07,228 [INFO] PluginManage:359 - Loaded plugin thirdparty (category:base,tabindex:-1)
2023-11-09 16:53:07,228 [INFO] PluginManage:310 - Check plugin tools
2023-11-09 16:53:07,231 [INFO] PluginManage:359 - Loaded plugin tools (category:base,tabindex:7)
2023-11-09 16:53:07,232 [INFO] PluginManage:310 - Check plugin tutovideos
2023-11-09 16:53:07,239 [WARN] IntegrityCheckThread:84 - waiting for thirdparty lock release [integrity check]
2023-11-09 16:53:07,239 [INFO] IntegrityCheckThread:86 - entering critical section [integrity check]
2023-11-09 16:53:07,239 [INFO] ThirdPartyUpdaterWithRetryManager:70 - Updater plugin not ready yet. [1/15]
2023-11-09 16:53:07,518 [INFO] PluginManage:359 - Loaded plugin tutovideos (category:base,tabindex:-1)
2023-11-09 16:53:07,519 [INFO] PluginManage:310 - Check plugin updater
2023-11-09 16:53:07,533 [INFO] PluginManage:359 - Loaded plugin updater (category:base,tabindex:12)
2023-11-09 16:53:07,534 [INFO] PluginManage:310 - Check plugin userauth
2023-11-09 16:53:07,538 [INFO] UserAuth:113 - Init User Auth plugin
2023-11-09 16:53:07,539 [INFO] PluginManage:359 - Loaded plugin userauth (category:base,tabindex:14)
2023-11-09 16:53:07,539 [INFO] PluginManage:283 - PluginManage : Loaded plugins [17]
2023-11-09 16:53:07,906 [INFO] PinOutPanel:1499 - setPackage(No Configuration,No Configuration)
2023-11-09 16:53:08,115 [INFO] CADModel:165 - CPN selected for project level
2023-11-09 16:53:08,115 [INFO] CADModel:114 - Register for checkConnection events
2023-11-09 16:53:08,138 [INFO] IPUIPlugin:80 - create IPUIPlugin
2023-11-09 16:53:08,139 [INFO] PluginManager:220 - loadIPPluginJar : add adc
2023-11-09 16:53:08,141 [INFO] IPUIPlugin:80 - create IPUIPlugin
2023-11-09 16:53:08,142 [INFO] PluginManager:220 - loadIPPluginJar : add aes
2023-11-09 16:53:08,144 [INFO] IPUIPlugin:80 - create IPUIPlugin
2023-11-09 16:53:08,145 [INFO] PluginManager:220 - loadIPPluginJar : add can
2023-11-09 16:53:08,147 [INFO] IPUIPlugin:80 - create IPUIPlugin
2023-11-09 16:53:08,147 [INFO] PluginManager:220 - loadIPPluginJar : add comp
2023-11-09 16:53:08,149 [INFO] IPUIPlugin:80 - create IPUIPlugin
2023-11-09 16:53:08,150 [INFO] PluginManager:220 - loadIPPluginJar : add cryp
2023-11-09 16:53:08,152 [INFO] IPUIPlugin:80 - create IPUIPlugin
2023-11-09 16:53:08,152 [INFO] PluginManager:220 - loadIPPluginJar : add dfsdm
2023-11-09 16:53:08,157 [INFO] IPUIPlugin:80 - create IPUIPlugin
2023-11-09 16:53:08,158 [INFO] PluginManager:220 - loadIPPluginJar : add dma
2023-11-09 16:53:08,160 [INFO] IPUIPlugin:80 - create IPUIPlugin
2023-11-09 16:53:08,160 [INFO] PluginManager:220 - loadIPPluginJar : add dma3
2023-11-09 16:53:08,162 [INFO] IPUIPlugin:80 - create IPUIPlugin
2023-11-09 16:53:08,163 [INFO] PluginManager:220 - loadIPPluginJar : add fatfs
2023-11-09 16:53:08,167 [INFO] IPUIPlugin:80 - create IPUIPlugin
2023-11-09 16:53:08,167 [INFO] PluginManager:220 - loadIPPluginJar : add fmc
2023-11-09 16:53:08,172 [INFO] IPUIPlugin:80 - create IPUIPlugin
2023-11-09 16:53:08,172 [INFO] PluginManager:220 - loadIPPluginJar : add freertos
2023-11-09 16:53:08,173 [INFO] IPUIPlugin:80 - create IPUIPlugin
2023-11-09 16:53:08,173 [INFO] PluginManager:220 - loadIPPluginJar : add genericplugin
2023-11-09 16:53:08,175 [INFO] IPUIPlugin:80 - create IPUIPlugin
2023-11-09 16:53:08,176 [INFO] PluginManager:220 - loadIPPluginJar : add gfxmmu
2023-11-09 16:53:08,180 [INFO] IPUIPlugin:80 - create IPUIPlugin
2023-11-09 16:53:08,181 [INFO] PluginManager:220 - loadIPPluginJar : add gic
2023-11-09 16:53:08,184 [INFO] IPUIPlugin:80 - create IPUIPlugin
2023-11-09 16:53:08,184 [INFO] PluginManager:220 - loadIPPluginJar : add gpio
2023-11-09 16:53:08,187 [INFO] IPUIPlugin:80 - create IPUIPlugin
2023-11-09 16:53:08,187 [INFO] PluginManager:220 - loadIPPluginJar : add gtzc
2023-11-09 16:53:08,191 [INFO] IPUIPlugin:80 - create IPUIPlugin
2023-11-09 16:53:08,191 [INFO] PluginManager:220 - loadIPPluginJar : add hash
2023-11-09 16:53:08,194 [INFO] IPUIPlugin:80 - create IPUIPlugin
2023-11-09 16:53:08,194 [INFO] PluginManager:220 - loadIPPluginJar : add i2c
2023-11-09 16:53:08,197 [INFO] IPUIPlugin:80 - create IPUIPlugin
2023-11-09 16:53:08,198 [INFO] PluginManager:220 - loadIPPluginJar : add i2s
2023-11-09 16:53:08,202 [INFO] IPUIPlugin:80 - create IPUIPlugin
2023-11-09 16:53:08,202 [INFO] PluginManager:220 - loadIPPluginJar : add i3c
2023-11-09 16:53:08,236 [INFO] IPUIPlugin:80 - create IPUIPlugin
2023-11-09 16:53:08,236 [INFO] PluginManager:220 - loadIPPluginJar : add ipddr
2023-11-09 16:53:08,266 [INFO] IPUIPlugin:80 - create IPUIPlugin
2023-11-09 16:53:08,266 [INFO] PluginManager:220 - loadIPPluginJar : add linkedlist
2023-11-09 16:53:08,268 [INFO] IPUIPlugin:80 - create IPUIPlugin
2023-11-09 16:53:08,269 [INFO] PluginManager:220 - loadIPPluginJar : add lorawan
2023-11-09 16:53:08,270 [INFO] IPUIPlugin:80 - create IPUIPlugin
2023-11-09 16:53:08,270 [INFO] PluginManager:220 - loadIPPluginJar : add ltdc
2023-11-09 16:53:08,275 [INFO] IPUIPlugin:80 - create IPUIPlugin
2023-11-09 16:53:08,276 [INFO] PluginManager:220 - loadIPPluginJar : add mdma
2023-11-09 16:53:08,280 [INFO] IPUIPlugin:80 - create IPUIPlugin
2023-11-09 16:53:08,280 [INFO] PluginManager:220 - loadIPPluginJar : add nvic
2023-11-09 16:53:08,283 [INFO] IPUIPlugin:80 - create IPUIPlugin
2023-11-09 16:53:08,283 [INFO] PluginManager:220 - loadIPPluginJar : add opamp
2023-11-09 16:53:08,286 [INFO] IPUIPlugin:80 - create IPUIPlugin
2023-11-09 16:53:08,286 [INFO] PluginManager:220 - loadIPPluginJar : add openamp
2023-11-09 16:53:08,289 [INFO] IPUIPlugin:80 - create IPUIPlugin
2023-11-09 16:53:08,289 [INFO] PluginManager:220 - loadIPPluginJar : add pdm2pcm
2023-11-09 16:53:08,295 [INFO] IPUIPlugin:80 - create IPUIPlugin
2023-11-09 16:53:08,297 [INFO] PluginManager:220 - loadIPPluginJar : add plateformsettings
2023-11-09 16:53:08,299 [INFO] IPUIPlugin:80 - create IPUIPlugin
2023-11-09 16:53:08,299 [INFO] PluginManager:220 - loadIPPluginJar : add quadspi
2023-11-09 16:53:08,302 [INFO] IPUIPlugin:80 - create IPUIPlugin
2023-11-09 16:53:08,302 [INFO] PluginManager:220 - loadIPPluginJar : add resmgrutility
2023-11-09 16:53:08,305 [INFO] IPUIPlugin:80 - create IPUIPlugin
2023-11-09 16:53:08,305 [INFO] PluginManager:220 - loadIPPluginJar : add sai
2023-11-09 16:53:08,308 [INFO] IPUIPlugin:80 - create IPUIPlugin
2023-11-09 16:53:08,308 [INFO] PluginManager:220 - loadIPPluginJar : add spi
2023-11-09 16:53:08,313 [INFO] IPUIPlugin:80 - create IPUIPlugin
2023-11-09 16:53:08,313 [INFO] PluginManager:220 - loadIPPluginJar : add stm32_wpan
2023-11-09 16:53:08,315 [INFO] IPUIPlugin:80 - create IPUIPlugin
2023-11-09 16:53:08,315 [INFO] PluginManager:220 - loadIPPluginJar : add tim
2023-11-09 16:53:08,318 [INFO] IPUIPlugin:80 - create IPUIPlugin
2023-11-09 16:53:08,318 [INFO] PluginManager:220 - loadIPPluginJar : add touchsensing
2023-11-09 16:53:08,320 [INFO] IPUIPlugin:80 - create IPUIPlugin
2023-11-09 16:53:08,320 [INFO] PluginManager:220 - loadIPPluginJar : add tracer_emb
2023-11-09 16:53:08,322 [INFO] IPUIPlugin:80 - create IPUIPlugin
2023-11-09 16:53:08,322 [INFO] PluginManager:220 - loadIPPluginJar : add ts
2023-11-09 16:53:08,324 [INFO] IPUIPlugin:80 - create IPUIPlugin
2023-11-09 16:53:08,324 [INFO] PluginManager:220 - loadIPPluginJar : add tsc
2023-11-09 16:53:08,326 [INFO] IPUIPlugin:80 - create IPUIPlugin
2023-11-09 16:53:08,326 [INFO] PluginManager:220 - loadIPPluginJar : add ucpd
2023-11-09 16:53:08,330 [INFO] IPUIPlugin:80 - create IPUIPlugin
2023-11-09 16:53:08,330 [INFO] PluginManager:220 - loadIPPluginJar : add usart
2023-11-09 16:53:08,334 [INFO] IPUIPlugin:80 - create IPUIPlugin
2023-11-09 16:53:08,334 [INFO] PluginManager:220 - loadIPPluginJar : add usbx
2023-11-09 16:53:08,483 [INFO] CADModel:165 - CPN selected for project level
2023-11-09 16:53:08,483 [INFO] CADModel:114 - Register for checkConnection events
2023-11-09 16:53:08,483 [FATAL] Updater:308 - Updater called before beeing initialized
2023-11-09 16:53:08,483 [ERROR] CADModel:125 - Updater not yet initialized, retry later 
2023-11-09 16:53:08,717 [INFO] CADModel:165 - CPN selected for project level
2023-11-09 16:53:08,717 [INFO] CADModel:114 - Register for checkConnection events
2023-11-09 16:53:08,717 [FATAL] Updater:308 - Updater called before beeing initialized
2023-11-09 16:53:08,717 [ERROR] CADModel:125 - Updater not yet initialized, retry later 
2023-11-09 16:53:08,722 [FATAL] Updater:308 - Updater called before beeing initialized
2023-11-09 16:53:08,944 [FATAL] Updater:308 - Updater called before beeing initialized
2023-11-09 16:53:08,951 [INFO] DbMcusAds:53 - JSON generation date=Tue Mar 07 15:50:55 ICT 2023 (1678179055335)
2023-11-09 16:53:08,951 [FATAL] Updater:308 - Updater called before beeing initialized
2023-11-09 16:53:08,990 [WARN] DetailPanel:346 - Failed to get advertising image, set to default
2023-11-09 16:53:09,145 [FATAL] Updater:308 - Updater called before beeing initialized
2023-11-09 16:53:09,147 [FATAL] Updater:308 - Updater called before beeing initialized
2023-11-09 16:53:09,147 [FATAL] Updater:308 - Updater called before beeing initialized
2023-11-09 16:53:09,147 [WARN] DetailPanel:346 - Failed to get advertising image, set to default
2023-11-09 16:53:09,148 [FATAL] Updater:308 - Updater called before beeing initialized
2023-11-09 16:53:09,199 [ERROR] Updater:1120 - MainUpdater not yet initialized. External WinMGr cannot be set.
2023-11-09 16:53:09,201 [INFO] Updater:1056 - Updater Version found : 6.9.2
2023-11-09 16:53:09,221 [INFO] ApplicationProperties:184 - Using Application install path: C:\ST\STM32CubeIDE_1.12.1\STM32CubeIDE\plugins\com.st.stm32cube.common.mx_6.9.2.202309101412
2023-11-09 16:53:09,729 [INFO] MainUpdater:2868 - connection check result : 10
2023-11-09 16:53:09,731 [INFO] MainUpdater:285 - Updater Check For Update Now.
2023-11-09 16:53:09,731 [INFO] MicroXplorer:498 - Change Database Version : DB.6.0.92
2023-11-09 16:53:09,737 [INFO] McuFinderGlobals:63 - Set McuFinder mode to 2 (CubeIDE integrated)
2023-11-09 16:53:10,014 [INFO] CheckServerUpdateThread:120 - End of CheckServer Thread
2023-11-09 16:53:10,454 [WARN] PackLoader:240 - Cannot read IP mode file for STMicroelectronics.X-CUBE-SMBUS.2.1.0
2023-11-09 16:53:10,508 [WARN] PackLoader:240 - Cannot read IP mode file for STMicroelectronics.X-CUBE-AZRTOS-F7.1.1.0
2023-11-09 16:53:10,537 [WARN] PackLoader:240 - Cannot read IP mode file for STMicroelectronics.FP-SNS-MOTENV1.4.3.2
2023-11-09 16:53:10,546 [WARN] PackLoader:240 - Cannot read IP mode file for STMicroelectronics.FP-SNS-FLIGHT1.5.0.2
2023-11-09 16:53:10,555 [WARN] PackLoader:240 - Cannot read IP mode file for STMicroelectronics.X-CUBE-DISPLAY.3.0.0
2023-11-09 16:53:10,578 [WARN] PackLoader:240 - Cannot read IP mode file for STMicroelectronics.X-CUBE-BLE1.7.0.0
2023-11-09 16:53:10,595 [WARN] PackLoader:240 - Cannot read IP mode file for emotas.I-CUBE-CANOPEN.1.3.0
2023-11-09 16:53:10,603 [WARN] PackLoader:240 - Cannot read IP mode file for STMicroelectronics.X-CUBE-TOUCHGFX.4.22.0
2023-11-09 16:53:10,607 [WARN] PackLoader:240 - Cannot read IP mode file for STMicroelectronics.X-CUBE-TOUCHGFX.4.22.1
2023-11-09 16:53:10,612 [WARN] PackLoader:240 - Cannot read IP mode file for STMicroelectronics.FP-SNS-SMARTAG2.1.2.0
2023-11-09 16:53:10,626 [INFO] LogOutputStream:77 - [STDOUT_REDIRECT] 1 : Invalid condition id : UX_CORESTACK_Condition cause : null
2023-11-09 16:53:10,626 [INFO] LogOutputStream:77 - [STDOUT_REDIRECT] 1 : Invalid condition id : UX_CORESTACK_Condition cause : null
2023-11-09 16:53:10,627 [INFO] LogOutputStream:77 - [STDOUT_REDIRECT] 1 : Invalid condition id : UX_CORESTACK_Condition cause : null
2023-11-09 16:53:10,631 [INFO] LogOutputStream:77 - [STDOUT_REDIRECT] 1 : Invalid condition id : UX_CORESTACK_Condition cause : null
2023-11-09 16:53:10,632 [INFO] LogOutputStream:77 - [STDOUT_REDIRECT] 1 : Invalid condition id : UX_CORESTACK_Condition cause : null
2023-11-09 16:53:10,640 [WARN] PackLoader:240 - Cannot read IP mode file for STMicroelectronics.X-CUBE-AZRTOS-WL.2.0.0
2023-11-09 16:53:10,674 [WARN] PackLoader:240 - Cannot read IP mode file for WES.I-CUBE-Cesium.1.3.0
2023-11-09 16:53:10,715 [WARN] PackLoader:240 - Cannot read IP mode file for STMicroelectronics.X-CUBE-BLE2.3.3.0
2023-11-09 16:53:10,745 [WARN] PackLoader:240 - Cannot read IP mode file for STMicroelectronics.X-CUBE-ALGOBUILD.1.3.0
2023-11-09 16:53:10,776 [WARN] PackLoader:240 - Cannot read IP mode file for STMicroelectronics.X-CUBE-AZRTOS-G0.1.1.0
2023-11-09 16:53:10,795 [WARN] PackLoader:240 - Cannot read IP mode file for STMicroelectronics.X-CUBE-NFC4.3.0.0
2023-11-09 16:53:10,808 [WARN] PackLoader:240 - Cannot read IP mode file for STMicroelectronics.X-CUBE-BLEMGR.3.0.0
2023-11-09 16:53:10,815 [WARN] PackLoader:240 - Cannot read IP mode file for STMicroelectronics.FP-ATR-SIGFOX1.3.2.0
2023-11-09 16:53:10,866 [WARN] PackLoader:240 - Cannot read IP mode file for SEGGER.I-CUBE-embOS.1.3.1
2023-11-09 16:53:10,943 [WARN] PackLoader:240 - Cannot read IP mode file for STMicroelectronics.X-CUBE-GNSS1.6.0.0
2023-11-09 16:53:10,973 [WARN] PackLoader:240 - Cannot read IP mode file for STMicroelectronics.X-CUBE-AZRTOS-F4.1.1.0
2023-11-09 16:53:10,983 [WARN] PackLoader:240 - Cannot read IP mode file for wolfSSL.I-CUBE-wolfSSL.5.6.3
2023-11-09 16:53:11,028 [WARN] PackLoader:240 - Cannot read IP mode file for STMicroelectronics.X-CUBE-AZRTOS-L5.2.0.0
2023-11-09 16:53:11,121 [WARN] PackLoader:240 - Cannot read IP mode file for STMicroelectronics.X-CUBE-MEMS1.9.6.0
2023-11-09 16:53:11,356 [WARN] PackLoader:240 - Cannot read IP mode file for STMicroelectronics.X-CUBE-EEPRMA1.4.2.0
2023-11-09 16:53:11,364 [WARN] PackLoader:240 - Cannot read IP mode file for ITTIA_DB.I-CUBE-ITTIADB.8.8.0
2023-11-09 16:53:11,378 [WARN] PackLoader:240 - Cannot read IP mode file for STMicroelectronics.X-CUBE-BLEMGR.2.0.0
2023-11-09 16:53:11,401 [WARN] ConditionMgr:438 - getConditionDescription Invalid condition id : UX DEVICE CLASS RTOS Condition cause : null
2023-11-09 16:53:11,401 [WARN] ConditionMgr:438 - getConditionDescription Invalid condition id : UX DEVICE CLASS RTOS Condition cause : null
2023-11-09 16:53:11,404 [WARN] PackLoader:240 - Cannot read IP mode file for STMicroelectronics.X-CUBE-AZRTOS-H7.3.1.0
2023-11-09 16:53:11,405 [WARN] ConditionMgr:1039 - genDependencies : Invalid condition id : UX DEVICE CLASS RTOS Condition cause : null
2023-11-09 16:53:11,406 [WARN] ConditionMgr:1039 - genDependencies : Invalid condition id : UX DEVICE CLASS RTOS Condition cause : null
2023-11-09 16:53:11,406 [WARN] ConditionMgr:1039 - genDependencies : Invalid condition id : UX DEVICE CLASS RTOS Condition cause : null
2023-11-09 16:53:11,407 [WARN] ConditionMgr:1039 - genDependencies : Invalid condition id : UX DEVICE CLASS RTOS Condition cause : null
2023-11-09 16:53:11,407 [WARN] ConditionMgr:1039 - genDependencies : Invalid condition id : UX DEVICE CLASS RTOS Condition cause : null
2023-11-09 16:53:11,415 [WARN] PackLoader:240 - Cannot read IP mode file for STMicroelectronics.X-CUBE-NFC7.1.0.1
2023-11-09 16:53:11,422 [WARN] PackLoader:240 - Cannot read IP mode file for STMicroelectronics.X-CUBE-NFC6.3.0.0
2023-11-09 16:53:11,429 [WARN] PackLoader:240 - Cannot read IP mode file for STMicroelectronics.X-CUBE-EEPRMA1.4.1.0
2023-11-09 16:53:11,436 [WARN] PackLoader:240 - Cannot read IP mode file for STMicroelectronics.X-CUBE-AI.8.1.0
2023-11-09 16:53:11,474 [WARN] ConditionMgr:438 - getConditionDescription Invalid condition id : LAN8742 Phy interface Condition cause : null
2023-11-09 16:53:11,475 [WARN] PackLoader:240 - Cannot read IP mode file for STMicroelectronics.X-CUBE-AZRTOS-L4.2.0.0
2023-11-09 16:53:11,514 [WARN] ConditionMgr:1039 - genDependencies : Invalid condition id : LAN8742 Phy interface Condition cause : null
2023-11-09 16:53:11,514 [WARN] ConditionMgr:1039 - genDependencies : Invalid condition id : LAN8742 Phy interface Condition cause : null
2023-11-09 16:53:11,515 [WARN] ConditionMgr:1039 - genDependencies : Invalid condition id : LAN8742 Phy interface Condition cause : null
2023-11-09 16:53:11,523 [WARN] PackLoader:240 - Cannot read IP mode file for STMicroelectronics.X-CUBE-SFXS2LP1.4.0.0
2023-11-09 16:53:11,529 [WARN] PackLoader:240 - Cannot read IP mode file for STMicroelectronics.X-CUBE-ISPU.1.1.0
2023-11-09 16:53:11,544 [WARN] ConditionMgr:438 - getConditionDescription Invalid condition id : UX DEVICE CLASS RTOS Condition cause : null
2023-11-09 16:53:11,545 [WARN] ConditionMgr:438 - getConditionDescription Invalid condition id : UX DEVICE CLASS RTOS Condition cause : null
2023-11-09 16:53:11,548 [WARN] PackLoader:240 - Cannot read IP mode file for STMicroelectronics.X-CUBE-AZRTOS-WB.2.0.0
2023-11-09 16:53:11,549 [WARN] ConditionMgr:1039 - genDependencies : Invalid condition id : UX DEVICE CLASS RTOS Condition cause : null
2023-11-09 16:53:11,549 [WARN] ConditionMgr:1039 - genDependencies : Invalid condition id : UX DEVICE CLASS RTOS Condition cause : null
2023-11-09 16:53:11,550 [WARN] ConditionMgr:1039 - genDependencies : Invalid condition id : UX DEVICE CLASS RTOS Condition cause : null
2023-11-09 16:53:11,550 [WARN] ConditionMgr:1039 - genDependencies : Invalid condition id : UX DEVICE CLASS RTOS Condition cause : null
2023-11-09 16:53:11,550 [WARN] ConditionMgr:1039 - genDependencies : Invalid condition id : UX DEVICE CLASS RTOS Condition cause : null
2023-11-09 16:53:11,561 [WARN] PackLoader:240 - Cannot read IP mode file for STMicroelectronics.X-CUBE-SUBG2.5.0.0
2023-11-09 16:53:11,579 [WARN] PackLoader:240 - Cannot read IP mode file for STMicroelectronics.X-CUBE-TOF1.3.3.1
2023-11-09 16:53:11,630 [WARN] PackLoader:240 - Cannot read IP mode file for STMicroelectronics.X-CUBE-AZRTOS-G4.2.0.0
2023-11-09 16:53:11,670 [WARN] PackLoader:240 - Cannot read IP mode file for Infineon.AIROC-Wi-Fi-Bluetooth-STM32.1.5.1
2023-11-09 16:53:11,718 [WARN] PackLoader:240 - Cannot read IP mode file for STMicroelectronics.X-CUBE-MEMS1.10.0.0
2023-11-09 16:53:11,985 [WARN] PackLoader:240 - Cannot read IP mode file for STMicroelectronics.X-CUBE-FREERTOS.1.1.0
2023-11-09 16:53:11,991 [WARN] PackLoader:240 - Cannot read IP mode file for portGmbH.I-Cube-SoM-uGOAL.1.1.0
2023-11-09 16:53:11,995 [WARN] PackLoader:240 - Cannot read IP mode file for STMicroelectronics.X-CUBE-ALS.1.0.1
2023-11-09 16:53:11,999 [WARN] PackLoader:240 - Cannot read IP mode file for STMicroelectronics.FP-ATR-ASTRA1.2.0.0
2023-11-09 16:53:11,999 [INFO] ThirdParty:978 - Integrity check success = true
2023-11-09 16:53:12,000 [INFO] IntegrityCheckThread:100 - exiting critical section [integrity check]
2023-11-09 16:53:12,096 [INFO] IntegrityCheckThread:103 - End integrity checks thread
2023-11-09 16:53:30,629 [ERROR] LogOutputStream:75 - [STDERR_REDIRECT] SLF4J: Failed to load class "org.slf4j.impl.StaticLoggerBinder".
2023-11-09 16:53:30,630 [ERROR] LogOutputStream:75 - [STDERR_REDIRECT] SLF4J: Defaulting to no-operation (NOP) logger implementation
2023-11-09 16:53:30,631 [ERROR] LogOutputStream:75 - [STDERR_REDIRECT] SLF4J: See http://www.slf4j.org/codes.html#StaticLoggerBinder for further details.
