2023-12-14 09:55:11,303 [INFO] Activator:176 - 


2023-12-14 09:55:11,321 [INFO] Activator:177 - !SESSION log4j initialized
2023-12-14 09:55:27,585 [INFO] LogOutputStream:77 - [STDOUT_REDIRECT] 
2023-12-14 09:55:31,613 [INFO] ApplicationProperties:184 - Using Application install path: C:\ST\STM32CubeIDE_1.12.1\STM32CubeIDE\plugins\com.st.stm32cube.common.mx_6.9.2.202309101412
2023-12-14 09:55:31,670 [INFO] DbMcusXml:78 - Set database path to: C:\ST\STM32CubeIDE_1.12.1\STM32CubeIDE\plugins\com.st.stm32cube.common.mx_6.9.2.202309101412\\db\/mcu/
2023-12-14 09:55:31,671 [INFO] ApiDb:274 - Set plugin database path to: C:\ST\STM32CubeIDE_1.12.1\STM32CubeIDE\plugins\com.st.stm32cube.common.mx_6.9.2.202309101412\\db\/plugins/boardmanager/
2023-12-14 09:55:31,682 [WARN] ApiDb:259 - Overriding images path with different value:  => C:\ST\STM32CubeIDE_1.12.1\STM32CubeIDE\plugins\com.st.stm32cube.common.mx_6.9.2.202309101412\\db\/plugins/mcufinder/images/
2023-12-14 09:55:31,855 [INFO] ApiDb:250 - Set database path to: C:\Users\TAMRD\.stmcufinder\plugins\mcufinder//mcu/
2023-12-14 09:55:31,856 [INFO] DbMcusAds:125 - Set database path to: C:\Users\TAMRD\.stmcufinder\plugins\mcufinder//mcu/
2023-12-14 09:55:31,858 [INFO] CrossReferenceDbSqlite:203 - Set database path to: C:\Users\TAMRD\.stmcufinder\plugins\mcufinder//mcu/cs/
2023-12-14 09:55:32,071 [INFO] RulesReader:64 - Compatibility file has been processed (293 Rules)
2023-12-14 09:55:32,320 [INFO] DbMcusXml:78 - Set database path to: C:\ST\STM32CubeIDE_1.12.1\STM32CubeIDE\plugins\com.st.stm32cube.common.mx_6.9.2.202309101412\\db\/mcu/
2023-12-14 09:55:32,320 [INFO] ApiDb:274 - Set plugin database path to: C:\ST\STM32CubeIDE_1.12.1\STM32CubeIDE\plugins\com.st.stm32cube.common.mx_6.9.2.202309101412\\db\/plugins/boardmanager/
2023-12-14 09:55:32,321 [INFO] ApiDb:261 - Set plugin images path to: C:\ST\STM32CubeIDE_1.12.1\STM32CubeIDE\plugins\com.st.stm32cube.common.mx_6.9.2.202309101412\\db\/plugins/mcufinder/images/
2023-12-14 09:55:32,321 [WARN] DbFile:41 - Overriding database path with different value: C:\Users\TAMRD\.stmcufinder\plugins\mcufinder/ => C:\Users\TAMRD\.stmcufinder\plugins\mcufinder
2023-12-14 09:55:32,321 [INFO] ApiDb:250 - Set database path to: C:\Users\TAMRD\.stmcufinder\plugins\mcufinder//mcu/
2023-12-14 09:55:32,322 [WARN] DbFile:41 - Overriding database path with different value: C:\Users\TAMRD\.stmcufinder\plugins\mcufinder/ => C:\Users\TAMRD\.stmcufinder\plugins\mcufinder
2023-12-14 09:55:32,322 [INFO] DbMcusAds:125 - Set database path to: C:\Users\TAMRD\.stmcufinder\plugins\mcufinder//mcu/
2023-12-14 09:55:32,322 [WARN] DbFile:41 - Overriding database path with different value: C:\Users\TAMRD\.stmcufinder\plugins\mcufinder/ => C:\Users\TAMRD\.stmcufinder\plugins\mcufinder
2023-12-14 09:55:32,322 [WARN] DbFile:41 - Overriding database path with different value: C:\Users\TAMRD\.stmcufinder\plugins\mcufinder/ => C:\Users\TAMRD\.stmcufinder\plugins\mcufinder
2023-12-14 09:55:32,323 [INFO] CrossReferenceDbSqlite:203 - Set database path to: C:\Users\TAMRD\.stmcufinder\plugins\mcufinder//mcu/cs/
2023-12-14 09:55:32,560 [INFO] MainPanel:262 - HeapMemory: 268435456
2023-12-14 09:55:32,749 [INFO] DbMcusXml:78 - Set database path to: C:\ST\STM32CubeIDE_1.12.1\STM32CubeIDE\plugins\com.st.stm32cube.common.mx_6.9.2.202309101412\\db\/mcu/
2023-12-14 09:55:32,750 [INFO] ApiDb:274 - Set plugin database path to: C:\ST\STM32CubeIDE_1.12.1\STM32CubeIDE\plugins\com.st.stm32cube.common.mx_6.9.2.202309101412\\db\/plugins/boardmanager/
2023-12-14 09:55:32,750 [INFO] ApiDb:261 - Set plugin images path to: C:\ST\STM32CubeIDE_1.12.1\STM32CubeIDE\plugins\com.st.stm32cube.common.mx_6.9.2.202309101412\\db\/plugins/mcufinder/images/
2023-12-14 09:55:32,750 [WARN] DbFile:41 - Overriding database path with different value: C:\Users\TAMRD\.stmcufinder\plugins\mcufinder/ => C:\Users\TAMRD\.stmcufinder\plugins\mcufinder
2023-12-14 09:55:32,751 [INFO] ApiDb:250 - Set database path to: C:\Users\TAMRD\.stmcufinder\plugins\mcufinder//mcu/
2023-12-14 09:55:32,751 [WARN] DbFile:41 - Overriding database path with different value: C:\Users\TAMRD\.stmcufinder\plugins\mcufinder/ => C:\Users\TAMRD\.stmcufinder\plugins\mcufinder
2023-12-14 09:55:32,751 [INFO] DbMcusAds:125 - Set database path to: C:\Users\TAMRD\.stmcufinder\plugins\mcufinder//mcu/
2023-12-14 09:55:32,751 [WARN] DbFile:41 - Overriding database path with different value: C:\Users\TAMRD\.stmcufinder\plugins\mcufinder/ => C:\Users\TAMRD\.stmcufinder\plugins\mcufinder
2023-12-14 09:55:32,752 [WARN] DbFile:41 - Overriding database path with different value: C:\Users\TAMRD\.stmcufinder\plugins\mcufinder/ => C:\Users\TAMRD\.stmcufinder\plugins\mcufinder
2023-12-14 09:55:32,752 [INFO] CrossReferenceDbSqlite:203 - Set database path to: C:\Users\TAMRD\.stmcufinder\plugins\mcufinder//mcu/cs/
2023-12-14 09:55:32,788 [INFO] ApplicationProperties:184 - Using Application install path: C:\ST\STM32CubeIDE_1.12.1\STM32CubeIDE\plugins\com.st.stm32cube.common.mx_6.9.2.202309101412
2023-12-14 09:55:32,790 [INFO] PluginManage:196 - Search for loadable plugins [exclusion list=, ]
2023-12-14 09:55:32,791 [INFO] PluginManage:310 - Check plugin analytics
2023-12-14 09:55:33,130 [INFO] AnalyticsPlugin:253 - Accepted Software Licenses: 
2023-12-14 09:55:33,130 [INFO] AnalyticsPlugin:255 - Accepted CMSIS Pack Licenses: 
2023-12-14 09:55:33,131 [INFO] AnalyticsPlugin:257 - Accepted Firmware Licenses: 
2023-12-14 09:55:33,136 [INFO] PluginManage:359 - Loaded plugin analytics (category:tool,tabindex:-1)
2023-12-14 09:55:33,139 [INFO] PluginManage:310 - Check plugin cadmodel
2023-12-14 09:55:33,199 [INFO] CADModel:105 - Init CAD model plugin
2023-12-14 09:55:33,199 [INFO] PluginManage:359 - Loaded plugin cadmodel (category:power,tabindex:5)
2023-12-14 09:55:33,199 [INFO] PluginManage:310 - Check plugin clock
2023-12-14 09:55:33,265 [INFO] PluginManage:359 - Loaded plugin clock (category:base,tabindex:2)
2023-12-14 09:55:33,266 [INFO] PluginManage:310 - Check plugin ddr
2023-12-14 09:55:33,273 [INFO] PluginManage:359 - Loaded plugin ddr (category:tool,tabindex:6)
2023-12-14 09:55:33,274 [INFO] PluginManage:310 - Check plugin filemanager
2023-12-14 09:55:33,548 [INFO] PluginManage:359 - Loaded plugin filemanager (category:base,tabindex:10)
2023-12-14 09:55:33,548 [INFO] PluginManage:310 - Check plugin ipmanager
2023-12-14 09:55:33,581 [INFO] PluginManage:359 - Loaded plugin ipmanager (category:base,tabindex:5)
2023-12-14 09:55:33,582 [INFO] PluginManage:310 - Check plugin lpbam
2023-12-14 09:55:33,611 [INFO] PluginManage:359 - Loaded plugin lpbam (category:base,tabindex:0)
2023-12-14 09:55:33,612 [INFO] PluginManage:310 - Check plugin memorymap
2023-12-14 09:55:33,648 [INFO] PluginManage:359 - Loaded plugin memorymap (category:base,tabindex:4)
2023-12-14 09:55:33,648 [INFO] PluginManage:310 - Check plugin pinoutandconfiguration
2023-12-14 09:55:33,698 [INFO] PluginManage:359 - Loaded plugin pinoutandconfiguration (category:base,tabindex:1)
2023-12-14 09:55:33,699 [INFO] PluginManage:310 - Check plugin pinoutconfig
2023-12-14 09:55:33,888 [WARN] SupportedApi:132 - Cannot load RTOS API schema: s4s-elt-must-match.1: The content of 'definitions' must match (annotation?, (simpleType | complexType)?, (unique | key | keyref)*)). A problem was found starting at: attribute.
2023-12-14 09:55:34,082 [INFO] PluginManage:359 - Loaded plugin pinoutconfig (category:base,tabindex:0)
2023-12-14 09:55:34,082 [INFO] PluginManage:310 - Check plugin power
2023-12-14 09:55:34,135 [INFO] PluginManage:359 - Loaded plugin power (category:power,tabindex:4)
2023-12-14 09:55:34,135 [INFO] PluginManage:310 - Check plugin projectmanager
2023-12-14 09:55:34,159 [INFO] PluginManage:359 - Loaded plugin projectmanager (category:projectmanager,tabindex:3)
2023-12-14 09:55:34,160 [INFO] PluginManage:310 - Check plugin thirdparty
2023-12-14 09:55:34,637 [INFO] PluginManage:359 - Loaded plugin thirdparty (category:base,tabindex:-1)
2023-12-14 09:55:34,637 [INFO] PluginManage:310 - Check plugin tools
2023-12-14 09:55:34,639 [WARN] IntegrityCheckThread:84 - waiting for thirdparty lock release [integrity check]
2023-12-14 09:55:34,641 [INFO] IntegrityCheckThread:86 - entering critical section [integrity check]
2023-12-14 09:55:34,641 [INFO] ThirdPartyUpdaterWithRetryManager:70 - Updater plugin not ready yet. [1/15]
2023-12-14 09:55:34,685 [INFO] PluginManage:359 - Loaded plugin tools (category:base,tabindex:7)
2023-12-14 09:55:34,685 [INFO] PluginManage:310 - Check plugin tutovideos
2023-12-14 09:55:35,065 [INFO] PluginManage:359 - Loaded plugin tutovideos (category:base,tabindex:-1)
2023-12-14 09:55:35,066 [INFO] PluginManage:310 - Check plugin updater
2023-12-14 09:55:35,139 [INFO] PluginManage:359 - Loaded plugin updater (category:base,tabindex:12)
2023-12-14 09:55:35,139 [INFO] PluginManage:310 - Check plugin userauth
2023-12-14 09:55:35,168 [INFO] UserAuth:113 - Init User Auth plugin
2023-12-14 09:55:35,169 [INFO] PluginManage:359 - Loaded plugin userauth (category:base,tabindex:14)
2023-12-14 09:55:35,169 [INFO] PluginManage:283 - PluginManage : Loaded plugins [17]
2023-12-14 09:55:35,814 [INFO] PinOutPanel:1499 - setPackage(No Configuration,No Configuration)
2023-12-14 09:55:36,098 [INFO] CADModel:165 - CPN selected for project level
2023-12-14 09:55:36,098 [INFO] CADModel:114 - Register for checkConnection events
2023-12-14 09:55:36,158 [INFO] IPUIPlugin:80 - create IPUIPlugin
2023-12-14 09:55:36,158 [INFO] PluginManager:220 - loadIPPluginJar : add adc
2023-12-14 09:55:36,203 [INFO] IPUIPlugin:80 - create IPUIPlugin
2023-12-14 09:55:36,203 [INFO] PluginManager:220 - loadIPPluginJar : add aes
2023-12-14 09:55:36,258 [INFO] IPUIPlugin:80 - create IPUIPlugin
2023-12-14 09:55:36,258 [INFO] PluginManager:220 - loadIPPluginJar : add can
2023-12-14 09:55:36,292 [INFO] IPUIPlugin:80 - create IPUIPlugin
2023-12-14 09:55:36,292 [INFO] PluginManager:220 - loadIPPluginJar : add comp
2023-12-14 09:55:36,339 [INFO] IPUIPlugin:80 - create IPUIPlugin
2023-12-14 09:55:36,339 [INFO] PluginManager:220 - loadIPPluginJar : add cryp
2023-12-14 09:55:36,377 [INFO] IPUIPlugin:80 - create IPUIPlugin
2023-12-14 09:55:36,377 [INFO] PluginManager:220 - loadIPPluginJar : add dfsdm
2023-12-14 09:55:36,404 [INFO] IPUIPlugin:80 - create IPUIPlugin
2023-12-14 09:55:36,405 [INFO] PluginManager:220 - loadIPPluginJar : add dma
2023-12-14 09:55:36,488 [INFO] IPUIPlugin:80 - create IPUIPlugin
2023-12-14 09:55:36,488 [INFO] PluginManager:220 - loadIPPluginJar : add dma3
2023-12-14 09:55:36,545 [INFO] IPUIPlugin:80 - create IPUIPlugin
2023-12-14 09:55:36,545 [INFO] PluginManager:220 - loadIPPluginJar : add fatfs
2023-12-14 09:55:36,644 [INFO] IPUIPlugin:80 - create IPUIPlugin
2023-12-14 09:55:36,644 [INFO] PluginManager:220 - loadIPPluginJar : add fmc
2023-12-14 09:55:36,707 [INFO] IPUIPlugin:80 - create IPUIPlugin
2023-12-14 09:55:36,708 [INFO] PluginManager:220 - loadIPPluginJar : add freertos
2023-12-14 09:55:36,743 [INFO] IPUIPlugin:80 - create IPUIPlugin
2023-12-14 09:55:36,744 [INFO] PluginManager:220 - loadIPPluginJar : add genericplugin
2023-12-14 09:55:36,864 [INFO] IPUIPlugin:80 - create IPUIPlugin
2023-12-14 09:55:36,864 [INFO] PluginManager:220 - loadIPPluginJar : add gfxmmu
2023-12-14 09:55:37,033 [INFO] IPUIPlugin:80 - create IPUIPlugin
2023-12-14 09:55:37,033 [INFO] PluginManager:220 - loadIPPluginJar : add gic
2023-12-14 09:55:37,061 [INFO] IPUIPlugin:80 - create IPUIPlugin
2023-12-14 09:55:37,061 [INFO] PluginManager:220 - loadIPPluginJar : add gpio
2023-12-14 09:55:37,176 [INFO] IPUIPlugin:80 - create IPUIPlugin
2023-12-14 09:55:37,176 [INFO] PluginManager:220 - loadIPPluginJar : add gtzc
2023-12-14 09:55:37,186 [INFO] IPUIPlugin:80 - create IPUIPlugin
2023-12-14 09:55:37,186 [INFO] PluginManager:220 - loadIPPluginJar : add hash
2023-12-14 09:55:37,257 [INFO] IPUIPlugin:80 - create IPUIPlugin
2023-12-14 09:55:37,257 [INFO] PluginManager:220 - loadIPPluginJar : add i2c
2023-12-14 09:55:37,310 [INFO] IPUIPlugin:80 - create IPUIPlugin
2023-12-14 09:55:37,310 [INFO] PluginManager:220 - loadIPPluginJar : add i2s
2023-12-14 09:55:37,367 [INFO] IPUIPlugin:80 - create IPUIPlugin
2023-12-14 09:55:37,367 [INFO] PluginManager:220 - loadIPPluginJar : add i3c
2023-12-14 09:55:37,503 [INFO] IPUIPlugin:80 - create IPUIPlugin
2023-12-14 09:55:37,503 [INFO] PluginManager:220 - loadIPPluginJar : add ipddr
2023-12-14 09:55:37,629 [INFO] IPUIPlugin:80 - create IPUIPlugin
2023-12-14 09:55:37,629 [INFO] PluginManager:220 - loadIPPluginJar : add linkedlist
2023-12-14 09:55:37,643 [INFO] ThirdPartyUpdaterWithRetryManager:70 - Updater plugin not ready yet. [2/15]
2023-12-14 09:55:37,682 [INFO] IPUIPlugin:80 - create IPUIPlugin
2023-12-14 09:55:37,682 [INFO] PluginManager:220 - loadIPPluginJar : add lorawan
2023-12-14 09:55:37,741 [INFO] IPUIPlugin:80 - create IPUIPlugin
2023-12-14 09:55:37,741 [INFO] PluginManager:220 - loadIPPluginJar : add ltdc
2023-12-14 09:55:37,763 [INFO] IPUIPlugin:80 - create IPUIPlugin
2023-12-14 09:55:37,764 [INFO] PluginManager:220 - loadIPPluginJar : add mdma
2023-12-14 09:55:37,784 [INFO] IPUIPlugin:80 - create IPUIPlugin
2023-12-14 09:55:37,784 [INFO] PluginManager:220 - loadIPPluginJar : add nvic
2023-12-14 09:55:37,836 [INFO] IPUIPlugin:80 - create IPUIPlugin
2023-12-14 09:55:37,836 [INFO] PluginManager:220 - loadIPPluginJar : add opamp
2023-12-14 09:55:37,911 [INFO] IPUIPlugin:80 - create IPUIPlugin
2023-12-14 09:55:37,911 [INFO] PluginManager:220 - loadIPPluginJar : add openamp
2023-12-14 09:55:37,963 [INFO] IPUIPlugin:80 - create IPUIPlugin
2023-12-14 09:55:37,963 [INFO] PluginManager:220 - loadIPPluginJar : add pdm2pcm
2023-12-14 09:55:37,990 [INFO] IPUIPlugin:80 - create IPUIPlugin
2023-12-14 09:55:37,993 [INFO] PluginManager:220 - loadIPPluginJar : add plateformsettings
2023-12-14 09:55:38,019 [INFO] IPUIPlugin:80 - create IPUIPlugin
2023-12-14 09:55:38,019 [INFO] PluginManager:220 - loadIPPluginJar : add quadspi
2023-12-14 09:55:38,048 [INFO] IPUIPlugin:80 - create IPUIPlugin
2023-12-14 09:55:38,048 [INFO] PluginManager:220 - loadIPPluginJar : add resmgrutility
2023-12-14 09:55:38,135 [INFO] IPUIPlugin:80 - create IPUIPlugin
2023-12-14 09:55:38,135 [INFO] PluginManager:220 - loadIPPluginJar : add sai
2023-12-14 09:55:38,184 [INFO] IPUIPlugin:80 - create IPUIPlugin
2023-12-14 09:55:38,184 [INFO] PluginManager:220 - loadIPPluginJar : add spi
2023-12-14 09:55:38,262 [INFO] IPUIPlugin:80 - create IPUIPlugin
2023-12-14 09:55:38,263 [INFO] PluginManager:220 - loadIPPluginJar : add stm32_wpan
2023-12-14 09:55:38,287 [INFO] IPUIPlugin:80 - create IPUIPlugin
2023-12-14 09:55:38,288 [INFO] PluginManager:220 - loadIPPluginJar : add tim
2023-12-14 09:55:38,356 [INFO] IPUIPlugin:80 - create IPUIPlugin
2023-12-14 09:55:38,356 [INFO] PluginManager:220 - loadIPPluginJar : add touchsensing
2023-12-14 09:55:38,386 [INFO] IPUIPlugin:80 - create IPUIPlugin
2023-12-14 09:55:38,386 [INFO] PluginManager:220 - loadIPPluginJar : add tracer_emb
2023-12-14 09:55:38,420 [INFO] IPUIPlugin:80 - create IPUIPlugin
2023-12-14 09:55:38,420 [INFO] PluginManager:220 - loadIPPluginJar : add ts
2023-12-14 09:55:38,451 [INFO] IPUIPlugin:80 - create IPUIPlugin
2023-12-14 09:55:38,451 [INFO] PluginManager:220 - loadIPPluginJar : add tsc
2023-12-14 09:55:38,479 [INFO] IPUIPlugin:80 - create IPUIPlugin
2023-12-14 09:55:38,479 [INFO] PluginManager:220 - loadIPPluginJar : add ucpd
2023-12-14 09:55:38,529 [INFO] IPUIPlugin:80 - create IPUIPlugin
2023-12-14 09:55:38,530 [INFO] PluginManager:220 - loadIPPluginJar : add usart
2023-12-14 09:55:38,582 [INFO] IPUIPlugin:80 - create IPUIPlugin
2023-12-14 09:55:38,582 [INFO] PluginManager:220 - loadIPPluginJar : add usbx
2023-12-14 09:55:38,749 [INFO] CADModel:165 - CPN selected for project level
2023-12-14 09:55:38,750 [INFO] CADModel:114 - Register for checkConnection events
2023-12-14 09:55:38,750 [FATAL] Updater:308 - Updater called before beeing initialized
2023-12-14 09:55:38,751 [ERROR] CADModel:125 - Updater not yet initialized, retry later 
2023-12-14 09:55:39,273 [INFO] CADModel:165 - CPN selected for project level
2023-12-14 09:55:39,274 [INFO] CADModel:114 - Register for checkConnection events
2023-12-14 09:55:39,274 [FATAL] Updater:308 - Updater called before beeing initialized
2023-12-14 09:55:39,274 [ERROR] CADModel:125 - Updater not yet initialized, retry later 
2023-12-14 09:55:39,283 [FATAL] Updater:308 - Updater called before beeing initialized
2023-12-14 09:55:39,564 [FATAL] Updater:308 - Updater called before beeing initialized
2023-12-14 09:55:39,576 [INFO] DbMcusAds:53 - JSON generation date=Tue Mar 07 15:50:55 ICT 2023 (1678179055335)
2023-12-14 09:55:39,577 [FATAL] Updater:308 - Updater called before beeing initialized
2023-12-14 09:55:39,682 [WARN] DetailPanel:346 - Failed to get advertising image, set to default
2023-12-14 09:55:39,796 [FATAL] Updater:308 - Updater called before beeing initialized
2023-12-14 09:55:39,799 [FATAL] Updater:308 - Updater called before beeing initialized
2023-12-14 09:55:39,799 [FATAL] Updater:308 - Updater called before beeing initialized
2023-12-14 09:55:39,799 [WARN] DetailPanel:346 - Failed to get advertising image, set to default
2023-12-14 09:55:39,800 [FATAL] Updater:308 - Updater called before beeing initialized
2023-12-14 09:55:39,941 [ERROR] Updater:1120 - MainUpdater not yet initialized. External WinMGr cannot be set.
2023-12-14 09:55:39,964 [INFO] Updater:1056 - Updater Version found : 6.9.2
2023-12-14 09:55:40,001 [INFO] ApplicationProperties:184 - Using Application install path: C:\ST\STM32CubeIDE_1.12.1\STM32CubeIDE\plugins\com.st.stm32cube.common.mx_6.9.2.202309101412
2023-12-14 09:55:40,652 [INFO] ThirdPartyUpdaterWithRetryManager:70 - Updater plugin not ready yet. [3/15]
2023-12-14 09:55:40,903 [INFO] MainUpdater:2868 - connection check result : 10
2023-12-14 09:55:40,927 [INFO] MainUpdater:285 - Updater Check For Update Now.
2023-12-14 09:55:40,927 [INFO] MicroXplorer:498 - Change Database Version : DB.6.0.92
2023-12-14 09:55:40,989 [INFO] McuFinderGlobals:63 - Set McuFinder mode to 2 (CubeIDE integrated)
2023-12-14 09:55:41,255 [INFO] CheckServerUpdateThread:120 - End of CheckServer Thread
2023-12-14 09:55:44,105 [WARN] PackLoader:240 - Cannot read IP mode file for STMicroelectronics.X-CUBE-SMBUS.2.1.0
2023-12-14 09:55:44,142 [WARN] PackLoader:240 - Cannot read IP mode file for STMicroelectronics.X-CUBE-TOUCHGFX.4.23.0
2023-12-14 09:55:44,224 [WARN] PackLoader:240 - Cannot read IP mode file for STMicroelectronics.X-CUBE-AZRTOS-F7.1.1.0
2023-12-14 09:55:44,255 [WARN] PackLoader:240 - Cannot read IP mode file for STMicroelectronics.FP-SNS-MOTENV1.4.3.2
2023-12-14 09:55:44,292 [WARN] PackLoader:240 - Cannot read IP mode file for STMicroelectronics.FP-SNS-FLIGHT1.5.0.2
2023-12-14 09:55:44,323 [WARN] PackLoader:240 - Cannot read IP mode file for STMicroelectronics.X-CUBE-DISPLAY.3.0.0
2023-12-14 09:55:44,357 [WARN] PackLoader:240 - Cannot read IP mode file for STMicroelectronics.X-CUBE-BLE1.7.0.0
2023-12-14 09:55:44,392 [WARN] PackLoader:240 - Cannot read IP mode file for emotas.I-CUBE-CANOPEN.1.3.0
2023-12-14 09:55:44,430 [WARN] PackLoader:240 - Cannot read IP mode file for STMicroelectronics.X-CUBE-TOUCHGFX.4.22.0
2023-12-14 09:55:44,464 [WARN] PackLoader:240 - Cannot read IP mode file for STMicroelectronics.X-CUBE-TOUCHGFX.4.22.1
2023-12-14 09:55:44,486 [WARN] PackLoader:240 - Cannot read IP mode file for STMicroelectronics.FP-SNS-SMARTAG2.1.2.0
2023-12-14 09:55:44,532 [INFO] LogOutputStream:77 - [STDOUT_REDIRECT] 1 : Invalid condition id : UX_CORESTACK_Condition cause : null
2023-12-14 09:55:44,533 [INFO] LogOutputStream:77 - [STDOUT_REDIRECT] 1 : Invalid condition id : UX_CORESTACK_Condition cause : null
2023-12-14 09:55:44,534 [INFO] LogOutputStream:77 - [STDOUT_REDIRECT] 1 : Invalid condition id : UX_CORESTACK_Condition cause : null
2023-12-14 09:55:44,537 [INFO] LogOutputStream:77 - [STDOUT_REDIRECT] 1 : Invalid condition id : UX_CORESTACK_Condition cause : null
2023-12-14 09:55:44,539 [INFO] LogOutputStream:77 - [STDOUT_REDIRECT] 1 : Invalid condition id : UX_CORESTACK_Condition cause : null
2023-12-14 09:55:44,551 [WARN] PackLoader:240 - Cannot read IP mode file for STMicroelectronics.X-CUBE-AZRTOS-WL.2.0.0
2023-12-14 09:55:44,597 [WARN] PackLoader:240 - Cannot read IP mode file for WES.I-CUBE-Cesium.1.3.0
2023-12-14 09:55:44,626 [WARN] PackLoader:240 - Cannot read IP mode file for STMicroelectronics.X-CUBE-BLE2.3.3.0
2023-12-14 09:55:44,692 [WARN] PackLoader:240 - Cannot read IP mode file for STMicroelectronics.X-CUBE-ALGOBUILD.1.3.0
2023-12-14 09:55:44,748 [WARN] PackLoader:240 - Cannot read IP mode file for STMicroelectronics.X-CUBE-AZRTOS-G0.1.1.0
2023-12-14 09:55:44,802 [WARN] PackLoader:240 - Cannot read IP mode file for STMicroelectronics.X-CUBE-NFC4.3.0.0
2023-12-14 09:55:44,840 [WARN] PackLoader:240 - Cannot read IP mode file for STMicroelectronics.X-CUBE-BLEMGR.3.0.0
2023-12-14 09:55:44,865 [WARN] PackLoader:240 - Cannot read IP mode file for STMicroelectronics.FP-ATR-SIGFOX1.3.2.0
2023-12-14 09:55:44,956 [WARN] PackLoader:240 - Cannot read IP mode file for SEGGER.I-CUBE-embOS.1.3.1
2023-12-14 09:55:45,037 [WARN] PackLoader:240 - Cannot read IP mode file for STMicroelectronics.X-CUBE-GNSS1.6.0.0
2023-12-14 09:55:45,084 [WARN] PackLoader:240 - Cannot read IP mode file for STMicroelectronics.X-CUBE-AZRTOS-F4.1.1.0
2023-12-14 09:55:45,116 [WARN] PackLoader:240 - Cannot read IP mode file for wolfSSL.I-CUBE-wolfSSL.5.6.3
2023-12-14 09:55:45,170 [WARN] PackLoader:240 - Cannot read IP mode file for STMicroelectronics.X-CUBE-AZRTOS-L5.2.0.0
2023-12-14 09:55:45,287 [WARN] PackLoader:240 - Cannot read IP mode file for STMicroelectronics.X-CUBE-MEMS1.9.6.0
2023-12-14 09:55:45,498 [WARN] PackLoader:240 - Cannot read IP mode file for STMicroelectronics.X-CUBE-EEPRMA1.4.2.0
2023-12-14 09:55:45,522 [WARN] PackLoader:240 - Cannot read IP mode file for ITTIA_DB.I-CUBE-ITTIADB.8.8.0
2023-12-14 09:55:45,551 [WARN] PackLoader:240 - Cannot read IP mode file for STMicroelectronics.X-CUBE-BLEMGR.2.0.0
2023-12-14 09:55:45,601 [WARN] ConditionMgr:438 - getConditionDescription Invalid condition id : UX DEVICE CLASS RTOS Condition cause : null
2023-12-14 09:55:45,602 [WARN] ConditionMgr:438 - getConditionDescription Invalid condition id : UX DEVICE CLASS RTOS Condition cause : null
2023-12-14 09:55:45,605 [WARN] PackLoader:240 - Cannot read IP mode file for STMicroelectronics.X-CUBE-AZRTOS-H7.3.1.0
2023-12-14 09:55:45,606 [WARN] ConditionMgr:1039 - genDependencies : Invalid condition id : UX DEVICE CLASS RTOS Condition cause : null
2023-12-14 09:55:45,606 [WARN] ConditionMgr:1039 - genDependencies : Invalid condition id : UX DEVICE CLASS RTOS Condition cause : null
2023-12-14 09:55:45,607 [WARN] ConditionMgr:1039 - genDependencies : Invalid condition id : UX DEVICE CLASS RTOS Condition cause : null
2023-12-14 09:55:45,607 [WARN] ConditionMgr:1039 - genDependencies : Invalid condition id : UX DEVICE CLASS RTOS Condition cause : null
2023-12-14 09:55:45,607 [WARN] ConditionMgr:1039 - genDependencies : Invalid condition id : UX DEVICE CLASS RTOS Condition cause : null
2023-12-14 09:55:45,623 [WARN] PackLoader:240 - Cannot read IP mode file for STMicroelectronics.X-CUBE-NFC7.1.0.1
2023-12-14 09:55:45,670 [WARN] PackLoader:240 - Cannot read IP mode file for STMicroelectronics.X-CUBE-NFC6.3.0.0
2023-12-14 09:55:45,716 [WARN] PackLoader:240 - Cannot read IP mode file for STMicroelectronics.X-CUBE-EEPRMA1.4.1.0
2023-12-14 09:55:46,029 [WARN] PackLoader:240 - Cannot read IP mode file for STMicroelectronics.X-CUBE-AI.8.1.0
2023-12-14 09:55:46,093 [WARN] ConditionMgr:438 - getConditionDescription Invalid condition id : LAN8742 Phy interface Condition cause : null
2023-12-14 09:55:46,094 [WARN] PackLoader:240 - Cannot read IP mode file for STMicroelectronics.X-CUBE-AZRTOS-L4.2.0.0
2023-12-14 09:55:46,110 [WARN] ConditionMgr:1039 - genDependencies : Invalid condition id : LAN8742 Phy interface Condition cause : null
2023-12-14 09:55:46,110 [WARN] ConditionMgr:1039 - genDependencies : Invalid condition id : LAN8742 Phy interface Condition cause : null
2023-12-14 09:55:46,111 [WARN] ConditionMgr:1039 - genDependencies : Invalid condition id : LAN8742 Phy interface Condition cause : null
2023-12-14 09:55:46,145 [WARN] PackLoader:240 - Cannot read IP mode file for STMicroelectronics.X-CUBE-SFXS2LP1.4.0.0
2023-12-14 09:55:46,178 [WARN] PackLoader:240 - Cannot read IP mode file for STMicroelectronics.X-CUBE-ISPU.1.1.0
2023-12-14 09:55:46,225 [WARN] ConditionMgr:438 - getConditionDescription Invalid condition id : UX DEVICE CLASS RTOS Condition cause : null
2023-12-14 09:55:46,226 [WARN] ConditionMgr:438 - getConditionDescription Invalid condition id : UX DEVICE CLASS RTOS Condition cause : null
2023-12-14 09:55:46,228 [WARN] PackLoader:240 - Cannot read IP mode file for STMicroelectronics.X-CUBE-AZRTOS-WB.2.0.0
2023-12-14 09:55:46,229 [WARN] ConditionMgr:1039 - genDependencies : Invalid condition id : UX DEVICE CLASS RTOS Condition cause : null
2023-12-14 09:55:46,229 [WARN] ConditionMgr:1039 - genDependencies : Invalid condition id : UX DEVICE CLASS RTOS Condition cause : null
2023-12-14 09:55:46,230 [WARN] ConditionMgr:1039 - genDependencies : Invalid condition id : UX DEVICE CLASS RTOS Condition cause : null
2023-12-14 09:55:46,230 [WARN] ConditionMgr:1039 - genDependencies : Invalid condition id : UX DEVICE CLASS RTOS Condition cause : null
2023-12-14 09:55:46,230 [WARN] ConditionMgr:1039 - genDependencies : Invalid condition id : UX DEVICE CLASS RTOS Condition cause : null
2023-12-14 09:55:46,252 [WARN] PackLoader:240 - Cannot read IP mode file for STMicroelectronics.X-CUBE-SUBG2.5.0.0
2023-12-14 09:55:46,280 [WARN] PackLoader:240 - Cannot read IP mode file for STMicroelectronics.X-CUBE-TOF1.3.3.1
2023-12-14 09:55:46,329 [WARN] PackLoader:240 - Cannot read IP mode file for STMicroelectronics.X-CUBE-AZRTOS-G4.2.0.0
2023-12-14 09:55:46,370 [WARN] PackLoader:240 - Cannot read IP mode file for Infineon.AIROC-Wi-Fi-Bluetooth-STM32.1.5.1
2023-12-14 09:55:46,397 [WARN] PackLoader:240 - Cannot read IP mode file for STMicroelectronics.FP-SNS-MOTENVWB1.1.3.0
2023-12-14 09:55:46,428 [WARN] PackLoader:240 - Cannot read IP mode file for STMicroelectronics.FP-SNS-MOTENVWB1.1.3.1
2023-12-14 09:55:46,502 [WARN] PackLoader:240 - Cannot read IP mode file for STMicroelectronics.X-CUBE-MEMS1.10.0.0
2023-12-14 09:55:46,709 [WARN] PackLoader:240 - Cannot read IP mode file for STMicroelectronics.X-CUBE-FREERTOS.1.1.0
2023-12-14 09:55:46,728 [WARN] PackLoader:240 - Cannot read IP mode file for portGmbH.I-Cube-SoM-uGOAL.1.1.0
2023-12-14 09:55:46,756 [WARN] PackLoader:240 - Cannot read IP mode file for STMicroelectronics.X-CUBE-ALS.1.0.1
2023-12-14 09:55:46,774 [WARN] PackLoader:240 - Cannot read IP mode file for STMicroelectronics.FP-ATR-ASTRA1.2.0.0
2023-12-14 09:55:46,803 [WARN] PackLoader:240 - Cannot read IP mode file for STMicroelectronics.X-CUBE-TOF1.3.4.0
2023-12-14 09:55:46,812 [INFO] ThirdParty:978 - Integrity check success = true
2023-12-14 09:55:46,812 [INFO] IntegrityCheckThread:100 - exiting critical section [integrity check]
2023-12-14 09:55:46,812 [INFO] IntegrityCheckThread:103 - End integrity checks thread
2023-12-14 09:56:03,249 [ERROR] LogOutputStream:75 - [STDERR_REDIRECT] SLF4J: Failed to load class "org.slf4j.impl.StaticLoggerBinder".
2023-12-14 09:56:03,249 [ERROR] LogOutputStream:75 - [STDERR_REDIRECT] SLF4J: Defaulting to no-operation (NOP) logger implementation
2023-12-14 09:56:03,251 [ERROR] LogOutputStream:75 - [STDERR_REDIRECT] SLF4J: See http://www.slf4j.org/codes.html#StaticLoggerBinder for further details.
2023-12-14 09:57:44,467 [INFO] McuFinderGlobals:63 - Set McuFinder mode to 2 (CubeIDE integrated)
2023-12-14 09:57:44,617 [INFO] MainUpdater:2868 - connection check result : 10
2023-12-14 09:57:44,643 [INFO] MainUpdater:2868 - connection check result : 10
2023-12-14 09:57:46,436 [INFO] MicroXplorer:468 - Change Database Path : 
2023-12-14 09:57:46,436 [INFO] MicroXplorer:498 - Change Database Version : DB.6.0.92
2023-12-14 09:57:46,451 [WARN] ThirdParty:871 - waiting for thirdparty lock release [close project]
2023-12-14 09:57:46,451 [INFO] ThirdParty:873 - entering critical section [close project]
2023-12-14 09:57:46,453 [INFO] ThirdParty:883 - exiting critical section [close project]
2023-12-14 09:57:46,455 [INFO] PinOutPanel:1499 - setPackage(No Configuration,No Configuration)
2023-12-14 09:57:46,469 [INFO] UtilMem:75 - Begin LoadConfig() Used Memory: 598461296 Bytes (930086912)
2023-12-14 09:57:46,496 [INFO] MicroXplorer:468 - Change Database Path : C:/Users/TAMRD/.stm32cubemx/databases/DB.6.0.81/db/
2023-12-14 09:57:46,496 [INFO] MicroXplorer:498 - Change Database Version : DB.6.0.81
2023-12-14 09:57:54,367 [INFO] OpenFileManager:308 - Change cursor
2023-12-14 09:57:54,588 [INFO] Mcu:1946 - Initializing MCU STM32F103C(8-B)Tx STM32F103C8Tx STM32F103C8T6
2023-12-14 09:57:57,270 [INFO] Context:659 - Trying to add GPIOservice into a context  which must be forbidden
2023-12-14 09:57:58,841 [INFO] RtosManager:555 - Registered RTOS mode: class=CMSIS, group=RTOS, mode=CMSIS_V1, owner=FREERTOS
2023-12-14 09:57:58,841 [INFO] RtosManager:555 - Registered RTOS mode: class=CMSIS, group=RTOS2, mode=CMSIS_V2, owner=FREERTOS
2023-12-14 09:57:58,841 [INFO] RtosManager:555 - Registered RTOS mode: class=RTOS, group=Core, mode=CMSIS_V1, owner=FREERTOS
2023-12-14 09:57:58,841 [INFO] RtosManager:555 - Registered RTOS mode: class=RTOS, group=Core, mode=CMSIS_V2, owner=FREERTOS
2023-12-14 09:57:58,842 [WARN] ModelIntegratedComponent:184 - Missing modes for component STMicroelectronics:FreeRTOS:0.0.1:STMicroelectronics:RTOS:FreeRTOS:Core:::10.2.0:
2023-12-14 09:57:58,937 [WARN] ModelIntegratedComponent:63 - No mode defined for component null
2023-12-14 09:57:58,937 [WARN] ModelIntegratedComponent:63 - No mode defined for component null
2023-12-14 09:57:58,937 [WARN] ModelIntegratedComponent:63 - No mode defined for component null
2023-12-14 09:57:58,937 [WARN] ModelIntegratedComponent:63 - No mode defined for component null
2023-12-14 09:57:58,939 [WARN] ModelIntegratedComponent:63 - No mode defined for component null
2023-12-14 09:57:58,939 [WARN] ModelIntegratedComponent:63 - No mode defined for component null
2023-12-14 09:57:58,939 [WARN] ModelIntegratedComponent:63 - No mode defined for component null
2023-12-14 09:57:58,940 [WARN] ModelIntegratedComponent:63 - No mode defined for component null
2023-12-14 09:57:58,940 [WARN] ModelIntegratedComponent:63 - No mode defined for component null
2023-12-14 09:57:58,940 [WARN] ModelIntegratedComponent:63 - No mode defined for component null
2023-12-14 09:57:58,940 [WARN] ModelIntegratedComponent:63 - No mode defined for component null
2023-12-14 09:57:58,940 [WARN] ModelIntegratedComponent:63 - No mode defined for component null
2023-12-14 09:57:58,940 [WARN] ModelIntegratedComponent:63 - No mode defined for component null
2023-12-14 09:57:58,940 [WARN] ModelIntegratedComponent:63 - No mode defined for component null
2023-12-14 09:57:58,940 [WARN] ModelIntegratedComponent:63 - No mode defined for component null
2023-12-14 09:57:58,940 [WARN] ModelIntegratedComponent:63 - No mode defined for component null
2023-12-14 09:57:58,940 [WARN] ModelIntegratedComponent:63 - No mode defined for component null
2023-12-14 09:57:58,940 [WARN] ModelIntegratedComponent:63 - No mode defined for component null
2023-12-14 09:57:58,940 [WARN] ModelIntegratedComponent:63 - No mode defined for component null
2023-12-14 09:57:58,940 [WARN] ModelIntegratedComponent:63 - No mode defined for component null
2023-12-14 09:57:58,940 [WARN] ModelIntegratedComponent:63 - No mode defined for component null
2023-12-14 09:57:58,940 [WARN] ModelIntegratedComponent:63 - No mode defined for component null
2023-12-14 09:57:58,941 [WARN] ModelIntegratedComponent:63 - No mode defined for component null
2023-12-14 09:57:58,941 [WARN] ModelIntegratedComponent:63 - No mode defined for component null
2023-12-14 09:57:58,941 [WARN] ModelIntegratedComponent:63 - No mode defined for component null
2023-12-14 09:57:58,941 [WARN] ModelIntegratedComponent:63 - No mode defined for component null
2023-12-14 09:57:58,941 [WARN] ModelIntegratedComponent:63 - No mode defined for component null
2023-12-14 09:57:58,941 [WARN] ModelIntegratedComponent:63 - No mode defined for component null
2023-12-14 09:57:58,941 [WARN] ModelIntegratedComponent:63 - No mode defined for component null
2023-12-14 09:57:58,941 [WARN] ModelIntegratedComponent:63 - No mode defined for component null
2023-12-14 09:57:58,941 [WARN] ModelIntegratedComponent:63 - No mode defined for component null
2023-12-14 09:57:58,941 [WARN] ModelIntegratedComponent:63 - No mode defined for component null
2023-12-14 09:57:58,941 [WARN] ModelIntegratedComponent:63 - No mode defined for component null
2023-12-14 09:57:59,326 [INFO] ThirdPartyModel:298 - Start build external matchings
2023-12-14 09:58:00,227 [INFO] ThirdPartyModel:316 - End build external matchings
2023-12-14 09:58:01,274 [INFO] UtilMem:75 - End LoadConfig() Used Memory: 531627888 Bytes (1073741824)
2023-12-14 09:58:01,839 [INFO] ApiDb:581 - Connected to CubeFinder SQLite database (C:\Users\TAMRD\.stmcufinder\plugins\mcufinder\mcu\cube-finder-db.db)
2023-12-14 09:58:02,085 [INFO] ApiDb:668 - CubeFinder database Data Model version=2.1
2023-12-14 09:58:02,085 [INFO] ApiDb:669 - CubeFinder database Configuration version=3.0.39
2023-12-14 09:58:02,086 [INFO] ApiDb:670 - CubeFinder database generation date=2023-11-06 (1699269565)
2023-12-14 09:58:02,086 [INFO] ApiDb:671 - CubeFinder database FW Pack versions=[FP-ATR-ASTRA1_V2.0.0, FP-SNS-FLIGHT1_V5.0.1, FP-SNS-FLIGHT1_V5.0.2, FP-SNS-MOTENV1_V4.3.1, FP-SNS-MOTENV1_V4.3.2, FP-SNS-MOTENVWB1_V1.3.0, FP-SNS-SMARTAG2_V1.2.0, STM32Cube_FW_C0_V1.1.0, STM32Cube_FW_F4_V1.28.0, STM32Cube_FW_F7_V1.17.0, STM32Cube_FW_G0_V1.6.1, STM32Cube_FW_G4_V1.5.1, STM32Cube_FW_H5_V0.5.1, STM32Cube_FW_H5_V1.1.1, STM32Cube_FW_H5_V1.2.0RC2, STM32Cube_FW_H7_V1.11.0, STM32Cube_FW_L0_V1.12.2, STM32Cube_FW_L5_V1.5.0, STM32Cube_FW_U5_V1.3.0RC4, STM32Cube_FW_U5_V1.4.0, STM32Cube_FW_WBA_V1.0.0RC1, STM32Cube_FW_WBA_V1.1.0RC1, STM32Cube_FW_WBA_V1.2.0, STM32Cube_FW_WBA_V1.2.0RC2, STM32Cube_FW_WB_V1.15.0RC1, STM32Cube_FW_WB_V1.16.0, STM32Cube_FW_WB_V1.16.0RC2, STM32Cube_FW_WB_V1.18.0, STM32Cube_FW_WL_V1.3.0, X-CUBE-ALGOBUILD_V1.3.0, X-CUBE-ALS_V1.0.1, X-CUBE-AZRTOS-F4_V1.1.0, X-CUBE-AZRTOS-F7_V1.1.0, X-CUBE-AZRTOS-G0_V1.1.0, X-CUBE-AZRTOS-G4_V2.0.0, X-CUBE-AZRTOS-H7_V3.1.0, X-CUBE-AZRTOS-L4_V1.0.0, X-CUBE-AZRTOS-L4_V2.0.0, X-CUBE-AZRTOS-L5_V1.1.0, X-CUBE-AZRTOS-WB_V2.0.0, X-CUBE-AZRTOS-WL_V2.0.0, X-CUBE-BLE1_V7.0.0, X-CUBE-BLE2_V3.3.0, X-CUBE-BLEMGR_V2.0.0, X-CUBE-EEPRMA1_V4.1.0, X-CUBE-EEPRMA1_V4.2.0, X-CUBE-FREERTOS_V1.1.0, X-CUBE-GNSS1_V6.0.0, X-CUBE-MEMS1_V10.0.0, X-CUBE-MEMS1_V9.1.0, X-CUBE-MEMS1_V9.4.0, X-CUBE-MEMS1_V9.6.0, X-CUBE-NFC4_V3.0.0, X-CUBE-NFC7_V1.0.1, X-CUBE-SFXS2LP1_V4.0.0, X-CUBE-SUBG2_V5.0.0, X-CUBE-TOF1_V3.3.1]
2023-12-14 09:58:05,506 [INFO] ApiDb:240 - Found 323 in-development CPN: [B-G473E-ZEST1S, B-WB1M-WPAN1, B-WL5M-SUBG1, NUCLEO-C031C6, NUCLEO-H503RB, NUCLEO-H563ZI, NUCLEO-U545RE-Q, NUCLEO-U5A5ZJ-Q, NUCLEO-WBA52CG, STEVAL-PROTEUS1, STEVAL-SMARTAG2, STEVAL-STWINBX1, STM320518-EVAL, STM32C0116-DK, STM32C011D6Y3TR, STM32C011D6Y6TR, STM32C011F4P3, STM32C011F4P6, STM32C011F4U3, STM32C011F4U6TR, STM32C011F6P3, STM32C011F6P6, STM32C011F6U3, STM32C011F6U6TR, STM32C011J4M3, STM32C011J4M6, STM32C011J6M3, STM32C011J6M6, STM32C0316-DK, STM32C031C4T3, STM32C031C4T6, STM32C031C4U3, STM32C031C4U6, STM32C031C6T3, STM32C031C6T6, STM32C031C6U3, STM32C031C6U6, STM32C031F4P3, STM32C031F4P6, STM32C031F6P3, STM32C031F6P6, STM32C031G4U3, STM32C031G4U6, STM32C031G6U3, STM32C031G6U6, STM32C031K4T3, STM32C031K4T6, STM32C031K4U3, STM32C031K4U6, STM32C031K6T3, STM32C031K6T6, STM32C031K6U3, STM32C031K6U6, STM32G071K8TXN, STM32G071K8UXN, STM32G081GBU6N, STM32G081KBT6N, STM32G081KBUXN, STM32G0B1CCT6N, STM32G0B1KCT6, STM32G0B1NEY6TR, STM32G0B1RCT6N, STM32G0C1CCT6, STM32G0C1CCT6N, STM32G0C1CCU6N, STM32G0C1CET6N, STM32G0C1CEU6N, STM32G0C1KCT6, STM32G0C1NEY6TR, STM32G0C1RCI6N, STM32G0C1RCT6N, STM32G0C1REI6N, STM32G0C1RET6N, STM32G0C1VCI6, STM32G0C1VEI6, STM32G471CCT6, STM32G471CCU6, STM32G471CET3, STM32G471CET6, STM32G471CEU3, STM32G471CEU6, STM32G471MCT6, STM32G471MET3, STM32G471MET6, STM32G471MEY6TR, STM32G471QCT6, STM32G471QET3, STM32G471RCT6, STM32G471RET3, STM32G471RET6, STM32G471VCH6, STM32G471VCI6, STM32G471VCT6, STM32G471VEH3, STM32G471VEH6, STM32G471VEI3, STM32G471VEI6, STM32G471VET3, STM32G471VET6, STM32G474CCT6, STM32H503CBT6, STM32H503CBU6, STM32H503EBY6TR, STM32H503KBU6, STM32H503RBT6, STM32H562AGI6, STM32H562AII6, STM32H562IGK6, STM32H562IGT6, STM32H562IIK6, STM32H562IIT6, STM32H562RGT6, STM32H562RGV6, STM32H562RIT6, STM32H562RIV6, STM32H562VGT6, STM32H562VIT6, STM32H562ZGT6, STM32H562ZIT6, STM32H563AGI6, STM32H563AII3Q, STM32H563AII6, STM32H563IGK6, STM32H563IGT6, STM32H563IIK3Q, STM32H563IIK6, STM32H563IIT3Q, STM32H563IIT6, STM32H563MIY3QTR, STM32H563RGT6, STM32H563RGV6, STM32H563RIT6, STM32H563RIV6, STM32H563VGT6, STM32H563VIT3Q, STM32H563VIT6, STM32H563ZGT6, STM32H563ZIT3Q, STM32H563ZIT6, STM32H573AII3Q, STM32H573AII6, STM32H573I-DK, STM32H573IIK3Q, STM32H573IIK6, STM32H573IIT3Q, STM32H573IIT6, STM32H573MIY3QTR, STM32H573RIT6, STM32H573RIV6, STM32H573VIT3Q, STM32H573VIT6, STM32H573ZIT3Q, STM32H573ZIT6, STM32L4R5QGI6STR, STM32MP131AAE3, STM32MP131AAF3, STM32MP131AAG3, STM32MP131CAE3, STM32MP131CAF3, STM32MP131CAG3, STM32MP131DAE7, STM32MP131DAF7, STM32MP131DAG7, STM32MP131FAE7, STM32MP131FAF7, STM32MP131FAG7, STM32MP133AAE3, STM32MP133AAF3, STM32MP133AAG3, STM32MP133CAE3, STM32MP133CAF3, STM32MP133CAG3, STM32MP133DAE7, STM32MP133DAF7, STM32MP133DAG7, STM32MP133FAE7, STM32MP133FAF7, STM32MP133FAG7, STM32MP135AAE3, STM32MP135AAF3, STM32MP135AAG3, STM32MP135CAE3, STM32MP135CAF3, STM32MP135CAG3, STM32MP135DAE7, STM32MP135DAF7, STM32MP135DAG7, STM32MP135F-DK, STM32MP135FAE7, STM32MP135FAF7, STM32MP135FAF7T, STM32MP135FAF7U, STM32MP135FAG7, STM32U535CBT6, STM32U535CBT6Q, STM32U535CBU6, STM32U535CBU6Q, STM32U535CCT6, STM32U535CCT6Q, STM32U535CCU6, STM32U535CCU6Q, STM32U535CET6, STM32U535CET6Q, STM32U535CEU6, STM32U535CEU6Q, STM32U535JEY6QTR, STM32U535NCY6QTR, STM32U535NEY6QTR, STM32U535RBI6, STM32U535RBI6Q, STM32U535RBT6, STM32U535RBT6Q, STM32U535RCI6, STM32U535RCI6Q, STM32U535RCT6, STM32U535RCT6Q, STM32U535REI6, STM32U535REI6Q, STM32U535RET6, STM32U535RET6Q, STM32U535VCI6, STM32U535VCI6Q, STM32U535VCT6, STM32U535VCT6Q, STM32U535VEI6, STM32U535VEI6Q, STM32U535VET6, STM32U535VET6Q, STM32U545CET6, STM32U545CET6Q, STM32U545CEU6, STM32U545CEU6Q, STM32U545JEY6QTR, STM32U545NEY6QTR, STM32U545REI6, STM32U545REI6Q, STM32U545RET6, STM32U545RET6Q, STM32U545VEI6, STM32U545VEI6Q, STM32U545VET6, STM32U545VET6Q, STM32U595AIH6, STM32U595AIH6Q, STM32U595AJH6, STM32U595AJH6Q, STM32U595QII6, STM32U595QII6Q, STM32U595QJI6, STM32U595QJI6Q, STM32U595RIT6, STM32U595RIT6Q, STM32U595RJT6, STM32U595RJT6Q, STM32U595VIT6, STM32U595VIT6Q, STM32U595VJT6, STM32U595VJT6Q, STM32U595ZIT6, STM32U595ZIT6Q, STM32U595ZIY6QTR, STM32U595ZJT6, STM32U595ZJT6Q, STM32U595ZJY6QTR, STM32U599BJY6QTR, STM32U599NIH6Q, STM32U599NJH6Q, STM32U599VIT6Q, STM32U599VJT6, STM32U599VJT6Q, STM32U599ZIT6Q, STM32U599ZIY6QTR, STM32U599ZJT6Q, STM32U599ZJY6QTR, STM32U5A5AJH6, STM32U5A5AJH6Q, STM32U5A5QJI6, STM32U5A5QJI6Q, STM32U5A5RJT6, STM32U5A5RJT6Q, STM32U5A5VJT6, STM32U5A5VJT6Q, STM32U5A5ZJT6, STM32U5A5ZJT6Q, STM32U5A5ZJY6QTR, STM32U5A9BJY6QTR, STM32U5A9J-DK, STM32U5A9NJH6Q, STM32U5A9VJT6Q, STM32U5A9ZJT6Q, STM32U5A9ZJY6QTR, STM32U5F7VIT6, STM32U5F7VIT6Q, STM32U5F7VJT6, STM32U5F7VJT6Q, STM32U5F9BJY6QTR, STM32U5F9NJH6Q, STM32U5F9VIT6Q, STM32U5F9VJT6Q, STM32U5F9ZIJ6QTR, STM32U5F9ZIT6Q, STM32U5F9ZJJ6QTR, STM32U5F9ZJT6Q, STM32U5G7VJT6, STM32U5G7VJT6Q, STM32U5G9BJY6QTR, STM32U5G9J-DK1, STM32U5G9J-DK2, STM32U5G9NJH6Q, STM32U5G9VJT6Q, STM32U5G9ZJJ6QTR, STM32U5G9ZJT6Q, STM32WB1MMCH6, STM32WBA52CEU6, STM32WBA52CEU6T, STM32WBA52CGU6, STM32WBA52CGU6T, STM32WBA52KEU6, STM32WBA52KEU6T, STM32WBA52KGU6, STM32WBA52KGU6T, STM32WL5MOCH6, STM32WL5MOCH6TR]
2023-12-14 09:58:05,514 [INFO] DbMcus:217 - Found 3882 MCUs, 3882 are supported
2023-12-14 09:58:05,534 [INFO] ApiDb:423 - Load user favorites file C:\Users\TAMRD/.stm32cubeide/favorites.mcus.txt: 0 item(s)
2023-12-14 09:58:05,534 [INFO] ApiDb:427 - User favorites MCUs=[]
2023-12-14 09:58:05,534 [INFO] DbMcus:223 - Set 0 / 0 favorites MCUs
2023-12-14 09:58:06,316 [WARN] ThirdParty:833 - waiting for thirdparty lock release [change project]
2023-12-14 09:58:06,316 [INFO] ThirdParty:835 - entering critical section [change project]
2023-12-14 09:58:06,317 [INFO] ThirdParty:1030 - CMSIS Pack Vendor :STMicroelectronics X-CUBE-ISPU 1.1.0
2023-12-14 09:58:06,317 [INFO] ThirdParty:1030 - CMSIS Pack Vendor :STMicroelectronics USBPD 4.1
2023-12-14 09:58:06,317 [INFO] ThirdParty:1030 - CMSIS Pack Vendor :STMicroelectronics X-CUBE-GNSS1 6.0.0
2023-12-14 09:58:06,317 [INFO] ThirdParty:1030 - CMSIS Pack Vendor :STMicroelectronics USB_HOST 2.0.0
2023-12-14 09:58:06,317 [INFO] ThirdParty:1030 - CMSIS Pack Vendor :STMicroelectronics X-CUBE-AZRTOS-F4 1.1.0
2023-12-14 09:58:06,317 [INFO] ThirdParty:1030 - CMSIS Pack Vendor :STMicroelectronics LIBJPEG 8.0.0
2023-12-14 09:58:06,317 [INFO] ThirdParty:1030 - CMSIS Pack Vendor :wolfSSL I-CUBE-wolfSSL 5.6.3
2023-12-14 09:58:06,317 [INFO] ThirdParty:1030 - CMSIS Pack Vendor :STMicroelectronics X-CUBE-SMBUS 2.1.0
2023-12-14 09:58:06,318 [INFO] ThirdParty:1030 - CMSIS Pack Vendor :STMicroelectronics USB_DEVICE 3.0.0
2023-12-14 09:58:06,318 [INFO] ThirdParty:1030 - CMSIS Pack Vendor :STMicroelectronics X-CUBE-AZRTOS-WB 2.0.0
2023-12-14 09:58:06,318 [INFO] ThirdParty:1030 - CMSIS Pack Vendor :STMicroelectronics X-CUBE-TOUCHGFX 4.23.0
2023-12-14 09:58:06,318 [INFO] ThirdParty:1030 - CMSIS Pack Vendor :STMicroelectronics X-CUBE-AZRTOS-F7 1.1.0
2023-12-14 09:58:06,318 [INFO] ThirdParty:1030 - CMSIS Pack Vendor :STMicroelectronics X-CUBE-AZRTOS-L5 2.0.0
2023-12-14 09:58:06,318 [INFO] ThirdParty:1030 - CMSIS Pack Vendor :STMicroelectronics USB_DEVICE 2.0.0
2023-12-14 09:58:06,318 [INFO] ThirdParty:1030 - CMSIS Pack Vendor :STMicroelectronics X-CUBE-MEMS1 9.6.0
2023-12-14 09:58:06,318 [INFO] ThirdParty:1030 - CMSIS Pack Vendor :STMicroelectronics X-CUBE-EEPRMA1 4.2.0
2023-12-14 09:58:06,318 [INFO] ThirdParty:1030 - CMSIS Pack Vendor :ITTIA_DB I-CUBE-ITTIADB 8.8.0
2023-12-14 09:58:06,318 [INFO] ThirdParty:1030 - CMSIS Pack Vendor :STMicroelectronics FP-SNS-MOTENV1 4.3.2
2023-12-14 09:58:06,318 [INFO] ThirdParty:1030 - CMSIS Pack Vendor :STMicroelectronics X-CUBE-ALGOBUILD 1.3.0
2023-12-14 09:58:06,318 [INFO] ThirdParty:1030 - CMSIS Pack Vendor :STMicroelectronics FreeRTOS 0.0.1
2023-12-14 09:58:06,318 [INFO] ThirdParty:1030 - CMSIS Pack Vendor :STMicroelectronics X-CUBE-AZRTOS-G0 1.1.0
2023-12-14 09:58:06,318 [INFO] ThirdParty:1030 - CMSIS Pack Vendor :STMicroelectronics X-CUBE-BLEMGR 2.0.0
2023-12-14 09:58:06,318 [INFO] ThirdParty:1030 - CMSIS Pack Vendor :STMicroelectronics X-CUBE-NFC4 3.0.0
2023-12-14 09:58:06,318 [INFO] ThirdParty:1030 - CMSIS Pack Vendor :STMicroelectronics X-CUBE-SUBG2 5.0.0
2023-12-14 09:58:06,320 [INFO] ThirdParty:1030 - CMSIS Pack Vendor :STMicroelectronics STM32_WPAN 1.0.0
2023-12-14 09:58:06,320 [INFO] ThirdParty:1030 - CMSIS Pack Vendor :STMicroelectronics lwIP 2.0.3
2023-12-14 09:58:06,320 [INFO] ThirdParty:1030 - CMSIS Pack Vendor :STMicroelectronics FP-SNS-FLIGHT1 5.0.2
2023-12-14 09:58:06,320 [INFO] ThirdParty:1030 - CMSIS Pack Vendor :STMicroelectronics USB_HOST 1.0.0
2023-12-14 09:58:06,320 [INFO] ThirdParty:1030 - CMSIS Pack Vendor :STMicroelectronics X-CUBE-TOF1 3.3.1
2023-12-14 09:58:06,320 [INFO] ThirdParty:1030 - CMSIS Pack Vendor :STMicroelectronics X-CUBE-AZRTOS-G4 2.0.0
2023-12-14 09:58:06,320 [INFO] ThirdParty:1030 - CMSIS Pack Vendor :STMicroelectronics PDM2PCM 3.1.0
2023-12-14 09:58:06,320 [INFO] ThirdParty:1030 - CMSIS Pack Vendor :STMicroelectronics X-CUBE-AZRTOS-H7 3.1.0
2023-12-14 09:58:06,320 [INFO] ThirdParty:1030 - CMSIS Pack Vendor :Infineon AIROC-Wi-Fi-Bluetooth-STM32 1.5.1
2023-12-14 09:58:06,321 [INFO] ThirdParty:1030 - CMSIS Pack Vendor :STMicroelectronics X-CUBE-BLEMGR 3.0.0
2023-12-14 09:58:06,321 [INFO] ThirdParty:1030 - CMSIS Pack Vendor :STMicroelectronics PDM2PCM 3.3.0
2023-12-14 09:58:06,321 [INFO] ThirdParty:1030 - CMSIS Pack Vendor :STMicroelectronics X-CUBE-DISPLAY 3.0.0
2023-12-14 09:58:06,321 [INFO] ThirdParty:1030 - CMSIS Pack Vendor :STMicroelectronics FP-SNS-MOTENVWB1 1.3.0
2023-12-14 09:58:06,321 [INFO] ThirdParty:1030 - CMSIS Pack Vendor :STMicroelectronics FP-SNS-MOTENVWB1 1.3.1
2023-12-14 09:58:06,321 [INFO] ThirdParty:1030 - CMSIS Pack Vendor :STMicroelectronics X-CUBE-BLE1 7.0.0
2023-12-14 09:58:06,321 [INFO] ThirdParty:1030 - CMSIS Pack Vendor :STMicroelectronics FP-ATR-SIGFOX1 3.2.0
2023-12-14 09:58:06,321 [INFO] ThirdParty:1030 - CMSIS Pack Vendor :STMicroelectronics HAL Drivers 0.0.0
2023-12-14 09:58:06,322 [INFO] ThirdParty:1030 - CMSIS Pack Vendor :STMicroelectronics MBEDTLS 2.16.2
2023-12-14 09:58:06,322 [INFO] ThirdParty:1030 - CMSIS Pack Vendor :emotas I-CUBE-CANOPEN 1.3.0
2023-12-14 09:58:06,322 [INFO] ThirdParty:1030 - CMSIS Pack Vendor :STMicroelectronics X-CUBE-MEMS1 10.0.0
2023-12-14 09:58:06,322 [INFO] ThirdParty:1030 - CMSIS Pack Vendor :STMicroelectronics X-CUBE-FREERTOS 1.1.0
2023-12-14 09:58:06,322 [INFO] ThirdParty:1030 - CMSIS Pack Vendor :STMicroelectronics X-CUBE-TOUCHGFX 4.22.0
2023-12-14 09:58:06,322 [INFO] ThirdParty:1030 - CMSIS Pack Vendor :STMicroelectronics X-CUBE-NFC7 1.0.1
2023-12-14 09:58:06,322 [INFO] ThirdParty:1030 - CMSIS Pack Vendor :STMicroelectronics MBEDTLS 2.14.1
2023-12-14 09:58:06,322 [INFO] ThirdParty:1030 - CMSIS Pack Vendor :STMicroelectronics X-CUBE-TOUCHGFX 4.22.1
2023-12-14 09:58:06,322 [INFO] ThirdParty:1030 - CMSIS Pack Vendor :STMicroelectronics X-CUBE-NFC6 3.0.0
2023-12-14 09:58:06,322 [INFO] ThirdParty:1030 - CMSIS Pack Vendor :STMicroelectronics X-CUBE-EEPRMA1 4.1.0
2023-12-14 09:58:06,324 [INFO] ThirdParty:1030 - CMSIS Pack Vendor :portGmbH I-Cube-SoM-uGOAL 1.1.0
2023-12-14 09:58:06,326 [INFO] ThirdParty:1030 - CMSIS Pack Vendor :STMicroelectronics X-CUBE-ALS 1.0.1
2023-12-14 09:58:06,330 [INFO] ThirdParty:1030 - CMSIS Pack Vendor :STMicroelectronics ThreadX 1.0.0
2023-12-14 09:58:06,333 [INFO] ThirdParty:1030 - CMSIS Pack Vendor :STMicroelectronics FP-SNS-SMARTAG2 1.2.0
2023-12-14 09:58:06,333 [INFO] ThirdParty:1030 - CMSIS Pack Vendor :STMicroelectronics X-CUBE-AZRTOS-WL 2.0.0
2023-12-14 09:58:06,333 [INFO] ThirdParty:1030 - CMSIS Pack Vendor :SEGGER I-CUBE-embOS 1.3.1
2023-12-14 09:58:06,333 [INFO] ThirdParty:1030 - CMSIS Pack Vendor :STMicroelectronics USB_DEVICE 1.0.0
2023-12-14 09:58:06,333 [INFO] ThirdParty:1030 - CMSIS Pack Vendor :STMicroelectronics X-CUBE-AI 8.1.0
2023-12-14 09:58:06,333 [INFO] ThirdParty:1030 - CMSIS Pack Vendor :STMicroelectronics X-CUBE-AZRTOS-L4 2.0.0
2023-12-14 09:58:06,333 [INFO] ThirdParty:1030 - CMSIS Pack Vendor :STMicroelectronics ThreadX 0.0.2
2023-12-14 09:58:06,333 [INFO] ThirdParty:1030 - CMSIS Pack Vendor :WES I-CUBE-Cesium 1.3.0
2023-12-14 09:58:06,333 [INFO] ThirdParty:1030 - CMSIS Pack Vendor :STMicroelectronics FP-ATR-ASTRA1 2.0.0
2023-12-14 09:58:06,334 [INFO] ThirdParty:1030 - CMSIS Pack Vendor :STMicroelectronics lwIP 2.1.2
2023-12-14 09:58:06,334 [INFO] ThirdParty:1030 - CMSIS Pack Vendor :STMicroelectronics X-CUBE-SFXS2LP1 4.0.0
2023-12-14 09:58:06,334 [INFO] ThirdParty:1030 - CMSIS Pack Vendor :STMicroelectronics X-CUBE-BLE2 3.3.0
2023-12-14 09:58:06,334 [INFO] ThirdParty:1030 - CMSIS Pack Vendor :STMicroelectronics X-CUBE-TOF1 3.4.0
2023-12-14 09:58:06,334 [INFO] ThirdParty:1030 - CMSIS Pack Vendor :STMicroelectronics PDM2PCM 3.2.0
2023-12-14 09:58:06,334 [INFO] ThirdParty:841 - exiting critical section [change project]
2023-12-14 09:58:07,150 [INFO] PinOutPanel:1499 - setPackage(No Configuration,No Configuration)
2023-12-14 09:58:07,193 [INFO] PinOutPanel:1499 - setPackage(STM32F103C8Tx,LQFP48)
2023-12-14 09:58:09,516 [INFO] UtilMem:75 - Before build in PCC Used Memory: 802595192 Bytes (1073741824)
2023-12-14 09:58:12,621 [INFO] UtilMem:75 - After build in PCC Used Memory: 532460032 Bytes (1073741824)
2023-12-14 09:58:12,678 [INFO] IPUIPlugin:80 - create IPUIPlugin
2023-12-14 09:58:12,678 [INFO] IPUIPlugin:80 - create IPUIPlugin
2023-12-14 09:58:12,678 [INFO] IPUIPlugin:80 - create IPUIPlugin
2023-12-14 09:58:12,679 [INFO] IPUIPlugin:80 - create IPUIPlugin
2023-12-14 09:58:12,679 [INFO] IPUIPlugin:80 - create IPUIPlugin
2023-12-14 09:58:12,679 [INFO] IPUIPlugin:80 - create IPUIPlugin
2023-12-14 09:58:12,679 [INFO] IPUIPlugin:80 - create IPUIPlugin
2023-12-14 09:58:12,679 [INFO] IPUIPlugin:80 - create IPUIPlugin
2023-12-14 09:58:12,680 [INFO] IPUIPlugin:80 - create IPUIPlugin
2023-12-14 09:58:12,680 [INFO] IPUIPlugin:80 - create IPUIPlugin
2023-12-14 09:58:12,680 [INFO] IPUIPlugin:80 - create IPUIPlugin
2023-12-14 09:58:12,680 [INFO] IPUIPlugin:80 - create IPUIPlugin
2023-12-14 09:58:12,681 [INFO] IPUIPlugin:80 - create IPUIPlugin
2023-12-14 09:58:12,683 [INFO] IPUIPlugin:80 - create IPUIPlugin
2023-12-14 09:58:12,683 [INFO] IPUIPlugin:80 - create IPUIPlugin
2023-12-14 09:58:12,683 [INFO] IPUIPlugin:80 - create IPUIPlugin
2023-12-14 09:58:12,684 [INFO] IPUIPlugin:80 - create IPUIPlugin
2023-12-14 09:58:12,684 [INFO] IPUIPlugin:80 - create IPUIPlugin
2023-12-14 09:58:12,684 [INFO] IPUIPlugin:80 - create IPUIPlugin
2023-12-14 09:58:12,684 [INFO] IPUIPlugin:80 - create IPUIPlugin
2023-12-14 09:58:12,685 [INFO] IPUIPlugin:80 - create IPUIPlugin
2023-12-14 09:58:12,685 [INFO] IPUIPlugin:80 - create IPUIPlugin
2023-12-14 09:58:12,685 [INFO] IPUIPlugin:80 - create IPUIPlugin
2023-12-14 09:58:12,686 [INFO] IPUIPlugin:80 - create IPUIPlugin
2023-12-14 09:58:12,686 [INFO] IPUIPlugin:80 - create IPUIPlugin
2023-12-14 09:58:12,687 [INFO] IPUIPlugin:80 - create IPUIPlugin
2023-12-14 09:58:12,687 [INFO] IPUIPlugin:80 - create IPUIPlugin
2023-12-14 09:58:12,719 [WARN] IP:2114 - I2C_Coeff_DF not found: check if there is a RefParameter without a condition.
2023-12-14 09:58:12,720 [WARN] IP:2114 - Analog_Filter not found: check if there is a RefParameter without a condition.
2023-12-14 09:58:13,300 [INFO] CADModel:165 - CPN selected for project levelSTM32F103C8T6
2023-12-14 09:58:13,300 [INFO] CADModel:114 - Register for checkConnection events
2023-12-14 09:58:13,377 [INFO] OpenFileManager:328 - Restore cursor
2023-12-14 09:58:13,652 [WARN] IP:2114 - I2C_Coeff_DF not found: check if there is a RefParameter without a condition.
2023-12-14 09:58:13,652 [WARN] IP:2114 - Analog_Filter not found: check if there is a RefParameter without a condition.
2023-12-14 09:58:13,653 [WARN] IP:2114 - I2C_Coeff_DF not found: check if there is a RefParameter without a condition.
2023-12-14 09:58:13,653 [WARN] IP:2114 - Analog_Filter not found: check if there is a RefParameter without a condition.
2023-12-14 10:18:42,965 [INFO] Activator:176 - 


2023-12-14 10:18:42,971 [INFO] Activator:177 - !SESSION log4j initialized
2023-12-14 10:18:55,488 [INFO] LogOutputStream:77 - [STDOUT_REDIRECT] 
2023-12-14 10:18:58,211 [INFO] ApplicationProperties:184 - Using Application install path: C:\ST\STM32CubeIDE_1.12.1\STM32CubeIDE\plugins\com.st.stm32cube.common.mx_6.9.2.202309101412
2023-12-14 10:18:58,311 [INFO] DbMcusXml:78 - Set database path to: C:\ST\STM32CubeIDE_1.12.1\STM32CubeIDE\plugins\com.st.stm32cube.common.mx_6.9.2.202309101412\\db\/mcu/
2023-12-14 10:18:58,312 [INFO] ApiDb:274 - Set plugin database path to: C:\ST\STM32CubeIDE_1.12.1\STM32CubeIDE\plugins\com.st.stm32cube.common.mx_6.9.2.202309101412\\db\/plugins/boardmanager/
2023-12-14 10:18:58,313 [WARN] ApiDb:259 - Overriding images path with different value:  => C:\ST\STM32CubeIDE_1.12.1\STM32CubeIDE\plugins\com.st.stm32cube.common.mx_6.9.2.202309101412\\db\/plugins/mcufinder/images/
2023-12-14 10:18:58,341 [INFO] ApiDb:250 - Set database path to: C:\Users\TAMRD\.stmcufinder\plugins\mcufinder//mcu/
2023-12-14 10:18:58,342 [INFO] DbMcusAds:125 - Set database path to: C:\Users\TAMRD\.stmcufinder\plugins\mcufinder//mcu/
2023-12-14 10:18:58,345 [INFO] CrossReferenceDbSqlite:203 - Set database path to: C:\Users\TAMRD\.stmcufinder\plugins\mcufinder//mcu/cs/
2023-12-14 10:18:58,605 [INFO] RulesReader:64 - Compatibility file has been processed (293 Rules)
2023-12-14 10:18:58,930 [INFO] DbMcusXml:78 - Set database path to: C:\ST\STM32CubeIDE_1.12.1\STM32CubeIDE\plugins\com.st.stm32cube.common.mx_6.9.2.202309101412\\db\/mcu/
2023-12-14 10:18:58,930 [INFO] ApiDb:274 - Set plugin database path to: C:\ST\STM32CubeIDE_1.12.1\STM32CubeIDE\plugins\com.st.stm32cube.common.mx_6.9.2.202309101412\\db\/plugins/boardmanager/
2023-12-14 10:18:58,931 [INFO] ApiDb:261 - Set plugin images path to: C:\ST\STM32CubeIDE_1.12.1\STM32CubeIDE\plugins\com.st.stm32cube.common.mx_6.9.2.202309101412\\db\/plugins/mcufinder/images/
2023-12-14 10:18:58,931 [WARN] DbFile:41 - Overriding database path with different value: C:\Users\TAMRD\.stmcufinder\plugins\mcufinder/ => C:\Users\TAMRD\.stmcufinder\plugins\mcufinder
2023-12-14 10:18:58,931 [INFO] ApiDb:250 - Set database path to: C:\Users\TAMRD\.stmcufinder\plugins\mcufinder//mcu/
2023-12-14 10:18:58,932 [WARN] DbFile:41 - Overriding database path with different value: C:\Users\TAMRD\.stmcufinder\plugins\mcufinder/ => C:\Users\TAMRD\.stmcufinder\plugins\mcufinder
2023-12-14 10:18:58,932 [INFO] DbMcusAds:125 - Set database path to: C:\Users\TAMRD\.stmcufinder\plugins\mcufinder//mcu/
2023-12-14 10:18:58,932 [WARN] DbFile:41 - Overriding database path with different value: C:\Users\TAMRD\.stmcufinder\plugins\mcufinder/ => C:\Users\TAMRD\.stmcufinder\plugins\mcufinder
2023-12-14 10:18:58,932 [WARN] DbFile:41 - Overriding database path with different value: C:\Users\TAMRD\.stmcufinder\plugins\mcufinder/ => C:\Users\TAMRD\.stmcufinder\plugins\mcufinder
2023-12-14 10:18:58,932 [INFO] CrossReferenceDbSqlite:203 - Set database path to: C:\Users\TAMRD\.stmcufinder\plugins\mcufinder//mcu/cs/
2023-12-14 10:18:59,184 [INFO] MainPanel:262 - HeapMemory: 268435456
2023-12-14 10:18:59,470 [INFO] DbMcusXml:78 - Set database path to: C:\ST\STM32CubeIDE_1.12.1\STM32CubeIDE\plugins\com.st.stm32cube.common.mx_6.9.2.202309101412\\db\/mcu/
2023-12-14 10:18:59,470 [INFO] ApiDb:274 - Set plugin database path to: C:\ST\STM32CubeIDE_1.12.1\STM32CubeIDE\plugins\com.st.stm32cube.common.mx_6.9.2.202309101412\\db\/plugins/boardmanager/
2023-12-14 10:18:59,470 [INFO] ApiDb:261 - Set plugin images path to: C:\ST\STM32CubeIDE_1.12.1\STM32CubeIDE\plugins\com.st.stm32cube.common.mx_6.9.2.202309101412\\db\/plugins/mcufinder/images/
2023-12-14 10:18:59,471 [WARN] DbFile:41 - Overriding database path with different value: C:\Users\TAMRD\.stmcufinder\plugins\mcufinder/ => C:\Users\TAMRD\.stmcufinder\plugins\mcufinder
2023-12-14 10:18:59,471 [INFO] ApiDb:250 - Set database path to: C:\Users\TAMRD\.stmcufinder\plugins\mcufinder//mcu/
2023-12-14 10:18:59,471 [WARN] DbFile:41 - Overriding database path with different value: C:\Users\TAMRD\.stmcufinder\plugins\mcufinder/ => C:\Users\TAMRD\.stmcufinder\plugins\mcufinder
2023-12-14 10:18:59,471 [INFO] DbMcusAds:125 - Set database path to: C:\Users\TAMRD\.stmcufinder\plugins\mcufinder//mcu/
2023-12-14 10:18:59,471 [WARN] DbFile:41 - Overriding database path with different value: C:\Users\TAMRD\.stmcufinder\plugins\mcufinder/ => C:\Users\TAMRD\.stmcufinder\plugins\mcufinder
2023-12-14 10:18:59,472 [WARN] DbFile:41 - Overriding database path with different value: C:\Users\TAMRD\.stmcufinder\plugins\mcufinder/ => C:\Users\TAMRD\.stmcufinder\plugins\mcufinder
2023-12-14 10:18:59,472 [INFO] CrossReferenceDbSqlite:203 - Set database path to: C:\Users\TAMRD\.stmcufinder\plugins\mcufinder//mcu/cs/
2023-12-14 10:18:59,502 [INFO] ApplicationProperties:184 - Using Application install path: C:\ST\STM32CubeIDE_1.12.1\STM32CubeIDE\plugins\com.st.stm32cube.common.mx_6.9.2.202309101412
2023-12-14 10:18:59,504 [INFO] PluginManage:196 - Search for loadable plugins [exclusion list=, ]
2023-12-14 10:18:59,506 [INFO] PluginManage:310 - Check plugin analytics
2023-12-14 10:19:00,323 [INFO] AnalyticsPlugin:253 - Accepted Software Licenses: 
2023-12-14 10:19:00,324 [INFO] AnalyticsPlugin:255 - Accepted CMSIS Pack Licenses: 
2023-12-14 10:19:00,324 [INFO] AnalyticsPlugin:257 - Accepted Firmware Licenses: 
2023-12-14 10:19:00,334 [INFO] PluginManage:359 - Loaded plugin analytics (category:tool,tabindex:-1)
2023-12-14 10:19:00,335 [INFO] PluginManage:310 - Check plugin cadmodel
2023-12-14 10:19:00,355 [INFO] CADModel:105 - Init CAD model plugin
2023-12-14 10:19:00,355 [INFO] PluginManage:359 - Loaded plugin cadmodel (category:power,tabindex:5)
2023-12-14 10:19:00,355 [INFO] PluginManage:310 - Check plugin clock
2023-12-14 10:19:00,392 [INFO] PluginManage:359 - Loaded plugin clock (category:base,tabindex:2)
2023-12-14 10:19:00,392 [INFO] PluginManage:310 - Check plugin ddr
2023-12-14 10:19:00,395 [INFO] PluginManage:359 - Loaded plugin ddr (category:tool,tabindex:6)
2023-12-14 10:19:00,408 [INFO] PluginManage:310 - Check plugin filemanager
2023-12-14 10:19:00,745 [INFO] PluginManage:359 - Loaded plugin filemanager (category:base,tabindex:10)
2023-12-14 10:19:00,745 [INFO] PluginManage:310 - Check plugin ipmanager
2023-12-14 10:19:00,762 [INFO] PluginManage:359 - Loaded plugin ipmanager (category:base,tabindex:5)
2023-12-14 10:19:00,762 [INFO] PluginManage:310 - Check plugin lpbam
2023-12-14 10:19:00,777 [INFO] PluginManage:359 - Loaded plugin lpbam (category:base,tabindex:0)
2023-12-14 10:19:00,777 [INFO] PluginManage:310 - Check plugin memorymap
2023-12-14 10:19:00,849 [INFO] PluginManage:359 - Loaded plugin memorymap (category:base,tabindex:4)
2023-12-14 10:19:00,850 [INFO] PluginManage:310 - Check plugin pinoutandconfiguration
2023-12-14 10:19:00,857 [INFO] PluginManage:359 - Loaded plugin pinoutandconfiguration (category:base,tabindex:1)
2023-12-14 10:19:00,857 [INFO] PluginManage:310 - Check plugin pinoutconfig
2023-12-14 10:19:01,118 [WARN] SupportedApi:132 - Cannot load RTOS API schema: s4s-elt-must-match.1: The content of 'definitions' must match (annotation?, (simpleType | complexType)?, (unique | key | keyref)*)). A problem was found starting at: attribute.
2023-12-14 10:19:01,466 [INFO] PluginManage:359 - Loaded plugin pinoutconfig (category:base,tabindex:0)
2023-12-14 10:19:01,466 [INFO] PluginManage:310 - Check plugin power
2023-12-14 10:19:01,510 [INFO] PluginManage:359 - Loaded plugin power (category:power,tabindex:4)
2023-12-14 10:19:01,510 [INFO] PluginManage:310 - Check plugin projectmanager
2023-12-14 10:19:01,544 [INFO] PluginManage:359 - Loaded plugin projectmanager (category:projectmanager,tabindex:3)
2023-12-14 10:19:01,545 [INFO] PluginManage:310 - Check plugin thirdparty
2023-12-14 10:19:01,990 [INFO] PluginManage:359 - Loaded plugin thirdparty (category:base,tabindex:-1)
2023-12-14 10:19:01,990 [INFO] PluginManage:310 - Check plugin tools
2023-12-14 10:19:01,994 [INFO] PluginManage:359 - Loaded plugin tools (category:base,tabindex:7)
2023-12-14 10:19:01,995 [INFO] PluginManage:310 - Check plugin tutovideos
2023-12-14 10:19:02,106 [WARN] IntegrityCheckThread:84 - waiting for thirdparty lock release [integrity check]
2023-12-14 10:19:02,106 [INFO] IntegrityCheckThread:86 - entering critical section [integrity check]
2023-12-14 10:19:02,110 [INFO] ThirdPartyUpdaterWithRetryManager:70 - Updater plugin not ready yet. [1/15]
2023-12-14 10:19:02,583 [INFO] PluginManage:359 - Loaded plugin tutovideos (category:base,tabindex:-1)
2023-12-14 10:19:02,584 [INFO] PluginManage:310 - Check plugin updater
2023-12-14 10:19:02,610 [INFO] PluginManage:359 - Loaded plugin updater (category:base,tabindex:12)
2023-12-14 10:19:02,610 [INFO] PluginManage:310 - Check plugin userauth
2023-12-14 10:19:02,629 [INFO] UserAuth:113 - Init User Auth plugin
2023-12-14 10:19:02,629 [INFO] PluginManage:359 - Loaded plugin userauth (category:base,tabindex:14)
2023-12-14 10:19:02,632 [INFO] PluginManage:283 - PluginManage : Loaded plugins [17]
2023-12-14 10:19:03,583 [INFO] PinOutPanel:1499 - setPackage(No Configuration,No Configuration)
2023-12-14 10:19:03,874 [INFO] CADModel:165 - CPN selected for project level
2023-12-14 10:19:03,874 [INFO] CADModel:114 - Register for checkConnection events
2023-12-14 10:19:03,927 [INFO] IPUIPlugin:80 - create IPUIPlugin
2023-12-14 10:19:03,927 [INFO] PluginManager:220 - loadIPPluginJar : add adc
2023-12-14 10:19:03,931 [INFO] IPUIPlugin:80 - create IPUIPlugin
2023-12-14 10:19:03,931 [INFO] PluginManager:220 - loadIPPluginJar : add aes
2023-12-14 10:19:03,933 [INFO] IPUIPlugin:80 - create IPUIPlugin
2023-12-14 10:19:03,934 [INFO] PluginManager:220 - loadIPPluginJar : add can
2023-12-14 10:19:03,936 [INFO] IPUIPlugin:80 - create IPUIPlugin
2023-12-14 10:19:03,936 [INFO] PluginManager:220 - loadIPPluginJar : add comp
2023-12-14 10:19:03,938 [INFO] IPUIPlugin:80 - create IPUIPlugin
2023-12-14 10:19:03,939 [INFO] PluginManager:220 - loadIPPluginJar : add cryp
2023-12-14 10:19:03,941 [INFO] IPUIPlugin:80 - create IPUIPlugin
2023-12-14 10:19:03,941 [INFO] PluginManager:220 - loadIPPluginJar : add dfsdm
2023-12-14 10:19:03,948 [INFO] IPUIPlugin:80 - create IPUIPlugin
2023-12-14 10:19:03,949 [INFO] PluginManager:220 - loadIPPluginJar : add dma
2023-12-14 10:19:03,951 [INFO] IPUIPlugin:80 - create IPUIPlugin
2023-12-14 10:19:03,952 [INFO] PluginManager:220 - loadIPPluginJar : add dma3
2023-12-14 10:19:03,954 [INFO] IPUIPlugin:80 - create IPUIPlugin
2023-12-14 10:19:03,954 [INFO] PluginManager:220 - loadIPPluginJar : add fatfs
2023-12-14 10:19:03,961 [INFO] IPUIPlugin:80 - create IPUIPlugin
2023-12-14 10:19:03,961 [INFO] PluginManager:220 - loadIPPluginJar : add fmc
2023-12-14 10:19:03,969 [INFO] IPUIPlugin:80 - create IPUIPlugin
2023-12-14 10:19:03,969 [INFO] PluginManager:220 - loadIPPluginJar : add freertos
2023-12-14 10:19:03,971 [INFO] IPUIPlugin:80 - create IPUIPlugin
2023-12-14 10:19:03,971 [INFO] PluginManager:220 - loadIPPluginJar : add genericplugin
2023-12-14 10:19:03,973 [INFO] IPUIPlugin:80 - create IPUIPlugin
2023-12-14 10:19:03,974 [INFO] PluginManager:220 - loadIPPluginJar : add gfxmmu
2023-12-14 10:19:03,981 [INFO] IPUIPlugin:80 - create IPUIPlugin
2023-12-14 10:19:03,982 [INFO] PluginManager:220 - loadIPPluginJar : add gic
2023-12-14 10:19:03,987 [INFO] IPUIPlugin:80 - create IPUIPlugin
2023-12-14 10:19:03,987 [INFO] PluginManager:220 - loadIPPluginJar : add gpio
2023-12-14 10:19:03,991 [INFO] IPUIPlugin:80 - create IPUIPlugin
2023-12-14 10:19:03,992 [INFO] PluginManager:220 - loadIPPluginJar : add gtzc
2023-12-14 10:19:03,995 [INFO] IPUIPlugin:80 - create IPUIPlugin
2023-12-14 10:19:03,995 [INFO] PluginManager:220 - loadIPPluginJar : add hash
2023-12-14 10:19:04,000 [INFO] IPUIPlugin:80 - create IPUIPlugin
2023-12-14 10:19:04,001 [INFO] PluginManager:220 - loadIPPluginJar : add i2c
2023-12-14 10:19:04,004 [INFO] IPUIPlugin:80 - create IPUIPlugin
2023-12-14 10:19:04,004 [INFO] PluginManager:220 - loadIPPluginJar : add i2s
2023-12-14 10:19:04,007 [INFO] IPUIPlugin:80 - create IPUIPlugin
2023-12-14 10:19:04,007 [INFO] PluginManager:220 - loadIPPluginJar : add i3c
2023-12-14 10:19:04,017 [INFO] IPUIPlugin:80 - create IPUIPlugin
2023-12-14 10:19:04,020 [INFO] PluginManager:220 - loadIPPluginJar : add ipddr
2023-12-14 10:19:04,055 [INFO] IPUIPlugin:80 - create IPUIPlugin
2023-12-14 10:19:04,056 [INFO] PluginManager:220 - loadIPPluginJar : add linkedlist
2023-12-14 10:19:04,059 [INFO] IPUIPlugin:80 - create IPUIPlugin
2023-12-14 10:19:04,060 [INFO] PluginManager:220 - loadIPPluginJar : add lorawan
2023-12-14 10:19:04,062 [INFO] IPUIPlugin:80 - create IPUIPlugin
2023-12-14 10:19:04,062 [INFO] PluginManager:220 - loadIPPluginJar : add ltdc
2023-12-14 10:19:04,074 [INFO] IPUIPlugin:80 - create IPUIPlugin
2023-12-14 10:19:04,077 [INFO] PluginManager:220 - loadIPPluginJar : add mdma
2023-12-14 10:19:04,083 [INFO] IPUIPlugin:80 - create IPUIPlugin
2023-12-14 10:19:04,083 [INFO] PluginManager:220 - loadIPPluginJar : add nvic
2023-12-14 10:19:04,087 [INFO] IPUIPlugin:80 - create IPUIPlugin
2023-12-14 10:19:04,087 [INFO] PluginManager:220 - loadIPPluginJar : add opamp
2023-12-14 10:19:04,091 [INFO] IPUIPlugin:80 - create IPUIPlugin
2023-12-14 10:19:04,092 [INFO] PluginManager:220 - loadIPPluginJar : add openamp
2023-12-14 10:19:04,095 [INFO] IPUIPlugin:80 - create IPUIPlugin
2023-12-14 10:19:04,096 [INFO] PluginManager:220 - loadIPPluginJar : add pdm2pcm
2023-12-14 10:19:04,104 [INFO] IPUIPlugin:80 - create IPUIPlugin
2023-12-14 10:19:04,106 [INFO] PluginManager:220 - loadIPPluginJar : add plateformsettings
2023-12-14 10:19:04,108 [INFO] IPUIPlugin:80 - create IPUIPlugin
2023-12-14 10:19:04,109 [INFO] PluginManager:220 - loadIPPluginJar : add quadspi
2023-12-14 10:19:04,133 [INFO] IPUIPlugin:80 - create IPUIPlugin
2023-12-14 10:19:04,133 [INFO] PluginManager:220 - loadIPPluginJar : add resmgrutility
2023-12-14 10:19:04,137 [INFO] IPUIPlugin:80 - create IPUIPlugin
2023-12-14 10:19:04,137 [INFO] PluginManager:220 - loadIPPluginJar : add sai
2023-12-14 10:19:04,140 [INFO] IPUIPlugin:80 - create IPUIPlugin
2023-12-14 10:19:04,141 [INFO] PluginManager:220 - loadIPPluginJar : add spi
2023-12-14 10:19:04,145 [INFO] IPUIPlugin:80 - create IPUIPlugin
2023-12-14 10:19:04,146 [INFO] PluginManager:220 - loadIPPluginJar : add stm32_wpan
2023-12-14 10:19:04,148 [INFO] IPUIPlugin:80 - create IPUIPlugin
2023-12-14 10:19:04,149 [INFO] PluginManager:220 - loadIPPluginJar : add tim
2023-12-14 10:19:04,153 [INFO] IPUIPlugin:80 - create IPUIPlugin
2023-12-14 10:19:04,153 [INFO] PluginManager:220 - loadIPPluginJar : add touchsensing
2023-12-14 10:19:04,155 [INFO] IPUIPlugin:80 - create IPUIPlugin
2023-12-14 10:19:04,156 [INFO] PluginManager:220 - loadIPPluginJar : add tracer_emb
2023-12-14 10:19:04,158 [INFO] IPUIPlugin:80 - create IPUIPlugin
2023-12-14 10:19:04,158 [INFO] PluginManager:220 - loadIPPluginJar : add ts
2023-12-14 10:19:04,160 [INFO] IPUIPlugin:80 - create IPUIPlugin
2023-12-14 10:19:04,160 [INFO] PluginManager:220 - loadIPPluginJar : add tsc
2023-12-14 10:19:04,162 [INFO] IPUIPlugin:80 - create IPUIPlugin
2023-12-14 10:19:04,163 [INFO] PluginManager:220 - loadIPPluginJar : add ucpd
2023-12-14 10:19:04,167 [INFO] IPUIPlugin:80 - create IPUIPlugin
2023-12-14 10:19:04,167 [INFO] PluginManager:220 - loadIPPluginJar : add usart
2023-12-14 10:19:04,170 [INFO] IPUIPlugin:80 - create IPUIPlugin
2023-12-14 10:19:04,170 [INFO] PluginManager:220 - loadIPPluginJar : add usbx
2023-12-14 10:19:04,386 [INFO] CADModel:165 - CPN selected for project level
2023-12-14 10:19:04,386 [INFO] CADModel:114 - Register for checkConnection events
2023-12-14 10:19:04,388 [FATAL] Updater:308 - Updater called before beeing initialized
2023-12-14 10:19:04,388 [ERROR] CADModel:125 - Updater not yet initialized, retry later 
2023-12-14 10:19:04,914 [INFO] CADModel:165 - CPN selected for project level
2023-12-14 10:19:04,914 [INFO] CADModel:114 - Register for checkConnection events
2023-12-14 10:19:04,915 [FATAL] Updater:308 - Updater called before beeing initialized
2023-12-14 10:19:04,915 [ERROR] CADModel:125 - Updater not yet initialized, retry later 
2023-12-14 10:19:04,919 [FATAL] Updater:308 - Updater called before beeing initialized
2023-12-14 10:19:05,112 [INFO] ThirdPartyUpdaterWithRetryManager:70 - Updater plugin not ready yet. [2/15]
2023-12-14 10:19:05,161 [FATAL] Updater:308 - Updater called before beeing initialized
2023-12-14 10:19:05,182 [INFO] DbMcusAds:53 - JSON generation date=Tue Mar 07 15:50:55 ICT 2023 (1678179055335)
2023-12-14 10:19:05,182 [FATAL] Updater:308 - Updater called before beeing initialized
2023-12-14 10:19:05,261 [WARN] DetailPanel:346 - Failed to get advertising image, set to default
2023-12-14 10:19:05,376 [FATAL] Updater:308 - Updater called before beeing initialized
2023-12-14 10:19:05,378 [FATAL] Updater:308 - Updater called before beeing initialized
2023-12-14 10:19:05,378 [FATAL] Updater:308 - Updater called before beeing initialized
2023-12-14 10:19:05,379 [WARN] DetailPanel:346 - Failed to get advertising image, set to default
2023-12-14 10:19:05,380 [FATAL] Updater:308 - Updater called before beeing initialized
2023-12-14 10:19:05,457 [ERROR] Updater:1120 - MainUpdater not yet initialized. External WinMGr cannot be set.
2023-12-14 10:19:05,471 [INFO] Updater:1056 - Updater Version found : 6.9.2
2023-12-14 10:19:05,487 [INFO] ApplicationProperties:184 - Using Application install path: C:\ST\STM32CubeIDE_1.12.1\STM32CubeIDE\plugins\com.st.stm32cube.common.mx_6.9.2.202309101412
2023-12-14 10:19:05,926 [INFO] MainUpdater:2868 - connection check result : 10
2023-12-14 10:19:05,927 [INFO] MainUpdater:285 - Updater Check For Update Now.
2023-12-14 10:19:05,927 [INFO] MicroXplorer:498 - Change Database Version : DB.6.0.92
2023-12-14 10:19:05,945 [INFO] McuFinderGlobals:63 - Set McuFinder mode to 2 (CubeIDE integrated)
2023-12-14 10:19:06,497 [INFO] CheckServerUpdateThread:120 - End of CheckServer Thread
2023-12-14 10:19:08,375 [WARN] PackLoader:240 - Cannot read IP mode file for STMicroelectronics.X-CUBE-SMBUS.2.1.0
2023-12-14 10:19:08,400 [WARN] PackLoader:240 - Cannot read IP mode file for STMicroelectronics.X-CUBE-TOUCHGFX.4.23.0
2023-12-14 10:19:08,477 [WARN] PackLoader:240 - Cannot read IP mode file for STMicroelectronics.X-CUBE-AZRTOS-F7.1.1.0
2023-12-14 10:19:08,548 [WARN] PackLoader:240 - Cannot read IP mode file for STMicroelectronics.FP-SNS-MOTENV1.4.3.2
2023-12-14 10:19:08,567 [WARN] PackLoader:240 - Cannot read IP mode file for STMicroelectronics.FP-SNS-FLIGHT1.5.0.2
2023-12-14 10:19:08,590 [WARN] PackLoader:240 - Cannot read IP mode file for STMicroelectronics.X-CUBE-DISPLAY.3.0.0
2023-12-14 10:19:08,613 [WARN] PackLoader:240 - Cannot read IP mode file for STMicroelectronics.X-CUBE-BLE1.7.0.0
2023-12-14 10:19:08,654 [WARN] PackLoader:240 - Cannot read IP mode file for emotas.I-CUBE-CANOPEN.1.3.0
2023-12-14 10:19:08,664 [WARN] PackLoader:240 - Cannot read IP mode file for STMicroelectronics.X-CUBE-TOUCHGFX.4.22.0
2023-12-14 10:19:08,671 [WARN] PackLoader:240 - Cannot read IP mode file for STMicroelectronics.X-CUBE-TOUCHGFX.4.22.1
2023-12-14 10:19:08,686 [WARN] PackLoader:240 - Cannot read IP mode file for STMicroelectronics.FP-SNS-SMARTAG2.1.2.0
2023-12-14 10:19:08,711 [INFO] LogOutputStream:77 - [STDOUT_REDIRECT] 1 : Invalid condition id : UX_CORESTACK_Condition cause : null
2023-12-14 10:19:08,712 [INFO] LogOutputStream:77 - [STDOUT_REDIRECT] 1 : Invalid condition id : UX_CORESTACK_Condition cause : null
2023-12-14 10:19:08,714 [INFO] LogOutputStream:77 - [STDOUT_REDIRECT] 1 : Invalid condition id : UX_CORESTACK_Condition cause : null
2023-12-14 10:19:08,718 [INFO] LogOutputStream:77 - [STDOUT_REDIRECT] 1 : Invalid condition id : UX_CORESTACK_Condition cause : null
2023-12-14 10:19:08,719 [INFO] LogOutputStream:77 - [STDOUT_REDIRECT] 1 : Invalid condition id : UX_CORESTACK_Condition cause : null
2023-12-14 10:19:08,725 [WARN] PackLoader:240 - Cannot read IP mode file for STMicroelectronics.X-CUBE-AZRTOS-WL.2.0.0
2023-12-14 10:19:08,760 [WARN] PackLoader:240 - Cannot read IP mode file for WES.I-CUBE-Cesium.1.3.0
2023-12-14 10:19:08,789 [WARN] PackLoader:240 - Cannot read IP mode file for STMicroelectronics.X-CUBE-BLE2.3.3.0
2023-12-14 10:19:08,816 [WARN] PackLoader:240 - Cannot read IP mode file for STMicroelectronics.X-CUBE-ALGOBUILD.1.3.0
2023-12-14 10:19:08,851 [WARN] PackLoader:240 - Cannot read IP mode file for STMicroelectronics.X-CUBE-AZRTOS-G0.1.1.0
2023-12-14 10:19:08,882 [WARN] PackLoader:240 - Cannot read IP mode file for STMicroelectronics.X-CUBE-NFC4.3.0.0
2023-12-14 10:19:08,922 [WARN] PackLoader:240 - Cannot read IP mode file for STMicroelectronics.X-CUBE-BLEMGR.3.0.0
2023-12-14 10:19:08,939 [WARN] PackLoader:240 - Cannot read IP mode file for STMicroelectronics.FP-ATR-SIGFOX1.3.2.0
2023-12-14 10:19:08,997 [WARN] PackLoader:240 - Cannot read IP mode file for SEGGER.I-CUBE-embOS.1.3.1
2023-12-14 10:19:09,106 [WARN] PackLoader:240 - Cannot read IP mode file for STMicroelectronics.X-CUBE-GNSS1.6.0.0
2023-12-14 10:19:09,135 [WARN] PackLoader:240 - Cannot read IP mode file for STMicroelectronics.X-CUBE-AZRTOS-F4.1.1.0
2023-12-14 10:19:09,147 [WARN] PackLoader:240 - Cannot read IP mode file for wolfSSL.I-CUBE-wolfSSL.5.6.3
2023-12-14 10:19:09,214 [WARN] PackLoader:240 - Cannot read IP mode file for STMicroelectronics.X-CUBE-AZRTOS-L5.2.0.0
2023-12-14 10:19:09,352 [WARN] PackLoader:240 - Cannot read IP mode file for STMicroelectronics.X-CUBE-MEMS1.9.6.0
2023-12-14 10:19:10,015 [WARN] PackLoader:240 - Cannot read IP mode file for STMicroelectronics.X-CUBE-EEPRMA1.4.2.0
2023-12-14 10:19:10,028 [WARN] PackLoader:240 - Cannot read IP mode file for ITTIA_DB.I-CUBE-ITTIADB.8.8.0
2023-12-14 10:19:10,042 [WARN] PackLoader:240 - Cannot read IP mode file for STMicroelectronics.X-CUBE-BLEMGR.2.0.0
2023-12-14 10:19:10,080 [WARN] ConditionMgr:438 - getConditionDescription Invalid condition id : UX DEVICE CLASS RTOS Condition cause : null
2023-12-14 10:19:10,081 [WARN] ConditionMgr:438 - getConditionDescription Invalid condition id : UX DEVICE CLASS RTOS Condition cause : null
2023-12-14 10:19:10,086 [WARN] PackLoader:240 - Cannot read IP mode file for STMicroelectronics.X-CUBE-AZRTOS-H7.3.1.0
2023-12-14 10:19:10,088 [WARN] ConditionMgr:1039 - genDependencies : Invalid condition id : UX DEVICE CLASS RTOS Condition cause : null
2023-12-14 10:19:10,088 [WARN] ConditionMgr:1039 - genDependencies : Invalid condition id : UX DEVICE CLASS RTOS Condition cause : null
2023-12-14 10:19:10,089 [WARN] ConditionMgr:1039 - genDependencies : Invalid condition id : UX DEVICE CLASS RTOS Condition cause : null
2023-12-14 10:19:10,090 [WARN] ConditionMgr:1039 - genDependencies : Invalid condition id : UX DEVICE CLASS RTOS Condition cause : null
2023-12-14 10:19:10,090 [WARN] ConditionMgr:1039 - genDependencies : Invalid condition id : UX DEVICE CLASS RTOS Condition cause : null
2023-12-14 10:19:10,097 [WARN] PackLoader:240 - Cannot read IP mode file for STMicroelectronics.X-CUBE-NFC7.1.0.1
2023-12-14 10:19:10,121 [WARN] PackLoader:240 - Cannot read IP mode file for STMicroelectronics.X-CUBE-NFC6.3.0.0
2023-12-14 10:19:10,136 [WARN] PackLoader:240 - Cannot read IP mode file for STMicroelectronics.X-CUBE-EEPRMA1.4.1.0
2023-12-14 10:19:10,165 [WARN] PackLoader:240 - Cannot read IP mode file for STMicroelectronics.X-CUBE-AI.8.1.0
2023-12-14 10:19:10,220 [WARN] ConditionMgr:438 - getConditionDescription Invalid condition id : LAN8742 Phy interface Condition cause : null
2023-12-14 10:19:10,220 [WARN] PackLoader:240 - Cannot read IP mode file for STMicroelectronics.X-CUBE-AZRTOS-L4.2.0.0
2023-12-14 10:19:10,242 [WARN] ConditionMgr:1039 - genDependencies : Invalid condition id : LAN8742 Phy interface Condition cause : null
2023-12-14 10:19:10,243 [WARN] ConditionMgr:1039 - genDependencies : Invalid condition id : LAN8742 Phy interface Condition cause : null
2023-12-14 10:19:10,243 [WARN] ConditionMgr:1039 - genDependencies : Invalid condition id : LAN8742 Phy interface Condition cause : null
2023-12-14 10:19:10,261 [WARN] PackLoader:240 - Cannot read IP mode file for STMicroelectronics.X-CUBE-SFXS2LP1.4.0.0
2023-12-14 10:19:10,281 [WARN] PackLoader:240 - Cannot read IP mode file for STMicroelectronics.X-CUBE-ISPU.1.1.0
2023-12-14 10:19:10,348 [WARN] ConditionMgr:438 - getConditionDescription Invalid condition id : UX DEVICE CLASS RTOS Condition cause : null
2023-12-14 10:19:10,348 [WARN] ConditionMgr:438 - getConditionDescription Invalid condition id : UX DEVICE CLASS RTOS Condition cause : null
2023-12-14 10:19:10,350 [WARN] PackLoader:240 - Cannot read IP mode file for STMicroelectronics.X-CUBE-AZRTOS-WB.2.0.0
2023-12-14 10:19:10,351 [WARN] ConditionMgr:1039 - genDependencies : Invalid condition id : UX DEVICE CLASS RTOS Condition cause : null
2023-12-14 10:19:10,351 [WARN] ConditionMgr:1039 - genDependencies : Invalid condition id : UX DEVICE CLASS RTOS Condition cause : null
2023-12-14 10:19:10,352 [WARN] ConditionMgr:1039 - genDependencies : Invalid condition id : UX DEVICE CLASS RTOS Condition cause : null
2023-12-14 10:19:10,352 [WARN] ConditionMgr:1039 - genDependencies : Invalid condition id : UX DEVICE CLASS RTOS Condition cause : null
2023-12-14 10:19:10,353 [WARN] ConditionMgr:1039 - genDependencies : Invalid condition id : UX DEVICE CLASS RTOS Condition cause : null
2023-12-14 10:19:10,365 [WARN] PackLoader:240 - Cannot read IP mode file for STMicroelectronics.X-CUBE-SUBG2.5.0.0
2023-12-14 10:19:10,384 [WARN] PackLoader:240 - Cannot read IP mode file for STMicroelectronics.X-CUBE-TOF1.3.3.1
2023-12-14 10:19:10,417 [WARN] PackLoader:240 - Cannot read IP mode file for STMicroelectronics.X-CUBE-AZRTOS-G4.2.0.0
2023-12-14 10:19:10,540 [WARN] PackLoader:240 - Cannot read IP mode file for Infineon.AIROC-Wi-Fi-Bluetooth-STM32.1.5.1
2023-12-14 10:19:10,556 [WARN] PackLoader:240 - Cannot read IP mode file for STMicroelectronics.FP-SNS-MOTENVWB1.1.3.0
2023-12-14 10:19:10,573 [WARN] PackLoader:240 - Cannot read IP mode file for STMicroelectronics.FP-SNS-MOTENVWB1.1.3.1
2023-12-14 10:19:10,665 [WARN] PackLoader:240 - Cannot read IP mode file for STMicroelectronics.X-CUBE-MEMS1.10.0.0
2023-12-14 10:19:10,872 [WARN] PackLoader:240 - Cannot read IP mode file for STMicroelectronics.X-CUBE-FREERTOS.1.1.0
2023-12-14 10:19:10,892 [WARN] PackLoader:240 - Cannot read IP mode file for portGmbH.I-Cube-SoM-uGOAL.1.1.0
2023-12-14 10:19:10,910 [WARN] PackLoader:240 - Cannot read IP mode file for STMicroelectronics.X-CUBE-ALS.1.0.1
2023-12-14 10:19:10,936 [WARN] PackLoader:240 - Cannot read IP mode file for STMicroelectronics.FP-ATR-ASTRA1.2.0.0
2023-12-14 10:19:10,969 [WARN] PackLoader:240 - Cannot read IP mode file for STMicroelectronics.X-CUBE-TOF1.3.4.0
2023-12-14 10:19:11,221 [INFO] ThirdParty:978 - Integrity check success = true
2023-12-14 10:19:11,221 [INFO] IntegrityCheckThread:100 - exiting critical section [integrity check]
2023-12-14 10:19:11,221 [INFO] IntegrityCheckThread:103 - End integrity checks thread
2023-12-14 10:19:27,244 [ERROR] LogOutputStream:75 - [STDERR_REDIRECT] SLF4J: Failed to load class "org.slf4j.impl.StaticLoggerBinder".
2023-12-14 10:19:27,245 [ERROR] LogOutputStream:75 - [STDERR_REDIRECT] SLF4J: Defaulting to no-operation (NOP) logger implementation
2023-12-14 10:19:27,248 [ERROR] LogOutputStream:75 - [STDERR_REDIRECT] SLF4J: See http://www.slf4j.org/codes.html#StaticLoggerBinder for further details.
