2023-11-07 08:06:36,312 [INFO] Activator:176 - 


2023-11-07 08:06:36,330 [INFO] Activator:177 - !SESSION log4j initialized
2023-11-07 08:06:47,492 [INFO] LogOutputStream:77 - [STDOUT_REDIRECT] 
2023-11-07 08:06:50,079 [INFO] ApplicationProperties:184 - Using Application install path: C:\ST\STM32CubeIDE_1.12.1\STM32CubeIDE\plugins\com.st.stm32cube.common.mx_6.9.2.202309101412
2023-11-07 08:06:50,127 [INFO] DbMcusXml:78 - Set database path to: C:\ST\STM32CubeIDE_1.12.1\STM32CubeIDE\plugins\com.st.stm32cube.common.mx_6.9.2.202309101412\\db\/mcu/
2023-11-07 08:06:50,127 [INFO] ApiDb:274 - Set plugin database path to: C:\ST\STM32CubeIDE_1.12.1\STM32CubeIDE\plugins\com.st.stm32cube.common.mx_6.9.2.202309101412\\db\/plugins/boardmanager/
2023-11-07 08:06:50,128 [WARN] ApiDb:259 - Overriding images path with different value:  => C:\ST\STM32CubeIDE_1.12.1\STM32CubeIDE\plugins\com.st.stm32cube.common.mx_6.9.2.202309101412\\db\/plugins/mcufinder/images/
2023-11-07 08:06:50,169 [INFO] ApiDb:250 - Set database path to: C:\Users\TAMRD\.stmcufinder\plugins\mcufinder//mcu/
2023-11-07 08:06:50,171 [INFO] DbMcusAds:125 - Set database path to: C:\Users\TAMRD\.stmcufinder\plugins\mcufinder//mcu/
2023-11-07 08:06:50,173 [INFO] CrossReferenceDbSqlite:203 - Set database path to: C:\Users\TAMRD\.stmcufinder\plugins\mcufinder//mcu/cs/
2023-11-07 08:06:50,381 [INFO] RulesReader:64 - Compatibility file has been processed (293 Rules)
2023-11-07 08:06:50,595 [INFO] DbMcusXml:78 - Set database path to: C:\ST\STM32CubeIDE_1.12.1\STM32CubeIDE\plugins\com.st.stm32cube.common.mx_6.9.2.202309101412\\db\/mcu/
2023-11-07 08:06:50,595 [INFO] ApiDb:274 - Set plugin database path to: C:\ST\STM32CubeIDE_1.12.1\STM32CubeIDE\plugins\com.st.stm32cube.common.mx_6.9.2.202309101412\\db\/plugins/boardmanager/
2023-11-07 08:06:50,596 [INFO] ApiDb:261 - Set plugin images path to: C:\ST\STM32CubeIDE_1.12.1\STM32CubeIDE\plugins\com.st.stm32cube.common.mx_6.9.2.202309101412\\db\/plugins/mcufinder/images/
2023-11-07 08:06:50,596 [WARN] DbFile:41 - Overriding database path with different value: C:\Users\TAMRD\.stmcufinder\plugins\mcufinder/ => C:\Users\TAMRD\.stmcufinder\plugins\mcufinder
2023-11-07 08:06:50,596 [INFO] ApiDb:250 - Set database path to: C:\Users\TAMRD\.stmcufinder\plugins\mcufinder//mcu/
2023-11-07 08:06:50,596 [WARN] DbFile:41 - Overriding database path with different value: C:\Users\TAMRD\.stmcufinder\plugins\mcufinder/ => C:\Users\TAMRD\.stmcufinder\plugins\mcufinder
2023-11-07 08:06:50,596 [INFO] DbMcusAds:125 - Set database path to: C:\Users\TAMRD\.stmcufinder\plugins\mcufinder//mcu/
2023-11-07 08:06:50,596 [WARN] DbFile:41 - Overriding database path with different value: C:\Users\TAMRD\.stmcufinder\plugins\mcufinder/ => C:\Users\TAMRD\.stmcufinder\plugins\mcufinder
2023-11-07 08:06:50,596 [WARN] DbFile:41 - Overriding database path with different value: C:\Users\TAMRD\.stmcufinder\plugins\mcufinder/ => C:\Users\TAMRD\.stmcufinder\plugins\mcufinder
2023-11-07 08:06:50,596 [INFO] CrossReferenceDbSqlite:203 - Set database path to: C:\Users\TAMRD\.stmcufinder\plugins\mcufinder//mcu/cs/
2023-11-07 08:06:50,715 [INFO] MainPanel:262 - HeapMemory: 268435456
2023-11-07 08:06:50,872 [INFO] DbMcusXml:78 - Set database path to: C:\ST\STM32CubeIDE_1.12.1\STM32CubeIDE\plugins\com.st.stm32cube.common.mx_6.9.2.202309101412\\db\/mcu/
2023-11-07 08:06:50,872 [INFO] ApiDb:274 - Set plugin database path to: C:\ST\STM32CubeIDE_1.12.1\STM32CubeIDE\plugins\com.st.stm32cube.common.mx_6.9.2.202309101412\\db\/plugins/boardmanager/
2023-11-07 08:06:50,872 [INFO] ApiDb:261 - Set plugin images path to: C:\ST\STM32CubeIDE_1.12.1\STM32CubeIDE\plugins\com.st.stm32cube.common.mx_6.9.2.202309101412\\db\/plugins/mcufinder/images/
2023-11-07 08:06:50,873 [WARN] DbFile:41 - Overriding database path with different value: C:\Users\TAMRD\.stmcufinder\plugins\mcufinder/ => C:\Users\TAMRD\.stmcufinder\plugins\mcufinder
2023-11-07 08:06:50,873 [INFO] ApiDb:250 - Set database path to: C:\Users\TAMRD\.stmcufinder\plugins\mcufinder//mcu/
2023-11-07 08:06:50,873 [WARN] DbFile:41 - Overriding database path with different value: C:\Users\TAMRD\.stmcufinder\plugins\mcufinder/ => C:\Users\TAMRD\.stmcufinder\plugins\mcufinder
2023-11-07 08:06:50,873 [INFO] DbMcusAds:125 - Set database path to: C:\Users\TAMRD\.stmcufinder\plugins\mcufinder//mcu/
2023-11-07 08:06:50,873 [WARN] DbFile:41 - Overriding database path with different value: C:\Users\TAMRD\.stmcufinder\plugins\mcufinder/ => C:\Users\TAMRD\.stmcufinder\plugins\mcufinder
2023-11-07 08:06:50,873 [WARN] DbFile:41 - Overriding database path with different value: C:\Users\TAMRD\.stmcufinder\plugins\mcufinder/ => C:\Users\TAMRD\.stmcufinder\plugins\mcufinder
2023-11-07 08:06:50,873 [INFO] CrossReferenceDbSqlite:203 - Set database path to: C:\Users\TAMRD\.stmcufinder\plugins\mcufinder//mcu/cs/
2023-11-07 08:06:50,897 [INFO] ApplicationProperties:184 - Using Application install path: C:\ST\STM32CubeIDE_1.12.1\STM32CubeIDE\plugins\com.st.stm32cube.common.mx_6.9.2.202309101412
2023-11-07 08:06:50,898 [INFO] PluginManage:196 - Search for loadable plugins [exclusion list=, ]
2023-11-07 08:06:50,900 [INFO] PluginManage:310 - Check plugin analytics
2023-11-07 08:06:51,243 [INFO] AnalyticsPlugin:253 - Accepted Software Licenses: 
2023-11-07 08:06:51,243 [INFO] AnalyticsPlugin:255 - Accepted CMSIS Pack Licenses: 
2023-11-07 08:06:51,243 [INFO] AnalyticsPlugin:257 - Accepted Firmware Licenses: 
2023-11-07 08:06:51,249 [INFO] PluginManage:359 - Loaded plugin analytics (category:tool,tabindex:-1)
2023-11-07 08:06:51,250 [INFO] PluginManage:310 - Check plugin cadmodel
2023-11-07 08:06:51,298 [INFO] CADModel:105 - Init CAD model plugin
2023-11-07 08:06:51,298 [INFO] PluginManage:359 - Loaded plugin cadmodel (category:power,tabindex:5)
2023-11-07 08:06:51,298 [INFO] PluginManage:310 - Check plugin clock
2023-11-07 08:06:51,352 [INFO] PluginManage:359 - Loaded plugin clock (category:base,tabindex:2)
2023-11-07 08:06:51,352 [INFO] PluginManage:310 - Check plugin ddr
2023-11-07 08:06:51,365 [INFO] PluginManage:359 - Loaded plugin ddr (category:tool,tabindex:6)
2023-11-07 08:06:51,365 [INFO] PluginManage:310 - Check plugin filemanager
2023-11-07 08:06:51,602 [INFO] PluginManage:359 - Loaded plugin filemanager (category:base,tabindex:10)
2023-11-07 08:06:51,602 [INFO] PluginManage:310 - Check plugin ipmanager
2023-11-07 08:06:51,630 [INFO] PluginManage:359 - Loaded plugin ipmanager (category:base,tabindex:5)
2023-11-07 08:06:51,631 [INFO] PluginManage:310 - Check plugin lpbam
2023-11-07 08:06:51,652 [INFO] PluginManage:359 - Loaded plugin lpbam (category:base,tabindex:0)
2023-11-07 08:06:51,652 [INFO] PluginManage:310 - Check plugin memorymap
2023-11-07 08:06:51,680 [INFO] PluginManage:359 - Loaded plugin memorymap (category:base,tabindex:4)
2023-11-07 08:06:51,680 [INFO] PluginManage:310 - Check plugin pinoutandconfiguration
2023-11-07 08:06:51,701 [INFO] PluginManage:359 - Loaded plugin pinoutandconfiguration (category:base,tabindex:1)
2023-11-07 08:06:51,701 [INFO] PluginManage:310 - Check plugin pinoutconfig
2023-11-07 08:06:51,869 [WARN] SupportedApi:132 - Cannot load RTOS API schema: s4s-elt-must-match.1: The content of 'definitions' must match (annotation?, (simpleType | complexType)?, (unique | key | keyref)*)). A problem was found starting at: attribute.
2023-11-07 08:06:52,131 [INFO] PluginManage:359 - Loaded plugin pinoutconfig (category:base,tabindex:0)
2023-11-07 08:06:52,132 [INFO] PluginManage:310 - Check plugin power
2023-11-07 08:06:52,160 [INFO] PluginManage:359 - Loaded plugin power (category:power,tabindex:4)
2023-11-07 08:06:52,160 [INFO] PluginManage:310 - Check plugin projectmanager
2023-11-07 08:06:52,185 [INFO] PluginManage:359 - Loaded plugin projectmanager (category:projectmanager,tabindex:3)
2023-11-07 08:06:52,186 [INFO] PluginManage:310 - Check plugin thirdparty
2023-11-07 08:06:52,617 [INFO] PluginManage:359 - Loaded plugin thirdparty (category:base,tabindex:-1)
2023-11-07 08:06:52,618 [INFO] PluginManage:310 - Check plugin tools
2023-11-07 08:06:52,618 [WARN] IntegrityCheckThread:84 - waiting for thirdparty lock release [integrity check]
2023-11-07 08:06:52,620 [INFO] IntegrityCheckThread:86 - entering critical section [integrity check]
2023-11-07 08:06:52,621 [INFO] ThirdPartyUpdaterWithRetryManager:70 - Updater plugin not ready yet. [1/15]
2023-11-07 08:06:52,627 [INFO] PluginManage:359 - Loaded plugin tools (category:base,tabindex:7)
2023-11-07 08:06:52,628 [INFO] PluginManage:310 - Check plugin tutovideos
2023-11-07 08:06:52,971 [INFO] PluginManage:359 - Loaded plugin tutovideos (category:base,tabindex:-1)
2023-11-07 08:06:52,972 [INFO] PluginManage:310 - Check plugin updater
2023-11-07 08:06:53,002 [INFO] PluginManage:359 - Loaded plugin updater (category:base,tabindex:12)
2023-11-07 08:06:53,002 [INFO] PluginManage:310 - Check plugin userauth
2023-11-07 08:06:53,028 [INFO] UserAuth:113 - Init User Auth plugin
2023-11-07 08:06:53,028 [INFO] PluginManage:359 - Loaded plugin userauth (category:base,tabindex:14)
2023-11-07 08:06:53,029 [INFO] PluginManage:283 - PluginManage : Loaded plugins [17]
2023-11-07 08:06:53,553 [INFO] PinOutPanel:1499 - setPackage(No Configuration,No Configuration)
2023-11-07 08:06:53,814 [INFO] CADModel:165 - CPN selected for project level
2023-11-07 08:06:53,815 [INFO] CADModel:114 - Register for checkConnection events
2023-11-07 08:06:53,865 [INFO] IPUIPlugin:80 - create IPUIPlugin
2023-11-07 08:06:53,865 [INFO] PluginManager:220 - loadIPPluginJar : add adc
2023-11-07 08:06:53,876 [INFO] IPUIPlugin:80 - create IPUIPlugin
2023-11-07 08:06:53,877 [INFO] PluginManager:220 - loadIPPluginJar : add aes
2023-11-07 08:06:53,892 [INFO] IPUIPlugin:80 - create IPUIPlugin
2023-11-07 08:06:53,892 [INFO] PluginManager:220 - loadIPPluginJar : add can
2023-11-07 08:06:53,904 [INFO] IPUIPlugin:80 - create IPUIPlugin
2023-11-07 08:06:53,904 [INFO] PluginManager:220 - loadIPPluginJar : add comp
2023-11-07 08:06:53,915 [INFO] IPUIPlugin:80 - create IPUIPlugin
2023-11-07 08:06:53,915 [INFO] PluginManager:220 - loadIPPluginJar : add cryp
2023-11-07 08:06:53,922 [INFO] IPUIPlugin:80 - create IPUIPlugin
2023-11-07 08:06:53,923 [INFO] PluginManager:220 - loadIPPluginJar : add dfsdm
2023-11-07 08:06:53,936 [INFO] IPUIPlugin:80 - create IPUIPlugin
2023-11-07 08:06:53,936 [INFO] PluginManager:220 - loadIPPluginJar : add dma
2023-11-07 08:06:53,951 [INFO] IPUIPlugin:80 - create IPUIPlugin
2023-11-07 08:06:53,952 [INFO] PluginManager:220 - loadIPPluginJar : add dma3
2023-11-07 08:06:53,963 [INFO] IPUIPlugin:80 - create IPUIPlugin
2023-11-07 08:06:53,963 [INFO] PluginManager:220 - loadIPPluginJar : add fatfs
2023-11-07 08:06:53,988 [INFO] IPUIPlugin:80 - create IPUIPlugin
2023-11-07 08:06:53,988 [INFO] PluginManager:220 - loadIPPluginJar : add fmc
2023-11-07 08:06:54,020 [INFO] IPUIPlugin:80 - create IPUIPlugin
2023-11-07 08:06:54,020 [INFO] PluginManager:220 - loadIPPluginJar : add freertos
2023-11-07 08:06:54,027 [INFO] IPUIPlugin:80 - create IPUIPlugin
2023-11-07 08:06:54,027 [INFO] PluginManager:220 - loadIPPluginJar : add genericplugin
2023-11-07 08:06:54,035 [INFO] IPUIPlugin:80 - create IPUIPlugin
2023-11-07 08:06:54,036 [INFO] PluginManager:220 - loadIPPluginJar : add gfxmmu
2023-11-07 08:06:54,051 [INFO] IPUIPlugin:80 - create IPUIPlugin
2023-11-07 08:06:54,052 [INFO] PluginManager:220 - loadIPPluginJar : add gic
2023-11-07 08:06:54,078 [INFO] IPUIPlugin:80 - create IPUIPlugin
2023-11-07 08:06:54,078 [INFO] PluginManager:220 - loadIPPluginJar : add gpio
2023-11-07 08:06:54,150 [INFO] IPUIPlugin:80 - create IPUIPlugin
2023-11-07 08:06:54,150 [INFO] PluginManager:220 - loadIPPluginJar : add gtzc
2023-11-07 08:06:54,162 [INFO] IPUIPlugin:80 - create IPUIPlugin
2023-11-07 08:06:54,163 [INFO] PluginManager:220 - loadIPPluginJar : add hash
2023-11-07 08:06:54,187 [INFO] IPUIPlugin:80 - create IPUIPlugin
2023-11-07 08:06:54,187 [INFO] PluginManager:220 - loadIPPluginJar : add i2c
2023-11-07 08:06:54,205 [INFO] IPUIPlugin:80 - create IPUIPlugin
2023-11-07 08:06:54,205 [INFO] PluginManager:220 - loadIPPluginJar : add i2s
2023-11-07 08:06:54,228 [INFO] IPUIPlugin:80 - create IPUIPlugin
2023-11-07 08:06:54,229 [INFO] PluginManager:220 - loadIPPluginJar : add i3c
2023-11-07 08:06:54,518 [INFO] IPUIPlugin:80 - create IPUIPlugin
2023-11-07 08:06:54,518 [INFO] PluginManager:220 - loadIPPluginJar : add ipddr
2023-11-07 08:06:54,546 [INFO] IPUIPlugin:80 - create IPUIPlugin
2023-11-07 08:06:54,546 [INFO] PluginManager:220 - loadIPPluginJar : add linkedlist
2023-11-07 08:06:54,561 [INFO] IPUIPlugin:80 - create IPUIPlugin
2023-11-07 08:06:54,561 [INFO] PluginManager:220 - loadIPPluginJar : add lorawan
2023-11-07 08:06:54,567 [INFO] IPUIPlugin:80 - create IPUIPlugin
2023-11-07 08:06:54,567 [INFO] PluginManager:220 - loadIPPluginJar : add ltdc
2023-11-07 08:06:54,587 [INFO] IPUIPlugin:80 - create IPUIPlugin
2023-11-07 08:06:54,587 [INFO] PluginManager:220 - loadIPPluginJar : add mdma
2023-11-07 08:06:54,601 [INFO] IPUIPlugin:80 - create IPUIPlugin
2023-11-07 08:06:54,601 [INFO] PluginManager:220 - loadIPPluginJar : add nvic
2023-11-07 08:06:54,614 [INFO] IPUIPlugin:80 - create IPUIPlugin
2023-11-07 08:06:54,615 [INFO] PluginManager:220 - loadIPPluginJar : add opamp
2023-11-07 08:06:54,631 [INFO] IPUIPlugin:80 - create IPUIPlugin
2023-11-07 08:06:54,632 [INFO] PluginManager:220 - loadIPPluginJar : add openamp
2023-11-07 08:06:54,644 [INFO] IPUIPlugin:80 - create IPUIPlugin
2023-11-07 08:06:54,645 [INFO] PluginManager:220 - loadIPPluginJar : add pdm2pcm
2023-11-07 08:06:54,680 [INFO] IPUIPlugin:80 - create IPUIPlugin
2023-11-07 08:06:54,686 [INFO] PluginManager:220 - loadIPPluginJar : add plateformsettings
2023-11-07 08:06:54,701 [INFO] IPUIPlugin:80 - create IPUIPlugin
2023-11-07 08:06:54,701 [INFO] PluginManager:220 - loadIPPluginJar : add quadspi
2023-11-07 08:06:54,721 [INFO] IPUIPlugin:80 - create IPUIPlugin
2023-11-07 08:06:54,721 [INFO] PluginManager:220 - loadIPPluginJar : add resmgrutility
2023-11-07 08:06:54,733 [INFO] IPUIPlugin:80 - create IPUIPlugin
2023-11-07 08:06:54,733 [INFO] PluginManager:220 - loadIPPluginJar : add sai
2023-11-07 08:06:54,746 [INFO] IPUIPlugin:80 - create IPUIPlugin
2023-11-07 08:06:54,746 [INFO] PluginManager:220 - loadIPPluginJar : add spi
2023-11-07 08:06:54,762 [INFO] IPUIPlugin:80 - create IPUIPlugin
2023-11-07 08:06:54,762 [INFO] PluginManager:220 - loadIPPluginJar : add stm32_wpan
2023-11-07 08:06:54,764 [INFO] IPUIPlugin:80 - create IPUIPlugin
2023-11-07 08:06:54,764 [INFO] PluginManager:220 - loadIPPluginJar : add tim
2023-11-07 08:06:54,771 [INFO] IPUIPlugin:80 - create IPUIPlugin
2023-11-07 08:06:54,772 [INFO] PluginManager:220 - loadIPPluginJar : add touchsensing
2023-11-07 08:06:54,781 [INFO] IPUIPlugin:80 - create IPUIPlugin
2023-11-07 08:06:54,781 [INFO] PluginManager:220 - loadIPPluginJar : add tracer_emb
2023-11-07 08:06:54,789 [INFO] IPUIPlugin:80 - create IPUIPlugin
2023-11-07 08:06:54,789 [INFO] PluginManager:220 - loadIPPluginJar : add ts
2023-11-07 08:06:54,795 [INFO] IPUIPlugin:80 - create IPUIPlugin
2023-11-07 08:06:54,796 [INFO] PluginManager:220 - loadIPPluginJar : add tsc
2023-11-07 08:06:54,807 [INFO] IPUIPlugin:80 - create IPUIPlugin
2023-11-07 08:06:54,807 [INFO] PluginManager:220 - loadIPPluginJar : add ucpd
2023-11-07 08:06:54,811 [INFO] IPUIPlugin:80 - create IPUIPlugin
2023-11-07 08:06:54,811 [INFO] PluginManager:220 - loadIPPluginJar : add usart
2023-11-07 08:06:54,822 [INFO] IPUIPlugin:80 - create IPUIPlugin
2023-11-07 08:06:54,822 [INFO] PluginManager:220 - loadIPPluginJar : add usbx
2023-11-07 08:06:54,999 [INFO] CADModel:165 - CPN selected for project level
2023-11-07 08:06:55,000 [INFO] CADModel:114 - Register for checkConnection events
2023-11-07 08:06:55,000 [FATAL] Updater:308 - Updater called before beeing initialized
2023-11-07 08:06:55,000 [ERROR] CADModel:125 - Updater not yet initialized, retry later 
2023-11-07 08:06:55,292 [INFO] CADModel:165 - CPN selected for project level
2023-11-07 08:06:55,292 [INFO] CADModel:114 - Register for checkConnection events
2023-11-07 08:06:55,292 [FATAL] Updater:308 - Updater called before beeing initialized
2023-11-07 08:06:55,293 [ERROR] CADModel:125 - Updater not yet initialized, retry later 
2023-11-07 08:06:55,308 [FATAL] Updater:308 - Updater called before beeing initialized
2023-11-07 08:06:55,631 [INFO] ThirdPartyUpdaterWithRetryManager:70 - Updater plugin not ready yet. [2/15]
2023-11-07 08:06:55,637 [FATAL] Updater:308 - Updater called before beeing initialized
2023-11-07 08:06:55,691 [INFO] DbMcusAds:53 - JSON generation date=Tue Mar 07 15:50:55 ICT 2023 (1678179055335)
2023-11-07 08:06:55,691 [FATAL] Updater:308 - Updater called before beeing initialized
2023-11-07 08:06:55,825 [WARN] DetailPanel:346 - Failed to get advertising image, set to default
2023-11-07 08:06:55,979 [FATAL] Updater:308 - Updater called before beeing initialized
2023-11-07 08:06:55,981 [FATAL] Updater:308 - Updater called before beeing initialized
2023-11-07 08:06:55,982 [FATAL] Updater:308 - Updater called before beeing initialized
2023-11-07 08:06:55,982 [WARN] DetailPanel:346 - Failed to get advertising image, set to default
2023-11-07 08:06:55,988 [FATAL] Updater:308 - Updater called before beeing initialized
2023-11-07 08:06:56,108 [ERROR] Updater:1120 - MainUpdater not yet initialized. External WinMGr cannot be set.
2023-11-07 08:06:56,124 [INFO] Updater:1056 - Updater Version found : 6.9.2
2023-11-07 08:06:56,155 [INFO] ApplicationProperties:184 - Using Application install path: C:\ST\STM32CubeIDE_1.12.1\STM32CubeIDE\plugins\com.st.stm32cube.common.mx_6.9.2.202309101412
2023-11-07 08:06:56,869 [INFO] MainUpdater:2868 - connection check result : 10
2023-11-07 08:06:56,871 [INFO] MainUpdater:285 - Updater Check For Update Now.
2023-11-07 08:06:56,871 [INFO] MicroXplorer:498 - Change Database Version : DB.6.0.92
2023-11-07 08:06:56,892 [INFO] McuFinderGlobals:63 - Set McuFinder mode to 2 (CubeIDE integrated)
2023-11-07 08:06:57,397 [INFO] McuFinderGlobals:63 - Set McuFinder mode to 2 (CubeIDE integrated)
2023-11-07 08:06:57,550 [INFO] CheckServerUpdateThread:120 - End of CheckServer Thread
2023-11-07 08:06:57,652 [INFO] MainUpdater:2868 - connection check result : 10
2023-11-07 08:06:57,666 [INFO] MainUpdater:2868 - connection check result : 10
2023-11-07 08:06:57,981 [INFO] MicroXplorer:468 - Change Database Path : 
2023-11-07 08:06:57,981 [INFO] MicroXplorer:498 - Change Database Version : DB.6.0.92
2023-11-07 08:06:57,990 [WARN] ThirdParty:871 - waiting for thirdparty lock release [close project]
2023-11-07 08:06:58,972 [WARN] PackLoader:240 - Cannot read IP mode file for STMicroelectronics.X-CUBE-SMBUS.2.1.0
2023-11-07 08:06:59,208 [WARN] PackLoader:240 - Cannot read IP mode file for STMicroelectronics.X-CUBE-AZRTOS-F7.1.1.0
2023-11-07 08:06:59,259 [WARN] PackLoader:240 - Cannot read IP mode file for STMicroelectronics.FP-SNS-MOTENV1.4.3.2
2023-11-07 08:06:59,299 [WARN] PackLoader:240 - Cannot read IP mode file for STMicroelectronics.FP-SNS-FLIGHT1.5.0.2
2023-11-07 08:06:59,329 [WARN] PackLoader:240 - Cannot read IP mode file for STMicroelectronics.X-CUBE-DISPLAY.3.0.0
2023-11-07 08:06:59,379 [WARN] PackLoader:240 - Cannot read IP mode file for STMicroelectronics.X-CUBE-BLE1.7.0.0
2023-11-07 08:06:59,402 [WARN] PackLoader:240 - Cannot read IP mode file for emotas.I-CUBE-CANOPEN.1.3.0
2023-11-07 08:06:59,436 [WARN] PackLoader:240 - Cannot read IP mode file for STMicroelectronics.X-CUBE-TOUCHGFX.4.22.0
2023-11-07 08:06:59,505 [WARN] PackLoader:240 - Cannot read IP mode file for STMicroelectronics.X-CUBE-TOUCHGFX.4.22.1
2023-11-07 08:06:59,529 [WARN] PackLoader:240 - Cannot read IP mode file for STMicroelectronics.FP-SNS-SMARTAG2.1.2.0
2023-11-07 08:06:59,584 [INFO] LogOutputStream:77 - [STDOUT_REDIRECT] 1 : Invalid condition id : UX_CORESTACK_Condition cause : null
2023-11-07 08:06:59,584 [INFO] LogOutputStream:77 - [STDOUT_REDIRECT] 1 : Invalid condition id : UX_CORESTACK_Condition cause : null
2023-11-07 08:06:59,585 [INFO] LogOutputStream:77 - [STDOUT_REDIRECT] 1 : Invalid condition id : UX_CORESTACK_Condition cause : null
2023-11-07 08:06:59,589 [INFO] LogOutputStream:77 - [STDOUT_REDIRECT] 1 : Invalid condition id : UX_CORESTACK_Condition cause : null
2023-11-07 08:06:59,592 [INFO] LogOutputStream:77 - [STDOUT_REDIRECT] 1 : Invalid condition id : UX_CORESTACK_Condition cause : null
2023-11-07 08:06:59,598 [WARN] PackLoader:240 - Cannot read IP mode file for STMicroelectronics.X-CUBE-AZRTOS-WL.2.0.0
2023-11-07 08:06:59,660 [WARN] PackLoader:240 - Cannot read IP mode file for WES.I-CUBE-Cesium.1.3.0
2023-11-07 08:06:59,686 [WARN] PackLoader:240 - Cannot read IP mode file for STMicroelectronics.X-CUBE-BLE2.3.3.0
2023-11-07 08:06:59,763 [WARN] PackLoader:240 - Cannot read IP mode file for STMicroelectronics.X-CUBE-ALGOBUILD.1.3.0
2023-11-07 08:06:59,835 [WARN] PackLoader:240 - Cannot read IP mode file for STMicroelectronics.X-CUBE-AZRTOS-G0.1.1.0
2023-11-07 08:06:59,882 [WARN] PackLoader:240 - Cannot read IP mode file for STMicroelectronics.X-CUBE-NFC4.3.0.0
2023-11-07 08:06:59,938 [WARN] PackLoader:240 - Cannot read IP mode file for STMicroelectronics.X-CUBE-BLEMGR.3.0.0
2023-11-07 08:06:59,964 [WARN] PackLoader:240 - Cannot read IP mode file for STMicroelectronics.FP-ATR-SIGFOX1.3.2.0
2023-11-07 08:07:00,019 [WARN] PackLoader:240 - Cannot read IP mode file for SEGGER.I-CUBE-embOS.1.3.1
2023-11-07 08:07:00,125 [WARN] PackLoader:240 - Cannot read IP mode file for STMicroelectronics.X-CUBE-GNSS1.6.0.0
2023-11-07 08:07:00,177 [WARN] PackLoader:240 - Cannot read IP mode file for STMicroelectronics.X-CUBE-AZRTOS-F4.1.1.0
2023-11-07 08:07:00,191 [WARN] PackLoader:240 - Cannot read IP mode file for wolfSSL.I-CUBE-wolfSSL.5.6.3
2023-11-07 08:07:00,247 [WARN] PackLoader:240 - Cannot read IP mode file for STMicroelectronics.X-CUBE-AZRTOS-L5.2.0.0
2023-11-07 08:07:00,411 [WARN] PackLoader:240 - Cannot read IP mode file for STMicroelectronics.X-CUBE-MEMS1.9.6.0
2023-11-07 08:07:00,604 [WARN] PackLoader:240 - Cannot read IP mode file for STMicroelectronics.X-CUBE-EEPRMA1.4.2.0
2023-11-07 08:07:00,643 [WARN] PackLoader:240 - Cannot read IP mode file for ITTIA_DB.I-CUBE-ITTIADB.8.8.0
2023-11-07 08:07:00,684 [WARN] PackLoader:240 - Cannot read IP mode file for STMicroelectronics.X-CUBE-BLEMGR.2.0.0
2023-11-07 08:07:00,771 [WARN] ConditionMgr:438 - getConditionDescription Invalid condition id : UX DEVICE CLASS RTOS Condition cause : null
2023-11-07 08:07:00,772 [WARN] ConditionMgr:438 - getConditionDescription Invalid condition id : UX DEVICE CLASS RTOS Condition cause : null
2023-11-07 08:07:00,776 [WARN] PackLoader:240 - Cannot read IP mode file for STMicroelectronics.X-CUBE-AZRTOS-H7.3.1.0
2023-11-07 08:07:00,777 [WARN] ConditionMgr:1039 - genDependencies : Invalid condition id : UX DEVICE CLASS RTOS Condition cause : null
2023-11-07 08:07:00,777 [WARN] ConditionMgr:1039 - genDependencies : Invalid condition id : UX DEVICE CLASS RTOS Condition cause : null
2023-11-07 08:07:00,778 [WARN] ConditionMgr:1039 - genDependencies : Invalid condition id : UX DEVICE CLASS RTOS Condition cause : null
2023-11-07 08:07:00,778 [WARN] ConditionMgr:1039 - genDependencies : Invalid condition id : UX DEVICE CLASS RTOS Condition cause : null
2023-11-07 08:07:00,778 [WARN] ConditionMgr:1039 - genDependencies : Invalid condition id : UX DEVICE CLASS RTOS Condition cause : null
2023-11-07 08:07:00,795 [WARN] PackLoader:240 - Cannot read IP mode file for STMicroelectronics.X-CUBE-NFC7.1.0.1
2023-11-07 08:07:00,818 [WARN] PackLoader:240 - Cannot read IP mode file for STMicroelectronics.X-CUBE-NFC6.3.0.0
2023-11-07 08:07:00,869 [WARN] PackLoader:240 - Cannot read IP mode file for STMicroelectronics.X-CUBE-EEPRMA1.4.1.0
2023-11-07 08:07:00,894 [WARN] PackLoader:240 - Cannot read IP mode file for STMicroelectronics.X-CUBE-AI.8.1.0
2023-11-07 08:07:00,929 [WARN] ConditionMgr:438 - getConditionDescription Invalid condition id : LAN8742 Phy interface Condition cause : null
2023-11-07 08:07:00,930 [WARN] PackLoader:240 - Cannot read IP mode file for STMicroelectronics.X-CUBE-AZRTOS-L4.2.0.0
2023-11-07 08:07:00,936 [WARN] ConditionMgr:1039 - genDependencies : Invalid condition id : LAN8742 Phy interface Condition cause : null
2023-11-07 08:07:00,937 [WARN] ConditionMgr:1039 - genDependencies : Invalid condition id : LAN8742 Phy interface Condition cause : null
2023-11-07 08:07:00,938 [WARN] ConditionMgr:1039 - genDependencies : Invalid condition id : LAN8742 Phy interface Condition cause : null
2023-11-07 08:07:00,963 [WARN] PackLoader:240 - Cannot read IP mode file for STMicroelectronics.X-CUBE-SFXS2LP1.4.0.0
2023-11-07 08:07:00,994 [WARN] PackLoader:240 - Cannot read IP mode file for STMicroelectronics.X-CUBE-ISPU.1.1.0
2023-11-07 08:07:01,020 [WARN] ConditionMgr:438 - getConditionDescription Invalid condition id : UX DEVICE CLASS RTOS Condition cause : null
2023-11-07 08:07:01,020 [WARN] ConditionMgr:438 - getConditionDescription Invalid condition id : UX DEVICE CLASS RTOS Condition cause : null
2023-11-07 08:07:01,022 [WARN] PackLoader:240 - Cannot read IP mode file for STMicroelectronics.X-CUBE-AZRTOS-WB.2.0.0
2023-11-07 08:07:01,022 [WARN] ConditionMgr:1039 - genDependencies : Invalid condition id : UX DEVICE CLASS RTOS Condition cause : null
2023-11-07 08:07:01,023 [WARN] ConditionMgr:1039 - genDependencies : Invalid condition id : UX DEVICE CLASS RTOS Condition cause : null
2023-11-07 08:07:01,023 [WARN] ConditionMgr:1039 - genDependencies : Invalid condition id : UX DEVICE CLASS RTOS Condition cause : null
2023-11-07 08:07:01,024 [WARN] ConditionMgr:1039 - genDependencies : Invalid condition id : UX DEVICE CLASS RTOS Condition cause : null
2023-11-07 08:07:01,024 [WARN] ConditionMgr:1039 - genDependencies : Invalid condition id : UX DEVICE CLASS RTOS Condition cause : null
2023-11-07 08:07:01,052 [WARN] PackLoader:240 - Cannot read IP mode file for STMicroelectronics.X-CUBE-SUBG2.5.0.0
2023-11-07 08:07:01,078 [WARN] PackLoader:240 - Cannot read IP mode file for STMicroelectronics.X-CUBE-TOF1.3.3.1
2023-11-07 08:07:01,112 [WARN] PackLoader:240 - Cannot read IP mode file for STMicroelectronics.X-CUBE-AZRTOS-G4.2.0.0
2023-11-07 08:07:01,143 [WARN] PackLoader:240 - Cannot read IP mode file for Infineon.AIROC-Wi-Fi-Bluetooth-STM32.1.5.1
2023-11-07 08:07:01,205 [WARN] PackLoader:240 - Cannot read IP mode file for STMicroelectronics.X-CUBE-MEMS1.10.0.0
2023-11-07 08:07:01,366 [WARN] PackLoader:240 - Cannot read IP mode file for STMicroelectronics.X-CUBE-FREERTOS.1.1.0
2023-11-07 08:07:01,381 [WARN] PackLoader:240 - Cannot read IP mode file for portGmbH.I-Cube-SoM-uGOAL.1.1.0
2023-11-07 08:07:01,398 [WARN] PackLoader:240 - Cannot read IP mode file for STMicroelectronics.X-CUBE-ALS.1.0.1
2023-11-07 08:07:01,416 [WARN] PackLoader:240 - Cannot read IP mode file for STMicroelectronics.FP-ATR-ASTRA1.2.0.0
2023-11-07 08:07:01,417 [INFO] ThirdParty:978 - Integrity check success = true
2023-11-07 08:07:01,417 [INFO] IntegrityCheckThread:100 - exiting critical section [integrity check]
2023-11-07 08:07:01,417 [INFO] ThirdParty:873 - entering critical section [close project]
2023-11-07 08:07:01,418 [INFO] ThirdParty:883 - exiting critical section [close project]
2023-11-07 08:07:01,420 [INFO] PinOutPanel:1499 - setPackage(No Configuration,No Configuration)
2023-11-07 08:07:01,432 [INFO] UtilMem:75 - Begin LoadConfig() Used Memory: 174912792 Bytes (268435456)
2023-11-07 08:07:01,439 [INFO] MicroXplorer:468 - Change Database Path : C:/Users/TAMRD/.stm32cubemx/databases/DB.6.0.91/db/
2023-11-07 08:07:01,439 [INFO] MicroXplorer:498 - Change Database Version : DB.6.0.91
2023-11-07 08:07:01,441 [INFO] IntegrityCheckThread:103 - End integrity checks thread
2023-11-07 08:07:18,882 [ERROR] LogOutputStream:75 - [STDERR_REDIRECT] SLF4J: Failed to load class "org.slf4j.impl.StaticLoggerBinder".
2023-11-07 08:07:18,883 [ERROR] LogOutputStream:75 - [STDERR_REDIRECT] SLF4J: Defaulting to no-operation (NOP) logger implementation
2023-11-07 08:07:18,884 [ERROR] LogOutputStream:75 - [STDERR_REDIRECT] SLF4J: See http://www.slf4j.org/codes.html#StaticLoggerBinder for further details.
2023-11-07 08:07:24,946 [INFO] OpenFileManager:308 - Change cursor
2023-11-07 08:07:25,214 [INFO] Mcu:1946 - Initializing MCU STM32F103C(8-B)Tx STM32F103C8Tx STM32F103C8T6
2023-11-07 08:07:27,151 [INFO] Context:659 - Trying to add GPIOservice into a context  which must be forbidden
2023-11-07 08:07:28,670 [INFO] RtosManager:555 - Registered RTOS mode: class=CMSIS, group=RTOS, mode=CMSIS_V1, owner=FREERTOS
2023-11-07 08:07:28,670 [INFO] RtosManager:555 - Registered RTOS mode: class=CMSIS, group=RTOS2, mode=CMSIS_V2, owner=FREERTOS
2023-11-07 08:07:28,671 [INFO] RtosManager:555 - Registered RTOS mode: class=RTOS, group=Core, mode=CMSIS_V1, owner=FREERTOS
2023-11-07 08:07:28,671 [INFO] RtosManager:555 - Registered RTOS mode: class=RTOS, group=Core, mode=CMSIS_V2, owner=FREERTOS
2023-11-07 08:07:28,671 [WARN] ModelIntegratedComponent:184 - Missing modes for component STMicroelectronics:FreeRTOS:0.0.1:STMicroelectronics:RTOS:FreeRTOS:Core:::10.2.0:
2023-11-07 08:07:28,696 [WARN] ModelIntegratedComponent:63 - No mode defined for component null
2023-11-07 08:07:28,696 [WARN] ModelIntegratedComponent:63 - No mode defined for component null
2023-11-07 08:07:28,696 [WARN] ModelIntegratedComponent:63 - No mode defined for component null
2023-11-07 08:07:28,696 [WARN] ModelIntegratedComponent:63 - No mode defined for component null
2023-11-07 08:07:28,696 [WARN] ModelIntegratedComponent:63 - No mode defined for component null
2023-11-07 08:07:28,696 [WARN] ModelIntegratedComponent:63 - No mode defined for component null
2023-11-07 08:07:28,700 [WARN] ModelIntegratedComponent:63 - No mode defined for component null
2023-11-07 08:07:28,700 [WARN] ModelIntegratedComponent:63 - No mode defined for component null
2023-11-07 08:07:28,700 [WARN] ModelIntegratedComponent:63 - No mode defined for component null
2023-11-07 08:07:28,700 [WARN] ModelIntegratedComponent:63 - No mode defined for component null
2023-11-07 08:07:28,701 [WARN] ModelIntegratedComponent:63 - No mode defined for component null
2023-11-07 08:07:28,701 [WARN] ModelIntegratedComponent:63 - No mode defined for component null
2023-11-07 08:07:28,701 [WARN] ModelIntegratedComponent:63 - No mode defined for component null
2023-11-07 08:07:28,701 [WARN] ModelIntegratedComponent:63 - No mode defined for component null
2023-11-07 08:07:28,701 [WARN] ModelIntegratedComponent:63 - No mode defined for component null
2023-11-07 08:07:28,701 [WARN] ModelIntegratedComponent:63 - No mode defined for component null
2023-11-07 08:07:28,701 [WARN] ModelIntegratedComponent:63 - No mode defined for component null
2023-11-07 08:07:28,701 [WARN] ModelIntegratedComponent:63 - No mode defined for component null
2023-11-07 08:07:28,701 [WARN] ModelIntegratedComponent:63 - No mode defined for component null
2023-11-07 08:07:28,701 [WARN] ModelIntegratedComponent:63 - No mode defined for component null
2023-11-07 08:07:28,701 [WARN] ModelIntegratedComponent:63 - No mode defined for component null
2023-11-07 08:07:28,701 [WARN] ModelIntegratedComponent:63 - No mode defined for component null
2023-11-07 08:07:28,701 [WARN] ModelIntegratedComponent:63 - No mode defined for component null
2023-11-07 08:07:28,701 [WARN] ModelIntegratedComponent:63 - No mode defined for component null
2023-11-07 08:07:28,701 [WARN] ModelIntegratedComponent:63 - No mode defined for component null
2023-11-07 08:07:28,701 [WARN] ModelIntegratedComponent:63 - No mode defined for component null
2023-11-07 08:07:28,702 [WARN] ModelIntegratedComponent:63 - No mode defined for component null
2023-11-07 08:07:28,702 [WARN] ModelIntegratedComponent:63 - No mode defined for component null
2023-11-07 08:07:28,702 [WARN] ModelIntegratedComponent:63 - No mode defined for component null
2023-11-07 08:07:28,702 [WARN] ModelIntegratedComponent:63 - No mode defined for component null
2023-11-07 08:07:28,702 [WARN] ModelIntegratedComponent:63 - No mode defined for component null
2023-11-07 08:07:28,702 [WARN] ModelIntegratedComponent:63 - No mode defined for component null
2023-11-07 08:07:28,702 [WARN] ModelIntegratedComponent:63 - No mode defined for component null
2023-11-07 08:07:28,885 [INFO] ThirdPartyModel:298 - Start build external matchings
2023-11-07 08:07:29,604 [INFO] ThirdPartyModel:316 - End build external matchings
2023-11-07 08:07:29,744 [INFO] ImportTextPane:194 - (OptionalMessage_ERROR) IP (RCC) : Parameter (ADCFreqValue) has invalid value (36000000)
2023-11-07 08:07:29,745 [INFO] ImportTextPane:194 - (OptionalMessage_ERROR) IP (RCC) : Invalid parameter (FamilyName)
2023-11-07 08:07:29,745 [INFO] ImportTextPane:194 - (OptionalMessage_ERROR) IP (RCC) : Parameter (MCOFreq_Value) has invalid value (72000000)
2023-11-07 08:07:29,745 [INFO] ImportTextPane:194 - (OptionalMessage_ERROR) IP (RCC) : Parameter (USBFreq_Value) has invalid value (72000000)
2023-11-07 08:07:30,348 [INFO] UtilMem:75 - End LoadConfig() Used Memory: 377753760 Bytes (498073600)
2023-11-07 08:07:30,687 [INFO] ApiDb:581 - Connected to CubeFinder SQLite database (C:\Users\TAMRD\.stmcufinder\plugins\mcufinder\mcu\cube-finder-db.db)
2023-11-07 08:07:30,868 [INFO] ApiDb:668 - CubeFinder database Data Model version=2.1
2023-11-07 08:07:30,868 [INFO] ApiDb:669 - CubeFinder database Configuration version=3.0.37
2023-11-07 08:07:30,868 [INFO] ApiDb:670 - CubeFinder database generation date=2023-10-13 (1697197505)
2023-11-07 08:07:30,868 [INFO] ApiDb:671 - CubeFinder database FW Pack versions=[FP-ATR-ASTRA1_V2.0.0, FP-SNS-FLIGHT1_V5.0.1, FP-SNS-FLIGHT1_V5.0.2, FP-SNS-MOTENV1_V4.3.1, FP-SNS-MOTENV1_V4.3.2, FP-SNS-SMARTAG2_V1.2.0, I-CUBE-ITTIADB_V8.6.3-1, STM32Cube_FW_C0_V1.1.0, STM32Cube_FW_F4_V1.27.1, STM32Cube_FW_F7_V1.17.0, STM32Cube_FW_G0_V1.6.1, STM32Cube_FW_G4_V1.5.1, STM32Cube_FW_H5_V0.5.1, STM32Cube_FW_H5_V1.1.1, STM32Cube_FW_H7_V1.11.0, STM32Cube_FW_L0_V1.12.2, STM32Cube_FW_L5_V1.5.0, STM32Cube_FW_U5_V1.3.0, STM32Cube_FW_U5_V1.3.0RC4, STM32Cube_FW_WBA_V1.0.0RC1, STM32Cube_FW_WBA_V1.1.0RC1, STM32Cube_FW_WBA_V1.1.1, STM32Cube_FW_WB_V1.15.0RC1, STM32Cube_FW_WB_V1.16.0, STM32Cube_FW_WB_V1.16.0RC2, STM32Cube_FW_WB_V1.17.3, STM32Cube_FW_WL_V1.3.0, X-CUBE-ALGOBUILD_V1.3.0, X-CUBE-ALS_V1.0.1, X-CUBE-AZRTOS-F4_V1.1.0, X-CUBE-AZRTOS-F7_V1.1.0, X-CUBE-AZRTOS-G0_V1.1.0, X-CUBE-AZRTOS-G4_V2.0.0, X-CUBE-AZRTOS-H7_V3.1.0, X-CUBE-AZRTOS-L4_V1.0.0, X-CUBE-AZRTOS-L4_V2.0.0, X-CUBE-AZRTOS-L5_V1.1.0, X-CUBE-AZRTOS-WB_V2.0.0, X-CUBE-AZRTOS-WL_V2.0.0, X-CUBE-BLE1_V7.0.0, X-CUBE-BLE2_V3.3.0, X-CUBE-BLEMGR_V2.0.0, X-CUBE-EEPRMA1_V4.1.0, X-CUBE-FREERTOS_V1.1.0, X-CUBE-GNSS1_V6.0.0, X-CUBE-MEMS1_V10.0.0, X-CUBE-MEMS1_V9.1.0, X-CUBE-MEMS1_V9.4.0, X-CUBE-MEMS1_V9.6.0, X-CUBE-NFC4_V3.0.0, X-CUBE-NFC7_V1.0.1, X-CUBE-SFXS2LP1_V4.0.0, X-CUBE-SUBG2_V5.0.0, X-CUBE-TOF1_V3.3.1]
2023-11-07 08:07:34,858 [INFO] ApiDb:240 - Found 323 in-development CPN: [B-G473E-ZEST1S, B-WB1M-WPAN1, B-WL5M-SUBG1, NUCLEO-C031C6, NUCLEO-H503RB, NUCLEO-H563ZI, NUCLEO-U545RE-Q, NUCLEO-U5A5ZJ-Q, NUCLEO-WBA52CG, STEVAL-PROTEUS1, STEVAL-SMARTAG2, STEVAL-STWINBX1, STM320518-EVAL, STM32C0116-DK, STM32C011D6Y3TR, STM32C011D6Y6TR, STM32C011F4P3, STM32C011F4P6, STM32C011F4U3, STM32C011F4U6TR, STM32C011F6P3, STM32C011F6P6, STM32C011F6U3, STM32C011F6U6TR, STM32C011J4M3, STM32C011J4M6, STM32C011J6M3, STM32C011J6M6, STM32C0316-DK, STM32C031C4T3, STM32C031C4T6, STM32C031C4U3, STM32C031C4U6, STM32C031C6T3, STM32C031C6T6, STM32C031C6U3, STM32C031C6U6, STM32C031F4P3, STM32C031F4P6, STM32C031F6P3, STM32C031F6P6, STM32C031G4U3, STM32C031G4U6, STM32C031G6U3, STM32C031G6U6, STM32C031K4T3, STM32C031K4T6, STM32C031K4U3, STM32C031K4U6, STM32C031K6T3, STM32C031K6T6, STM32C031K6U3, STM32C031K6U6, STM32G071K8TXN, STM32G071K8UXN, STM32G081GBU6N, STM32G081KBT6N, STM32G081KBUXN, STM32G0B1CCT6N, STM32G0B1KCT6, STM32G0B1NEY6TR, STM32G0B1RCT6N, STM32G0C1CCT6, STM32G0C1CCT6N, STM32G0C1CCU6N, STM32G0C1CET6N, STM32G0C1CEU6N, STM32G0C1KCT6, STM32G0C1NEY6TR, STM32G0C1RCI6N, STM32G0C1RCT6N, STM32G0C1REI6N, STM32G0C1RET6N, STM32G0C1VCI6, STM32G0C1VEI6, STM32G471CCT6, STM32G471CCU6, STM32G471CET3, STM32G471CET6, STM32G471CEU3, STM32G471CEU6, STM32G471MCT6, STM32G471MET3, STM32G471MET6, STM32G471MEY6TR, STM32G471QCT6, STM32G471QET3, STM32G471RCT6, STM32G471RET3, STM32G471RET6, STM32G471VCH6, STM32G471VCI6, STM32G471VCT6, STM32G471VEH3, STM32G471VEH6, STM32G471VEI3, STM32G471VEI6, STM32G471VET3, STM32G471VET6, STM32G474CCT6, STM32H503CBT6, STM32H503CBU6, STM32H503EBY6TR, STM32H503KBU6, STM32H503RBT6, STM32H562AGI6, STM32H562AII6, STM32H562IGK6, STM32H562IGT6, STM32H562IIK6, STM32H562IIT6, STM32H562RGT6, STM32H562RGV6, STM32H562RIT6, STM32H562RIV6, STM32H562VGT6, STM32H562VIT6, STM32H562ZGT6, STM32H562ZIT6, STM32H563AGI6, STM32H563AII3Q, STM32H563AII6, STM32H563IGK6, STM32H563IGT6, STM32H563IIK3Q, STM32H563IIK6, STM32H563IIT3Q, STM32H563IIT6, STM32H563MIY3QTR, STM32H563RGT6, STM32H563RGV6, STM32H563RIT6, STM32H563RIV6, STM32H563VGT6, STM32H563VIT3Q, STM32H563VIT6, STM32H563ZGT6, STM32H563ZIT3Q, STM32H563ZIT6, STM32H573AII3Q, STM32H573AII6, STM32H573I-DK, STM32H573IIK3Q, STM32H573IIK6, STM32H573IIT3Q, STM32H573IIT6, STM32H573MIY3QTR, STM32H573RIT6, STM32H573RIV6, STM32H573VIT3Q, STM32H573VIT6, STM32H573ZIT3Q, STM32H573ZIT6, STM32L4R5QGI6STR, STM32MP131AAE3, STM32MP131AAF3, STM32MP131AAG3, STM32MP131CAE3, STM32MP131CAF3, STM32MP131CAG3, STM32MP131DAE7, STM32MP131DAF7, STM32MP131DAG7, STM32MP131FAE7, STM32MP131FAF7, STM32MP131FAG7, STM32MP133AAE3, STM32MP133AAF3, STM32MP133AAG3, STM32MP133CAE3, STM32MP133CAF3, STM32MP133CAG3, STM32MP133DAE7, STM32MP133DAF7, STM32MP133DAG7, STM32MP133FAE7, STM32MP133FAF7, STM32MP133FAG7, STM32MP135AAE3, STM32MP135AAF3, STM32MP135AAG3, STM32MP135CAE3, STM32MP135CAF3, STM32MP135CAG3, STM32MP135DAE7, STM32MP135DAF7, STM32MP135DAG7, STM32MP135F-DK, STM32MP135FAE7, STM32MP135FAF7, STM32MP135FAF7T, STM32MP135FAF7U, STM32MP135FAG7, STM32U535CBT6, STM32U535CBT6Q, STM32U535CBU6, STM32U535CBU6Q, STM32U535CCT6, STM32U535CCT6Q, STM32U535CCU6, STM32U535CCU6Q, STM32U535CET6, STM32U535CET6Q, STM32U535CEU6, STM32U535CEU6Q, STM32U535JEY6QTR, STM32U535NCY6QTR, STM32U535NEY6QTR, STM32U535RBI6, STM32U535RBI6Q, STM32U535RBT6, STM32U535RBT6Q, STM32U535RCI6, STM32U535RCI6Q, STM32U535RCT6, STM32U535RCT6Q, STM32U535REI6, STM32U535REI6Q, STM32U535RET6, STM32U535RET6Q, STM32U535VCI6, STM32U535VCI6Q, STM32U535VCT6, STM32U535VCT6Q, STM32U535VEI6, STM32U535VEI6Q, STM32U535VET6, STM32U535VET6Q, STM32U545CET6, STM32U545CET6Q, STM32U545CEU6, STM32U545CEU6Q, STM32U545JEY6QTR, STM32U545NEY6QTR, STM32U545REI6, STM32U545REI6Q, STM32U545RET6, STM32U545RET6Q, STM32U545VEI6, STM32U545VEI6Q, STM32U545VET6, STM32U545VET6Q, STM32U595AIH6, STM32U595AIH6Q, STM32U595AJH6, STM32U595AJH6Q, STM32U595QII6, STM32U595QII6Q, STM32U595QJI6, STM32U595QJI6Q, STM32U595RIT6, STM32U595RIT6Q, STM32U595RJT6, STM32U595RJT6Q, STM32U595VIT6, STM32U595VIT6Q, STM32U595VJT6, STM32U595VJT6Q, STM32U595ZIT6, STM32U595ZIT6Q, STM32U595ZIY6QTR, STM32U595ZJT6, STM32U595ZJT6Q, STM32U595ZJY6QTR, STM32U599BJY6QTR, STM32U599NIH6Q, STM32U599NJH6Q, STM32U599VIT6Q, STM32U599VJT6, STM32U599VJT6Q, STM32U599ZIT6Q, STM32U599ZIY6QTR, STM32U599ZJT6Q, STM32U599ZJY6QTR, STM32U5A5AJH6, STM32U5A5AJH6Q, STM32U5A5QJI6, STM32U5A5QJI6Q, STM32U5A5RJT6, STM32U5A5RJT6Q, STM32U5A5VJT6, STM32U5A5VJT6Q, STM32U5A5ZJT6, STM32U5A5ZJT6Q, STM32U5A5ZJY6QTR, STM32U5A9BJY6QTR, STM32U5A9J-DK, STM32U5A9NJH6Q, STM32U5A9VJT6Q, STM32U5A9ZJT6Q, STM32U5A9ZJY6QTR, STM32U5F7VIT6, STM32U5F7VIT6Q, STM32U5F7VJT6, STM32U5F7VJT6Q, STM32U5F9BJY6QTR, STM32U5F9NJH6Q, STM32U5F9VIT6Q, STM32U5F9VJT6Q, STM32U5F9ZIJ6QTR, STM32U5F9ZIT6Q, STM32U5F9ZJJ6QTR, STM32U5F9ZJT6Q, STM32U5G7VJT6, STM32U5G7VJT6Q, STM32U5G9BJY6QTR, STM32U5G9J-DK1, STM32U5G9J-DK2, STM32U5G9NJH6Q, STM32U5G9VJT6Q, STM32U5G9ZJJ6QTR, STM32U5G9ZJT6Q, STM32WB1MMCH6, STM32WBA52CEU6, STM32WBA52CEU6T, STM32WBA52CGU6, STM32WBA52CGU6T, STM32WBA52KEU6, STM32WBA52KEU6T, STM32WBA52KGU6, STM32WBA52KGU6T, STM32WL5MOCH6, STM32WL5MOCH6TR]
2023-11-07 08:07:34,866 [INFO] DbMcus:217 - Found 3848 MCUs, 3848 are supported
2023-11-07 08:07:34,878 [INFO] ApiDb:423 - Load user favorites file C:\Users\TAMRD/.stm32cubeide/favorites.mcus.txt: 1 item(s)
2023-11-07 08:07:34,878 [INFO] ApiDb:427 - User favorites MCUs=[STM32F103C8T6]
2023-11-07 08:07:34,878 [INFO] DbMcus:223 - Set 1 / 1 favorites MCUs
2023-11-07 08:07:35,494 [WARN] ThirdParty:833 - waiting for thirdparty lock release [change project]
2023-11-07 08:07:35,494 [INFO] ThirdParty:835 - entering critical section [change project]
2023-11-07 08:07:35,494 [INFO] ThirdParty:1030 - CMSIS Pack Vendor :STMicroelectronics X-CUBE-ISPU 1.1.0
2023-11-07 08:07:35,494 [INFO] ThirdParty:1030 - CMSIS Pack Vendor :STMicroelectronics USBPD 4.1
2023-11-07 08:07:35,495 [INFO] ThirdParty:1030 - CMSIS Pack Vendor :STMicroelectronics X-CUBE-GNSS1 6.0.0
2023-11-07 08:07:35,495 [INFO] ThirdParty:1030 - CMSIS Pack Vendor :STMicroelectronics USB_HOST 2.0.0
2023-11-07 08:07:35,495 [INFO] ThirdParty:1030 - CMSIS Pack Vendor :STMicroelectronics X-CUBE-AZRTOS-F4 1.1.0
2023-11-07 08:07:35,495 [INFO] ThirdParty:1030 - CMSIS Pack Vendor :STMicroelectronics LIBJPEG 8.0.0
2023-11-07 08:07:35,495 [INFO] ThirdParty:1030 - CMSIS Pack Vendor :wolfSSL I-CUBE-wolfSSL 5.6.3
2023-11-07 08:07:35,495 [INFO] ThirdParty:1030 - CMSIS Pack Vendor :STMicroelectronics X-CUBE-SMBUS 2.1.0
2023-11-07 08:07:35,495 [INFO] ThirdParty:1030 - CMSIS Pack Vendor :STMicroelectronics USB_DEVICE 3.0.0
2023-11-07 08:07:35,495 [INFO] ThirdParty:1030 - CMSIS Pack Vendor :STMicroelectronics X-CUBE-AZRTOS-WB 2.0.0
2023-11-07 08:07:35,495 [INFO] ThirdParty:1030 - CMSIS Pack Vendor :STMicroelectronics X-CUBE-AZRTOS-F7 1.1.0
2023-11-07 08:07:35,495 [INFO] ThirdParty:1030 - CMSIS Pack Vendor :STMicroelectronics X-CUBE-AZRTOS-L5 2.0.0
2023-11-07 08:07:35,495 [INFO] ThirdParty:1030 - CMSIS Pack Vendor :STMicroelectronics USB_DEVICE 2.0.0
2023-11-07 08:07:35,495 [INFO] ThirdParty:1030 - CMSIS Pack Vendor :STMicroelectronics X-CUBE-MEMS1 9.6.0
2023-11-07 08:07:35,495 [INFO] ThirdParty:1030 - CMSIS Pack Vendor :STMicroelectronics X-CUBE-EEPRMA1 4.2.0
2023-11-07 08:07:35,495 [INFO] ThirdParty:1030 - CMSIS Pack Vendor :ITTIA_DB I-CUBE-ITTIADB 8.8.0
2023-11-07 08:07:35,495 [INFO] ThirdParty:1030 - CMSIS Pack Vendor :STMicroelectronics FP-SNS-MOTENV1 4.3.2
2023-11-07 08:07:35,495 [INFO] ThirdParty:1030 - CMSIS Pack Vendor :STMicroelectronics X-CUBE-ALGOBUILD 1.3.0
2023-11-07 08:07:35,495 [INFO] ThirdParty:1030 - CMSIS Pack Vendor :STMicroelectronics FreeRTOS 0.0.1
2023-11-07 08:07:35,495 [INFO] ThirdParty:1030 - CMSIS Pack Vendor :STMicroelectronics X-CUBE-AZRTOS-G0 1.1.0
2023-11-07 08:07:35,495 [INFO] ThirdParty:1030 - CMSIS Pack Vendor :STMicroelectronics X-CUBE-BLEMGR 2.0.0
2023-11-07 08:07:35,495 [INFO] ThirdParty:1030 - CMSIS Pack Vendor :STMicroelectronics X-CUBE-NFC4 3.0.0
2023-11-07 08:07:35,495 [INFO] ThirdParty:1030 - CMSIS Pack Vendor :STMicroelectronics X-CUBE-SUBG2 5.0.0
2023-11-07 08:07:35,495 [INFO] ThirdParty:1030 - CMSIS Pack Vendor :STMicroelectronics STM32_WPAN 1.0.0
2023-11-07 08:07:35,496 [INFO] ThirdParty:1030 - CMSIS Pack Vendor :STMicroelectronics lwIP 2.0.3
2023-11-07 08:07:35,496 [INFO] ThirdParty:1030 - CMSIS Pack Vendor :STMicroelectronics FP-SNS-FLIGHT1 5.0.2
2023-11-07 08:07:35,496 [INFO] ThirdParty:1030 - CMSIS Pack Vendor :STMicroelectronics USB_HOST 1.0.0
2023-11-07 08:07:35,496 [INFO] ThirdParty:1030 - CMSIS Pack Vendor :STMicroelectronics X-CUBE-TOF1 3.3.1
2023-11-07 08:07:35,496 [INFO] ThirdParty:1030 - CMSIS Pack Vendor :STMicroelectronics X-CUBE-AZRTOS-G4 2.0.0
2023-11-07 08:07:35,496 [INFO] ThirdParty:1030 - CMSIS Pack Vendor :STMicroelectronics PDM2PCM 3.1.0
2023-11-07 08:07:35,496 [INFO] ThirdParty:1030 - CMSIS Pack Vendor :STMicroelectronics X-CUBE-AZRTOS-H7 3.1.0
2023-11-07 08:07:35,496 [INFO] ThirdParty:1030 - CMSIS Pack Vendor :Infineon AIROC-Wi-Fi-Bluetooth-STM32 1.5.1
2023-11-07 08:07:35,496 [INFO] ThirdParty:1030 - CMSIS Pack Vendor :STMicroelectronics X-CUBE-BLEMGR 3.0.0
2023-11-07 08:07:35,496 [INFO] ThirdParty:1030 - CMSIS Pack Vendor :STMicroelectronics PDM2PCM 3.3.0
2023-11-07 08:07:35,496 [INFO] ThirdParty:1030 - CMSIS Pack Vendor :STMicroelectronics X-CUBE-DISPLAY 3.0.0
2023-11-07 08:07:35,496 [INFO] ThirdParty:1030 - CMSIS Pack Vendor :STMicroelectronics X-CUBE-BLE1 7.0.0
2023-11-07 08:07:35,496 [INFO] ThirdParty:1030 - CMSIS Pack Vendor :STMicroelectronics FP-ATR-SIGFOX1 3.2.0
2023-11-07 08:07:35,496 [INFO] ThirdParty:1030 - CMSIS Pack Vendor :STMicroelectronics HAL Drivers 0.0.0
2023-11-07 08:07:35,496 [INFO] ThirdParty:1030 - CMSIS Pack Vendor :STMicroelectronics MBEDTLS 2.16.2
2023-11-07 08:07:35,496 [INFO] ThirdParty:1030 - CMSIS Pack Vendor :emotas I-CUBE-CANOPEN 1.3.0
2023-11-07 08:07:35,497 [INFO] ThirdParty:1030 - CMSIS Pack Vendor :STMicroelectronics X-CUBE-MEMS1 10.0.0
2023-11-07 08:07:35,497 [INFO] ThirdParty:1030 - CMSIS Pack Vendor :STMicroelectronics X-CUBE-FREERTOS 1.1.0
2023-11-07 08:07:35,497 [INFO] ThirdParty:1030 - CMSIS Pack Vendor :STMicroelectronics X-CUBE-TOUCHGFX 4.22.0
2023-11-07 08:07:35,497 [INFO] ThirdParty:1030 - CMSIS Pack Vendor :STMicroelectronics X-CUBE-NFC7 1.0.1
2023-11-07 08:07:35,497 [INFO] ThirdParty:1030 - CMSIS Pack Vendor :STMicroelectronics MBEDTLS 2.14.1
2023-11-07 08:07:35,497 [INFO] ThirdParty:1030 - CMSIS Pack Vendor :STMicroelectronics X-CUBE-TOUCHGFX 4.22.1
2023-11-07 08:07:35,497 [INFO] ThirdParty:1030 - CMSIS Pack Vendor :STMicroelectronics X-CUBE-NFC6 3.0.0
2023-11-07 08:07:35,497 [INFO] ThirdParty:1030 - CMSIS Pack Vendor :STMicroelectronics X-CUBE-EEPRMA1 4.1.0
2023-11-07 08:07:35,497 [INFO] ThirdParty:1030 - CMSIS Pack Vendor :portGmbH I-Cube-SoM-uGOAL 1.1.0
2023-11-07 08:07:35,497 [INFO] ThirdParty:1030 - CMSIS Pack Vendor :STMicroelectronics X-CUBE-ALS 1.0.1
2023-11-07 08:07:35,498 [INFO] ThirdParty:1030 - CMSIS Pack Vendor :STMicroelectronics ThreadX 1.0.0
2023-11-07 08:07:35,498 [INFO] ThirdParty:1030 - CMSIS Pack Vendor :STMicroelectronics FP-SNS-SMARTAG2 1.2.0
2023-11-07 08:07:35,503 [INFO] ThirdParty:1030 - CMSIS Pack Vendor :STMicroelectronics X-CUBE-AZRTOS-WL 2.0.0
2023-11-07 08:07:35,507 [INFO] ThirdParty:1030 - CMSIS Pack Vendor :SEGGER I-CUBE-embOS 1.3.1
2023-11-07 08:07:35,519 [INFO] ThirdParty:1030 - CMSIS Pack Vendor :STMicroelectronics USB_DEVICE 1.0.0
2023-11-07 08:07:35,519 [INFO] ThirdParty:1030 - CMSIS Pack Vendor :STMicroelectronics X-CUBE-AI 8.1.0
2023-11-07 08:07:35,519 [INFO] ThirdParty:1030 - CMSIS Pack Vendor :STMicroelectronics X-CUBE-AZRTOS-L4 2.0.0
2023-11-07 08:07:35,519 [INFO] ThirdParty:1030 - CMSIS Pack Vendor :STMicroelectronics ThreadX 0.0.2
2023-11-07 08:07:35,519 [INFO] ThirdParty:1030 - CMSIS Pack Vendor :WES I-CUBE-Cesium 1.3.0
2023-11-07 08:07:35,519 [INFO] ThirdParty:1030 - CMSIS Pack Vendor :STMicroelectronics FP-ATR-ASTRA1 2.0.0
2023-11-07 08:07:35,519 [INFO] ThirdParty:1030 - CMSIS Pack Vendor :STMicroelectronics lwIP 2.1.2
2023-11-07 08:07:35,519 [INFO] ThirdParty:1030 - CMSIS Pack Vendor :STMicroelectronics X-CUBE-SFXS2LP1 4.0.0
2023-11-07 08:07:35,519 [INFO] ThirdParty:1030 - CMSIS Pack Vendor :STMicroelectronics X-CUBE-BLE2 3.3.0
2023-11-07 08:07:35,519 [INFO] ThirdParty:1030 - CMSIS Pack Vendor :STMicroelectronics PDM2PCM 3.2.0
2023-11-07 08:07:35,519 [INFO] ThirdParty:841 - exiting critical section [change project]
2023-11-07 08:07:36,309 [INFO] PinOutPanel:1499 - setPackage(No Configuration,No Configuration)
2023-11-07 08:07:36,323 [INFO] PinOutPanel:1499 - setPackage(STM32F103C8Tx,LQFP48)
2023-11-07 08:07:38,300 [INFO] UtilMem:75 - Before build in PCC Used Memory: 596594688 Bytes (709885952)
2023-11-07 08:07:43,357 [INFO] UtilMem:75 - After build in PCC Used Memory: 346451968 Bytes (709885952)
2023-11-07 08:07:43,866 [INFO] IPUIPlugin:80 - create IPUIPlugin
2023-11-07 08:07:43,866 [INFO] IPUIPlugin:80 - create IPUIPlugin
2023-11-07 08:07:43,866 [INFO] IPUIPlugin:80 - create IPUIPlugin
2023-11-07 08:07:43,866 [INFO] IPUIPlugin:80 - create IPUIPlugin
2023-11-07 08:07:43,866 [INFO] IPUIPlugin:80 - create IPUIPlugin
2023-11-07 08:07:43,866 [INFO] IPUIPlugin:80 - create IPUIPlugin
2023-11-07 08:07:43,866 [INFO] IPUIPlugin:80 - create IPUIPlugin
2023-11-07 08:07:43,866 [INFO] IPUIPlugin:80 - create IPUIPlugin
2023-11-07 08:07:43,866 [INFO] IPUIPlugin:80 - create IPUIPlugin
2023-11-07 08:07:43,867 [INFO] IPUIPlugin:80 - create IPUIPlugin
2023-11-07 08:07:43,867 [INFO] IPUIPlugin:80 - create IPUIPlugin
2023-11-07 08:07:43,867 [INFO] IPUIPlugin:80 - create IPUIPlugin
2023-11-07 08:07:43,867 [INFO] IPUIPlugin:80 - create IPUIPlugin
2023-11-07 08:07:43,867 [INFO] IPUIPlugin:80 - create IPUIPlugin
2023-11-07 08:07:43,867 [INFO] IPUIPlugin:80 - create IPUIPlugin
2023-11-07 08:07:43,868 [INFO] IPUIPlugin:80 - create IPUIPlugin
2023-11-07 08:07:43,868 [INFO] IPUIPlugin:80 - create IPUIPlugin
2023-11-07 08:07:43,868 [INFO] IPUIPlugin:80 - create IPUIPlugin
2023-11-07 08:07:43,868 [INFO] IPUIPlugin:80 - create IPUIPlugin
2023-11-07 08:07:43,868 [INFO] IPUIPlugin:80 - create IPUIPlugin
2023-11-07 08:07:43,869 [INFO] IPUIPlugin:80 - create IPUIPlugin
2023-11-07 08:07:43,869 [INFO] IPUIPlugin:80 - create IPUIPlugin
2023-11-07 08:07:43,869 [INFO] IPUIPlugin:80 - create IPUIPlugin
2023-11-07 08:07:43,869 [INFO] IPUIPlugin:80 - create IPUIPlugin
2023-11-07 08:07:43,870 [INFO] IPUIPlugin:80 - create IPUIPlugin
2023-11-07 08:07:43,870 [INFO] IPUIPlugin:80 - create IPUIPlugin
2023-11-07 08:07:43,870 [INFO] IPUIPlugin:80 - create IPUIPlugin
2023-11-07 08:07:43,889 [INFO] Can:71 - Can Add PropertyChangeListener com.st.microxplorer.plugins.ip.can.Can@6dad560e
2023-11-07 08:07:44,260 [INFO] CADModel:165 - CPN selected for project levelSTM32F103C8T6
2023-11-07 08:07:44,260 [INFO] CADModel:114 - Register for checkConnection events
2023-11-07 08:07:44,344 [INFO] OpenFileManager:328 - Restore cursor
2023-11-07 08:18:10,438 [INFO] MainUpdater:2868 - connection check result : 10
2023-11-07 08:18:10,438 [INFO] MainUpdater:2868 - connection check result : 10
2023-11-07 08:18:10,512 [INFO] MicroXplorer:468 - Change Database Path : 
2023-11-07 08:18:10,512 [INFO] MicroXplorer:498 - Change Database Version : DB.6.0.92
2023-11-07 08:18:10,584 [WARN] ThirdParty:871 - waiting for thirdparty lock release [close project]
2023-11-07 08:18:10,584 [INFO] ThirdParty:873 - entering critical section [close project]
2023-11-07 08:18:10,584 [INFO] ThirdParty:883 - exiting critical section [close project]
2023-11-07 08:18:10,585 [INFO] PinOutPanel:1499 - setPackage(No Configuration,No Configuration)
2023-11-07 08:18:10,594 [INFO] UtilMem:75 - Begin LoadConfig() Used Memory: 646904472 Bytes (859832320)
2023-11-07 08:18:10,603 [INFO] MicroXplorer:468 - Change Database Path : C:/Users/TAMRD/.stm32cubemx/databases/DB.6.0.91/db/
2023-11-07 08:18:10,603 [INFO] MicroXplorer:498 - Change Database Version : DB.6.0.91
2023-11-07 08:18:13,539 [INFO] OpenFileManager:308 - Change cursor
2023-11-07 08:18:13,618 [INFO] Mcu:1946 - Initializing MCU STM32F103C(8-B)Tx STM32F103C8Tx STM32F103C8T6
2023-11-07 08:18:14,748 [INFO] Context:659 - Trying to add GPIOservice into a context  which must be forbidden
2023-11-07 08:18:15,508 [INFO] RtosManager:555 - Registered RTOS mode: class=CMSIS, group=RTOS, mode=CMSIS_V1, owner=FREERTOS
2023-11-07 08:18:15,509 [INFO] RtosManager:555 - Registered RTOS mode: class=CMSIS, group=RTOS2, mode=CMSIS_V2, owner=FREERTOS
2023-11-07 08:18:15,509 [INFO] RtosManager:555 - Registered RTOS mode: class=RTOS, group=Core, mode=CMSIS_V1, owner=FREERTOS
2023-11-07 08:18:15,509 [INFO] RtosManager:555 - Registered RTOS mode: class=RTOS, group=Core, mode=CMSIS_V2, owner=FREERTOS
2023-11-07 08:18:15,509 [WARN] ModelIntegratedComponent:184 - Missing modes for component STMicroelectronics:FreeRTOS:0.0.1:STMicroelectronics:RTOS:FreeRTOS:Core:::10.2.0:
2023-11-07 08:18:15,526 [WARN] ModelIntegratedComponent:63 - No mode defined for component null
2023-11-07 08:18:15,526 [WARN] ModelIntegratedComponent:63 - No mode defined for component null
2023-11-07 08:18:15,526 [WARN] ModelIntegratedComponent:63 - No mode defined for component null
2023-11-07 08:18:15,526 [WARN] ModelIntegratedComponent:63 - No mode defined for component null
2023-11-07 08:18:15,526 [WARN] ModelIntegratedComponent:63 - No mode defined for component null
2023-11-07 08:18:15,526 [WARN] ModelIntegratedComponent:63 - No mode defined for component null
2023-11-07 08:18:15,526 [WARN] ModelIntegratedComponent:63 - No mode defined for component null
2023-11-07 08:18:15,526 [WARN] ModelIntegratedComponent:63 - No mode defined for component null
2023-11-07 08:18:15,526 [WARN] ModelIntegratedComponent:63 - No mode defined for component null
2023-11-07 08:18:15,526 [WARN] ModelIntegratedComponent:63 - No mode defined for component null
2023-11-07 08:18:15,526 [WARN] ModelIntegratedComponent:63 - No mode defined for component null
2023-11-07 08:18:15,526 [WARN] ModelIntegratedComponent:63 - No mode defined for component null
2023-11-07 08:18:15,527 [WARN] ModelIntegratedComponent:63 - No mode defined for component null
2023-11-07 08:18:15,527 [WARN] ModelIntegratedComponent:63 - No mode defined for component null
2023-11-07 08:18:15,527 [WARN] ModelIntegratedComponent:63 - No mode defined for component null
2023-11-07 08:18:15,527 [WARN] ModelIntegratedComponent:63 - No mode defined for component null
2023-11-07 08:18:15,527 [WARN] ModelIntegratedComponent:63 - No mode defined for component null
2023-11-07 08:18:15,527 [WARN] ModelIntegratedComponent:63 - No mode defined for component null
2023-11-07 08:18:15,527 [WARN] ModelIntegratedComponent:63 - No mode defined for component null
2023-11-07 08:18:15,527 [WARN] ModelIntegratedComponent:63 - No mode defined for component null
2023-11-07 08:18:15,527 [WARN] ModelIntegratedComponent:63 - No mode defined for component null
2023-11-07 08:18:15,527 [WARN] ModelIntegratedComponent:63 - No mode defined for component null
2023-11-07 08:18:15,527 [WARN] ModelIntegratedComponent:63 - No mode defined for component null
2023-11-07 08:18:15,527 [WARN] ModelIntegratedComponent:63 - No mode defined for component null
2023-11-07 08:18:15,527 [WARN] ModelIntegratedComponent:63 - No mode defined for component null
2023-11-07 08:18:15,527 [WARN] ModelIntegratedComponent:63 - No mode defined for component null
2023-11-07 08:18:15,527 [WARN] ModelIntegratedComponent:63 - No mode defined for component null
2023-11-07 08:18:15,527 [WARN] ModelIntegratedComponent:63 - No mode defined for component null
2023-11-07 08:18:15,527 [WARN] ModelIntegratedComponent:63 - No mode defined for component null
2023-11-07 08:18:15,527 [WARN] ModelIntegratedComponent:63 - No mode defined for component null
2023-11-07 08:18:15,527 [WARN] ModelIntegratedComponent:63 - No mode defined for component null
2023-11-07 08:18:15,527 [WARN] ModelIntegratedComponent:63 - No mode defined for component null
2023-11-07 08:18:15,527 [WARN] ModelIntegratedComponent:63 - No mode defined for component null
2023-11-07 08:18:15,615 [INFO] ThirdPartyModel:298 - Start build external matchings
2023-11-07 08:18:16,304 [INFO] ThirdPartyModel:316 - End build external matchings
2023-11-07 08:18:16,320 [INFO] ImportTextPane:194 - (OptionalMessage_ERROR) IP (RCC) : Parameter (ADCFreqValue) has invalid value (36000000)
2023-11-07 08:18:16,321 [INFO] ImportTextPane:194 - (OptionalMessage_ERROR) IP (RCC) : Invalid parameter (FamilyName)
2023-11-07 08:18:16,321 [INFO] ImportTextPane:194 - (OptionalMessage_ERROR) IP (RCC) : Parameter (MCOFreq_Value) has invalid value (72000000)
2023-11-07 08:18:16,322 [INFO] ImportTextPane:194 - (OptionalMessage_ERROR) IP (RCC) : Parameter (USBFreq_Value) has invalid value (72000000)
2023-11-07 08:18:17,166 [INFO] UtilMem:75 - End LoadConfig() Used Memory: 304507512 Bytes (759169024)
2023-11-07 08:18:17,230 [WARN] ThirdParty:833 - waiting for thirdparty lock release [change project]
2023-11-07 08:18:17,230 [INFO] ThirdParty:835 - entering critical section [change project]
2023-11-07 08:18:17,230 [INFO] ThirdParty:1030 - CMSIS Pack Vendor :STMicroelectronics X-CUBE-ISPU 1.1.0
2023-11-07 08:18:17,230 [INFO] ThirdParty:1030 - CMSIS Pack Vendor :STMicroelectronics USBPD 4.1
2023-11-07 08:18:17,230 [INFO] ThirdParty:1030 - CMSIS Pack Vendor :STMicroelectronics X-CUBE-GNSS1 6.0.0
2023-11-07 08:18:17,230 [INFO] ThirdParty:1030 - CMSIS Pack Vendor :STMicroelectronics USB_HOST 2.0.0
2023-11-07 08:18:17,230 [INFO] ThirdParty:1030 - CMSIS Pack Vendor :STMicroelectronics X-CUBE-AZRTOS-F4 1.1.0
2023-11-07 08:18:17,230 [INFO] ThirdParty:1030 - CMSIS Pack Vendor :STMicroelectronics LIBJPEG 8.0.0
2023-11-07 08:18:17,231 [INFO] ThirdParty:1030 - CMSIS Pack Vendor :wolfSSL I-CUBE-wolfSSL 5.6.3
2023-11-07 08:18:17,231 [INFO] ThirdParty:1030 - CMSIS Pack Vendor :STMicroelectronics X-CUBE-SMBUS 2.1.0
2023-11-07 08:18:17,231 [INFO] ThirdParty:1030 - CMSIS Pack Vendor :STMicroelectronics USB_DEVICE 3.0.0
2023-11-07 08:18:17,231 [INFO] ThirdParty:1030 - CMSIS Pack Vendor :STMicroelectronics X-CUBE-AZRTOS-WB 2.0.0
2023-11-07 08:18:17,231 [INFO] ThirdParty:1030 - CMSIS Pack Vendor :STMicroelectronics X-CUBE-AZRTOS-F7 1.1.0
2023-11-07 08:18:17,231 [INFO] ThirdParty:1030 - CMSIS Pack Vendor :STMicroelectronics X-CUBE-AZRTOS-L5 2.0.0
2023-11-07 08:18:17,231 [INFO] ThirdParty:1030 - CMSIS Pack Vendor :STMicroelectronics USB_DEVICE 2.0.0
2023-11-07 08:18:17,231 [INFO] ThirdParty:1030 - CMSIS Pack Vendor :STMicroelectronics X-CUBE-MEMS1 9.6.0
2023-11-07 08:18:17,231 [INFO] ThirdParty:1030 - CMSIS Pack Vendor :STMicroelectronics X-CUBE-EEPRMA1 4.2.0
2023-11-07 08:18:17,231 [INFO] ThirdParty:1030 - CMSIS Pack Vendor :ITTIA_DB I-CUBE-ITTIADB 8.8.0
2023-11-07 08:18:17,231 [INFO] ThirdParty:1030 - CMSIS Pack Vendor :STMicroelectronics FP-SNS-MOTENV1 4.3.2
2023-11-07 08:18:17,231 [INFO] ThirdParty:1030 - CMSIS Pack Vendor :STMicroelectronics X-CUBE-ALGOBUILD 1.3.0
2023-11-07 08:18:17,231 [INFO] ThirdParty:1030 - CMSIS Pack Vendor :STMicroelectronics FreeRTOS 0.0.1
2023-11-07 08:18:17,231 [INFO] ThirdParty:1030 - CMSIS Pack Vendor :STMicroelectronics X-CUBE-AZRTOS-G0 1.1.0
2023-11-07 08:18:17,231 [INFO] ThirdParty:1030 - CMSIS Pack Vendor :STMicroelectronics X-CUBE-BLEMGR 2.0.0
2023-11-07 08:18:17,233 [INFO] ThirdParty:1030 - CMSIS Pack Vendor :STMicroelectronics X-CUBE-NFC4 3.0.0
2023-11-07 08:18:17,233 [INFO] ThirdParty:1030 - CMSIS Pack Vendor :STMicroelectronics X-CUBE-SUBG2 5.0.0
2023-11-07 08:18:17,233 [INFO] ThirdParty:1030 - CMSIS Pack Vendor :STMicroelectronics STM32_WPAN 1.0.0
2023-11-07 08:18:17,233 [INFO] ThirdParty:1030 - CMSIS Pack Vendor :STMicroelectronics lwIP 2.0.3
2023-11-07 08:18:17,233 [INFO] ThirdParty:1030 - CMSIS Pack Vendor :STMicroelectronics FP-SNS-FLIGHT1 5.0.2
2023-11-07 08:18:17,233 [INFO] ThirdParty:1030 - CMSIS Pack Vendor :STMicroelectronics USB_HOST 1.0.0
2023-11-07 08:18:17,233 [INFO] ThirdParty:1030 - CMSIS Pack Vendor :STMicroelectronics X-CUBE-TOF1 3.3.1
2023-11-07 08:18:17,233 [INFO] ThirdParty:1030 - CMSIS Pack Vendor :STMicroelectronics X-CUBE-AZRTOS-G4 2.0.0
2023-11-07 08:18:17,233 [INFO] ThirdParty:1030 - CMSIS Pack Vendor :STMicroelectronics PDM2PCM 3.1.0
2023-11-07 08:18:17,233 [INFO] ThirdParty:1030 - CMSIS Pack Vendor :STMicroelectronics X-CUBE-AZRTOS-H7 3.1.0
2023-11-07 08:18:17,233 [INFO] ThirdParty:1030 - CMSIS Pack Vendor :Infineon AIROC-Wi-Fi-Bluetooth-STM32 1.5.1
2023-11-07 08:18:17,233 [INFO] ThirdParty:1030 - CMSIS Pack Vendor :STMicroelectronics X-CUBE-BLEMGR 3.0.0
2023-11-07 08:18:17,233 [INFO] ThirdParty:1030 - CMSIS Pack Vendor :STMicroelectronics PDM2PCM 3.3.0
2023-11-07 08:18:17,233 [INFO] ThirdParty:1030 - CMSIS Pack Vendor :STMicroelectronics X-CUBE-DISPLAY 3.0.0
2023-11-07 08:18:17,233 [INFO] ThirdParty:1030 - CMSIS Pack Vendor :STMicroelectronics X-CUBE-BLE1 7.0.0
2023-11-07 08:18:17,233 [INFO] ThirdParty:1030 - CMSIS Pack Vendor :STMicroelectronics FP-ATR-SIGFOX1 3.2.0
2023-11-07 08:18:17,233 [INFO] ThirdParty:1030 - CMSIS Pack Vendor :STMicroelectronics HAL Drivers 0.0.0
2023-11-07 08:18:17,233 [INFO] ThirdParty:1030 - CMSIS Pack Vendor :STMicroelectronics MBEDTLS 2.16.2
2023-11-07 08:18:17,233 [INFO] ThirdParty:1030 - CMSIS Pack Vendor :emotas I-CUBE-CANOPEN 1.3.0
2023-11-07 08:18:17,233 [INFO] ThirdParty:1030 - CMSIS Pack Vendor :STMicroelectronics X-CUBE-MEMS1 10.0.0
2023-11-07 08:18:17,234 [INFO] ThirdParty:1030 - CMSIS Pack Vendor :STMicroelectronics X-CUBE-FREERTOS 1.1.0
2023-11-07 08:18:17,235 [INFO] ThirdParty:1030 - CMSIS Pack Vendor :STMicroelectronics X-CUBE-TOUCHGFX 4.22.0
2023-11-07 08:18:17,235 [INFO] ThirdParty:1030 - CMSIS Pack Vendor :STMicroelectronics X-CUBE-NFC7 1.0.1
2023-11-07 08:18:17,235 [INFO] ThirdParty:1030 - CMSIS Pack Vendor :STMicroelectronics MBEDTLS 2.14.1
2023-11-07 08:18:17,235 [INFO] ThirdParty:1030 - CMSIS Pack Vendor :STMicroelectronics X-CUBE-TOUCHGFX 4.22.1
2023-11-07 08:18:17,235 [INFO] ThirdParty:1030 - CMSIS Pack Vendor :STMicroelectronics X-CUBE-NFC6 3.0.0
2023-11-07 08:18:17,235 [INFO] ThirdParty:1030 - CMSIS Pack Vendor :STMicroelectronics X-CUBE-EEPRMA1 4.1.0
2023-11-07 08:18:17,235 [INFO] ThirdParty:1030 - CMSIS Pack Vendor :portGmbH I-Cube-SoM-uGOAL 1.1.0
2023-11-07 08:18:17,235 [INFO] ThirdParty:1030 - CMSIS Pack Vendor :STMicroelectronics X-CUBE-ALS 1.0.1
2023-11-07 08:18:17,235 [INFO] ThirdParty:1030 - CMSIS Pack Vendor :STMicroelectronics ThreadX 1.0.0
2023-11-07 08:18:17,235 [INFO] ThirdParty:1030 - CMSIS Pack Vendor :STMicroelectronics FP-SNS-SMARTAG2 1.2.0
2023-11-07 08:18:17,235 [INFO] ThirdParty:1030 - CMSIS Pack Vendor :STMicroelectronics X-CUBE-AZRTOS-WL 2.0.0
2023-11-07 08:18:17,235 [INFO] ThirdParty:1030 - CMSIS Pack Vendor :SEGGER I-CUBE-embOS 1.3.1
2023-11-07 08:18:17,235 [INFO] ThirdParty:1030 - CMSIS Pack Vendor :STMicroelectronics USB_DEVICE 1.0.0
2023-11-07 08:18:17,235 [INFO] ThirdParty:1030 - CMSIS Pack Vendor :STMicroelectronics X-CUBE-AI 8.1.0
2023-11-07 08:18:17,235 [INFO] ThirdParty:1030 - CMSIS Pack Vendor :STMicroelectronics X-CUBE-AZRTOS-L4 2.0.0
2023-11-07 08:18:17,235 [INFO] ThirdParty:1030 - CMSIS Pack Vendor :STMicroelectronics ThreadX 0.0.2
2023-11-07 08:18:17,235 [INFO] ThirdParty:1030 - CMSIS Pack Vendor :WES I-CUBE-Cesium 1.3.0
2023-11-07 08:18:17,235 [INFO] ThirdParty:1030 - CMSIS Pack Vendor :STMicroelectronics FP-ATR-ASTRA1 2.0.0
2023-11-07 08:18:17,235 [INFO] ThirdParty:1030 - CMSIS Pack Vendor :STMicroelectronics lwIP 2.1.2
2023-11-07 08:18:17,235 [INFO] ThirdParty:1030 - CMSIS Pack Vendor :STMicroelectronics X-CUBE-SFXS2LP1 4.0.0
2023-11-07 08:18:17,235 [INFO] ThirdParty:1030 - CMSIS Pack Vendor :STMicroelectronics X-CUBE-BLE2 3.3.0
2023-11-07 08:18:17,235 [INFO] ThirdParty:1030 - CMSIS Pack Vendor :STMicroelectronics PDM2PCM 3.2.0
2023-11-07 08:18:17,235 [INFO] ThirdParty:841 - exiting critical section [change project]
2023-11-07 08:18:17,473 [INFO] PinOutPanel:1499 - setPackage(No Configuration,No Configuration)
2023-11-07 08:18:17,473 [INFO] PinOutPanel:1499 - setPackage(STM32F103C8Tx,LQFP48)
2023-11-07 08:18:17,931 [INFO] UtilMem:75 - Before build in PCC Used Memory: 426455632 Bytes (759169024)
2023-11-07 08:18:18,370 [INFO] UtilMem:75 - After build in PCC Used Memory: 468920912 Bytes (759169024)
2023-11-07 08:18:18,391 [INFO] IPUIPlugin:80 - create IPUIPlugin
2023-11-07 08:18:18,391 [INFO] IPUIPlugin:80 - create IPUIPlugin
2023-11-07 08:18:18,391 [INFO] IPUIPlugin:80 - create IPUIPlugin
2023-11-07 08:18:18,391 [INFO] IPUIPlugin:80 - create IPUIPlugin
2023-11-07 08:18:18,391 [INFO] IPUIPlugin:80 - create IPUIPlugin
2023-11-07 08:18:18,391 [INFO] IPUIPlugin:80 - create IPUIPlugin
2023-11-07 08:18:18,392 [INFO] IPUIPlugin:80 - create IPUIPlugin
2023-11-07 08:18:18,392 [INFO] IPUIPlugin:80 - create IPUIPlugin
2023-11-07 08:18:18,392 [INFO] IPUIPlugin:80 - create IPUIPlugin
2023-11-07 08:18:18,392 [INFO] IPUIPlugin:80 - create IPUIPlugin
2023-11-07 08:18:18,392 [INFO] IPUIPlugin:80 - create IPUIPlugin
2023-11-07 08:18:18,392 [INFO] IPUIPlugin:80 - create IPUIPlugin
2023-11-07 08:18:18,392 [INFO] IPUIPlugin:80 - create IPUIPlugin
2023-11-07 08:18:18,392 [INFO] IPUIPlugin:80 - create IPUIPlugin
2023-11-07 08:18:18,392 [INFO] IPUIPlugin:80 - create IPUIPlugin
2023-11-07 08:18:18,392 [INFO] IPUIPlugin:80 - create IPUIPlugin
2023-11-07 08:18:18,393 [INFO] IPUIPlugin:80 - create IPUIPlugin
2023-11-07 08:18:18,393 [INFO] IPUIPlugin:80 - create IPUIPlugin
2023-11-07 08:18:18,393 [INFO] IPUIPlugin:80 - create IPUIPlugin
2023-11-07 08:18:18,393 [INFO] IPUIPlugin:80 - create IPUIPlugin
2023-11-07 08:18:18,393 [INFO] IPUIPlugin:80 - create IPUIPlugin
2023-11-07 08:18:18,393 [INFO] IPUIPlugin:80 - create IPUIPlugin
2023-11-07 08:18:18,394 [INFO] IPUIPlugin:80 - create IPUIPlugin
2023-11-07 08:18:18,394 [INFO] IPUIPlugin:80 - create IPUIPlugin
2023-11-07 08:18:18,394 [INFO] IPUIPlugin:80 - create IPUIPlugin
2023-11-07 08:18:18,394 [INFO] IPUIPlugin:80 - create IPUIPlugin
2023-11-07 08:18:18,395 [INFO] IPUIPlugin:80 - create IPUIPlugin
2023-11-07 08:18:18,396 [INFO] Can:71 - Can Add PropertyChangeListener com.st.microxplorer.plugins.ip.can.Can@1ac84785
2023-11-07 08:18:18,457 [INFO] CADModel:165 - CPN selected for project levelSTM32F103C8T6
2023-11-07 08:18:18,457 [INFO] CADModel:114 - Register for checkConnection events
2023-11-07 08:18:18,512 [INFO] OpenFileManager:328 - Restore cursor
2023-11-07 08:18:24,497 [INFO] NvicIntPanel:101 - NVIC parent = com.st.microxplorer.plugins.ip.nvic.MultiNvicIntPanel[,0,0,0x0,invalid,layout=javax.swing.BoxLayout,alignmentX=0.0,alignmentY=0.0,border=,flags=9,maximumSize=,minimumSize=,preferredSize=]
2023-11-07 08:18:56,583 [INFO] MainUpdater:2868 - connection check result : 10
2023-11-07 08:18:56,583 [INFO] MainUpdater:2868 - connection check result : 10
2023-11-07 08:18:56,601 [INFO] MicroXplorer:468 - Change Database Path : 
2023-11-07 08:18:56,601 [INFO] MicroXplorer:498 - Change Database Version : DB.6.0.92
2023-11-07 08:18:56,672 [WARN] ThirdParty:871 - waiting for thirdparty lock release [close project]
2023-11-07 08:18:56,672 [INFO] ThirdParty:873 - entering critical section [close project]
2023-11-07 08:18:56,672 [INFO] ThirdParty:883 - exiting critical section [close project]
2023-11-07 08:18:56,673 [INFO] PinOutPanel:1499 - setPackage(No Configuration,No Configuration)
2023-11-07 08:18:56,676 [INFO] UtilMem:75 - Begin LoadConfig() Used Memory: 466502656 Bytes (744488960)
2023-11-07 08:18:56,685 [INFO] MicroXplorer:468 - Change Database Path : C:/Users/TAMRD/.stm32cubemx/databases/DB.6.0.91/db/
2023-11-07 08:18:56,686 [INFO] MicroXplorer:498 - Change Database Version : DB.6.0.91
2023-11-07 08:18:58,745 [INFO] OpenFileManager:308 - Change cursor
2023-11-07 08:18:58,805 [INFO] Mcu:1946 - Initializing MCU STM32F103C(8-B)Tx STM32F103C8Tx STM32F103C8T6
2023-11-07 08:18:59,740 [INFO] Context:659 - Trying to add GPIOservice into a context  which must be forbidden
2023-11-07 08:18:59,978 [INFO] RtosManager:555 - Registered RTOS mode: class=CMSIS, group=RTOS, mode=CMSIS_V1, owner=FREERTOS
2023-11-07 08:18:59,978 [INFO] RtosManager:555 - Registered RTOS mode: class=CMSIS, group=RTOS2, mode=CMSIS_V2, owner=FREERTOS
2023-11-07 08:18:59,978 [INFO] RtosManager:555 - Registered RTOS mode: class=RTOS, group=Core, mode=CMSIS_V1, owner=FREERTOS
2023-11-07 08:18:59,978 [INFO] RtosManager:555 - Registered RTOS mode: class=RTOS, group=Core, mode=CMSIS_V2, owner=FREERTOS
2023-11-07 08:18:59,978 [WARN] ModelIntegratedComponent:184 - Missing modes for component STMicroelectronics:FreeRTOS:0.0.1:STMicroelectronics:RTOS:FreeRTOS:Core:::10.2.0:
2023-11-07 08:18:59,990 [WARN] ModelIntegratedComponent:63 - No mode defined for component null
2023-11-07 08:18:59,990 [WARN] ModelIntegratedComponent:63 - No mode defined for component null
2023-11-07 08:18:59,990 [WARN] ModelIntegratedComponent:63 - No mode defined for component null
2023-11-07 08:18:59,990 [WARN] ModelIntegratedComponent:63 - No mode defined for component null
2023-11-07 08:18:59,991 [WARN] ModelIntegratedComponent:63 - No mode defined for component null
2023-11-07 08:18:59,991 [WARN] ModelIntegratedComponent:63 - No mode defined for component null
2023-11-07 08:18:59,991 [WARN] ModelIntegratedComponent:63 - No mode defined for component null
2023-11-07 08:18:59,991 [WARN] ModelIntegratedComponent:63 - No mode defined for component null
2023-11-07 08:18:59,991 [WARN] ModelIntegratedComponent:63 - No mode defined for component null
2023-11-07 08:18:59,991 [WARN] ModelIntegratedComponent:63 - No mode defined for component null
2023-11-07 08:18:59,991 [WARN] ModelIntegratedComponent:63 - No mode defined for component null
2023-11-07 08:18:59,991 [WARN] ModelIntegratedComponent:63 - No mode defined for component null
2023-11-07 08:18:59,991 [WARN] ModelIntegratedComponent:63 - No mode defined for component null
2023-11-07 08:18:59,991 [WARN] ModelIntegratedComponent:63 - No mode defined for component null
2023-11-07 08:18:59,991 [WARN] ModelIntegratedComponent:63 - No mode defined for component null
2023-11-07 08:18:59,991 [WARN] ModelIntegratedComponent:63 - No mode defined for component null
2023-11-07 08:18:59,991 [WARN] ModelIntegratedComponent:63 - No mode defined for component null
2023-11-07 08:18:59,991 [WARN] ModelIntegratedComponent:63 - No mode defined for component null
2023-11-07 08:18:59,991 [WARN] ModelIntegratedComponent:63 - No mode defined for component null
2023-11-07 08:18:59,991 [WARN] ModelIntegratedComponent:63 - No mode defined for component null
2023-11-07 08:18:59,991 [WARN] ModelIntegratedComponent:63 - No mode defined for component null
2023-11-07 08:18:59,991 [WARN] ModelIntegratedComponent:63 - No mode defined for component null
2023-11-07 08:18:59,991 [WARN] ModelIntegratedComponent:63 - No mode defined for component null
2023-11-07 08:18:59,991 [WARN] ModelIntegratedComponent:63 - No mode defined for component null
2023-11-07 08:18:59,991 [WARN] ModelIntegratedComponent:63 - No mode defined for component null
2023-11-07 08:18:59,991 [WARN] ModelIntegratedComponent:63 - No mode defined for component null
2023-11-07 08:18:59,991 [WARN] ModelIntegratedComponent:63 - No mode defined for component null
2023-11-07 08:18:59,991 [WARN] ModelIntegratedComponent:63 - No mode defined for component null
2023-11-07 08:18:59,991 [WARN] ModelIntegratedComponent:63 - No mode defined for component null
2023-11-07 08:18:59,991 [WARN] ModelIntegratedComponent:63 - No mode defined for component null
2023-11-07 08:18:59,991 [WARN] ModelIntegratedComponent:63 - No mode defined for component null
2023-11-07 08:18:59,991 [WARN] ModelIntegratedComponent:63 - No mode defined for component null
2023-11-07 08:18:59,992 [WARN] ModelIntegratedComponent:63 - No mode defined for component null
2023-11-07 08:19:00,096 [INFO] ThirdPartyModel:298 - Start build external matchings
2023-11-07 08:19:01,027 [INFO] ThirdPartyModel:316 - End build external matchings
2023-11-07 08:19:01,037 [INFO] ImportTextPane:194 - (OptionalMessage_ERROR) IP (RCC) : Parameter (ADCFreqValue) has invalid value (36000000)
2023-11-07 08:19:01,038 [INFO] ImportTextPane:194 - (OptionalMessage_ERROR) IP (RCC) : Invalid parameter (FamilyName)
2023-11-07 08:19:01,038 [INFO] ImportTextPane:194 - (OptionalMessage_ERROR) IP (RCC) : Parameter (MCOFreq_Value) has invalid value (72000000)
2023-11-07 08:19:01,038 [INFO] ImportTextPane:194 - (OptionalMessage_ERROR) IP (RCC) : Parameter (USBFreq_Value) has invalid value (72000000)
2023-11-07 08:19:01,350 [INFO] UtilMem:75 - End LoadConfig() Used Memory: 381849608 Bytes (758120448)
2023-11-07 08:19:01,393 [WARN] ThirdParty:833 - waiting for thirdparty lock release [change project]
2023-11-07 08:19:01,393 [INFO] ThirdParty:835 - entering critical section [change project]
2023-11-07 08:19:01,394 [INFO] ThirdParty:1030 - CMSIS Pack Vendor :STMicroelectronics X-CUBE-ISPU 1.1.0
2023-11-07 08:19:01,394 [INFO] ThirdParty:1030 - CMSIS Pack Vendor :STMicroelectronics USBPD 4.1
2023-11-07 08:19:01,394 [INFO] ThirdParty:1030 - CMSIS Pack Vendor :STMicroelectronics X-CUBE-GNSS1 6.0.0
2023-11-07 08:19:01,394 [INFO] ThirdParty:1030 - CMSIS Pack Vendor :STMicroelectronics USB_HOST 2.0.0
2023-11-07 08:19:01,394 [INFO] ThirdParty:1030 - CMSIS Pack Vendor :STMicroelectronics X-CUBE-AZRTOS-F4 1.1.0
2023-11-07 08:19:01,395 [INFO] ThirdParty:1030 - CMSIS Pack Vendor :STMicroelectronics LIBJPEG 8.0.0
2023-11-07 08:19:01,395 [INFO] ThirdParty:1030 - CMSIS Pack Vendor :wolfSSL I-CUBE-wolfSSL 5.6.3
2023-11-07 08:19:01,395 [INFO] ThirdParty:1030 - CMSIS Pack Vendor :STMicroelectronics X-CUBE-SMBUS 2.1.0
2023-11-07 08:19:01,395 [INFO] ThirdParty:1030 - CMSIS Pack Vendor :STMicroelectronics USB_DEVICE 3.0.0
2023-11-07 08:19:01,395 [INFO] ThirdParty:1030 - CMSIS Pack Vendor :STMicroelectronics X-CUBE-AZRTOS-WB 2.0.0
2023-11-07 08:19:01,395 [INFO] ThirdParty:1030 - CMSIS Pack Vendor :STMicroelectronics X-CUBE-AZRTOS-F7 1.1.0
2023-11-07 08:19:01,395 [INFO] ThirdParty:1030 - CMSIS Pack Vendor :STMicroelectronics X-CUBE-AZRTOS-L5 2.0.0
2023-11-07 08:19:01,395 [INFO] ThirdParty:1030 - CMSIS Pack Vendor :STMicroelectronics USB_DEVICE 2.0.0
2023-11-07 08:19:01,395 [INFO] ThirdParty:1030 - CMSIS Pack Vendor :STMicroelectronics X-CUBE-MEMS1 9.6.0
2023-11-07 08:19:01,395 [INFO] ThirdParty:1030 - CMSIS Pack Vendor :STMicroelectronics X-CUBE-EEPRMA1 4.2.0
2023-11-07 08:19:01,395 [INFO] ThirdParty:1030 - CMSIS Pack Vendor :ITTIA_DB I-CUBE-ITTIADB 8.8.0
2023-11-07 08:19:01,395 [INFO] ThirdParty:1030 - CMSIS Pack Vendor :STMicroelectronics FP-SNS-MOTENV1 4.3.2
2023-11-07 08:19:01,395 [INFO] ThirdParty:1030 - CMSIS Pack Vendor :STMicroelectronics X-CUBE-ALGOBUILD 1.3.0
2023-11-07 08:19:01,395 [INFO] ThirdParty:1030 - CMSIS Pack Vendor :STMicroelectronics FreeRTOS 0.0.1
2023-11-07 08:19:01,395 [INFO] ThirdParty:1030 - CMSIS Pack Vendor :STMicroelectronics X-CUBE-AZRTOS-G0 1.1.0
2023-11-07 08:19:01,395 [INFO] ThirdParty:1030 - CMSIS Pack Vendor :STMicroelectronics X-CUBE-BLEMGR 2.0.0
2023-11-07 08:19:01,395 [INFO] ThirdParty:1030 - CMSIS Pack Vendor :STMicroelectronics X-CUBE-NFC4 3.0.0
2023-11-07 08:19:01,395 [INFO] ThirdParty:1030 - CMSIS Pack Vendor :STMicroelectronics X-CUBE-SUBG2 5.0.0
2023-11-07 08:19:01,395 [INFO] ThirdParty:1030 - CMSIS Pack Vendor :STMicroelectronics STM32_WPAN 1.0.0
2023-11-07 08:19:01,395 [INFO] ThirdParty:1030 - CMSIS Pack Vendor :STMicroelectronics lwIP 2.0.3
2023-11-07 08:19:01,395 [INFO] ThirdParty:1030 - CMSIS Pack Vendor :STMicroelectronics FP-SNS-FLIGHT1 5.0.2
2023-11-07 08:19:01,395 [INFO] ThirdParty:1030 - CMSIS Pack Vendor :STMicroelectronics USB_HOST 1.0.0
2023-11-07 08:19:01,395 [INFO] ThirdParty:1030 - CMSIS Pack Vendor :STMicroelectronics X-CUBE-TOF1 3.3.1
2023-11-07 08:19:01,395 [INFO] ThirdParty:1030 - CMSIS Pack Vendor :STMicroelectronics X-CUBE-AZRTOS-G4 2.0.0
2023-11-07 08:19:01,395 [INFO] ThirdParty:1030 - CMSIS Pack Vendor :STMicroelectronics PDM2PCM 3.1.0
2023-11-07 08:19:01,395 [INFO] ThirdParty:1030 - CMSIS Pack Vendor :STMicroelectronics X-CUBE-AZRTOS-H7 3.1.0
2023-11-07 08:19:01,395 [INFO] ThirdParty:1030 - CMSIS Pack Vendor :Infineon AIROC-Wi-Fi-Bluetooth-STM32 1.5.1
2023-11-07 08:19:01,395 [INFO] ThirdParty:1030 - CMSIS Pack Vendor :STMicroelectronics X-CUBE-BLEMGR 3.0.0
2023-11-07 08:19:01,395 [INFO] ThirdParty:1030 - CMSIS Pack Vendor :STMicroelectronics PDM2PCM 3.3.0
2023-11-07 08:19:01,395 [INFO] ThirdParty:1030 - CMSIS Pack Vendor :STMicroelectronics X-CUBE-DISPLAY 3.0.0
2023-11-07 08:19:01,395 [INFO] ThirdParty:1030 - CMSIS Pack Vendor :STMicroelectronics X-CUBE-BLE1 7.0.0
2023-11-07 08:19:01,395 [INFO] ThirdParty:1030 - CMSIS Pack Vendor :STMicroelectronics FP-ATR-SIGFOX1 3.2.0
2023-11-07 08:19:01,396 [INFO] ThirdParty:1030 - CMSIS Pack Vendor :STMicroelectronics HAL Drivers 0.0.0
2023-11-07 08:19:01,396 [INFO] ThirdParty:1030 - CMSIS Pack Vendor :STMicroelectronics MBEDTLS 2.16.2
2023-11-07 08:19:01,396 [INFO] ThirdParty:1030 - CMSIS Pack Vendor :emotas I-CUBE-CANOPEN 1.3.0
2023-11-07 08:19:01,396 [INFO] ThirdParty:1030 - CMSIS Pack Vendor :STMicroelectronics X-CUBE-MEMS1 10.0.0
2023-11-07 08:19:01,396 [INFO] ThirdParty:1030 - CMSIS Pack Vendor :STMicroelectronics X-CUBE-FREERTOS 1.1.0
2023-11-07 08:19:01,396 [INFO] ThirdParty:1030 - CMSIS Pack Vendor :STMicroelectronics X-CUBE-TOUCHGFX 4.22.0
2023-11-07 08:19:01,396 [INFO] ThirdParty:1030 - CMSIS Pack Vendor :STMicroelectronics X-CUBE-NFC7 1.0.1
2023-11-07 08:19:01,396 [INFO] ThirdParty:1030 - CMSIS Pack Vendor :STMicroelectronics MBEDTLS 2.14.1
2023-11-07 08:19:01,396 [INFO] ThirdParty:1030 - CMSIS Pack Vendor :STMicroelectronics X-CUBE-TOUCHGFX 4.22.1
2023-11-07 08:19:01,396 [INFO] ThirdParty:1030 - CMSIS Pack Vendor :STMicroelectronics X-CUBE-NFC6 3.0.0
2023-11-07 08:19:01,396 [INFO] ThirdParty:1030 - CMSIS Pack Vendor :STMicroelectronics X-CUBE-EEPRMA1 4.1.0
2023-11-07 08:19:01,396 [INFO] ThirdParty:1030 - CMSIS Pack Vendor :portGmbH I-Cube-SoM-uGOAL 1.1.0
2023-11-07 08:19:01,396 [INFO] ThirdParty:1030 - CMSIS Pack Vendor :STMicroelectronics X-CUBE-ALS 1.0.1
2023-11-07 08:19:01,396 [INFO] ThirdParty:1030 - CMSIS Pack Vendor :STMicroelectronics ThreadX 1.0.0
2023-11-07 08:19:01,396 [INFO] ThirdParty:1030 - CMSIS Pack Vendor :STMicroelectronics FP-SNS-SMARTAG2 1.2.0
2023-11-07 08:19:01,396 [INFO] ThirdParty:1030 - CMSIS Pack Vendor :STMicroelectronics X-CUBE-AZRTOS-WL 2.0.0
2023-11-07 08:19:01,396 [INFO] ThirdParty:1030 - CMSIS Pack Vendor :SEGGER I-CUBE-embOS 1.3.1
2023-11-07 08:19:01,396 [INFO] ThirdParty:1030 - CMSIS Pack Vendor :STMicroelectronics USB_DEVICE 1.0.0
2023-11-07 08:19:01,396 [INFO] ThirdParty:1030 - CMSIS Pack Vendor :STMicroelectronics X-CUBE-AI 8.1.0
2023-11-07 08:19:01,396 [INFO] ThirdParty:1030 - CMSIS Pack Vendor :STMicroelectronics X-CUBE-AZRTOS-L4 2.0.0
2023-11-07 08:19:01,396 [INFO] ThirdParty:1030 - CMSIS Pack Vendor :STMicroelectronics ThreadX 0.0.2
2023-11-07 08:19:01,396 [INFO] ThirdParty:1030 - CMSIS Pack Vendor :WES I-CUBE-Cesium 1.3.0
2023-11-07 08:19:01,396 [INFO] ThirdParty:1030 - CMSIS Pack Vendor :STMicroelectronics FP-ATR-ASTRA1 2.0.0
2023-11-07 08:19:01,396 [INFO] ThirdParty:1030 - CMSIS Pack Vendor :STMicroelectronics lwIP 2.1.2
2023-11-07 08:19:01,396 [INFO] ThirdParty:1030 - CMSIS Pack Vendor :STMicroelectronics X-CUBE-SFXS2LP1 4.0.0
2023-11-07 08:19:01,396 [INFO] ThirdParty:1030 - CMSIS Pack Vendor :STMicroelectronics X-CUBE-BLE2 3.3.0
2023-11-07 08:19:01,396 [INFO] ThirdParty:1030 - CMSIS Pack Vendor :STMicroelectronics PDM2PCM 3.2.0
2023-11-07 08:19:01,396 [INFO] ThirdParty:841 - exiting critical section [change project]
2023-11-07 08:19:01,678 [INFO] PinOutPanel:1499 - setPackage(No Configuration,No Configuration)
2023-11-07 08:19:01,678 [INFO] PinOutPanel:1499 - setPackage(STM32F103C8Tx,LQFP48)
2023-11-07 08:19:02,238 [INFO] UtilMem:75 - Before build in PCC Used Memory: 247410272 Bytes (713031680)
2023-11-07 08:19:02,517 [INFO] UtilMem:75 - After build in PCC Used Memory: 289359472 Bytes (713031680)
2023-11-07 08:19:02,533 [INFO] IPUIPlugin:80 - create IPUIPlugin
2023-11-07 08:19:02,533 [INFO] IPUIPlugin:80 - create IPUIPlugin
2023-11-07 08:19:02,534 [INFO] IPUIPlugin:80 - create IPUIPlugin
2023-11-07 08:19:02,534 [INFO] IPUIPlugin:80 - create IPUIPlugin
2023-11-07 08:19:02,534 [INFO] IPUIPlugin:80 - create IPUIPlugin
2023-11-07 08:19:02,534 [INFO] IPUIPlugin:80 - create IPUIPlugin
2023-11-07 08:19:02,534 [INFO] IPUIPlugin:80 - create IPUIPlugin
2023-11-07 08:19:02,534 [INFO] IPUIPlugin:80 - create IPUIPlugin
2023-11-07 08:19:02,534 [INFO] IPUIPlugin:80 - create IPUIPlugin
2023-11-07 08:19:02,534 [INFO] IPUIPlugin:80 - create IPUIPlugin
2023-11-07 08:19:02,534 [INFO] IPUIPlugin:80 - create IPUIPlugin
2023-11-07 08:19:02,534 [INFO] IPUIPlugin:80 - create IPUIPlugin
2023-11-07 08:19:02,534 [INFO] IPUIPlugin:80 - create IPUIPlugin
2023-11-07 08:19:02,535 [INFO] IPUIPlugin:80 - create IPUIPlugin
2023-11-07 08:19:02,535 [INFO] IPUIPlugin:80 - create IPUIPlugin
2023-11-07 08:19:02,535 [INFO] IPUIPlugin:80 - create IPUIPlugin
2023-11-07 08:19:02,535 [INFO] IPUIPlugin:80 - create IPUIPlugin
2023-11-07 08:19:02,535 [INFO] IPUIPlugin:80 - create IPUIPlugin
2023-11-07 08:19:02,535 [INFO] IPUIPlugin:80 - create IPUIPlugin
2023-11-07 08:19:02,535 [INFO] IPUIPlugin:80 - create IPUIPlugin
2023-11-07 08:19:02,536 [INFO] IPUIPlugin:80 - create IPUIPlugin
2023-11-07 08:19:02,536 [INFO] IPUIPlugin:80 - create IPUIPlugin
2023-11-07 08:19:02,536 [INFO] IPUIPlugin:80 - create IPUIPlugin
2023-11-07 08:19:02,537 [INFO] IPUIPlugin:80 - create IPUIPlugin
2023-11-07 08:19:02,538 [INFO] IPUIPlugin:80 - create IPUIPlugin
2023-11-07 08:19:02,538 [INFO] IPUIPlugin:80 - create IPUIPlugin
2023-11-07 08:19:02,539 [INFO] IPUIPlugin:80 - create IPUIPlugin
2023-11-07 08:19:02,542 [INFO] Can:71 - Can Add PropertyChangeListener com.st.microxplorer.plugins.ip.can.Can@62889b5e
2023-11-07 08:19:02,629 [INFO] CADModel:165 - CPN selected for project levelSTM32F103C8T6
2023-11-07 08:19:02,629 [INFO] CADModel:114 - Register for checkConnection events
2023-11-07 08:19:02,696 [INFO] OpenFileManager:328 - Restore cursor
2023-11-07 08:19:07,535 [INFO] UtilMem:75 - End SaveConfig() Used Memory: 447164000 Bytes (713031680)
2023-11-07 08:19:08,309 [INFO] BlockDiagram:2759 - set Specific Code input for plugin: NVIC
2023-11-07 08:19:08,309 [INFO] BlockDiagram:2759 - set Specific Code input for plugin: SYS
2023-11-07 08:19:08,309 [INFO] BlockDiagram:2759 - set Specific Code input for plugin: GPIO
2023-11-07 08:19:08,309 [INFO] BlockDiagram:2759 - set Specific Code input for plugin: CAN
2023-11-07 08:19:08,309 [INFO] BlockDiagram:2759 - set Specific Code input for plugin: RCC
2023-11-07 08:19:08,312 [INFO] CodeGenerator:799 - code generatio: config db path: C:/Users/TAMRD/.stm32cubemx/databases/DB.6.0.91/db/
2023-11-07 08:19:08,809 [INFO] CodeEngine:255 - oldGeneratedFile, C:\Users\TAMRD\Documents\STM32_HAL\CAN\can_103\MXTmpFiles\license.tmp_save
2023-11-07 08:19:09,489 [INFO] CodeEngine:279 - Generated code: C:\Users\TAMRD\Documents\STM32_HAL\CAN\can_103\MXTmpFiles\license.tmp
2023-11-07 08:19:09,842 [INFO] CodeEngine:255 - oldGeneratedFile, C:\Users\TAMRD\Documents\STM32_HAL\CAN\can_103\MXTmpFiles\gpio.tmp_save
2023-11-07 08:19:10,575 [INFO] CodeEngine:279 - Generated code: C:\Users\TAMRD\Documents\STM32_HAL\CAN\can_103\MXTmpFiles\gpio.tmp
2023-11-07 08:19:10,798 [INFO] CodeEngine:255 - oldGeneratedFile, C:\Users\TAMRD\Documents\STM32_HAL\CAN\can_103\Core\Src\stm32f1xx_it.c_save
2023-11-07 08:19:11,188 [INFO] CodeEngine:279 - Generated code: C:\Users\TAMRD\Documents\STM32_HAL\CAN\can_103\Core\Src\stm32f1xx_it.c
2023-11-07 08:19:11,279 [INFO] CodeEngine:255 - oldGeneratedFile, C:\Users\TAMRD\Documents\STM32_HAL\CAN\can_103\Core\Inc\stm32f1xx_it.h_save
2023-11-07 08:19:11,424 [INFO] CodeEngine:279 - Generated code: C:\Users\TAMRD\Documents\STM32_HAL\CAN\can_103\Core\Inc\stm32f1xx_it.h
2023-11-07 08:19:11,497 [INFO] CodeEngine:255 - oldGeneratedFile, C:\Users\TAMRD\Documents\STM32_HAL\CAN\can_103\Core\Src\stm32f1xx_hal_msp.c_save
2023-11-07 08:19:11,871 [INFO] CodeEngine:279 - Generated code: C:\Users\TAMRD\Documents\STM32_HAL\CAN\can_103\Core\Src\stm32f1xx_hal_msp.c
2023-11-07 08:19:11,891 [INFO] CodeEngine:255 - oldGeneratedFile, C:\Users\TAMRD\Documents\STM32_HAL\CAN\can_103\MXTmpFiles\system.tmp_save
2023-11-07 08:19:11,991 [INFO] CodeEngine:279 - Generated code: C:\Users\TAMRD\Documents\STM32_HAL\CAN\can_103\MXTmpFiles\system.tmp
2023-11-07 08:19:12,034 [INFO] CodeEngine:311 - oldGeneratedFile, C:\Users\TAMRD\Documents\STM32_HAL\CAN\can_103\Core\Inc\stm32f1xx_hal_conf.h_save
2023-11-07 08:19:12,283 [INFO] CodeEngine:335 - Generated code: C:\Users\TAMRD\Documents\STM32_HAL\CAN\can_103\Core\Inc\stm32f1xx_hal_conf.h
2023-11-07 08:19:12,387 [INFO] CodeEngine:255 - oldGeneratedFile, C:\Users\TAMRD\Documents\STM32_HAL\CAN\can_103\Core\Inc\main.h_save
2023-11-07 08:19:12,642 [INFO] CodeEngine:279 - Generated code: C:\Users\TAMRD\Documents\STM32_HAL\CAN\can_103\Core\Inc\main.h
2023-11-07 08:19:12,681 [INFO] CodeEngine:255 - oldGeneratedFile, C:\Users\TAMRD\Documents\STM32_HAL\CAN\can_103\Core\Src\main.c_save
2023-11-07 08:19:12,965 [INFO] CodeEngine:279 - Generated code: C:\Users\TAMRD\Documents\STM32_HAL\CAN\can_103\Core\Src\main.c
2023-11-07 08:19:14,441 [INFO] ProjectBuilder:3064 - Time for Copy HAL[1] : 600mS.
2023-11-07 08:19:14,452 [INFO] ProjectBuilder:4404 - Project Generator version: 4.1.0
2023-11-07 08:19:14,725 [INFO] ConfigFileManager:1457 - The Die is : DIE410
2023-11-07 08:19:14,783 [INFO] ApiDbMcu:507 - Load IP Config File for FATFS
2023-11-07 08:19:14,840 [INFO] ApiDbMcu:507 - Load IP Config File for FREERTOS
2023-11-07 08:19:14,898 [INFO] ApiDbMcu:507 - Load IP Config File for USB_DEVICE
2023-11-07 08:19:17,517 [INFO] LogOutputStream:77 - [STDOUT_REDIRECT] 
2023-11-07 08:19:26,187 [INFO] ProjectBuilder:4626 - Time for Generating toolchain IDE Files: 11734mS.
2023-11-07 08:19:26,188 [INFO] ProjectBuilder:2935 - Time for Copy CMSIS : 1mS.
2023-11-07 08:19:26,190 [INFO] ProjectBuilder:2935 - Time for Copy CMSIS : 0mS.
