2023-11-15 08:08:27,437 [INFO] Activator:176 - 


2023-11-15 08:08:27,455 [INFO] Activator:177 - !SESSION log4j initialized
2023-11-15 08:08:39,312 [INFO] LogOutputStream:77 - [STDOUT_REDIRECT] 
2023-11-15 08:08:42,596 [INFO] ApplicationProperties:184 - Using Application install path: C:\ST\STM32CubeIDE_1.12.1\STM32CubeIDE\plugins\com.st.stm32cube.common.mx_6.9.2.202309101412
2023-11-15 08:08:42,670 [INFO] DbMcusXml:78 - Set database path to: C:\ST\STM32CubeIDE_1.12.1\STM32CubeIDE\plugins\com.st.stm32cube.common.mx_6.9.2.202309101412\\db\/mcu/
2023-11-15 08:08:42,671 [INFO] ApiDb:274 - Set plugin database path to: C:\ST\STM32CubeIDE_1.12.1\STM32CubeIDE\plugins\com.st.stm32cube.common.mx_6.9.2.202309101412\\db\/plugins/boardmanager/
2023-11-15 08:08:42,671 [WARN] ApiDb:259 - Overriding images path with different value:  => C:\ST\STM32CubeIDE_1.12.1\STM32CubeIDE\plugins\com.st.stm32cube.common.mx_6.9.2.202309101412\\db\/plugins/mcufinder/images/
2023-11-15 08:08:42,751 [INFO] ApiDb:250 - Set database path to: C:\Users\TAMRD\.stmcufinder\plugins\mcufinder//mcu/
2023-11-15 08:08:42,753 [INFO] DbMcusAds:125 - Set database path to: C:\Users\TAMRD\.stmcufinder\plugins\mcufinder//mcu/
2023-11-15 08:08:42,755 [INFO] CrossReferenceDbSqlite:203 - Set database path to: C:\Users\TAMRD\.stmcufinder\plugins\mcufinder//mcu/cs/
2023-11-15 08:08:43,036 [INFO] RulesReader:64 - Compatibility file has been processed (293 Rules)
2023-11-15 08:08:43,245 [INFO] DbMcusXml:78 - Set database path to: C:\ST\STM32CubeIDE_1.12.1\STM32CubeIDE\plugins\com.st.stm32cube.common.mx_6.9.2.202309101412\\db\/mcu/
2023-11-15 08:08:43,245 [INFO] ApiDb:274 - Set plugin database path to: C:\ST\STM32CubeIDE_1.12.1\STM32CubeIDE\plugins\com.st.stm32cube.common.mx_6.9.2.202309101412\\db\/plugins/boardmanager/
2023-11-15 08:08:43,246 [INFO] ApiDb:261 - Set plugin images path to: C:\ST\STM32CubeIDE_1.12.1\STM32CubeIDE\plugins\com.st.stm32cube.common.mx_6.9.2.202309101412\\db\/plugins/mcufinder/images/
2023-11-15 08:08:43,246 [WARN] DbFile:41 - Overriding database path with different value: C:\Users\TAMRD\.stmcufinder\plugins\mcufinder/ => C:\Users\TAMRD\.stmcufinder\plugins\mcufinder
2023-11-15 08:08:43,246 [INFO] ApiDb:250 - Set database path to: C:\Users\TAMRD\.stmcufinder\plugins\mcufinder//mcu/
2023-11-15 08:08:43,246 [WARN] DbFile:41 - Overriding database path with different value: C:\Users\TAMRD\.stmcufinder\plugins\mcufinder/ => C:\Users\TAMRD\.stmcufinder\plugins\mcufinder
2023-11-15 08:08:43,247 [INFO] DbMcusAds:125 - Set database path to: C:\Users\TAMRD\.stmcufinder\plugins\mcufinder//mcu/
2023-11-15 08:08:43,247 [WARN] DbFile:41 - Overriding database path with different value: C:\Users\TAMRD\.stmcufinder\plugins\mcufinder/ => C:\Users\TAMRD\.stmcufinder\plugins\mcufinder
2023-11-15 08:08:43,247 [WARN] DbFile:41 - Overriding database path with different value: C:\Users\TAMRD\.stmcufinder\plugins\mcufinder/ => C:\Users\TAMRD\.stmcufinder\plugins\mcufinder
2023-11-15 08:08:43,247 [INFO] CrossReferenceDbSqlite:203 - Set database path to: C:\Users\TAMRD\.stmcufinder\plugins\mcufinder//mcu/cs/
2023-11-15 08:08:43,541 [INFO] MainPanel:262 - HeapMemory: 268435456
2023-11-15 08:08:43,768 [INFO] DbMcusXml:78 - Set database path to: C:\ST\STM32CubeIDE_1.12.1\STM32CubeIDE\plugins\com.st.stm32cube.common.mx_6.9.2.202309101412\\db\/mcu/
2023-11-15 08:08:43,768 [INFO] ApiDb:274 - Set plugin database path to: C:\ST\STM32CubeIDE_1.12.1\STM32CubeIDE\plugins\com.st.stm32cube.common.mx_6.9.2.202309101412\\db\/plugins/boardmanager/
2023-11-15 08:08:43,768 [INFO] ApiDb:261 - Set plugin images path to: C:\ST\STM32CubeIDE_1.12.1\STM32CubeIDE\plugins\com.st.stm32cube.common.mx_6.9.2.202309101412\\db\/plugins/mcufinder/images/
2023-11-15 08:08:43,780 [WARN] DbFile:41 - Overriding database path with different value: C:\Users\TAMRD\.stmcufinder\plugins\mcufinder/ => C:\Users\TAMRD\.stmcufinder\plugins\mcufinder
2023-11-15 08:08:43,780 [INFO] ApiDb:250 - Set database path to: C:\Users\TAMRD\.stmcufinder\plugins\mcufinder//mcu/
2023-11-15 08:08:43,780 [WARN] DbFile:41 - Overriding database path with different value: C:\Users\TAMRD\.stmcufinder\plugins\mcufinder/ => C:\Users\TAMRD\.stmcufinder\plugins\mcufinder
2023-11-15 08:08:43,780 [INFO] DbMcusAds:125 - Set database path to: C:\Users\TAMRD\.stmcufinder\plugins\mcufinder//mcu/
2023-11-15 08:08:43,780 [WARN] DbFile:41 - Overriding database path with different value: C:\Users\TAMRD\.stmcufinder\plugins\mcufinder/ => C:\Users\TAMRD\.stmcufinder\plugins\mcufinder
2023-11-15 08:08:43,781 [WARN] DbFile:41 - Overriding database path with different value: C:\Users\TAMRD\.stmcufinder\plugins\mcufinder/ => C:\Users\TAMRD\.stmcufinder\plugins\mcufinder
2023-11-15 08:08:43,781 [INFO] CrossReferenceDbSqlite:203 - Set database path to: C:\Users\TAMRD\.stmcufinder\plugins\mcufinder//mcu/cs/
2023-11-15 08:08:43,808 [INFO] ApplicationProperties:184 - Using Application install path: C:\ST\STM32CubeIDE_1.12.1\STM32CubeIDE\plugins\com.st.stm32cube.common.mx_6.9.2.202309101412
2023-11-15 08:08:43,812 [INFO] PluginManage:196 - Search for loadable plugins [exclusion list=, ]
2023-11-15 08:08:43,814 [INFO] PluginManage:310 - Check plugin analytics
2023-11-15 08:08:44,113 [INFO] AnalyticsPlugin:253 - Accepted Software Licenses: 
2023-11-15 08:08:44,113 [INFO] AnalyticsPlugin:255 - Accepted CMSIS Pack Licenses: 
2023-11-15 08:08:44,113 [INFO] AnalyticsPlugin:257 - Accepted Firmware Licenses: 
2023-11-15 08:08:44,118 [INFO] PluginManage:359 - Loaded plugin analytics (category:tool,tabindex:-1)
2023-11-15 08:08:44,119 [INFO] PluginManage:310 - Check plugin cadmodel
2023-11-15 08:08:44,158 [INFO] CADModel:105 - Init CAD model plugin
2023-11-15 08:08:44,158 [INFO] PluginManage:359 - Loaded plugin cadmodel (category:power,tabindex:5)
2023-11-15 08:08:44,159 [INFO] PluginManage:310 - Check plugin clock
2023-11-15 08:08:44,196 [INFO] PluginManage:359 - Loaded plugin clock (category:base,tabindex:2)
2023-11-15 08:08:44,197 [INFO] PluginManage:310 - Check plugin ddr
2023-11-15 08:08:44,207 [INFO] PluginManage:359 - Loaded plugin ddr (category:tool,tabindex:6)
2023-11-15 08:08:44,207 [INFO] PluginManage:310 - Check plugin filemanager
2023-11-15 08:08:44,456 [INFO] PluginManage:359 - Loaded plugin filemanager (category:base,tabindex:10)
2023-11-15 08:08:44,456 [INFO] PluginManage:310 - Check plugin ipmanager
2023-11-15 08:08:44,490 [INFO] PluginManage:359 - Loaded plugin ipmanager (category:base,tabindex:5)
2023-11-15 08:08:44,490 [INFO] PluginManage:310 - Check plugin lpbam
2023-11-15 08:08:44,505 [INFO] PluginManage:359 - Loaded plugin lpbam (category:base,tabindex:0)
2023-11-15 08:08:44,505 [INFO] PluginManage:310 - Check plugin memorymap
2023-11-15 08:08:44,565 [INFO] PluginManage:359 - Loaded plugin memorymap (category:base,tabindex:4)
2023-11-15 08:08:44,565 [INFO] PluginManage:310 - Check plugin pinoutandconfiguration
2023-11-15 08:08:44,585 [INFO] PluginManage:359 - Loaded plugin pinoutandconfiguration (category:base,tabindex:1)
2023-11-15 08:08:44,586 [INFO] PluginManage:310 - Check plugin pinoutconfig
2023-11-15 08:08:44,728 [WARN] SupportedApi:132 - Cannot load RTOS API schema: s4s-elt-must-match.1: The content of 'definitions' must match (annotation?, (simpleType | complexType)?, (unique | key | keyref)*)). A problem was found starting at: attribute.
2023-11-15 08:08:44,914 [INFO] PluginManage:359 - Loaded plugin pinoutconfig (category:base,tabindex:0)
2023-11-15 08:08:44,914 [INFO] PluginManage:310 - Check plugin power
2023-11-15 08:08:44,962 [INFO] PluginManage:359 - Loaded plugin power (category:power,tabindex:4)
2023-11-15 08:08:44,962 [INFO] PluginManage:310 - Check plugin projectmanager
2023-11-15 08:08:45,022 [INFO] PluginManage:359 - Loaded plugin projectmanager (category:projectmanager,tabindex:3)
2023-11-15 08:08:45,022 [INFO] PluginManage:310 - Check plugin thirdparty
2023-11-15 08:08:45,288 [INFO] PluginManage:359 - Loaded plugin thirdparty (category:base,tabindex:-1)
2023-11-15 08:08:45,288 [INFO] PluginManage:310 - Check plugin tools
2023-11-15 08:08:45,294 [INFO] PluginManage:359 - Loaded plugin tools (category:base,tabindex:7)
2023-11-15 08:08:45,294 [INFO] PluginManage:310 - Check plugin tutovideos
2023-11-15 08:08:45,294 [WARN] IntegrityCheckThread:84 - waiting for thirdparty lock release [integrity check]
2023-11-15 08:08:45,295 [INFO] IntegrityCheckThread:86 - entering critical section [integrity check]
2023-11-15 08:08:45,296 [INFO] ThirdPartyUpdaterWithRetryManager:70 - Updater plugin not ready yet. [1/15]
2023-11-15 08:08:45,697 [INFO] PluginManage:359 - Loaded plugin tutovideos (category:base,tabindex:-1)
2023-11-15 08:08:45,698 [INFO] PluginManage:310 - Check plugin updater
2023-11-15 08:08:45,727 [INFO] PluginManage:359 - Loaded plugin updater (category:base,tabindex:12)
2023-11-15 08:08:45,727 [INFO] PluginManage:310 - Check plugin userauth
2023-11-15 08:08:45,753 [INFO] UserAuth:113 - Init User Auth plugin
2023-11-15 08:08:45,753 [INFO] PluginManage:359 - Loaded plugin userauth (category:base,tabindex:14)
2023-11-15 08:08:45,754 [INFO] PluginManage:283 - PluginManage : Loaded plugins [17]
2023-11-15 08:08:46,421 [INFO] PinOutPanel:1499 - setPackage(No Configuration,No Configuration)
2023-11-15 08:08:46,708 [INFO] CADModel:165 - CPN selected for project level
2023-11-15 08:08:46,708 [INFO] CADModel:114 - Register for checkConnection events
2023-11-15 08:08:46,753 [INFO] IPUIPlugin:80 - create IPUIPlugin
2023-11-15 08:08:46,753 [INFO] PluginManager:220 - loadIPPluginJar : add adc
2023-11-15 08:08:46,778 [INFO] IPUIPlugin:80 - create IPUIPlugin
2023-11-15 08:08:46,778 [INFO] PluginManager:220 - loadIPPluginJar : add aes
2023-11-15 08:08:46,794 [INFO] IPUIPlugin:80 - create IPUIPlugin
2023-11-15 08:08:46,794 [INFO] PluginManager:220 - loadIPPluginJar : add can
2023-11-15 08:08:46,796 [INFO] IPUIPlugin:80 - create IPUIPlugin
2023-11-15 08:08:46,797 [INFO] PluginManager:220 - loadIPPluginJar : add comp
2023-11-15 08:08:46,807 [INFO] IPUIPlugin:80 - create IPUIPlugin
2023-11-15 08:08:46,808 [INFO] PluginManager:220 - loadIPPluginJar : add cryp
2023-11-15 08:08:46,811 [INFO] IPUIPlugin:80 - create IPUIPlugin
2023-11-15 08:08:46,811 [INFO] PluginManager:220 - loadIPPluginJar : add dfsdm
2023-11-15 08:08:46,830 [INFO] IPUIPlugin:80 - create IPUIPlugin
2023-11-15 08:08:46,831 [INFO] PluginManager:220 - loadIPPluginJar : add dma
2023-11-15 08:08:46,885 [INFO] IPUIPlugin:80 - create IPUIPlugin
2023-11-15 08:08:46,885 [INFO] PluginManager:220 - loadIPPluginJar : add dma3
2023-11-15 08:08:46,887 [INFO] IPUIPlugin:80 - create IPUIPlugin
2023-11-15 08:08:46,887 [INFO] PluginManager:220 - loadIPPluginJar : add fatfs
2023-11-15 08:08:46,898 [INFO] IPUIPlugin:80 - create IPUIPlugin
2023-11-15 08:08:46,898 [INFO] PluginManager:220 - loadIPPluginJar : add fmc
2023-11-15 08:08:46,921 [INFO] IPUIPlugin:80 - create IPUIPlugin
2023-11-15 08:08:46,922 [INFO] PluginManager:220 - loadIPPluginJar : add freertos
2023-11-15 08:08:46,924 [INFO] IPUIPlugin:80 - create IPUIPlugin
2023-11-15 08:08:46,924 [INFO] PluginManager:220 - loadIPPluginJar : add genericplugin
2023-11-15 08:08:46,945 [INFO] IPUIPlugin:80 - create IPUIPlugin
2023-11-15 08:08:46,946 [INFO] PluginManager:220 - loadIPPluginJar : add gfxmmu
2023-11-15 08:08:46,960 [INFO] IPUIPlugin:80 - create IPUIPlugin
2023-11-15 08:08:46,960 [INFO] PluginManager:220 - loadIPPluginJar : add gic
2023-11-15 08:08:46,978 [INFO] IPUIPlugin:80 - create IPUIPlugin
2023-11-15 08:08:46,978 [INFO] PluginManager:220 - loadIPPluginJar : add gpio
2023-11-15 08:08:46,993 [INFO] IPUIPlugin:80 - create IPUIPlugin
2023-11-15 08:08:46,993 [INFO] PluginManager:220 - loadIPPluginJar : add gtzc
2023-11-15 08:08:46,997 [INFO] IPUIPlugin:80 - create IPUIPlugin
2023-11-15 08:08:46,997 [INFO] PluginManager:220 - loadIPPluginJar : add hash
2023-11-15 08:08:47,010 [INFO] IPUIPlugin:80 - create IPUIPlugin
2023-11-15 08:08:47,010 [INFO] PluginManager:220 - loadIPPluginJar : add i2c
2023-11-15 08:08:47,020 [INFO] IPUIPlugin:80 - create IPUIPlugin
2023-11-15 08:08:47,020 [INFO] PluginManager:220 - loadIPPluginJar : add i2s
2023-11-15 08:08:47,033 [INFO] IPUIPlugin:80 - create IPUIPlugin
2023-11-15 08:08:47,033 [INFO] PluginManager:220 - loadIPPluginJar : add i3c
2023-11-15 08:08:47,046 [INFO] IPUIPlugin:80 - create IPUIPlugin
2023-11-15 08:08:47,046 [INFO] PluginManager:220 - loadIPPluginJar : add ipddr
2023-11-15 08:08:47,080 [INFO] IPUIPlugin:80 - create IPUIPlugin
2023-11-15 08:08:47,081 [INFO] PluginManager:220 - loadIPPluginJar : add linkedlist
2023-11-15 08:08:47,083 [INFO] IPUIPlugin:80 - create IPUIPlugin
2023-11-15 08:08:47,084 [INFO] PluginManager:220 - loadIPPluginJar : add lorawan
2023-11-15 08:08:47,085 [INFO] IPUIPlugin:80 - create IPUIPlugin
2023-11-15 08:08:47,086 [INFO] PluginManager:220 - loadIPPluginJar : add ltdc
2023-11-15 08:08:47,104 [INFO] IPUIPlugin:80 - create IPUIPlugin
2023-11-15 08:08:47,105 [INFO] PluginManager:220 - loadIPPluginJar : add mdma
2023-11-15 08:08:47,136 [INFO] IPUIPlugin:80 - create IPUIPlugin
2023-11-15 08:08:47,136 [INFO] PluginManager:220 - loadIPPluginJar : add nvic
2023-11-15 08:08:47,149 [INFO] IPUIPlugin:80 - create IPUIPlugin
2023-11-15 08:08:47,150 [INFO] PluginManager:220 - loadIPPluginJar : add opamp
2023-11-15 08:08:47,166 [INFO] IPUIPlugin:80 - create IPUIPlugin
2023-11-15 08:08:47,166 [INFO] PluginManager:220 - loadIPPluginJar : add openamp
2023-11-15 08:08:47,179 [INFO] IPUIPlugin:80 - create IPUIPlugin
2023-11-15 08:08:47,179 [INFO] PluginManager:220 - loadIPPluginJar : add pdm2pcm
2023-11-15 08:08:47,207 [INFO] IPUIPlugin:80 - create IPUIPlugin
2023-11-15 08:08:47,209 [INFO] PluginManager:220 - loadIPPluginJar : add plateformsettings
2023-11-15 08:08:47,211 [INFO] IPUIPlugin:80 - create IPUIPlugin
2023-11-15 08:08:47,211 [INFO] PluginManager:220 - loadIPPluginJar : add quadspi
2023-11-15 08:08:47,247 [INFO] IPUIPlugin:80 - create IPUIPlugin
2023-11-15 08:08:47,247 [INFO] PluginManager:220 - loadIPPluginJar : add resmgrutility
2023-11-15 08:08:47,256 [INFO] IPUIPlugin:80 - create IPUIPlugin
2023-11-15 08:08:47,256 [INFO] PluginManager:220 - loadIPPluginJar : add sai
2023-11-15 08:08:47,271 [INFO] IPUIPlugin:80 - create IPUIPlugin
2023-11-15 08:08:47,272 [INFO] PluginManager:220 - loadIPPluginJar : add spi
2023-11-15 08:08:47,285 [INFO] IPUIPlugin:80 - create IPUIPlugin
2023-11-15 08:08:47,285 [INFO] PluginManager:220 - loadIPPluginJar : add stm32_wpan
2023-11-15 08:08:47,287 [INFO] IPUIPlugin:80 - create IPUIPlugin
2023-11-15 08:08:47,287 [INFO] PluginManager:220 - loadIPPluginJar : add tim
2023-11-15 08:08:47,296 [INFO] IPUIPlugin:80 - create IPUIPlugin
2023-11-15 08:08:47,296 [INFO] PluginManager:220 - loadIPPluginJar : add touchsensing
2023-11-15 08:08:47,298 [INFO] IPUIPlugin:80 - create IPUIPlugin
2023-11-15 08:08:47,299 [INFO] PluginManager:220 - loadIPPluginJar : add tracer_emb
2023-11-15 08:08:47,301 [INFO] IPUIPlugin:80 - create IPUIPlugin
2023-11-15 08:08:47,301 [INFO] PluginManager:220 - loadIPPluginJar : add ts
2023-11-15 08:08:47,302 [INFO] IPUIPlugin:80 - create IPUIPlugin
2023-11-15 08:08:47,302 [INFO] PluginManager:220 - loadIPPluginJar : add tsc
2023-11-15 08:08:47,305 [INFO] IPUIPlugin:80 - create IPUIPlugin
2023-11-15 08:08:47,306 [INFO] PluginManager:220 - loadIPPluginJar : add ucpd
2023-11-15 08:08:47,309 [INFO] IPUIPlugin:80 - create IPUIPlugin
2023-11-15 08:08:47,309 [INFO] PluginManager:220 - loadIPPluginJar : add usart
2023-11-15 08:08:47,338 [INFO] IPUIPlugin:80 - create IPUIPlugin
2023-11-15 08:08:47,338 [INFO] PluginManager:220 - loadIPPluginJar : add usbx
2023-11-15 08:08:47,703 [INFO] CADModel:165 - CPN selected for project level
2023-11-15 08:08:47,703 [INFO] CADModel:114 - Register for checkConnection events
2023-11-15 08:08:47,703 [FATAL] Updater:308 - Updater called before beeing initialized
2023-11-15 08:08:47,703 [ERROR] CADModel:125 - Updater not yet initialized, retry later 
2023-11-15 08:08:48,008 [INFO] CADModel:165 - CPN selected for project level
2023-11-15 08:08:48,008 [INFO] CADModel:114 - Register for checkConnection events
2023-11-15 08:08:48,008 [FATAL] Updater:308 - Updater called before beeing initialized
2023-11-15 08:08:48,008 [ERROR] CADModel:125 - Updater not yet initialized, retry later 
2023-11-15 08:08:48,017 [FATAL] Updater:308 - Updater called before beeing initialized
2023-11-15 08:08:48,256 [FATAL] Updater:308 - Updater called before beeing initialized
2023-11-15 08:08:48,283 [INFO] DbMcusAds:53 - JSON generation date=Tue Mar 07 15:50:55 ICT 2023 (1678179055335)
2023-11-15 08:08:48,284 [FATAL] Updater:308 - Updater called before beeing initialized
2023-11-15 08:08:48,299 [INFO] ThirdPartyUpdaterWithRetryManager:70 - Updater plugin not ready yet. [2/15]
2023-11-15 08:08:48,331 [WARN] DetailPanel:346 - Failed to get advertising image, set to default
2023-11-15 08:08:48,438 [FATAL] Updater:308 - Updater called before beeing initialized
2023-11-15 08:08:48,440 [FATAL] Updater:308 - Updater called before beeing initialized
2023-11-15 08:08:48,441 [FATAL] Updater:308 - Updater called before beeing initialized
2023-11-15 08:08:48,441 [WARN] DetailPanel:346 - Failed to get advertising image, set to default
2023-11-15 08:08:48,443 [FATAL] Updater:308 - Updater called before beeing initialized
2023-11-15 08:08:48,545 [ERROR] Updater:1120 - MainUpdater not yet initialized. External WinMGr cannot be set.
2023-11-15 08:08:48,547 [INFO] Updater:1056 - Updater Version found : 6.9.2
2023-11-15 08:08:48,584 [INFO] ApplicationProperties:184 - Using Application install path: C:\ST\STM32CubeIDE_1.12.1\STM32CubeIDE\plugins\com.st.stm32cube.common.mx_6.9.2.202309101412
2023-11-15 08:08:49,239 [INFO] MainUpdater:2868 - connection check result : 10
2023-11-15 08:08:49,241 [INFO] MainUpdater:285 - Updater Check For Update Now.
2023-11-15 08:08:49,241 [INFO] MicroXplorer:498 - Change Database Version : DB.6.0.92
2023-11-15 08:08:49,246 [INFO] McuFinderGlobals:63 - Set McuFinder mode to 2 (CubeIDE integrated)
2023-11-15 08:08:49,527 [INFO] CheckServerUpdateThread:120 - End of CheckServer Thread
2023-11-15 08:08:51,638 [WARN] PackLoader:240 - Cannot read IP mode file for STMicroelectronics.X-CUBE-SMBUS.2.1.0
2023-11-15 08:08:51,751 [WARN] PackLoader:240 - Cannot read IP mode file for STMicroelectronics.X-CUBE-AZRTOS-F7.1.1.0
2023-11-15 08:08:51,783 [WARN] PackLoader:240 - Cannot read IP mode file for STMicroelectronics.FP-SNS-MOTENV1.4.3.2
2023-11-15 08:08:51,803 [WARN] PackLoader:240 - Cannot read IP mode file for STMicroelectronics.FP-SNS-FLIGHT1.5.0.2
2023-11-15 08:08:51,832 [WARN] PackLoader:240 - Cannot read IP mode file for STMicroelectronics.X-CUBE-DISPLAY.3.0.0
2023-11-15 08:08:51,857 [WARN] PackLoader:240 - Cannot read IP mode file for STMicroelectronics.X-CUBE-BLE1.7.0.0
2023-11-15 08:08:51,875 [WARN] PackLoader:240 - Cannot read IP mode file for emotas.I-CUBE-CANOPEN.1.3.0
2023-11-15 08:08:51,894 [WARN] PackLoader:240 - Cannot read IP mode file for STMicroelectronics.X-CUBE-TOUCHGFX.4.22.0
2023-11-15 08:08:51,908 [WARN] PackLoader:240 - Cannot read IP mode file for STMicroelectronics.X-CUBE-TOUCHGFX.4.22.1
2023-11-15 08:08:51,923 [WARN] PackLoader:240 - Cannot read IP mode file for STMicroelectronics.FP-SNS-SMARTAG2.1.2.0
2023-11-15 08:08:51,946 [INFO] LogOutputStream:77 - [STDOUT_REDIRECT] 1 : Invalid condition id : UX_CORESTACK_Condition cause : null
2023-11-15 08:08:51,947 [INFO] LogOutputStream:77 - [STDOUT_REDIRECT] 1 : Invalid condition id : UX_CORESTACK_Condition cause : null
2023-11-15 08:08:51,948 [INFO] LogOutputStream:77 - [STDOUT_REDIRECT] 1 : Invalid condition id : UX_CORESTACK_Condition cause : null
2023-11-15 08:08:51,949 [INFO] LogOutputStream:77 - [STDOUT_REDIRECT] 1 : Invalid condition id : UX_CORESTACK_Condition cause : null
2023-11-15 08:08:51,950 [INFO] LogOutputStream:77 - [STDOUT_REDIRECT] 1 : Invalid condition id : UX_CORESTACK_Condition cause : null
2023-11-15 08:08:51,953 [WARN] PackLoader:240 - Cannot read IP mode file for STMicroelectronics.X-CUBE-AZRTOS-WL.2.0.0
2023-11-15 08:08:51,973 [WARN] PackLoader:240 - Cannot read IP mode file for WES.I-CUBE-Cesium.1.3.0
2023-11-15 08:08:51,991 [WARN] PackLoader:240 - Cannot read IP mode file for STMicroelectronics.X-CUBE-BLE2.3.3.0
2023-11-15 08:08:52,033 [WARN] PackLoader:240 - Cannot read IP mode file for STMicroelectronics.X-CUBE-ALGOBUILD.1.3.0
2023-11-15 08:08:52,071 [WARN] PackLoader:240 - Cannot read IP mode file for STMicroelectronics.X-CUBE-AZRTOS-G0.1.1.0
2023-11-15 08:08:52,091 [WARN] PackLoader:240 - Cannot read IP mode file for STMicroelectronics.X-CUBE-NFC4.3.0.0
2023-11-15 08:08:52,124 [WARN] PackLoader:240 - Cannot read IP mode file for STMicroelectronics.X-CUBE-BLEMGR.3.0.0
2023-11-15 08:08:52,142 [WARN] PackLoader:240 - Cannot read IP mode file for STMicroelectronics.FP-ATR-SIGFOX1.3.2.0
2023-11-15 08:08:52,188 [WARN] PackLoader:240 - Cannot read IP mode file for SEGGER.I-CUBE-embOS.1.3.1
2023-11-15 08:08:52,268 [WARN] PackLoader:240 - Cannot read IP mode file for STMicroelectronics.X-CUBE-GNSS1.6.0.0
2023-11-15 08:08:52,294 [WARN] PackLoader:240 - Cannot read IP mode file for STMicroelectronics.X-CUBE-AZRTOS-F4.1.1.0
2023-11-15 08:08:52,302 [WARN] PackLoader:240 - Cannot read IP mode file for wolfSSL.I-CUBE-wolfSSL.5.6.3
2023-11-15 08:08:52,330 [WARN] PackLoader:240 - Cannot read IP mode file for STMicroelectronics.X-CUBE-AZRTOS-L5.2.0.0
2023-11-15 08:08:52,746 [WARN] PackLoader:240 - Cannot read IP mode file for STMicroelectronics.X-CUBE-MEMS1.9.6.0
2023-11-15 08:08:52,914 [WARN] PackLoader:240 - Cannot read IP mode file for STMicroelectronics.X-CUBE-EEPRMA1.4.2.0
2023-11-15 08:08:52,930 [WARN] PackLoader:240 - Cannot read IP mode file for ITTIA_DB.I-CUBE-ITTIADB.8.8.0
2023-11-15 08:08:52,944 [WARN] PackLoader:240 - Cannot read IP mode file for STMicroelectronics.X-CUBE-BLEMGR.2.0.0
2023-11-15 08:08:52,974 [WARN] ConditionMgr:438 - getConditionDescription Invalid condition id : UX DEVICE CLASS RTOS Condition cause : null
2023-11-15 08:08:52,974 [WARN] ConditionMgr:438 - getConditionDescription Invalid condition id : UX DEVICE CLASS RTOS Condition cause : null
2023-11-15 08:08:52,976 [WARN] PackLoader:240 - Cannot read IP mode file for STMicroelectronics.X-CUBE-AZRTOS-H7.3.1.0
2023-11-15 08:08:52,977 [WARN] ConditionMgr:1039 - genDependencies : Invalid condition id : UX DEVICE CLASS RTOS Condition cause : null
2023-11-15 08:08:52,978 [WARN] ConditionMgr:1039 - genDependencies : Invalid condition id : UX DEVICE CLASS RTOS Condition cause : null
2023-11-15 08:08:52,978 [WARN] ConditionMgr:1039 - genDependencies : Invalid condition id : UX DEVICE CLASS RTOS Condition cause : null
2023-11-15 08:08:52,979 [WARN] ConditionMgr:1039 - genDependencies : Invalid condition id : UX DEVICE CLASS RTOS Condition cause : null
2023-11-15 08:08:52,979 [WARN] ConditionMgr:1039 - genDependencies : Invalid condition id : UX DEVICE CLASS RTOS Condition cause : null
2023-11-15 08:08:52,985 [WARN] PackLoader:240 - Cannot read IP mode file for STMicroelectronics.X-CUBE-NFC7.1.0.1
2023-11-15 08:08:53,002 [WARN] PackLoader:240 - Cannot read IP mode file for STMicroelectronics.X-CUBE-NFC6.3.0.0
2023-11-15 08:08:53,018 [WARN] PackLoader:240 - Cannot read IP mode file for STMicroelectronics.X-CUBE-EEPRMA1.4.1.0
2023-11-15 08:08:53,036 [WARN] PackLoader:240 - Cannot read IP mode file for STMicroelectronics.X-CUBE-AI.8.1.0
2023-11-15 08:08:53,094 [WARN] ConditionMgr:438 - getConditionDescription Invalid condition id : LAN8742 Phy interface Condition cause : null
2023-11-15 08:08:53,094 [WARN] PackLoader:240 - Cannot read IP mode file for STMicroelectronics.X-CUBE-AZRTOS-L4.2.0.0
2023-11-15 08:08:53,095 [WARN] ConditionMgr:1039 - genDependencies : Invalid condition id : LAN8742 Phy interface Condition cause : null
2023-11-15 08:08:53,096 [WARN] ConditionMgr:1039 - genDependencies : Invalid condition id : LAN8742 Phy interface Condition cause : null
2023-11-15 08:08:53,096 [WARN] ConditionMgr:1039 - genDependencies : Invalid condition id : LAN8742 Phy interface Condition cause : null
2023-11-15 08:08:53,109 [WARN] PackLoader:240 - Cannot read IP mode file for STMicroelectronics.X-CUBE-SFXS2LP1.4.0.0
2023-11-15 08:08:53,121 [WARN] PackLoader:240 - Cannot read IP mode file for STMicroelectronics.X-CUBE-ISPU.1.1.0
2023-11-15 08:08:53,144 [WARN] ConditionMgr:438 - getConditionDescription Invalid condition id : UX DEVICE CLASS RTOS Condition cause : null
2023-11-15 08:08:53,145 [WARN] ConditionMgr:438 - getConditionDescription Invalid condition id : UX DEVICE CLASS RTOS Condition cause : null
2023-11-15 08:08:53,147 [WARN] PackLoader:240 - Cannot read IP mode file for STMicroelectronics.X-CUBE-AZRTOS-WB.2.0.0
2023-11-15 08:08:53,147 [WARN] ConditionMgr:1039 - genDependencies : Invalid condition id : UX DEVICE CLASS RTOS Condition cause : null
2023-11-15 08:08:53,148 [WARN] ConditionMgr:1039 - genDependencies : Invalid condition id : UX DEVICE CLASS RTOS Condition cause : null
2023-11-15 08:08:53,148 [WARN] ConditionMgr:1039 - genDependencies : Invalid condition id : UX DEVICE CLASS RTOS Condition cause : null
2023-11-15 08:08:53,148 [WARN] ConditionMgr:1039 - genDependencies : Invalid condition id : UX DEVICE CLASS RTOS Condition cause : null
2023-11-15 08:08:53,149 [WARN] ConditionMgr:1039 - genDependencies : Invalid condition id : UX DEVICE CLASS RTOS Condition cause : null
2023-11-15 08:08:53,158 [WARN] PackLoader:240 - Cannot read IP mode file for STMicroelectronics.X-CUBE-SUBG2.5.0.0
2023-11-15 08:08:53,174 [WARN] PackLoader:240 - Cannot read IP mode file for STMicroelectronics.X-CUBE-TOF1.3.3.1
2023-11-15 08:08:53,196 [WARN] PackLoader:240 - Cannot read IP mode file for STMicroelectronics.X-CUBE-AZRTOS-G4.2.0.0
2023-11-15 08:08:53,253 [WARN] PackLoader:240 - Cannot read IP mode file for Infineon.AIROC-Wi-Fi-Bluetooth-STM32.1.5.1
2023-11-15 08:08:53,269 [WARN] PackLoader:240 - Cannot read IP mode file for STMicroelectronics.FP-SNS-MOTENVWB1.1.3.0
2023-11-15 08:08:53,312 [WARN] PackLoader:240 - Cannot read IP mode file for STMicroelectronics.X-CUBE-MEMS1.10.0.0
2023-11-15 08:08:53,677 [WARN] PackLoader:240 - Cannot read IP mode file for STMicroelectronics.X-CUBE-FREERTOS.1.1.0
2023-11-15 08:08:53,682 [WARN] PackLoader:240 - Cannot read IP mode file for portGmbH.I-Cube-SoM-uGOAL.1.1.0
2023-11-15 08:08:53,693 [WARN] PackLoader:240 - Cannot read IP mode file for STMicroelectronics.X-CUBE-ALS.1.0.1
2023-11-15 08:08:53,702 [WARN] PackLoader:240 - Cannot read IP mode file for STMicroelectronics.FP-ATR-ASTRA1.2.0.0
2023-11-15 08:08:53,707 [INFO] ThirdParty:978 - Integrity check success = true
2023-11-15 08:08:53,708 [INFO] IntegrityCheckThread:100 - exiting critical section [integrity check]
2023-11-15 08:08:53,708 [INFO] IntegrityCheckThread:103 - End integrity checks thread
2023-11-15 08:09:10,726 [ERROR] LogOutputStream:75 - [STDERR_REDIRECT] SLF4J: Failed to load class "org.slf4j.impl.StaticLoggerBinder".
2023-11-15 08:09:10,726 [ERROR] LogOutputStream:75 - [STDERR_REDIRECT] SLF4J: Defaulting to no-operation (NOP) logger implementation
2023-11-15 08:09:10,727 [ERROR] LogOutputStream:75 - [STDERR_REDIRECT] SLF4J: See http://www.slf4j.org/codes.html#StaticLoggerBinder for further details.
2023-11-15 08:16:30,188 [INFO] McuFinderGlobals:63 - Set McuFinder mode to 2 (CubeIDE integrated)
2023-11-15 08:16:30,217 [INFO] MainUpdater:2868 - connection check result : 10
2023-11-15 08:16:30,224 [INFO] MainUpdater:2868 - connection check result : 10
2023-11-15 08:16:30,430 [INFO] MicroXplorer:468 - Change Database Path : 
2023-11-15 08:16:30,431 [INFO] MicroXplorer:498 - Change Database Version : DB.6.0.92
2023-11-15 08:16:30,440 [WARN] ThirdParty:871 - waiting for thirdparty lock release [close project]
2023-11-15 08:16:30,440 [INFO] ThirdParty:873 - entering critical section [close project]
2023-11-15 08:16:30,441 [INFO] ThirdParty:883 - exiting critical section [close project]
2023-11-15 08:16:30,443 [INFO] PinOutPanel:1499 - setPackage(No Configuration,No Configuration)
2023-11-15 08:16:30,454 [INFO] UtilMem:75 - Begin LoadConfig() Used Memory: 540031736 Bytes (788529152)
2023-11-15 08:16:30,464 [INFO] MicroXplorer:468 - Change Database Path : C:/Users/TAMRD/.stm32cubemx/databases/DB.6.0.91/db/
2023-11-15 08:16:30,464 [INFO] MicroXplorer:498 - Change Database Version : DB.6.0.91
2023-11-15 08:16:35,930 [INFO] OpenFileManager:308 - Change cursor
2023-11-15 08:16:36,014 [INFO] Mcu:1946 - Initializing MCU STM32F103C(8-B)Tx STM32F103C8Tx STM32F103C8T6
2023-11-15 08:16:38,201 [INFO] Context:659 - Trying to add GPIOservice into a context  which must be forbidden
2023-11-15 08:16:39,016 [INFO] RtosManager:555 - Registered RTOS mode: class=CMSIS, group=RTOS, mode=CMSIS_V1, owner=FREERTOS
2023-11-15 08:16:39,016 [INFO] RtosManager:555 - Registered RTOS mode: class=CMSIS, group=RTOS2, mode=CMSIS_V2, owner=FREERTOS
2023-11-15 08:16:39,016 [INFO] RtosManager:555 - Registered RTOS mode: class=RTOS, group=Core, mode=CMSIS_V1, owner=FREERTOS
2023-11-15 08:16:39,016 [INFO] RtosManager:555 - Registered RTOS mode: class=RTOS, group=Core, mode=CMSIS_V2, owner=FREERTOS
2023-11-15 08:16:39,016 [WARN] ModelIntegratedComponent:184 - Missing modes for component STMicroelectronics:FreeRTOS:0.0.1:STMicroelectronics:RTOS:FreeRTOS:Core:::10.2.0:
2023-11-15 08:16:39,041 [WARN] ModelIntegratedComponent:63 - No mode defined for component null
2023-11-15 08:16:39,041 [WARN] ModelIntegratedComponent:63 - No mode defined for component null
2023-11-15 08:16:39,041 [WARN] ModelIntegratedComponent:63 - No mode defined for component null
2023-11-15 08:16:39,041 [WARN] ModelIntegratedComponent:63 - No mode defined for component null
2023-11-15 08:16:39,041 [WARN] ModelIntegratedComponent:63 - No mode defined for component null
2023-11-15 08:16:39,041 [WARN] ModelIntegratedComponent:63 - No mode defined for component null
2023-11-15 08:16:39,041 [WARN] ModelIntegratedComponent:63 - No mode defined for component null
2023-11-15 08:16:39,041 [WARN] ModelIntegratedComponent:63 - No mode defined for component null
2023-11-15 08:16:39,041 [WARN] ModelIntegratedComponent:63 - No mode defined for component null
2023-11-15 08:16:39,041 [WARN] ModelIntegratedComponent:63 - No mode defined for component null
2023-11-15 08:16:39,041 [WARN] ModelIntegratedComponent:63 - No mode defined for component null
2023-11-15 08:16:39,041 [WARN] ModelIntegratedComponent:63 - No mode defined for component null
2023-11-15 08:16:39,041 [WARN] ModelIntegratedComponent:63 - No mode defined for component null
2023-11-15 08:16:39,041 [WARN] ModelIntegratedComponent:63 - No mode defined for component null
2023-11-15 08:16:39,042 [WARN] ModelIntegratedComponent:63 - No mode defined for component null
2023-11-15 08:16:39,042 [WARN] ModelIntegratedComponent:63 - No mode defined for component null
2023-11-15 08:16:39,042 [WARN] ModelIntegratedComponent:63 - No mode defined for component null
2023-11-15 08:16:39,042 [WARN] ModelIntegratedComponent:63 - No mode defined for component null
2023-11-15 08:16:39,042 [WARN] ModelIntegratedComponent:63 - No mode defined for component null
2023-11-15 08:16:39,042 [WARN] ModelIntegratedComponent:63 - No mode defined for component null
2023-11-15 08:16:39,042 [WARN] ModelIntegratedComponent:63 - No mode defined for component null
2023-11-15 08:16:39,042 [WARN] ModelIntegratedComponent:63 - No mode defined for component null
2023-11-15 08:16:39,042 [WARN] ModelIntegratedComponent:63 - No mode defined for component null
2023-11-15 08:16:39,042 [WARN] ModelIntegratedComponent:63 - No mode defined for component null
2023-11-15 08:16:39,043 [WARN] ModelIntegratedComponent:63 - No mode defined for component null
2023-11-15 08:16:39,043 [WARN] ModelIntegratedComponent:63 - No mode defined for component null
2023-11-15 08:16:39,043 [WARN] ModelIntegratedComponent:63 - No mode defined for component null
2023-11-15 08:16:39,043 [WARN] ModelIntegratedComponent:63 - No mode defined for component null
2023-11-15 08:16:39,043 [WARN] ModelIntegratedComponent:63 - No mode defined for component null
2023-11-15 08:16:39,043 [WARN] ModelIntegratedComponent:63 - No mode defined for component null
2023-11-15 08:16:39,043 [WARN] ModelIntegratedComponent:63 - No mode defined for component null
2023-11-15 08:16:39,043 [WARN] ModelIntegratedComponent:63 - No mode defined for component null
2023-11-15 08:16:39,043 [WARN] ModelIntegratedComponent:63 - No mode defined for component null
2023-11-15 08:16:39,302 [INFO] ThirdPartyModel:298 - Start build external matchings
2023-11-15 08:16:39,854 [INFO] ThirdPartyModel:316 - End build external matchings
2023-11-15 08:16:39,876 [INFO] RtosManager:919 - Current active RTOS is FREERTOS [Cortex-M3NS]
2023-11-15 08:16:39,958 [INFO] ImportTextPane:194 - (OptionalMessage_ERROR) IP (RCC) : Parameter (ADCFreqValue) has invalid value (36000000)
2023-11-15 08:16:39,958 [INFO] ImportTextPane:194 - (OptionalMessage_ERROR) IP (RCC) : Invalid parameter (FamilyName)
2023-11-15 08:16:39,959 [INFO] ImportTextPane:194 - (OptionalMessage_ERROR) IP (RCC) : Parameter (MCOFreq_Value) has invalid value (72000000)
2023-11-15 08:16:39,959 [INFO] ImportTextPane:194 - (OptionalMessage_ERROR) IP (RCC) : Parameter (USBFreq_Value) has invalid value (72000000)
2023-11-15 08:16:40,694 [INFO] UtilMem:75 - End LoadConfig() Used Memory: 606694552 Bytes (1011875840)
2023-11-15 08:16:40,993 [INFO] ApiDb:581 - Connected to CubeFinder SQLite database (C:\Users\TAMRD\.stmcufinder\plugins\mcufinder\mcu\cube-finder-db.db)
2023-11-15 08:16:41,270 [INFO] ApiDb:668 - CubeFinder database Data Model version=2.1
2023-11-15 08:16:41,270 [INFO] ApiDb:669 - CubeFinder database Configuration version=3.0.37
2023-11-15 08:16:41,270 [INFO] ApiDb:670 - CubeFinder database generation date=2023-10-13 (1697197505)
2023-11-15 08:16:41,270 [INFO] ApiDb:671 - CubeFinder database FW Pack versions=[FP-ATR-ASTRA1_V2.0.0, FP-SNS-FLIGHT1_V5.0.1, FP-SNS-FLIGHT1_V5.0.2, FP-SNS-MOTENV1_V4.3.1, FP-SNS-MOTENV1_V4.3.2, FP-SNS-SMARTAG2_V1.2.0, I-CUBE-ITTIADB_V8.6.3-1, STM32Cube_FW_C0_V1.1.0, STM32Cube_FW_F4_V1.27.1, STM32Cube_FW_F7_V1.17.0, STM32Cube_FW_G0_V1.6.1, STM32Cube_FW_G4_V1.5.1, STM32Cube_FW_H5_V0.5.1, STM32Cube_FW_H5_V1.1.1, STM32Cube_FW_H7_V1.11.0, STM32Cube_FW_L0_V1.12.2, STM32Cube_FW_L5_V1.5.0, STM32Cube_FW_U5_V1.3.0, STM32Cube_FW_U5_V1.3.0RC4, STM32Cube_FW_WBA_V1.0.0RC1, STM32Cube_FW_WBA_V1.1.0RC1, STM32Cube_FW_WBA_V1.1.1, STM32Cube_FW_WB_V1.15.0RC1, STM32Cube_FW_WB_V1.16.0, STM32Cube_FW_WB_V1.16.0RC2, STM32Cube_FW_WB_V1.17.3, STM32Cube_FW_WL_V1.3.0, X-CUBE-ALGOBUILD_V1.3.0, X-CUBE-ALS_V1.0.1, X-CUBE-AZRTOS-F4_V1.1.0, X-CUBE-AZRTOS-F7_V1.1.0, X-CUBE-AZRTOS-G0_V1.1.0, X-CUBE-AZRTOS-G4_V2.0.0, X-CUBE-AZRTOS-H7_V3.1.0, X-CUBE-AZRTOS-L4_V1.0.0, X-CUBE-AZRTOS-L4_V2.0.0, X-CUBE-AZRTOS-L5_V1.1.0, X-CUBE-AZRTOS-WB_V2.0.0, X-CUBE-AZRTOS-WL_V2.0.0, X-CUBE-BLE1_V7.0.0, X-CUBE-BLE2_V3.3.0, X-CUBE-BLEMGR_V2.0.0, X-CUBE-EEPRMA1_V4.1.0, X-CUBE-FREERTOS_V1.1.0, X-CUBE-GNSS1_V6.0.0, X-CUBE-MEMS1_V10.0.0, X-CUBE-MEMS1_V9.1.0, X-CUBE-MEMS1_V9.4.0, X-CUBE-MEMS1_V9.6.0, X-CUBE-NFC4_V3.0.0, X-CUBE-NFC7_V1.0.1, X-CUBE-SFXS2LP1_V4.0.0, X-CUBE-SUBG2_V5.0.0, X-CUBE-TOF1_V3.3.1]
2023-11-15 08:16:44,161 [INFO] ApiDb:240 - Found 323 in-development CPN: [B-G473E-ZEST1S, B-WB1M-WPAN1, B-WL5M-SUBG1, NUCLEO-C031C6, NUCLEO-H503RB, NUCLEO-H563ZI, NUCLEO-U545RE-Q, NUCLEO-U5A5ZJ-Q, NUCLEO-WBA52CG, STEVAL-PROTEUS1, STEVAL-SMARTAG2, STEVAL-STWINBX1, STM320518-EVAL, STM32C0116-DK, STM32C011D6Y3TR, STM32C011D6Y6TR, STM32C011F4P3, STM32C011F4P6, STM32C011F4U3, STM32C011F4U6TR, STM32C011F6P3, STM32C011F6P6, STM32C011F6U3, STM32C011F6U6TR, STM32C011J4M3, STM32C011J4M6, STM32C011J6M3, STM32C011J6M6, STM32C0316-DK, STM32C031C4T3, STM32C031C4T6, STM32C031C4U3, STM32C031C4U6, STM32C031C6T3, STM32C031C6T6, STM32C031C6U3, STM32C031C6U6, STM32C031F4P3, STM32C031F4P6, STM32C031F6P3, STM32C031F6P6, STM32C031G4U3, STM32C031G4U6, STM32C031G6U3, STM32C031G6U6, STM32C031K4T3, STM32C031K4T6, STM32C031K4U3, STM32C031K4U6, STM32C031K6T3, STM32C031K6T6, STM32C031K6U3, STM32C031K6U6, STM32G071K8TXN, STM32G071K8UXN, STM32G081GBU6N, STM32G081KBT6N, STM32G081KBUXN, STM32G0B1CCT6N, STM32G0B1KCT6, STM32G0B1NEY6TR, STM32G0B1RCT6N, STM32G0C1CCT6, STM32G0C1CCT6N, STM32G0C1CCU6N, STM32G0C1CET6N, STM32G0C1CEU6N, STM32G0C1KCT6, STM32G0C1NEY6TR, STM32G0C1RCI6N, STM32G0C1RCT6N, STM32G0C1REI6N, STM32G0C1RET6N, STM32G0C1VCI6, STM32G0C1VEI6, STM32G471CCT6, STM32G471CCU6, STM32G471CET3, STM32G471CET6, STM32G471CEU3, STM32G471CEU6, STM32G471MCT6, STM32G471MET3, STM32G471MET6, STM32G471MEY6TR, STM32G471QCT6, STM32G471QET3, STM32G471RCT6, STM32G471RET3, STM32G471RET6, STM32G471VCH6, STM32G471VCI6, STM32G471VCT6, STM32G471VEH3, STM32G471VEH6, STM32G471VEI3, STM32G471VEI6, STM32G471VET3, STM32G471VET6, STM32G474CCT6, STM32H503CBT6, STM32H503CBU6, STM32H503EBY6TR, STM32H503KBU6, STM32H503RBT6, STM32H562AGI6, STM32H562AII6, STM32H562IGK6, STM32H562IGT6, STM32H562IIK6, STM32H562IIT6, STM32H562RGT6, STM32H562RGV6, STM32H562RIT6, STM32H562RIV6, STM32H562VGT6, STM32H562VIT6, STM32H562ZGT6, STM32H562ZIT6, STM32H563AGI6, STM32H563AII3Q, STM32H563AII6, STM32H563IGK6, STM32H563IGT6, STM32H563IIK3Q, STM32H563IIK6, STM32H563IIT3Q, STM32H563IIT6, STM32H563MIY3QTR, STM32H563RGT6, STM32H563RGV6, STM32H563RIT6, STM32H563RIV6, STM32H563VGT6, STM32H563VIT3Q, STM32H563VIT6, STM32H563ZGT6, STM32H563ZIT3Q, STM32H563ZIT6, STM32H573AII3Q, STM32H573AII6, STM32H573I-DK, STM32H573IIK3Q, STM32H573IIK6, STM32H573IIT3Q, STM32H573IIT6, STM32H573MIY3QTR, STM32H573RIT6, STM32H573RIV6, STM32H573VIT3Q, STM32H573VIT6, STM32H573ZIT3Q, STM32H573ZIT6, STM32L4R5QGI6STR, STM32MP131AAE3, STM32MP131AAF3, STM32MP131AAG3, STM32MP131CAE3, STM32MP131CAF3, STM32MP131CAG3, STM32MP131DAE7, STM32MP131DAF7, STM32MP131DAG7, STM32MP131FAE7, STM32MP131FAF7, STM32MP131FAG7, STM32MP133AAE3, STM32MP133AAF3, STM32MP133AAG3, STM32MP133CAE3, STM32MP133CAF3, STM32MP133CAG3, STM32MP133DAE7, STM32MP133DAF7, STM32MP133DAG7, STM32MP133FAE7, STM32MP133FAF7, STM32MP133FAG7, STM32MP135AAE3, STM32MP135AAF3, STM32MP135AAG3, STM32MP135CAE3, STM32MP135CAF3, STM32MP135CAG3, STM32MP135DAE7, STM32MP135DAF7, STM32MP135DAG7, STM32MP135F-DK, STM32MP135FAE7, STM32MP135FAF7, STM32MP135FAF7T, STM32MP135FAF7U, STM32MP135FAG7, STM32U535CBT6, STM32U535CBT6Q, STM32U535CBU6, STM32U535CBU6Q, STM32U535CCT6, STM32U535CCT6Q, STM32U535CCU6, STM32U535CCU6Q, STM32U535CET6, STM32U535CET6Q, STM32U535CEU6, STM32U535CEU6Q, STM32U535JEY6QTR, STM32U535NCY6QTR, STM32U535NEY6QTR, STM32U535RBI6, STM32U535RBI6Q, STM32U535RBT6, STM32U535RBT6Q, STM32U535RCI6, STM32U535RCI6Q, STM32U535RCT6, STM32U535RCT6Q, STM32U535REI6, STM32U535REI6Q, STM32U535RET6, STM32U535RET6Q, STM32U535VCI6, STM32U535VCI6Q, STM32U535VCT6, STM32U535VCT6Q, STM32U535VEI6, STM32U535VEI6Q, STM32U535VET6, STM32U535VET6Q, STM32U545CET6, STM32U545CET6Q, STM32U545CEU6, STM32U545CEU6Q, STM32U545JEY6QTR, STM32U545NEY6QTR, STM32U545REI6, STM32U545REI6Q, STM32U545RET6, STM32U545RET6Q, STM32U545VEI6, STM32U545VEI6Q, STM32U545VET6, STM32U545VET6Q, STM32U595AIH6, STM32U595AIH6Q, STM32U595AJH6, STM32U595AJH6Q, STM32U595QII6, STM32U595QII6Q, STM32U595QJI6, STM32U595QJI6Q, STM32U595RIT6, STM32U595RIT6Q, STM32U595RJT6, STM32U595RJT6Q, STM32U595VIT6, STM32U595VIT6Q, STM32U595VJT6, STM32U595VJT6Q, STM32U595ZIT6, STM32U595ZIT6Q, STM32U595ZIY6QTR, STM32U595ZJT6, STM32U595ZJT6Q, STM32U595ZJY6QTR, STM32U599BJY6QTR, STM32U599NIH6Q, STM32U599NJH6Q, STM32U599VIT6Q, STM32U599VJT6, STM32U599VJT6Q, STM32U599ZIT6Q, STM32U599ZIY6QTR, STM32U599ZJT6Q, STM32U599ZJY6QTR, STM32U5A5AJH6, STM32U5A5AJH6Q, STM32U5A5QJI6, STM32U5A5QJI6Q, STM32U5A5RJT6, STM32U5A5RJT6Q, STM32U5A5VJT6, STM32U5A5VJT6Q, STM32U5A5ZJT6, STM32U5A5ZJT6Q, STM32U5A5ZJY6QTR, STM32U5A9BJY6QTR, STM32U5A9J-DK, STM32U5A9NJH6Q, STM32U5A9VJT6Q, STM32U5A9ZJT6Q, STM32U5A9ZJY6QTR, STM32U5F7VIT6, STM32U5F7VIT6Q, STM32U5F7VJT6, STM32U5F7VJT6Q, STM32U5F9BJY6QTR, STM32U5F9NJH6Q, STM32U5F9VIT6Q, STM32U5F9VJT6Q, STM32U5F9ZIJ6QTR, STM32U5F9ZIT6Q, STM32U5F9ZJJ6QTR, STM32U5F9ZJT6Q, STM32U5G7VJT6, STM32U5G7VJT6Q, STM32U5G9BJY6QTR, STM32U5G9J-DK1, STM32U5G9J-DK2, STM32U5G9NJH6Q, STM32U5G9VJT6Q, STM32U5G9ZJJ6QTR, STM32U5G9ZJT6Q, STM32WB1MMCH6, STM32WBA52CEU6, STM32WBA52CEU6T, STM32WBA52CGU6, STM32WBA52CGU6T, STM32WBA52KEU6, STM32WBA52KEU6T, STM32WBA52KGU6, STM32WBA52KGU6T, STM32WL5MOCH6, STM32WL5MOCH6TR]
2023-11-15 08:16:44,167 [INFO] DbMcus:217 - Found 3848 MCUs, 3848 are supported
2023-11-15 08:16:44,179 [INFO] ApiDb:423 - Load user favorites file C:\Users\TAMRD/.stm32cubeide/favorites.mcus.txt: 1 item(s)
2023-11-15 08:16:44,179 [INFO] ApiDb:427 - User favorites MCUs=[STM32F103C8T6]
2023-11-15 08:16:44,179 [INFO] DbMcus:223 - Set 1 / 1 favorites MCUs
2023-11-15 08:16:44,785 [WARN] ThirdParty:833 - waiting for thirdparty lock release [change project]
2023-11-15 08:16:44,786 [INFO] ThirdParty:835 - entering critical section [change project]
2023-11-15 08:16:44,786 [INFO] ThirdParty:1030 - CMSIS Pack Vendor :STMicroelectronics X-CUBE-ISPU 1.1.0
2023-11-15 08:16:44,786 [INFO] ThirdParty:1030 - CMSIS Pack Vendor :STMicroelectronics USBPD 4.1
2023-11-15 08:16:44,786 [INFO] ThirdParty:1030 - CMSIS Pack Vendor :STMicroelectronics X-CUBE-GNSS1 6.0.0
2023-11-15 08:16:44,786 [INFO] ThirdParty:1030 - CMSIS Pack Vendor :STMicroelectronics USB_HOST 2.0.0
2023-11-15 08:16:44,786 [INFO] ThirdParty:1030 - CMSIS Pack Vendor :STMicroelectronics X-CUBE-AZRTOS-F4 1.1.0
2023-11-15 08:16:44,787 [INFO] ThirdParty:1030 - CMSIS Pack Vendor :STMicroelectronics LIBJPEG 8.0.0
2023-11-15 08:16:44,787 [INFO] ThirdParty:1030 - CMSIS Pack Vendor :wolfSSL I-CUBE-wolfSSL 5.6.3
2023-11-15 08:16:44,787 [INFO] ThirdParty:1030 - CMSIS Pack Vendor :STMicroelectronics X-CUBE-SMBUS 2.1.0
2023-11-15 08:16:44,787 [INFO] ThirdParty:1030 - CMSIS Pack Vendor :STMicroelectronics USB_DEVICE 3.0.0
2023-11-15 08:16:44,787 [INFO] ThirdParty:1030 - CMSIS Pack Vendor :STMicroelectronics X-CUBE-AZRTOS-WB 2.0.0
2023-11-15 08:16:44,787 [INFO] ThirdParty:1030 - CMSIS Pack Vendor :STMicroelectronics X-CUBE-AZRTOS-F7 1.1.0
2023-11-15 08:16:44,787 [INFO] ThirdParty:1030 - CMSIS Pack Vendor :STMicroelectronics X-CUBE-AZRTOS-L5 2.0.0
2023-11-15 08:16:44,787 [INFO] ThirdParty:1030 - CMSIS Pack Vendor :STMicroelectronics USB_DEVICE 2.0.0
2023-11-15 08:16:44,787 [INFO] ThirdParty:1030 - CMSIS Pack Vendor :STMicroelectronics X-CUBE-MEMS1 9.6.0
2023-11-15 08:16:44,787 [INFO] ThirdParty:1030 - CMSIS Pack Vendor :STMicroelectronics X-CUBE-EEPRMA1 4.2.0
2023-11-15 08:16:44,787 [INFO] ThirdParty:1030 - CMSIS Pack Vendor :ITTIA_DB I-CUBE-ITTIADB 8.8.0
2023-11-15 08:16:44,787 [INFO] ThirdParty:1030 - CMSIS Pack Vendor :STMicroelectronics FP-SNS-MOTENV1 4.3.2
2023-11-15 08:16:44,787 [INFO] ThirdParty:1030 - CMSIS Pack Vendor :STMicroelectronics X-CUBE-ALGOBUILD 1.3.0
2023-11-15 08:16:44,787 [INFO] ThirdParty:1030 - CMSIS Pack Vendor :STMicroelectronics FreeRTOS 0.0.1
2023-11-15 08:16:44,787 [INFO] ThirdParty:1030 - CMSIS Pack Vendor :STMicroelectronics X-CUBE-AZRTOS-G0 1.1.0
2023-11-15 08:16:44,787 [INFO] ThirdParty:1030 - CMSIS Pack Vendor :STMicroelectronics X-CUBE-BLEMGR 2.0.0
2023-11-15 08:16:44,787 [INFO] ThirdParty:1030 - CMSIS Pack Vendor :STMicroelectronics X-CUBE-NFC4 3.0.0
2023-11-15 08:16:44,787 [INFO] ThirdParty:1030 - CMSIS Pack Vendor :STMicroelectronics X-CUBE-SUBG2 5.0.0
2023-11-15 08:16:44,787 [INFO] ThirdParty:1030 - CMSIS Pack Vendor :STMicroelectronics STM32_WPAN 1.0.0
2023-11-15 08:16:44,787 [INFO] ThirdParty:1030 - CMSIS Pack Vendor :STMicroelectronics lwIP 2.0.3
2023-11-15 08:16:44,788 [INFO] ThirdParty:1030 - CMSIS Pack Vendor :STMicroelectronics FP-SNS-FLIGHT1 5.0.2
2023-11-15 08:16:44,788 [INFO] ThirdParty:1030 - CMSIS Pack Vendor :STMicroelectronics USB_HOST 1.0.0
2023-11-15 08:16:44,788 [INFO] ThirdParty:1030 - CMSIS Pack Vendor :STMicroelectronics X-CUBE-TOF1 3.3.1
2023-11-15 08:16:44,788 [INFO] ThirdParty:1030 - CMSIS Pack Vendor :STMicroelectronics X-CUBE-AZRTOS-G4 2.0.0
2023-11-15 08:16:44,788 [INFO] ThirdParty:1030 - CMSIS Pack Vendor :STMicroelectronics PDM2PCM 3.1.0
2023-11-15 08:16:44,788 [INFO] ThirdParty:1030 - CMSIS Pack Vendor :STMicroelectronics X-CUBE-AZRTOS-H7 3.1.0
2023-11-15 08:16:44,788 [INFO] ThirdParty:1030 - CMSIS Pack Vendor :Infineon AIROC-Wi-Fi-Bluetooth-STM32 1.5.1
2023-11-15 08:16:44,788 [INFO] ThirdParty:1030 - CMSIS Pack Vendor :STMicroelectronics X-CUBE-BLEMGR 3.0.0
2023-11-15 08:16:44,788 [INFO] ThirdParty:1030 - CMSIS Pack Vendor :STMicroelectronics PDM2PCM 3.3.0
2023-11-15 08:16:44,788 [INFO] ThirdParty:1030 - CMSIS Pack Vendor :STMicroelectronics X-CUBE-DISPLAY 3.0.0
2023-11-15 08:16:44,788 [INFO] ThirdParty:1030 - CMSIS Pack Vendor :STMicroelectronics FP-SNS-MOTENVWB1 1.3.0
2023-11-15 08:16:44,788 [INFO] ThirdParty:1030 - CMSIS Pack Vendor :STMicroelectronics X-CUBE-BLE1 7.0.0
2023-11-15 08:16:44,788 [INFO] ThirdParty:1030 - CMSIS Pack Vendor :STMicroelectronics FP-ATR-SIGFOX1 3.2.0
2023-11-15 08:16:44,788 [INFO] ThirdParty:1030 - CMSIS Pack Vendor :STMicroelectronics HAL Drivers 0.0.0
2023-11-15 08:16:44,789 [INFO] ThirdParty:1030 - CMSIS Pack Vendor :STMicroelectronics MBEDTLS 2.16.2
2023-11-15 08:16:44,789 [INFO] ThirdParty:1030 - CMSIS Pack Vendor :emotas I-CUBE-CANOPEN 1.3.0
2023-11-15 08:16:44,789 [INFO] ThirdParty:1030 - CMSIS Pack Vendor :STMicroelectronics X-CUBE-MEMS1 10.0.0
2023-11-15 08:16:44,789 [INFO] ThirdParty:1030 - CMSIS Pack Vendor :STMicroelectronics X-CUBE-FREERTOS 1.1.0
2023-11-15 08:16:44,789 [INFO] ThirdParty:1030 - CMSIS Pack Vendor :STMicroelectronics X-CUBE-TOUCHGFX 4.22.0
2023-11-15 08:16:44,789 [INFO] ThirdParty:1030 - CMSIS Pack Vendor :STMicroelectronics X-CUBE-NFC7 1.0.1
2023-11-15 08:16:44,789 [INFO] ThirdParty:1030 - CMSIS Pack Vendor :STMicroelectronics MBEDTLS 2.14.1
2023-11-15 08:16:44,789 [INFO] ThirdParty:1030 - CMSIS Pack Vendor :STMicroelectronics X-CUBE-TOUCHGFX 4.22.1
2023-11-15 08:16:44,789 [INFO] ThirdParty:1030 - CMSIS Pack Vendor :STMicroelectronics X-CUBE-NFC6 3.0.0
2023-11-15 08:16:44,789 [INFO] ThirdParty:1030 - CMSIS Pack Vendor :STMicroelectronics X-CUBE-EEPRMA1 4.1.0
2023-11-15 08:16:44,789 [INFO] ThirdParty:1030 - CMSIS Pack Vendor :portGmbH I-Cube-SoM-uGOAL 1.1.0
2023-11-15 08:16:44,792 [INFO] ThirdParty:1030 - CMSIS Pack Vendor :STMicroelectronics X-CUBE-ALS 1.0.1
2023-11-15 08:16:44,794 [INFO] ThirdParty:1030 - CMSIS Pack Vendor :STMicroelectronics ThreadX 1.0.0
2023-11-15 08:16:44,794 [INFO] ThirdParty:1030 - CMSIS Pack Vendor :STMicroelectronics FP-SNS-SMARTAG2 1.2.0
2023-11-15 08:16:44,794 [INFO] ThirdParty:1030 - CMSIS Pack Vendor :STMicroelectronics X-CUBE-AZRTOS-WL 2.0.0
2023-11-15 08:16:44,794 [INFO] ThirdParty:1030 - CMSIS Pack Vendor :SEGGER I-CUBE-embOS 1.3.1
2023-11-15 08:16:44,794 [INFO] ThirdParty:1030 - CMSIS Pack Vendor :STMicroelectronics USB_DEVICE 1.0.0
2023-11-15 08:16:44,794 [INFO] ThirdParty:1030 - CMSIS Pack Vendor :STMicroelectronics X-CUBE-AI 8.1.0
2023-11-15 08:16:44,794 [INFO] ThirdParty:1030 - CMSIS Pack Vendor :STMicroelectronics X-CUBE-AZRTOS-L4 2.0.0
2023-11-15 08:16:44,794 [INFO] ThirdParty:1030 - CMSIS Pack Vendor :STMicroelectronics ThreadX 0.0.2
2023-11-15 08:16:44,794 [INFO] ThirdParty:1030 - CMSIS Pack Vendor :WES I-CUBE-Cesium 1.3.0
2023-11-15 08:16:44,794 [INFO] ThirdParty:1030 - CMSIS Pack Vendor :STMicroelectronics FP-ATR-ASTRA1 2.0.0
2023-11-15 08:16:44,794 [INFO] ThirdParty:1030 - CMSIS Pack Vendor :STMicroelectronics lwIP 2.1.2
2023-11-15 08:16:44,794 [INFO] ThirdParty:1030 - CMSIS Pack Vendor :STMicroelectronics X-CUBE-SFXS2LP1 4.0.0
2023-11-15 08:16:44,794 [INFO] ThirdParty:1030 - CMSIS Pack Vendor :STMicroelectronics X-CUBE-BLE2 3.3.0
2023-11-15 08:16:44,795 [INFO] ThirdParty:1030 - CMSIS Pack Vendor :STMicroelectronics PDM2PCM 3.2.0
2023-11-15 08:16:44,795 [INFO] ThirdParty:841 - exiting critical section [change project]
2023-11-15 08:16:45,394 [INFO] PinOutPanel:1499 - setPackage(No Configuration,No Configuration)
2023-11-15 08:16:45,405 [INFO] PinOutPanel:1499 - setPackage(STM32F103C8Tx,LQFP48)
2023-11-15 08:16:47,084 [INFO] UtilMem:75 - Before build in PCC Used Memory: 649033728 Bytes (1011875840)
2023-11-15 08:16:48,997 [INFO] UtilMem:75 - After build in PCC Used Memory: 769836240 Bytes (1011875840)
2023-11-15 08:16:49,162 [INFO] ApiDbMcu:507 - Load IP Config File for FREERTOS
2023-11-15 08:16:49,190 [INFO] IPUIPlugin:80 - create IPUIPlugin
2023-11-15 08:16:49,190 [INFO] IPUIPlugin:80 - create IPUIPlugin
2023-11-15 08:16:49,190 [INFO] IPUIPlugin:80 - create IPUIPlugin
2023-11-15 08:16:49,191 [INFO] IPUIPlugin:80 - create IPUIPlugin
2023-11-15 08:16:49,191 [INFO] IPUIPlugin:80 - create IPUIPlugin
2023-11-15 08:16:49,191 [INFO] IPUIPlugin:80 - create IPUIPlugin
2023-11-15 08:16:49,191 [INFO] IPUIPlugin:80 - create IPUIPlugin
2023-11-15 08:16:49,191 [INFO] IPUIPlugin:80 - create IPUIPlugin
2023-11-15 08:16:49,191 [INFO] IPUIPlugin:80 - create IPUIPlugin
2023-11-15 08:16:49,192 [INFO] IPUIPlugin:80 - create IPUIPlugin
2023-11-15 08:16:49,192 [INFO] IPUIPlugin:80 - create IPUIPlugin
2023-11-15 08:16:49,192 [INFO] IPUIPlugin:80 - create IPUIPlugin
2023-11-15 08:16:49,192 [INFO] IPUIPlugin:80 - create IPUIPlugin
2023-11-15 08:16:49,194 [INFO] IPUIPlugin:80 - create IPUIPlugin
2023-11-15 08:16:49,194 [INFO] IPUIPlugin:80 - create IPUIPlugin
2023-11-15 08:16:49,194 [INFO] IPUIPlugin:80 - create IPUIPlugin
2023-11-15 08:16:49,195 [INFO] IPUIPlugin:80 - create IPUIPlugin
2023-11-15 08:16:49,195 [INFO] IPUIPlugin:80 - create IPUIPlugin
2023-11-15 08:16:49,195 [INFO] IPUIPlugin:80 - create IPUIPlugin
2023-11-15 08:16:49,195 [INFO] IPUIPlugin:80 - create IPUIPlugin
2023-11-15 08:16:49,195 [INFO] IPUIPlugin:80 - create IPUIPlugin
2023-11-15 08:16:49,196 [INFO] IPUIPlugin:80 - create IPUIPlugin
2023-11-15 08:16:49,196 [INFO] IPUIPlugin:80 - create IPUIPlugin
2023-11-15 08:16:49,196 [INFO] IPUIPlugin:80 - create IPUIPlugin
2023-11-15 08:16:49,196 [INFO] IPUIPlugin:80 - create IPUIPlugin
2023-11-15 08:16:49,197 [INFO] IPUIPlugin:80 - create IPUIPlugin
2023-11-15 08:16:49,197 [INFO] IPUIPlugin:80 - create IPUIPlugin
2023-11-15 08:16:49,288 [WARN] FreeRTOS:1023 - Null or empty value: should not occur! (nothing added to the table)
2023-11-15 08:16:49,651 [INFO] CADModel:165 - CPN selected for project levelSTM32F103C8T6
2023-11-15 08:16:49,651 [INFO] CADModel:114 - Register for checkConnection events
2023-11-15 08:16:49,653 [INFO] RtosManager:697 - Active RTOS found at IOC load: FREERTOS [Cortex-M3NS]
2023-11-15 08:16:49,717 [INFO] OpenFileManager:328 - Restore cursor
2023-11-15 08:39:26,282 [INFO] MainUpdater:2868 - connection check result : 10
2023-11-15 08:39:26,282 [INFO] MainUpdater:2868 - connection check result : 10
2023-11-15 08:39:26,296 [INFO] MicroXplorer:468 - Change Database Path : 
2023-11-15 08:39:26,296 [INFO] MicroXplorer:498 - Change Database Version : DB.6.0.92
2023-11-15 08:39:26,332 [WARN] ThirdParty:871 - waiting for thirdparty lock release [close project]
2023-11-15 08:39:26,332 [INFO] ThirdParty:873 - entering critical section [close project]
2023-11-15 08:39:26,332 [INFO] ThirdParty:883 - exiting critical section [close project]
2023-11-15 08:39:26,335 [INFO] PinOutPanel:1499 - setPackage(No Configuration,No Configuration)
2023-11-15 08:39:26,343 [INFO] UtilMem:75 - Begin LoadConfig() Used Memory: 357498896 Bytes (734003200)
2023-11-15 08:39:26,344 [INFO] MicroXplorer:468 - Change Database Path : 
2023-11-15 08:39:26,344 [INFO] MicroXplorer:498 - Change Database Version : DB.6.0.92
2023-11-15 08:39:26,344 [INFO] OpenFileManager:308 - Change cursor
2023-11-15 08:39:26,425 [INFO] Mcu:1946 - Initializing MCU STM32F103C(8-B)Tx STM32F103C8Tx STM32F103C8T6
2023-11-15 08:39:28,190 [INFO] Context:659 - Trying to add GPIOservice into a context  which must be forbidden
2023-11-15 08:39:28,549 [INFO] RtosManager:555 - Registered RTOS mode: class=CMSIS, group=RTOS, mode=CMSIS_V1, owner=FREERTOS
2023-11-15 08:39:28,549 [INFO] RtosManager:555 - Registered RTOS mode: class=CMSIS, group=RTOS2, mode=CMSIS_V2, owner=FREERTOS
2023-11-15 08:39:28,549 [INFO] RtosManager:555 - Registered RTOS mode: class=RTOS, group=Core, mode=CMSIS_V1, owner=FREERTOS
2023-11-15 08:39:28,549 [INFO] RtosManager:555 - Registered RTOS mode: class=RTOS, group=Core, mode=CMSIS_V2, owner=FREERTOS
2023-11-15 08:39:28,549 [WARN] ModelIntegratedComponent:184 - Missing modes for component STMicroelectronics:FreeRTOS:0.0.1:STMicroelectronics:RTOS:FreeRTOS:Core:::10.2.0:
2023-11-15 08:39:28,560 [WARN] ModelIntegratedComponent:63 - No mode defined for component null
2023-11-15 08:39:28,560 [WARN] ModelIntegratedComponent:63 - No mode defined for component null
2023-11-15 08:39:28,560 [WARN] ModelIntegratedComponent:63 - No mode defined for component null
2023-11-15 08:39:28,560 [WARN] ModelIntegratedComponent:63 - No mode defined for component null
2023-11-15 08:39:28,560 [WARN] ModelIntegratedComponent:63 - No mode defined for component null
2023-11-15 08:39:28,560 [WARN] ModelIntegratedComponent:63 - No mode defined for component null
2023-11-15 08:39:28,560 [WARN] ModelIntegratedComponent:63 - No mode defined for component null
2023-11-15 08:39:28,560 [WARN] ModelIntegratedComponent:63 - No mode defined for component null
2023-11-15 08:39:28,560 [WARN] ModelIntegratedComponent:63 - No mode defined for component null
2023-11-15 08:39:28,560 [WARN] ModelIntegratedComponent:63 - No mode defined for component null
2023-11-15 08:39:28,560 [WARN] ModelIntegratedComponent:63 - No mode defined for component null
2023-11-15 08:39:28,560 [WARN] ModelIntegratedComponent:63 - No mode defined for component null
2023-11-15 08:39:28,561 [WARN] ModelIntegratedComponent:63 - No mode defined for component null
2023-11-15 08:39:28,561 [WARN] ModelIntegratedComponent:63 - No mode defined for component null
2023-11-15 08:39:28,561 [WARN] ModelIntegratedComponent:63 - No mode defined for component null
2023-11-15 08:39:28,561 [WARN] ModelIntegratedComponent:63 - No mode defined for component null
2023-11-15 08:39:28,561 [WARN] ModelIntegratedComponent:63 - No mode defined for component null
2023-11-15 08:39:28,561 [WARN] ModelIntegratedComponent:63 - No mode defined for component null
2023-11-15 08:39:28,561 [WARN] ModelIntegratedComponent:63 - No mode defined for component null
2023-11-15 08:39:28,561 [WARN] ModelIntegratedComponent:63 - No mode defined for component null
2023-11-15 08:39:28,561 [WARN] ModelIntegratedComponent:63 - No mode defined for component null
2023-11-15 08:39:28,561 [WARN] ModelIntegratedComponent:63 - No mode defined for component null
2023-11-15 08:39:28,561 [WARN] ModelIntegratedComponent:63 - No mode defined for component null
2023-11-15 08:39:28,561 [WARN] ModelIntegratedComponent:63 - No mode defined for component null
2023-11-15 08:39:28,561 [WARN] ModelIntegratedComponent:63 - No mode defined for component null
2023-11-15 08:39:28,561 [WARN] ModelIntegratedComponent:63 - No mode defined for component null
2023-11-15 08:39:28,561 [WARN] ModelIntegratedComponent:63 - No mode defined for component null
2023-11-15 08:39:28,561 [WARN] ModelIntegratedComponent:63 - No mode defined for component null
2023-11-15 08:39:28,561 [WARN] ModelIntegratedComponent:63 - No mode defined for component null
2023-11-15 08:39:28,561 [WARN] ModelIntegratedComponent:63 - No mode defined for component null
2023-11-15 08:39:28,561 [WARN] ModelIntegratedComponent:63 - No mode defined for component null
2023-11-15 08:39:28,561 [WARN] ModelIntegratedComponent:63 - No mode defined for component null
2023-11-15 08:39:28,561 [WARN] ModelIntegratedComponent:63 - No mode defined for component null
2023-11-15 08:39:28,659 [INFO] ThirdPartyModel:298 - Start build external matchings
2023-11-15 08:39:29,555 [INFO] ThirdPartyModel:316 - End build external matchings
2023-11-15 08:39:29,568 [INFO] ImportTextPane:194 - (OptionalMessage_ERROR) IP (RCC) : Parameter (ADCFreqValue) has invalid value (36000000)
2023-11-15 08:39:29,574 [INFO] ImportTextPane:194 - (OptionalMessage_ERROR) IP (RCC) : Invalid parameter (FamilyName)
2023-11-15 08:39:29,574 [INFO] ImportTextPane:194 - (OptionalMessage_ERROR) IP (RCC) : Parameter (MCOFreq_Value) has invalid value (72000000)
2023-11-15 08:39:29,574 [INFO] ImportTextPane:194 - (OptionalMessage_ERROR) IP (RCC) : Parameter (USBFreq_Value) has invalid value (72000000)
2023-11-15 08:39:29,852 [INFO] UtilMem:75 - End LoadConfig() Used Memory: 229246488 Bytes (734003200)
2023-11-15 08:39:29,901 [WARN] ThirdParty:833 - waiting for thirdparty lock release [change project]
2023-11-15 08:39:29,901 [INFO] ThirdParty:835 - entering critical section [change project]
2023-11-15 08:39:29,901 [INFO] ThirdParty:1030 - CMSIS Pack Vendor :STMicroelectronics X-CUBE-ISPU 1.1.0
2023-11-15 08:39:29,901 [INFO] ThirdParty:1030 - CMSIS Pack Vendor :STMicroelectronics USBPD 4.1
2023-11-15 08:39:29,901 [INFO] ThirdParty:1030 - CMSIS Pack Vendor :STMicroelectronics X-CUBE-GNSS1 6.0.0
2023-11-15 08:39:29,901 [INFO] ThirdParty:1030 - CMSIS Pack Vendor :STMicroelectronics USB_HOST 2.0.0
2023-11-15 08:39:29,901 [INFO] ThirdParty:1030 - CMSIS Pack Vendor :STMicroelectronics X-CUBE-AZRTOS-F4 1.1.0
2023-11-15 08:39:29,901 [INFO] ThirdParty:1030 - CMSIS Pack Vendor :STMicroelectronics LIBJPEG 8.0.0
2023-11-15 08:39:29,901 [INFO] ThirdParty:1030 - CMSIS Pack Vendor :wolfSSL I-CUBE-wolfSSL 5.6.3
2023-11-15 08:39:29,901 [INFO] ThirdParty:1030 - CMSIS Pack Vendor :STMicroelectronics X-CUBE-SMBUS 2.1.0
2023-11-15 08:39:29,901 [INFO] ThirdParty:1030 - CMSIS Pack Vendor :STMicroelectronics USB_DEVICE 3.0.0
2023-11-15 08:39:29,901 [INFO] ThirdParty:1030 - CMSIS Pack Vendor :STMicroelectronics X-CUBE-AZRTOS-WB 2.0.0
2023-11-15 08:39:29,901 [INFO] ThirdParty:1030 - CMSIS Pack Vendor :STMicroelectronics X-CUBE-AZRTOS-F7 1.1.0
2023-11-15 08:39:29,902 [INFO] ThirdParty:1030 - CMSIS Pack Vendor :STMicroelectronics X-CUBE-AZRTOS-L5 2.0.0
2023-11-15 08:39:29,902 [INFO] ThirdParty:1030 - CMSIS Pack Vendor :STMicroelectronics USB_DEVICE 2.0.0
2023-11-15 08:39:29,902 [INFO] ThirdParty:1030 - CMSIS Pack Vendor :STMicroelectronics X-CUBE-MEMS1 9.6.0
2023-11-15 08:39:29,902 [INFO] ThirdParty:1030 - CMSIS Pack Vendor :STMicroelectronics X-CUBE-EEPRMA1 4.2.0
2023-11-15 08:39:29,903 [INFO] ThirdParty:1030 - CMSIS Pack Vendor :ITTIA_DB I-CUBE-ITTIADB 8.8.0
2023-11-15 08:39:29,903 [INFO] ThirdParty:1030 - CMSIS Pack Vendor :STMicroelectronics FP-SNS-MOTENV1 4.3.2
2023-11-15 08:39:29,915 [INFO] ThirdParty:1030 - CMSIS Pack Vendor :STMicroelectronics X-CUBE-ALGOBUILD 1.3.0
2023-11-15 08:39:29,915 [INFO] ThirdParty:1030 - CMSIS Pack Vendor :STMicroelectronics FreeRTOS 0.0.1
2023-11-15 08:39:29,916 [INFO] ThirdParty:1030 - CMSIS Pack Vendor :STMicroelectronics X-CUBE-AZRTOS-G0 1.1.0
2023-11-15 08:39:29,917 [INFO] ThirdParty:1030 - CMSIS Pack Vendor :STMicroelectronics X-CUBE-BLEMGR 2.0.0
2023-11-15 08:39:29,917 [INFO] ThirdParty:1030 - CMSIS Pack Vendor :STMicroelectronics X-CUBE-NFC4 3.0.0
2023-11-15 08:39:29,917 [INFO] ThirdParty:1030 - CMSIS Pack Vendor :STMicroelectronics X-CUBE-SUBG2 5.0.0
2023-11-15 08:39:29,917 [INFO] ThirdParty:1030 - CMSIS Pack Vendor :STMicroelectronics STM32_WPAN 1.0.0
2023-11-15 08:39:29,917 [INFO] ThirdParty:1030 - CMSIS Pack Vendor :STMicroelectronics lwIP 2.0.3
2023-11-15 08:39:29,917 [INFO] ThirdParty:1030 - CMSIS Pack Vendor :STMicroelectronics FP-SNS-FLIGHT1 5.0.2
2023-11-15 08:39:29,917 [INFO] ThirdParty:1030 - CMSIS Pack Vendor :STMicroelectronics USB_HOST 1.0.0
2023-11-15 08:39:29,918 [INFO] ThirdParty:1030 - CMSIS Pack Vendor :STMicroelectronics X-CUBE-TOF1 3.3.1
2023-11-15 08:39:29,918 [INFO] ThirdParty:1030 - CMSIS Pack Vendor :STMicroelectronics X-CUBE-AZRTOS-G4 2.0.0
2023-11-15 08:39:29,918 [INFO] ThirdParty:1030 - CMSIS Pack Vendor :STMicroelectronics PDM2PCM 3.1.0
2023-11-15 08:39:29,918 [INFO] ThirdParty:1030 - CMSIS Pack Vendor :STMicroelectronics X-CUBE-AZRTOS-H7 3.1.0
2023-11-15 08:39:29,918 [INFO] ThirdParty:1030 - CMSIS Pack Vendor :Infineon AIROC-Wi-Fi-Bluetooth-STM32 1.5.1
2023-11-15 08:39:29,918 [INFO] ThirdParty:1030 - CMSIS Pack Vendor :STMicroelectronics X-CUBE-BLEMGR 3.0.0
2023-11-15 08:39:29,918 [INFO] ThirdParty:1030 - CMSIS Pack Vendor :STMicroelectronics PDM2PCM 3.3.0
2023-11-15 08:39:29,918 [INFO] ThirdParty:1030 - CMSIS Pack Vendor :STMicroelectronics X-CUBE-DISPLAY 3.0.0
2023-11-15 08:39:29,918 [INFO] ThirdParty:1030 - CMSIS Pack Vendor :STMicroelectronics FP-SNS-MOTENVWB1 1.3.0
2023-11-15 08:39:29,918 [INFO] ThirdParty:1030 - CMSIS Pack Vendor :STMicroelectronics X-CUBE-BLE1 7.0.0
2023-11-15 08:39:29,918 [INFO] ThirdParty:1030 - CMSIS Pack Vendor :STMicroelectronics FP-ATR-SIGFOX1 3.2.0
2023-11-15 08:39:29,918 [INFO] ThirdParty:1030 - CMSIS Pack Vendor :STMicroelectronics HAL Drivers 0.0.0
2023-11-15 08:39:29,918 [INFO] ThirdParty:1030 - CMSIS Pack Vendor :STMicroelectronics MBEDTLS 2.16.2
2023-11-15 08:39:29,918 [INFO] ThirdParty:1030 - CMSIS Pack Vendor :emotas I-CUBE-CANOPEN 1.3.0
2023-11-15 08:39:29,918 [INFO] ThirdParty:1030 - CMSIS Pack Vendor :STMicroelectronics X-CUBE-MEMS1 10.0.0
2023-11-15 08:39:29,918 [INFO] ThirdParty:1030 - CMSIS Pack Vendor :STMicroelectronics X-CUBE-FREERTOS 1.1.0
2023-11-15 08:39:29,918 [INFO] ThirdParty:1030 - CMSIS Pack Vendor :STMicroelectronics X-CUBE-TOUCHGFX 4.22.0
2023-11-15 08:39:29,919 [INFO] ThirdParty:1030 - CMSIS Pack Vendor :STMicroelectronics X-CUBE-NFC7 1.0.1
2023-11-15 08:39:29,919 [INFO] ThirdParty:1030 - CMSIS Pack Vendor :STMicroelectronics MBEDTLS 2.14.1
2023-11-15 08:39:29,919 [INFO] ThirdParty:1030 - CMSIS Pack Vendor :STMicroelectronics X-CUBE-TOUCHGFX 4.22.1
2023-11-15 08:39:29,919 [INFO] ThirdParty:1030 - CMSIS Pack Vendor :STMicroelectronics X-CUBE-NFC6 3.0.0
2023-11-15 08:39:29,919 [INFO] ThirdParty:1030 - CMSIS Pack Vendor :STMicroelectronics X-CUBE-EEPRMA1 4.1.0
2023-11-15 08:39:29,919 [INFO] ThirdParty:1030 - CMSIS Pack Vendor :portGmbH I-Cube-SoM-uGOAL 1.1.0
2023-11-15 08:39:29,919 [INFO] ThirdParty:1030 - CMSIS Pack Vendor :STMicroelectronics X-CUBE-ALS 1.0.1
2023-11-15 08:39:29,919 [INFO] ThirdParty:1030 - CMSIS Pack Vendor :STMicroelectronics ThreadX 1.0.0
2023-11-15 08:39:29,919 [INFO] ThirdParty:1030 - CMSIS Pack Vendor :STMicroelectronics FP-SNS-SMARTAG2 1.2.0
2023-11-15 08:39:29,919 [INFO] ThirdParty:1030 - CMSIS Pack Vendor :STMicroelectronics X-CUBE-AZRTOS-WL 2.0.0
2023-11-15 08:39:29,919 [INFO] ThirdParty:1030 - CMSIS Pack Vendor :SEGGER I-CUBE-embOS 1.3.1
2023-11-15 08:39:29,919 [INFO] ThirdParty:1030 - CMSIS Pack Vendor :STMicroelectronics USB_DEVICE 1.0.0
2023-11-15 08:39:29,919 [INFO] ThirdParty:1030 - CMSIS Pack Vendor :STMicroelectronics X-CUBE-AI 8.1.0
2023-11-15 08:39:29,919 [INFO] ThirdParty:1030 - CMSIS Pack Vendor :STMicroelectronics X-CUBE-AZRTOS-L4 2.0.0
2023-11-15 08:39:29,919 [INFO] ThirdParty:1030 - CMSIS Pack Vendor :STMicroelectronics ThreadX 0.0.2
2023-11-15 08:39:29,919 [INFO] ThirdParty:1030 - CMSIS Pack Vendor :WES I-CUBE-Cesium 1.3.0
2023-11-15 08:39:29,919 [INFO] ThirdParty:1030 - CMSIS Pack Vendor :STMicroelectronics FP-ATR-ASTRA1 2.0.0
2023-11-15 08:39:29,919 [INFO] ThirdParty:1030 - CMSIS Pack Vendor :STMicroelectronics lwIP 2.1.2
2023-11-15 08:39:29,919 [INFO] ThirdParty:1030 - CMSIS Pack Vendor :STMicroelectronics X-CUBE-SFXS2LP1 4.0.0
2023-11-15 08:39:29,919 [INFO] ThirdParty:1030 - CMSIS Pack Vendor :STMicroelectronics X-CUBE-BLE2 3.3.0
2023-11-15 08:39:29,919 [INFO] ThirdParty:1030 - CMSIS Pack Vendor :STMicroelectronics PDM2PCM 3.2.0
2023-11-15 08:39:29,919 [INFO] ThirdParty:841 - exiting critical section [change project]
2023-11-15 08:39:30,202 [INFO] PinOutPanel:1499 - setPackage(No Configuration,No Configuration)
2023-11-15 08:39:30,203 [INFO] PinOutPanel:1499 - setPackage(STM32F103C8Tx,LQFP48)
2023-11-15 08:39:31,081 [INFO] UtilMem:75 - Before build in PCC Used Memory: 244013624 Bytes (671088640)
2023-11-15 08:39:31,499 [INFO] UtilMem:75 - After build in PCC Used Memory: 286483000 Bytes (671088640)
2023-11-15 08:39:31,518 [INFO] IPUIPlugin:80 - create IPUIPlugin
2023-11-15 08:39:31,518 [INFO] IPUIPlugin:80 - create IPUIPlugin
2023-11-15 08:39:31,518 [INFO] IPUIPlugin:80 - create IPUIPlugin
2023-11-15 08:39:31,518 [INFO] IPUIPlugin:80 - create IPUIPlugin
2023-11-15 08:39:31,519 [INFO] IPUIPlugin:80 - create IPUIPlugin
2023-11-15 08:39:31,519 [INFO] IPUIPlugin:80 - create IPUIPlugin
2023-11-15 08:39:31,519 [INFO] IPUIPlugin:80 - create IPUIPlugin
2023-11-15 08:39:31,519 [INFO] IPUIPlugin:80 - create IPUIPlugin
2023-11-15 08:39:31,519 [INFO] IPUIPlugin:80 - create IPUIPlugin
2023-11-15 08:39:31,519 [INFO] IPUIPlugin:80 - create IPUIPlugin
2023-11-15 08:39:31,519 [INFO] IPUIPlugin:80 - create IPUIPlugin
2023-11-15 08:39:31,519 [INFO] IPUIPlugin:80 - create IPUIPlugin
2023-11-15 08:39:31,519 [INFO] IPUIPlugin:80 - create IPUIPlugin
2023-11-15 08:39:31,520 [INFO] IPUIPlugin:80 - create IPUIPlugin
2023-11-15 08:39:31,520 [INFO] IPUIPlugin:80 - create IPUIPlugin
2023-11-15 08:39:31,520 [INFO] IPUIPlugin:80 - create IPUIPlugin
2023-11-15 08:39:31,520 [INFO] IPUIPlugin:80 - create IPUIPlugin
2023-11-15 08:39:31,520 [INFO] IPUIPlugin:80 - create IPUIPlugin
2023-11-15 08:39:31,520 [INFO] IPUIPlugin:80 - create IPUIPlugin
2023-11-15 08:39:31,521 [INFO] IPUIPlugin:80 - create IPUIPlugin
2023-11-15 08:39:31,521 [INFO] IPUIPlugin:80 - create IPUIPlugin
2023-11-15 08:39:31,521 [INFO] IPUIPlugin:80 - create IPUIPlugin
2023-11-15 08:39:31,521 [INFO] IPUIPlugin:80 - create IPUIPlugin
2023-11-15 08:39:31,521 [INFO] IPUIPlugin:80 - create IPUIPlugin
2023-11-15 08:39:31,521 [INFO] IPUIPlugin:80 - create IPUIPlugin
2023-11-15 08:39:31,522 [INFO] IPUIPlugin:80 - create IPUIPlugin
2023-11-15 08:39:31,522 [INFO] IPUIPlugin:80 - create IPUIPlugin
2023-11-15 08:39:31,574 [INFO] CADModel:165 - CPN selected for project levelSTM32F103C8T6
2023-11-15 08:39:31,574 [INFO] CADModel:114 - Register for checkConnection events
2023-11-15 08:39:31,632 [INFO] OpenFileManager:328 - Restore cursor
2023-11-15 08:41:02,867 [INFO] Gpio:273 - dependency for GPIO [RCC, SYS, USART1]
2023-11-15 08:41:12,342 [INFO] UtilMem:75 - End SaveConfig() Used Memory: 195415096 Bytes (594542592)
2023-11-15 08:41:13,412 [INFO] UtilMem:75 - End SaveConfig() Used Memory: 183481040 Bytes (594542592)
2023-11-15 08:41:14,880 [INFO] UtilMem:75 - End SaveConfig() Used Memory: 213889744 Bytes (594542592)
2023-11-15 08:41:15,945 [INFO] BlockDiagram:2759 - set Specific Code input for plugin: NVIC
2023-11-15 08:41:15,945 [INFO] BlockDiagram:2759 - set Specific Code input for plugin: USART
2023-11-15 08:41:15,945 [INFO] BlockDiagram:2759 - set Specific Code input for plugin: TIM1_8F1
2023-11-15 08:41:15,945 [INFO] BlockDiagram:2759 - set Specific Code input for plugin: SYS
2023-11-15 08:41:15,945 [INFO] BlockDiagram:2759 - set Specific Code input for plugin: GPIO
2023-11-15 08:41:15,945 [INFO] BlockDiagram:2759 - set Specific Code input for plugin: RCC
2023-11-15 08:41:15,946 [INFO] CodeGenerator:799 - code generatio: config db path: C:\ST\STM32CubeIDE_1.12.1\STM32CubeIDE\plugins\com.st.stm32cube.common.mx_6.9.2.202309101412\\db\
2023-11-15 08:41:16,444 [INFO] CodeEngine:255 - oldGeneratedFile, C:\Users\TAMRD\Documents\STM32_HAL\DHT11\MXTmpFiles\license.tmp_save
2023-11-15 08:41:17,008 [INFO] CodeEngine:279 - Generated code: C:\Users\TAMRD\Documents\STM32_HAL\DHT11\MXTmpFiles\license.tmp
2023-11-15 08:41:17,176 [INFO] CodeEngine:255 - oldGeneratedFile, C:\Users\TAMRD\Documents\STM32_HAL\DHT11\MXTmpFiles\gpio.tmp_save
2023-11-15 08:41:17,452 [INFO] CodeEngine:279 - Generated code: C:\Users\TAMRD\Documents\STM32_HAL\DHT11\MXTmpFiles\gpio.tmp
2023-11-15 08:41:17,826 [INFO] CodeEngine:255 - oldGeneratedFile, C:\Users\TAMRD\Documents\STM32_HAL\DHT11\Core\Src\stm32f1xx_it.c_save
2023-11-15 08:41:18,101 [INFO] CodeEngine:279 - Generated code: C:\Users\TAMRD\Documents\STM32_HAL\DHT11\Core\Src\stm32f1xx_it.c
2023-11-15 08:41:18,115 [INFO] CodeEngine:255 - oldGeneratedFile, C:\Users\TAMRD\Documents\STM32_HAL\DHT11\Core\Inc\stm32f1xx_it.h_save
2023-11-15 08:41:18,251 [INFO] CodeEngine:279 - Generated code: C:\Users\TAMRD\Documents\STM32_HAL\DHT11\Core\Inc\stm32f1xx_it.h
2023-11-15 08:41:18,298 [INFO] CodeEngine:255 - oldGeneratedFile, C:\Users\TAMRD\Documents\STM32_HAL\DHT11\Core\Src\stm32f1xx_hal_msp.c_save
2023-11-15 08:41:18,557 [INFO] CodeEngine:279 - Generated code: C:\Users\TAMRD\Documents\STM32_HAL\DHT11\Core\Src\stm32f1xx_hal_msp.c
2023-11-15 08:41:18,566 [INFO] CodeEngine:255 - oldGeneratedFile, C:\Users\TAMRD\Documents\STM32_HAL\DHT11\MXTmpFiles\system.tmp_save
2023-11-15 08:41:18,709 [INFO] CodeEngine:279 - Generated code: C:\Users\TAMRD\Documents\STM32_HAL\DHT11\MXTmpFiles\system.tmp
2023-11-15 08:41:18,757 [INFO] CodeEngine:311 - oldGeneratedFile, C:\Users\TAMRD\Documents\STM32_HAL\DHT11\Core\Inc\stm32f1xx_hal_conf.h_save
2023-11-15 08:41:18,963 [INFO] CodeEngine:335 - Generated code: C:\Users\TAMRD\Documents\STM32_HAL\DHT11\Core\Inc\stm32f1xx_hal_conf.h
2023-11-15 08:41:19,063 [WARN] IPConfigManager:3431 - IP not found : TIM
2023-11-15 08:41:19,064 [WARN] CodeGenerator:3764 - IP not found : null
2023-11-15 08:41:19,101 [INFO] CodeEngine:255 - oldGeneratedFile, C:\Users\TAMRD\Documents\STM32_HAL\DHT11\Core\Inc\main.h_save
2023-11-15 08:41:19,348 [INFO] CodeEngine:279 - Generated code: C:\Users\TAMRD\Documents\STM32_HAL\DHT11\Core\Inc\main.h
2023-11-15 08:41:19,393 [INFO] CodeEngine:255 - oldGeneratedFile, C:\Users\TAMRD\Documents\STM32_HAL\DHT11\Core\Src\main.c_save
2023-11-15 08:41:19,623 [INFO] CodeEngine:279 - Generated code: C:\Users\TAMRD\Documents\STM32_HAL\DHT11\Core\Src\main.c
2023-11-15 08:41:21,410 [INFO] ProjectBuilder:3064 - Time for Copy HAL[1] : 609mS.
2023-11-15 08:41:21,423 [INFO] ProjectBuilder:4404 - Project Generator version: 4.1.0
2023-11-15 08:41:22,183 [INFO] ConfigFileManager:1457 - The Die is : DIE410
2023-11-15 08:41:22,544 [INFO] ApiDbMcu:507 - Load IP Config File for FATFS
2023-11-15 08:41:22,603 [INFO] ApiDbMcu:507 - Load IP Config File for FREERTOS
2023-11-15 08:41:22,654 [INFO] ApiDbMcu:507 - Load IP Config File for USB_DEVICE
2023-11-15 08:41:24,217 [INFO] LogOutputStream:77 - [STDOUT_REDIRECT] 
2023-11-15 08:41:26,783 [INFO] ProjectBuilder:4626 - Time for Generating toolchain IDE Files: 5360mS.
2023-11-15 08:41:26,784 [INFO] ProjectBuilder:2935 - Time for Copy CMSIS : 0mS.
2023-11-15 08:41:26,786 [INFO] ProjectBuilder:2935 - Time for Copy CMSIS : 0mS.
2023-11-15 11:13:01,139 [INFO] LogOutputStream:77 - [STDOUT_REDIRECT] StartTraceHandler.execute(), success : Collect=true
2023-11-15 11:15:28,269 [INFO] LogOutputStream:77 - [STDOUT_REDIRECT] StartTraceHandler.execute(), success : Collect=false
2023-11-15 11:15:30,075 [INFO] LogOutputStream:77 - [STDOUT_REDIRECT] StartTraceHandler.execute(), success : Collect=true
2023-11-15 11:24:53,789 [INFO] LogOutputStream:77 - [STDOUT_REDIRECT] StartTraceHandler.execute(), success : Collect=false
2023-11-15 11:24:55,579 [INFO] LogOutputStream:77 - [STDOUT_REDIRECT] StartTraceHandler.execute(), success : Collect=true
2023-11-15 11:26:48,390 [INFO] LogOutputStream:77 - [STDOUT_REDIRECT] StartTraceHandler.execute(), success : Collect=false
2023-11-15 11:26:51,068 [INFO] LogOutputStream:77 - [STDOUT_REDIRECT] StartTraceHandler.execute(), success : Collect=true
2023-11-15 11:31:30,270 [INFO] LogOutputStream:77 - [STDOUT_REDIRECT] StartTraceHandler.execute(), success : Collect=false
2023-11-15 11:31:36,153 [INFO] LogOutputStream:77 - [STDOUT_REDIRECT] StartTraceHandler.execute(), success : Collect=true
2023-11-15 11:43:25,164 [INFO] LogOutputStream:77 - [STDOUT_REDIRECT] StartTraceHandler.execute(), success : Collect=false
2023-11-15 11:43:29,169 [INFO] LogOutputStream:77 - [STDOUT_REDIRECT] StartTraceHandler.execute(), success : Collect=true
