2023-11-08 09:39:30,575 [INFO] Activator:176 - 


2023-11-08 09:39:30,593 [INFO] Activator:177 - !SESSION log4j initialized
2023-11-08 09:39:46,459 [INFO] LogOutputStream:77 - [STDOUT_REDIRECT] 
2023-11-08 09:39:52,159 [INFO] ApplicationProperties:184 - Using Application install path: C:\ST\STM32CubeIDE_1.12.1\STM32CubeIDE\plugins\com.st.stm32cube.common.mx_6.9.2.202309101412
2023-11-08 09:39:52,219 [INFO] DbMcusXml:78 - Set database path to: C:\ST\STM32CubeIDE_1.12.1\STM32CubeIDE\plugins\com.st.stm32cube.common.mx_6.9.2.202309101412\\db\/mcu/
2023-11-08 09:39:52,220 [INFO] ApiDb:274 - Set plugin database path to: C:\ST\STM32CubeIDE_1.12.1\STM32CubeIDE\plugins\com.st.stm32cube.common.mx_6.9.2.202309101412\\db\/plugins/boardmanager/
2023-11-08 09:39:52,221 [WARN] ApiDb:259 - Overriding images path with different value:  => C:\ST\STM32CubeIDE_1.12.1\STM32CubeIDE\plugins\com.st.stm32cube.common.mx_6.9.2.202309101412\\db\/plugins/mcufinder/images/
2023-11-08 09:39:52,347 [INFO] ApiDb:250 - Set database path to: C:\Users\TAMRD\.stmcufinder\plugins\mcufinder//mcu/
2023-11-08 09:39:52,349 [INFO] DbMcusAds:125 - Set database path to: C:\Users\TAMRD\.stmcufinder\plugins\mcufinder//mcu/
2023-11-08 09:39:52,353 [INFO] CrossReferenceDbSqlite:203 - Set database path to: C:\Users\TAMRD\.stmcufinder\plugins\mcufinder//mcu/cs/
2023-11-08 09:39:52,607 [INFO] RulesReader:64 - Compatibility file has been processed (293 Rules)
2023-11-08 09:39:52,970 [INFO] DbMcusXml:78 - Set database path to: C:\ST\STM32CubeIDE_1.12.1\STM32CubeIDE\plugins\com.st.stm32cube.common.mx_6.9.2.202309101412\\db\/mcu/
2023-11-08 09:39:52,970 [INFO] ApiDb:274 - Set plugin database path to: C:\ST\STM32CubeIDE_1.12.1\STM32CubeIDE\plugins\com.st.stm32cube.common.mx_6.9.2.202309101412\\db\/plugins/boardmanager/
2023-11-08 09:39:52,971 [INFO] ApiDb:261 - Set plugin images path to: C:\ST\STM32CubeIDE_1.12.1\STM32CubeIDE\plugins\com.st.stm32cube.common.mx_6.9.2.202309101412\\db\/plugins/mcufinder/images/
2023-11-08 09:39:52,971 [WARN] DbFile:41 - Overriding database path with different value: C:\Users\TAMRD\.stmcufinder\plugins\mcufinder/ => C:\Users\TAMRD\.stmcufinder\plugins\mcufinder
2023-11-08 09:39:52,971 [INFO] ApiDb:250 - Set database path to: C:\Users\TAMRD\.stmcufinder\plugins\mcufinder//mcu/
2023-11-08 09:39:52,971 [WARN] DbFile:41 - Overriding database path with different value: C:\Users\TAMRD\.stmcufinder\plugins\mcufinder/ => C:\Users\TAMRD\.stmcufinder\plugins\mcufinder
2023-11-08 09:39:52,971 [INFO] DbMcusAds:125 - Set database path to: C:\Users\TAMRD\.stmcufinder\plugins\mcufinder//mcu/
2023-11-08 09:39:52,971 [WARN] DbFile:41 - Overriding database path with different value: C:\Users\TAMRD\.stmcufinder\plugins\mcufinder/ => C:\Users\TAMRD\.stmcufinder\plugins\mcufinder
2023-11-08 09:39:52,972 [WARN] DbFile:41 - Overriding database path with different value: C:\Users\TAMRD\.stmcufinder\plugins\mcufinder/ => C:\Users\TAMRD\.stmcufinder\plugins\mcufinder
2023-11-08 09:39:52,972 [INFO] CrossReferenceDbSqlite:203 - Set database path to: C:\Users\TAMRD\.stmcufinder\plugins\mcufinder//mcu/cs/
2023-11-08 09:39:53,148 [INFO] MainPanel:262 - HeapMemory: 268435456
2023-11-08 09:39:53,407 [INFO] DbMcusXml:78 - Set database path to: C:\ST\STM32CubeIDE_1.12.1\STM32CubeIDE\plugins\com.st.stm32cube.common.mx_6.9.2.202309101412\\db\/mcu/
2023-11-08 09:39:53,407 [INFO] ApiDb:274 - Set plugin database path to: C:\ST\STM32CubeIDE_1.12.1\STM32CubeIDE\plugins\com.st.stm32cube.common.mx_6.9.2.202309101412\\db\/plugins/boardmanager/
2023-11-08 09:39:53,407 [INFO] ApiDb:261 - Set plugin images path to: C:\ST\STM32CubeIDE_1.12.1\STM32CubeIDE\plugins\com.st.stm32cube.common.mx_6.9.2.202309101412\\db\/plugins/mcufinder/images/
2023-11-08 09:39:53,408 [WARN] DbFile:41 - Overriding database path with different value: C:\Users\TAMRD\.stmcufinder\plugins\mcufinder/ => C:\Users\TAMRD\.stmcufinder\plugins\mcufinder
2023-11-08 09:39:53,408 [INFO] ApiDb:250 - Set database path to: C:\Users\TAMRD\.stmcufinder\plugins\mcufinder//mcu/
2023-11-08 09:39:53,408 [WARN] DbFile:41 - Overriding database path with different value: C:\Users\TAMRD\.stmcufinder\plugins\mcufinder/ => C:\Users\TAMRD\.stmcufinder\plugins\mcufinder
2023-11-08 09:39:53,408 [INFO] DbMcusAds:125 - Set database path to: C:\Users\TAMRD\.stmcufinder\plugins\mcufinder//mcu/
2023-11-08 09:39:53,408 [WARN] DbFile:41 - Overriding database path with different value: C:\Users\TAMRD\.stmcufinder\plugins\mcufinder/ => C:\Users\TAMRD\.stmcufinder\plugins\mcufinder
2023-11-08 09:39:53,409 [WARN] DbFile:41 - Overriding database path with different value: C:\Users\TAMRD\.stmcufinder\plugins\mcufinder/ => C:\Users\TAMRD\.stmcufinder\plugins\mcufinder
2023-11-08 09:39:53,409 [INFO] CrossReferenceDbSqlite:203 - Set database path to: C:\Users\TAMRD\.stmcufinder\plugins\mcufinder//mcu/cs/
2023-11-08 09:39:53,440 [INFO] ApplicationProperties:184 - Using Application install path: C:\ST\STM32CubeIDE_1.12.1\STM32CubeIDE\plugins\com.st.stm32cube.common.mx_6.9.2.202309101412
2023-11-08 09:39:53,443 [INFO] PluginManage:196 - Search for loadable plugins [exclusion list=, ]
2023-11-08 09:39:53,445 [INFO] PluginManage:310 - Check plugin analytics
2023-11-08 09:39:53,860 [INFO] AnalyticsPlugin:253 - Accepted Software Licenses: 
2023-11-08 09:39:53,860 [INFO] AnalyticsPlugin:255 - Accepted CMSIS Pack Licenses: 
2023-11-08 09:39:53,861 [INFO] AnalyticsPlugin:257 - Accepted Firmware Licenses: 
2023-11-08 09:39:53,869 [INFO] PluginManage:359 - Loaded plugin analytics (category:tool,tabindex:-1)
2023-11-08 09:39:53,870 [INFO] PluginManage:310 - Check plugin cadmodel
2023-11-08 09:39:53,927 [INFO] CADModel:105 - Init CAD model plugin
2023-11-08 09:39:53,928 [INFO] PluginManage:359 - Loaded plugin cadmodel (category:power,tabindex:5)
2023-11-08 09:39:53,928 [INFO] PluginManage:310 - Check plugin clock
2023-11-08 09:39:53,987 [INFO] PluginManage:359 - Loaded plugin clock (category:base,tabindex:2)
2023-11-08 09:39:53,987 [INFO] PluginManage:310 - Check plugin ddr
2023-11-08 09:39:54,007 [INFO] PluginManage:359 - Loaded plugin ddr (category:tool,tabindex:6)
2023-11-08 09:39:54,007 [INFO] PluginManage:310 - Check plugin filemanager
2023-11-08 09:39:54,422 [INFO] PluginManage:359 - Loaded plugin filemanager (category:base,tabindex:10)
2023-11-08 09:39:54,422 [INFO] PluginManage:310 - Check plugin ipmanager
2023-11-08 09:39:54,454 [INFO] PluginManage:359 - Loaded plugin ipmanager (category:base,tabindex:5)
2023-11-08 09:39:54,454 [INFO] PluginManage:310 - Check plugin lpbam
2023-11-08 09:39:54,486 [INFO] PluginManage:359 - Loaded plugin lpbam (category:base,tabindex:0)
2023-11-08 09:39:54,486 [INFO] PluginManage:310 - Check plugin memorymap
2023-11-08 09:39:54,545 [INFO] PluginManage:359 - Loaded plugin memorymap (category:base,tabindex:4)
2023-11-08 09:39:54,545 [INFO] PluginManage:310 - Check plugin pinoutandconfiguration
2023-11-08 09:39:54,598 [INFO] PluginManage:359 - Loaded plugin pinoutandconfiguration (category:base,tabindex:1)
2023-11-08 09:39:54,598 [INFO] PluginManage:310 - Check plugin pinoutconfig
2023-11-08 09:39:54,777 [WARN] SupportedApi:132 - Cannot load RTOS API schema: s4s-elt-must-match.1: The content of 'definitions' must match (annotation?, (simpleType | complexType)?, (unique | key | keyref)*)). A problem was found starting at: attribute.
2023-11-08 09:39:55,018 [INFO] PluginManage:359 - Loaded plugin pinoutconfig (category:base,tabindex:0)
2023-11-08 09:39:55,019 [INFO] PluginManage:310 - Check plugin power
2023-11-08 09:39:55,071 [INFO] PluginManage:359 - Loaded plugin power (category:power,tabindex:4)
2023-11-08 09:39:55,072 [INFO] PluginManage:310 - Check plugin projectmanager
2023-11-08 09:39:55,102 [INFO] PluginManage:359 - Loaded plugin projectmanager (category:projectmanager,tabindex:3)
2023-11-08 09:39:55,103 [INFO] PluginManage:310 - Check plugin thirdparty
2023-11-08 09:39:55,737 [INFO] PluginManage:359 - Loaded plugin thirdparty (category:base,tabindex:-1)
2023-11-08 09:39:55,737 [INFO] PluginManage:310 - Check plugin tools
2023-11-08 09:39:55,740 [WARN] IntegrityCheckThread:84 - waiting for thirdparty lock release [integrity check]
2023-11-08 09:39:55,742 [INFO] IntegrityCheckThread:86 - entering critical section [integrity check]
2023-11-08 09:39:55,742 [INFO] ThirdPartyUpdaterWithRetryManager:70 - Updater plugin not ready yet. [1/15]
2023-11-08 09:39:55,828 [INFO] PluginManage:359 - Loaded plugin tools (category:base,tabindex:7)
2023-11-08 09:39:55,829 [INFO] PluginManage:310 - Check plugin tutovideos
2023-11-08 09:39:56,307 [INFO] PluginManage:359 - Loaded plugin tutovideos (category:base,tabindex:-1)
2023-11-08 09:39:56,308 [INFO] PluginManage:310 - Check plugin updater
2023-11-08 09:39:56,360 [INFO] PluginManage:359 - Loaded plugin updater (category:base,tabindex:12)
2023-11-08 09:39:56,360 [INFO] PluginManage:310 - Check plugin userauth
2023-11-08 09:39:56,390 [INFO] UserAuth:113 - Init User Auth plugin
2023-11-08 09:39:56,391 [INFO] PluginManage:359 - Loaded plugin userauth (category:base,tabindex:14)
2023-11-08 09:39:56,391 [INFO] PluginManage:283 - PluginManage : Loaded plugins [17]
2023-11-08 09:39:57,051 [INFO] PinOutPanel:1499 - setPackage(No Configuration,No Configuration)
2023-11-08 09:39:57,420 [INFO] CADModel:165 - CPN selected for project level
2023-11-08 09:39:57,421 [INFO] CADModel:114 - Register for checkConnection events
2023-11-08 09:39:57,543 [INFO] IPUIPlugin:80 - create IPUIPlugin
2023-11-08 09:39:57,544 [INFO] PluginManager:220 - loadIPPluginJar : add adc
2023-11-08 09:39:57,627 [INFO] IPUIPlugin:80 - create IPUIPlugin
2023-11-08 09:39:57,628 [INFO] PluginManager:220 - loadIPPluginJar : add aes
2023-11-08 09:39:57,705 [INFO] IPUIPlugin:80 - create IPUIPlugin
2023-11-08 09:39:57,706 [INFO] PluginManager:220 - loadIPPluginJar : add can
2023-11-08 09:39:57,746 [INFO] IPUIPlugin:80 - create IPUIPlugin
2023-11-08 09:39:57,746 [INFO] PluginManager:220 - loadIPPluginJar : add comp
2023-11-08 09:39:57,799 [INFO] IPUIPlugin:80 - create IPUIPlugin
2023-11-08 09:39:57,800 [INFO] PluginManager:220 - loadIPPluginJar : add cryp
2023-11-08 09:39:57,845 [INFO] IPUIPlugin:80 - create IPUIPlugin
2023-11-08 09:39:57,846 [INFO] PluginManager:220 - loadIPPluginJar : add dfsdm
2023-11-08 09:39:57,876 [INFO] IPUIPlugin:80 - create IPUIPlugin
2023-11-08 09:39:57,876 [INFO] PluginManager:220 - loadIPPluginJar : add dma
2023-11-08 09:39:57,940 [INFO] IPUIPlugin:80 - create IPUIPlugin
2023-11-08 09:39:57,941 [INFO] PluginManager:220 - loadIPPluginJar : add dma3
2023-11-08 09:39:57,974 [INFO] IPUIPlugin:80 - create IPUIPlugin
2023-11-08 09:39:57,975 [INFO] PluginManager:220 - loadIPPluginJar : add fatfs
2023-11-08 09:39:58,042 [INFO] IPUIPlugin:80 - create IPUIPlugin
2023-11-08 09:39:58,042 [INFO] PluginManager:220 - loadIPPluginJar : add fmc
2023-11-08 09:39:58,110 [INFO] IPUIPlugin:80 - create IPUIPlugin
2023-11-08 09:39:58,110 [INFO] PluginManager:220 - loadIPPluginJar : add freertos
2023-11-08 09:39:58,145 [INFO] IPUIPlugin:80 - create IPUIPlugin
2023-11-08 09:39:58,145 [INFO] PluginManager:220 - loadIPPluginJar : add genericplugin
2023-11-08 09:39:58,287 [INFO] IPUIPlugin:80 - create IPUIPlugin
2023-11-08 09:39:58,288 [INFO] PluginManager:220 - loadIPPluginJar : add gfxmmu
2023-11-08 09:39:58,508 [INFO] IPUIPlugin:80 - create IPUIPlugin
2023-11-08 09:39:58,509 [INFO] PluginManager:220 - loadIPPluginJar : add gic
2023-11-08 09:39:58,543 [INFO] IPUIPlugin:80 - create IPUIPlugin
2023-11-08 09:39:58,543 [INFO] PluginManager:220 - loadIPPluginJar : add gpio
2023-11-08 09:39:58,682 [INFO] IPUIPlugin:80 - create IPUIPlugin
2023-11-08 09:39:58,682 [INFO] PluginManager:220 - loadIPPluginJar : add gtzc
2023-11-08 09:39:58,743 [INFO] IPUIPlugin:80 - create IPUIPlugin
2023-11-08 09:39:58,743 [INFO] PluginManager:220 - loadIPPluginJar : add hash
2023-11-08 09:39:58,744 [INFO] ThirdPartyUpdaterWithRetryManager:70 - Updater plugin not ready yet. [2/15]
2023-11-08 09:39:58,878 [INFO] IPUIPlugin:80 - create IPUIPlugin
2023-11-08 09:39:58,878 [INFO] PluginManager:220 - loadIPPluginJar : add i2c
2023-11-08 09:39:59,094 [INFO] IPUIPlugin:80 - create IPUIPlugin
2023-11-08 09:39:59,094 [INFO] PluginManager:220 - loadIPPluginJar : add i2s
2023-11-08 09:39:59,208 [INFO] IPUIPlugin:80 - create IPUIPlugin
2023-11-08 09:39:59,208 [INFO] PluginManager:220 - loadIPPluginJar : add i3c
2023-11-08 09:39:59,392 [INFO] IPUIPlugin:80 - create IPUIPlugin
2023-11-08 09:39:59,393 [INFO] PluginManager:220 - loadIPPluginJar : add ipddr
2023-11-08 09:39:59,551 [INFO] IPUIPlugin:80 - create IPUIPlugin
2023-11-08 09:39:59,551 [INFO] PluginManager:220 - loadIPPluginJar : add linkedlist
2023-11-08 09:39:59,622 [INFO] IPUIPlugin:80 - create IPUIPlugin
2023-11-08 09:39:59,623 [INFO] PluginManager:220 - loadIPPluginJar : add lorawan
2023-11-08 09:39:59,688 [INFO] IPUIPlugin:80 - create IPUIPlugin
2023-11-08 09:39:59,688 [INFO] PluginManager:220 - loadIPPluginJar : add ltdc
2023-11-08 09:39:59,740 [INFO] IPUIPlugin:80 - create IPUIPlugin
2023-11-08 09:39:59,740 [INFO] PluginManager:220 - loadIPPluginJar : add mdma
2023-11-08 09:39:59,766 [INFO] IPUIPlugin:80 - create IPUIPlugin
2023-11-08 09:39:59,766 [INFO] PluginManager:220 - loadIPPluginJar : add nvic
2023-11-08 09:39:59,828 [INFO] IPUIPlugin:80 - create IPUIPlugin
2023-11-08 09:39:59,829 [INFO] PluginManager:220 - loadIPPluginJar : add opamp
2023-11-08 09:39:59,934 [INFO] IPUIPlugin:80 - create IPUIPlugin
2023-11-08 09:39:59,934 [INFO] PluginManager:220 - loadIPPluginJar : add openamp
2023-11-08 09:40:00,006 [INFO] IPUIPlugin:80 - create IPUIPlugin
2023-11-08 09:40:00,006 [INFO] PluginManager:220 - loadIPPluginJar : add pdm2pcm
2023-11-08 09:40:00,061 [INFO] IPUIPlugin:80 - create IPUIPlugin
2023-11-08 09:40:00,064 [INFO] PluginManager:220 - loadIPPluginJar : add plateformsettings
2023-11-08 09:40:00,106 [INFO] IPUIPlugin:80 - create IPUIPlugin
2023-11-08 09:40:00,106 [INFO] PluginManager:220 - loadIPPluginJar : add quadspi
2023-11-08 09:40:00,129 [INFO] IPUIPlugin:80 - create IPUIPlugin
2023-11-08 09:40:00,129 [INFO] PluginManager:220 - loadIPPluginJar : add resmgrutility
2023-11-08 09:40:00,201 [INFO] IPUIPlugin:80 - create IPUIPlugin
2023-11-08 09:40:00,202 [INFO] PluginManager:220 - loadIPPluginJar : add sai
2023-11-08 09:40:00,403 [INFO] IPUIPlugin:80 - create IPUIPlugin
2023-11-08 09:40:00,403 [INFO] PluginManager:220 - loadIPPluginJar : add spi
2023-11-08 09:40:00,643 [INFO] IPUIPlugin:80 - create IPUIPlugin
2023-11-08 09:40:00,644 [INFO] PluginManager:220 - loadIPPluginJar : add stm32_wpan
2023-11-08 09:40:00,696 [INFO] IPUIPlugin:80 - create IPUIPlugin
2023-11-08 09:40:00,696 [INFO] PluginManager:220 - loadIPPluginJar : add tim
2023-11-08 09:40:00,873 [INFO] IPUIPlugin:80 - create IPUIPlugin
2023-11-08 09:40:00,873 [INFO] PluginManager:220 - loadIPPluginJar : add touchsensing
2023-11-08 09:40:00,941 [INFO] IPUIPlugin:80 - create IPUIPlugin
2023-11-08 09:40:00,941 [INFO] PluginManager:220 - loadIPPluginJar : add tracer_emb
2023-11-08 09:40:00,996 [INFO] IPUIPlugin:80 - create IPUIPlugin
2023-11-08 09:40:00,997 [INFO] PluginManager:220 - loadIPPluginJar : add ts
2023-11-08 09:40:01,058 [INFO] IPUIPlugin:80 - create IPUIPlugin
2023-11-08 09:40:01,058 [INFO] PluginManager:220 - loadIPPluginJar : add tsc
2023-11-08 09:40:01,095 [INFO] IPUIPlugin:80 - create IPUIPlugin
2023-11-08 09:40:01,095 [INFO] PluginManager:220 - loadIPPluginJar : add ucpd
2023-11-08 09:40:01,199 [INFO] IPUIPlugin:80 - create IPUIPlugin
2023-11-08 09:40:01,200 [INFO] PluginManager:220 - loadIPPluginJar : add usart
2023-11-08 09:40:01,333 [INFO] IPUIPlugin:80 - create IPUIPlugin
2023-11-08 09:40:01,334 [INFO] PluginManager:220 - loadIPPluginJar : add usbx
2023-11-08 09:40:01,580 [INFO] CADModel:165 - CPN selected for project level
2023-11-08 09:40:01,580 [INFO] CADModel:114 - Register for checkConnection events
2023-11-08 09:40:01,580 [FATAL] Updater:308 - Updater called before beeing initialized
2023-11-08 09:40:01,580 [ERROR] CADModel:125 - Updater not yet initialized, retry later 
2023-11-08 09:40:01,746 [INFO] ThirdPartyUpdaterWithRetryManager:70 - Updater plugin not ready yet. [3/15]
2023-11-08 09:40:02,446 [INFO] CADModel:165 - CPN selected for project level
2023-11-08 09:40:02,446 [INFO] CADModel:114 - Register for checkConnection events
2023-11-08 09:40:02,446 [FATAL] Updater:308 - Updater called before beeing initialized
2023-11-08 09:40:02,447 [ERROR] CADModel:125 - Updater not yet initialized, retry later 
2023-11-08 09:40:02,455 [FATAL] Updater:308 - Updater called before beeing initialized
2023-11-08 09:40:02,754 [FATAL] Updater:308 - Updater called before beeing initialized
2023-11-08 09:40:02,805 [INFO] DbMcusAds:53 - JSON generation date=Tue Mar 07 15:50:55 ICT 2023 (1678179055335)
2023-11-08 09:40:02,806 [FATAL] Updater:308 - Updater called before beeing initialized
2023-11-08 09:40:02,925 [WARN] DetailPanel:346 - Failed to get advertising image, set to default
2023-11-08 09:40:03,060 [FATAL] Updater:308 - Updater called before beeing initialized
2023-11-08 09:40:03,062 [FATAL] Updater:308 - Updater called before beeing initialized
2023-11-08 09:40:03,063 [FATAL] Updater:308 - Updater called before beeing initialized
2023-11-08 09:40:03,063 [WARN] DetailPanel:346 - Failed to get advertising image, set to default
2023-11-08 09:40:03,064 [FATAL] Updater:308 - Updater called before beeing initialized
2023-11-08 09:40:03,197 [ERROR] Updater:1120 - MainUpdater not yet initialized. External WinMGr cannot be set.
2023-11-08 09:40:03,221 [INFO] Updater:1056 - Updater Version found : 6.9.2
2023-11-08 09:40:03,255 [INFO] ApplicationProperties:184 - Using Application install path: C:\ST\STM32CubeIDE_1.12.1\STM32CubeIDE\plugins\com.st.stm32cube.common.mx_6.9.2.202309101412
2023-11-08 09:40:04,747 [FATAL] Updater:308 - Updater called before beeing initialized
2023-11-08 09:40:04,747 [ERROR] IntegrityCheckThread:130 - Cannot retrieve database content from updater: error 21
2023-11-08 09:40:04,748 [INFO] ThirdParty:978 - Integrity check success = false
2023-11-08 09:40:04,748 [INFO] IntegrityCheckThread:100 - exiting critical section [integrity check]
2023-11-08 09:40:04,748 [INFO] IntegrityCheckThread:103 - End integrity checks thread
2023-11-08 09:40:05,140 [INFO] MainUpdater:2868 - connection check result : 10
2023-11-08 09:40:05,141 [INFO] MainUpdater:285 - Updater Check For Update Now.
2023-11-08 09:40:05,142 [INFO] MicroXplorer:498 - Change Database Version : DB.6.0.92
2023-11-08 09:40:05,195 [INFO] McuFinderGlobals:63 - Set McuFinder mode to 2 (CubeIDE integrated)
2023-11-08 09:40:05,538 [INFO] CheckServerUpdateThread:120 - End of CheckServer Thread
2023-11-08 09:40:27,526 [ERROR] LogOutputStream:75 - [STDERR_REDIRECT] SLF4J: Failed to load class "org.slf4j.impl.StaticLoggerBinder".
2023-11-08 09:40:27,527 [ERROR] LogOutputStream:75 - [STDERR_REDIRECT] SLF4J: Defaulting to no-operation (NOP) logger implementation
2023-11-08 09:40:27,529 [ERROR] LogOutputStream:75 - [STDERR_REDIRECT] SLF4J: See http://www.slf4j.org/codes.html#StaticLoggerBinder for further details.
