2023-12-13 09:06:37,252 [INFO] Activator:176 - 


2023-12-13 09:06:37,271 [INFO] Activator:177 - !SESSION log4j initialized
2023-12-13 09:06:51,878 [INFO] LogOutputStream:77 - [STDOUT_REDIRECT] 
2023-12-13 09:06:57,037 [INFO] ApplicationProperties:184 - Using Application install path: C:\ST\STM32CubeIDE_1.12.1\STM32CubeIDE\plugins\com.st.stm32cube.common.mx_6.9.2.202309101412
2023-12-13 09:06:57,085 [INFO] DbMcusXml:78 - Set database path to: C:\ST\STM32CubeIDE_1.12.1\STM32CubeIDE\plugins\com.st.stm32cube.common.mx_6.9.2.202309101412\\db\/mcu/
2023-12-13 09:06:57,086 [INFO] ApiDb:274 - Set plugin database path to: C:\ST\STM32CubeIDE_1.12.1\STM32CubeIDE\plugins\com.st.stm32cube.common.mx_6.9.2.202309101412\\db\/plugins/boardmanager/
2023-12-13 09:06:57,086 [WARN] ApiDb:259 - Overriding images path with different value:  => C:\ST\STM32CubeIDE_1.12.1\STM32CubeIDE\plugins\com.st.stm32cube.common.mx_6.9.2.202309101412\\db\/plugins/mcufinder/images/
2023-12-13 09:06:57,168 [INFO] ApiDb:250 - Set database path to: C:\Users\TAMRD\.stmcufinder\plugins\mcufinder//mcu/
2023-12-13 09:06:57,170 [INFO] DbMcusAds:125 - Set database path to: C:\Users\TAMRD\.stmcufinder\plugins\mcufinder//mcu/
2023-12-13 09:06:57,172 [INFO] CrossReferenceDbSqlite:203 - Set database path to: C:\Users\TAMRD\.stmcufinder\plugins\mcufinder//mcu/cs/
2023-12-13 09:06:57,404 [INFO] RulesReader:64 - Compatibility file has been processed (293 Rules)
2023-12-13 09:06:57,611 [INFO] DbMcusXml:78 - Set database path to: C:\ST\STM32CubeIDE_1.12.1\STM32CubeIDE\plugins\com.st.stm32cube.common.mx_6.9.2.202309101412\\db\/mcu/
2023-12-13 09:06:57,611 [INFO] ApiDb:274 - Set plugin database path to: C:\ST\STM32CubeIDE_1.12.1\STM32CubeIDE\plugins\com.st.stm32cube.common.mx_6.9.2.202309101412\\db\/plugins/boardmanager/
2023-12-13 09:06:57,611 [INFO] ApiDb:261 - Set plugin images path to: C:\ST\STM32CubeIDE_1.12.1\STM32CubeIDE\plugins\com.st.stm32cube.common.mx_6.9.2.202309101412\\db\/plugins/mcufinder/images/
2023-12-13 09:06:57,611 [WARN] DbFile:41 - Overriding database path with different value: C:\Users\TAMRD\.stmcufinder\plugins\mcufinder/ => C:\Users\TAMRD\.stmcufinder\plugins\mcufinder
2023-12-13 09:06:57,612 [INFO] ApiDb:250 - Set database path to: C:\Users\TAMRD\.stmcufinder\plugins\mcufinder//mcu/
2023-12-13 09:06:57,612 [WARN] DbFile:41 - Overriding database path with different value: C:\Users\TAMRD\.stmcufinder\plugins\mcufinder/ => C:\Users\TAMRD\.stmcufinder\plugins\mcufinder
2023-12-13 09:06:57,612 [INFO] DbMcusAds:125 - Set database path to: C:\Users\TAMRD\.stmcufinder\plugins\mcufinder//mcu/
2023-12-13 09:06:57,612 [WARN] DbFile:41 - Overriding database path with different value: C:\Users\TAMRD\.stmcufinder\plugins\mcufinder/ => C:\Users\TAMRD\.stmcufinder\plugins\mcufinder
2023-12-13 09:06:57,612 [WARN] DbFile:41 - Overriding database path with different value: C:\Users\TAMRD\.stmcufinder\plugins\mcufinder/ => C:\Users\TAMRD\.stmcufinder\plugins\mcufinder
2023-12-13 09:06:57,612 [INFO] CrossReferenceDbSqlite:203 - Set database path to: C:\Users\TAMRD\.stmcufinder\plugins\mcufinder//mcu/cs/
2023-12-13 09:06:57,768 [INFO] MainPanel:262 - HeapMemory: 268435456
2023-12-13 09:06:57,920 [INFO] DbMcusXml:78 - Set database path to: C:\ST\STM32CubeIDE_1.12.1\STM32CubeIDE\plugins\com.st.stm32cube.common.mx_6.9.2.202309101412\\db\/mcu/
2023-12-13 09:06:57,920 [INFO] ApiDb:274 - Set plugin database path to: C:\ST\STM32CubeIDE_1.12.1\STM32CubeIDE\plugins\com.st.stm32cube.common.mx_6.9.2.202309101412\\db\/plugins/boardmanager/
2023-12-13 09:06:57,920 [INFO] ApiDb:261 - Set plugin images path to: C:\ST\STM32CubeIDE_1.12.1\STM32CubeIDE\plugins\com.st.stm32cube.common.mx_6.9.2.202309101412\\db\/plugins/mcufinder/images/
2023-12-13 09:06:57,921 [WARN] DbFile:41 - Overriding database path with different value: C:\Users\TAMRD\.stmcufinder\plugins\mcufinder/ => C:\Users\TAMRD\.stmcufinder\plugins\mcufinder
2023-12-13 09:06:57,921 [INFO] ApiDb:250 - Set database path to: C:\Users\TAMRD\.stmcufinder\plugins\mcufinder//mcu/
2023-12-13 09:06:57,921 [WARN] DbFile:41 - Overriding database path with different value: C:\Users\TAMRD\.stmcufinder\plugins\mcufinder/ => C:\Users\TAMRD\.stmcufinder\plugins\mcufinder
2023-12-13 09:06:57,921 [INFO] DbMcusAds:125 - Set database path to: C:\Users\TAMRD\.stmcufinder\plugins\mcufinder//mcu/
2023-12-13 09:06:57,921 [WARN] DbFile:41 - Overriding database path with different value: C:\Users\TAMRD\.stmcufinder\plugins\mcufinder/ => C:\Users\TAMRD\.stmcufinder\plugins\mcufinder
2023-12-13 09:06:57,921 [WARN] DbFile:41 - Overriding database path with different value: C:\Users\TAMRD\.stmcufinder\plugins\mcufinder/ => C:\Users\TAMRD\.stmcufinder\plugins\mcufinder
2023-12-13 09:06:57,921 [INFO] CrossReferenceDbSqlite:203 - Set database path to: C:\Users\TAMRD\.stmcufinder\plugins\mcufinder//mcu/cs/
2023-12-13 09:06:57,948 [INFO] ApplicationProperties:184 - Using Application install path: C:\ST\STM32CubeIDE_1.12.1\STM32CubeIDE\plugins\com.st.stm32cube.common.mx_6.9.2.202309101412
2023-12-13 09:06:57,950 [INFO] PluginManage:196 - Search for loadable plugins [exclusion list=, ]
2023-12-13 09:06:57,952 [INFO] PluginManage:310 - Check plugin analytics
2023-12-13 09:06:58,279 [INFO] AnalyticsPlugin:253 - Accepted Software Licenses: 
2023-12-13 09:06:58,280 [INFO] AnalyticsPlugin:255 - Accepted CMSIS Pack Licenses: 
2023-12-13 09:06:58,280 [INFO] AnalyticsPlugin:257 - Accepted Firmware Licenses: 
2023-12-13 09:06:58,283 [INFO] PluginManage:359 - Loaded plugin analytics (category:tool,tabindex:-1)
2023-12-13 09:06:58,284 [INFO] PluginManage:310 - Check plugin cadmodel
2023-12-13 09:06:58,356 [INFO] CADModel:105 - Init CAD model plugin
2023-12-13 09:06:58,356 [INFO] PluginManage:359 - Loaded plugin cadmodel (category:power,tabindex:5)
2023-12-13 09:06:58,356 [INFO] PluginManage:310 - Check plugin clock
2023-12-13 09:06:58,413 [INFO] PluginManage:359 - Loaded plugin clock (category:base,tabindex:2)
2023-12-13 09:06:58,413 [INFO] PluginManage:310 - Check plugin ddr
2023-12-13 09:06:58,423 [INFO] PluginManage:359 - Loaded plugin ddr (category:tool,tabindex:6)
2023-12-13 09:06:58,423 [INFO] PluginManage:310 - Check plugin filemanager
2023-12-13 09:06:58,694 [INFO] PluginManage:359 - Loaded plugin filemanager (category:base,tabindex:10)
2023-12-13 09:06:58,695 [INFO] PluginManage:310 - Check plugin ipmanager
2023-12-13 09:06:58,762 [INFO] PluginManage:359 - Loaded plugin ipmanager (category:base,tabindex:5)
2023-12-13 09:06:58,763 [INFO] PluginManage:310 - Check plugin lpbam
2023-12-13 09:06:58,890 [INFO] PluginManage:359 - Loaded plugin lpbam (category:base,tabindex:0)
2023-12-13 09:06:58,890 [INFO] PluginManage:310 - Check plugin memorymap
2023-12-13 09:06:58,956 [INFO] PluginManage:359 - Loaded plugin memorymap (category:base,tabindex:4)
2023-12-13 09:06:58,956 [INFO] PluginManage:310 - Check plugin pinoutandconfiguration
2023-12-13 09:06:59,014 [INFO] PluginManage:359 - Loaded plugin pinoutandconfiguration (category:base,tabindex:1)
2023-12-13 09:06:59,014 [INFO] PluginManage:310 - Check plugin pinoutconfig
2023-12-13 09:06:59,196 [WARN] SupportedApi:132 - Cannot load RTOS API schema: s4s-elt-must-match.1: The content of 'definitions' must match (annotation?, (simpleType | complexType)?, (unique | key | keyref)*)). A problem was found starting at: attribute.
2023-12-13 09:06:59,411 [INFO] PluginManage:359 - Loaded plugin pinoutconfig (category:base,tabindex:0)
2023-12-13 09:06:59,412 [INFO] PluginManage:310 - Check plugin power
2023-12-13 09:06:59,446 [INFO] PluginManage:359 - Loaded plugin power (category:power,tabindex:4)
2023-12-13 09:06:59,446 [INFO] PluginManage:310 - Check plugin projectmanager
2023-12-13 09:06:59,477 [INFO] PluginManage:359 - Loaded plugin projectmanager (category:projectmanager,tabindex:3)
2023-12-13 09:06:59,477 [INFO] PluginManage:310 - Check plugin thirdparty
2023-12-13 09:07:00,039 [INFO] PluginManage:359 - Loaded plugin thirdparty (category:base,tabindex:-1)
2023-12-13 09:07:00,039 [INFO] PluginManage:310 - Check plugin tools
2023-12-13 09:07:00,039 [WARN] IntegrityCheckThread:84 - waiting for thirdparty lock release [integrity check]
2023-12-13 09:07:00,040 [INFO] IntegrityCheckThread:86 - entering critical section [integrity check]
2023-12-13 09:07:00,040 [INFO] ThirdPartyUpdaterWithRetryManager:70 - Updater plugin not ready yet. [1/15]
2023-12-13 09:07:00,089 [INFO] PluginManage:359 - Loaded plugin tools (category:base,tabindex:7)
2023-12-13 09:07:00,089 [INFO] PluginManage:310 - Check plugin tutovideos
2023-12-13 09:07:00,527 [INFO] PluginManage:359 - Loaded plugin tutovideos (category:base,tabindex:-1)
2023-12-13 09:07:00,528 [INFO] PluginManage:310 - Check plugin updater
2023-12-13 09:07:00,613 [INFO] PluginManage:359 - Loaded plugin updater (category:base,tabindex:12)
2023-12-13 09:07:00,613 [INFO] PluginManage:310 - Check plugin userauth
2023-12-13 09:07:00,669 [INFO] UserAuth:113 - Init User Auth plugin
2023-12-13 09:07:00,670 [INFO] PluginManage:359 - Loaded plugin userauth (category:base,tabindex:14)
2023-12-13 09:07:00,673 [INFO] PluginManage:283 - PluginManage : Loaded plugins [17]
2023-12-13 09:07:01,754 [INFO] PinOutPanel:1499 - setPackage(No Configuration,No Configuration)
2023-12-13 09:07:02,304 [INFO] CADModel:165 - CPN selected for project level
2023-12-13 09:07:02,304 [INFO] CADModel:114 - Register for checkConnection events
2023-12-13 09:07:03,145 [INFO] IPUIPlugin:80 - create IPUIPlugin
2023-12-13 09:07:03,145 [INFO] PluginManager:220 - loadIPPluginJar : add adc
2023-12-13 09:07:03,155 [INFO] ThirdPartyUpdaterWithRetryManager:70 - Updater plugin not ready yet. [2/15]
2023-12-13 09:07:03,204 [INFO] IPUIPlugin:80 - create IPUIPlugin
2023-12-13 09:07:03,204 [INFO] PluginManager:220 - loadIPPluginJar : add aes
2023-12-13 09:07:03,330 [INFO] IPUIPlugin:80 - create IPUIPlugin
2023-12-13 09:07:03,330 [INFO] PluginManager:220 - loadIPPluginJar : add can
2023-12-13 09:07:03,376 [INFO] IPUIPlugin:80 - create IPUIPlugin
2023-12-13 09:07:03,376 [INFO] PluginManager:220 - loadIPPluginJar : add comp
2023-12-13 09:07:03,455 [INFO] IPUIPlugin:80 - create IPUIPlugin
2023-12-13 09:07:03,455 [INFO] PluginManager:220 - loadIPPluginJar : add cryp
2023-12-13 10:12:45,725 [INFO] Activator:176 - 


2023-12-13 10:12:45,727 [INFO] Activator:177 - !SESSION log4j initialized
2023-12-13 10:12:55,024 [INFO] LogOutputStream:77 - [STDOUT_REDIRECT] 
2023-12-13 10:12:57,255 [INFO] ApplicationProperties:184 - Using Application install path: C:\ST\STM32CubeIDE_1.12.1\STM32CubeIDE\plugins\com.st.stm32cube.common.mx_6.9.2.202309101412
2023-12-13 10:12:57,276 [INFO] DbMcusXml:78 - Set database path to: C:\ST\STM32CubeIDE_1.12.1\STM32CubeIDE\plugins\com.st.stm32cube.common.mx_6.9.2.202309101412\\db\/mcu/
2023-12-13 10:12:57,277 [INFO] ApiDb:274 - Set plugin database path to: C:\ST\STM32CubeIDE_1.12.1\STM32CubeIDE\plugins\com.st.stm32cube.common.mx_6.9.2.202309101412\\db\/plugins/boardmanager/
2023-12-13 10:12:57,277 [WARN] ApiDb:259 - Overriding images path with different value:  => C:\ST\STM32CubeIDE_1.12.1\STM32CubeIDE\plugins\com.st.stm32cube.common.mx_6.9.2.202309101412\\db\/plugins/mcufinder/images/
2023-12-13 10:12:57,292 [INFO] ApiDb:250 - Set database path to: C:\Users\TAMRD\.stmcufinder\plugins\mcufinder//mcu/
2023-12-13 10:12:57,293 [INFO] DbMcusAds:125 - Set database path to: C:\Users\TAMRD\.stmcufinder\plugins\mcufinder//mcu/
2023-12-13 10:12:57,297 [INFO] CrossReferenceDbSqlite:203 - Set database path to: C:\Users\TAMRD\.stmcufinder\plugins\mcufinder//mcu/cs/
2023-12-13 10:12:57,468 [INFO] RulesReader:64 - Compatibility file has been processed (293 Rules)
2023-12-13 10:12:57,661 [INFO] DbMcusXml:78 - Set database path to: C:\ST\STM32CubeIDE_1.12.1\STM32CubeIDE\plugins\com.st.stm32cube.common.mx_6.9.2.202309101412\\db\/mcu/
2023-12-13 10:12:57,661 [INFO] ApiDb:274 - Set plugin database path to: C:\ST\STM32CubeIDE_1.12.1\STM32CubeIDE\plugins\com.st.stm32cube.common.mx_6.9.2.202309101412\\db\/plugins/boardmanager/
2023-12-13 10:12:57,662 [INFO] ApiDb:261 - Set plugin images path to: C:\ST\STM32CubeIDE_1.12.1\STM32CubeIDE\plugins\com.st.stm32cube.common.mx_6.9.2.202309101412\\db\/plugins/mcufinder/images/
2023-12-13 10:12:57,662 [WARN] DbFile:41 - Overriding database path with different value: C:\Users\TAMRD\.stmcufinder\plugins\mcufinder/ => C:\Users\TAMRD\.stmcufinder\plugins\mcufinder
2023-12-13 10:12:57,662 [INFO] ApiDb:250 - Set database path to: C:\Users\TAMRD\.stmcufinder\plugins\mcufinder//mcu/
2023-12-13 10:12:57,662 [WARN] DbFile:41 - Overriding database path with different value: C:\Users\TAMRD\.stmcufinder\plugins\mcufinder/ => C:\Users\TAMRD\.stmcufinder\plugins\mcufinder
2023-12-13 10:12:57,662 [INFO] DbMcusAds:125 - Set database path to: C:\Users\TAMRD\.stmcufinder\plugins\mcufinder//mcu/
2023-12-13 10:12:57,662 [WARN] DbFile:41 - Overriding database path with different value: C:\Users\TAMRD\.stmcufinder\plugins\mcufinder/ => C:\Users\TAMRD\.stmcufinder\plugins\mcufinder
2023-12-13 10:12:57,663 [WARN] DbFile:41 - Overriding database path with different value: C:\Users\TAMRD\.stmcufinder\plugins\mcufinder/ => C:\Users\TAMRD\.stmcufinder\plugins\mcufinder
2023-12-13 10:12:57,663 [INFO] CrossReferenceDbSqlite:203 - Set database path to: C:\Users\TAMRD\.stmcufinder\plugins\mcufinder//mcu/cs/
2023-12-13 10:12:57,795 [INFO] MainPanel:262 - HeapMemory: 268435456
2023-12-13 10:12:57,894 [INFO] DbMcusXml:78 - Set database path to: C:\ST\STM32CubeIDE_1.12.1\STM32CubeIDE\plugins\com.st.stm32cube.common.mx_6.9.2.202309101412\\db\/mcu/
2023-12-13 10:12:57,894 [INFO] ApiDb:274 - Set plugin database path to: C:\ST\STM32CubeIDE_1.12.1\STM32CubeIDE\plugins\com.st.stm32cube.common.mx_6.9.2.202309101412\\db\/plugins/boardmanager/
2023-12-13 10:12:57,894 [INFO] ApiDb:261 - Set plugin images path to: C:\ST\STM32CubeIDE_1.12.1\STM32CubeIDE\plugins\com.st.stm32cube.common.mx_6.9.2.202309101412\\db\/plugins/mcufinder/images/
2023-12-13 10:12:57,894 [WARN] DbFile:41 - Overriding database path with different value: C:\Users\TAMRD\.stmcufinder\plugins\mcufinder/ => C:\Users\TAMRD\.stmcufinder\plugins\mcufinder
2023-12-13 10:12:57,895 [INFO] ApiDb:250 - Set database path to: C:\Users\TAMRD\.stmcufinder\plugins\mcufinder//mcu/
2023-12-13 10:12:57,895 [WARN] DbFile:41 - Overriding database path with different value: C:\Users\TAMRD\.stmcufinder\plugins\mcufinder/ => C:\Users\TAMRD\.stmcufinder\plugins\mcufinder
2023-12-13 10:12:57,895 [INFO] DbMcusAds:125 - Set database path to: C:\Users\TAMRD\.stmcufinder\plugins\mcufinder//mcu/
2023-12-13 10:12:57,895 [WARN] DbFile:41 - Overriding database path with different value: C:\Users\TAMRD\.stmcufinder\plugins\mcufinder/ => C:\Users\TAMRD\.stmcufinder\plugins\mcufinder
2023-12-13 10:12:57,895 [WARN] DbFile:41 - Overriding database path with different value: C:\Users\TAMRD\.stmcufinder\plugins\mcufinder/ => C:\Users\TAMRD\.stmcufinder\plugins\mcufinder
2023-12-13 10:12:57,895 [INFO] CrossReferenceDbSqlite:203 - Set database path to: C:\Users\TAMRD\.stmcufinder\plugins\mcufinder//mcu/cs/
2023-12-13 10:12:57,922 [INFO] ApplicationProperties:184 - Using Application install path: C:\ST\STM32CubeIDE_1.12.1\STM32CubeIDE\plugins\com.st.stm32cube.common.mx_6.9.2.202309101412
2023-12-13 10:12:57,924 [INFO] PluginManage:196 - Search for loadable plugins [exclusion list=, ]
2023-12-13 10:12:57,926 [INFO] PluginManage:310 - Check plugin analytics
2023-12-13 10:12:58,182 [INFO] AnalyticsPlugin:253 - Accepted Software Licenses: 
2023-12-13 10:12:58,183 [INFO] AnalyticsPlugin:255 - Accepted CMSIS Pack Licenses: 
2023-12-13 10:12:58,183 [INFO] AnalyticsPlugin:257 - Accepted Firmware Licenses: 
2023-12-13 10:12:58,190 [INFO] PluginManage:359 - Loaded plugin analytics (category:tool,tabindex:-1)
2023-12-13 10:12:58,191 [INFO] PluginManage:310 - Check plugin cadmodel
2023-12-13 10:12:58,197 [INFO] CADModel:105 - Init CAD model plugin
2023-12-13 10:12:58,197 [INFO] PluginManage:359 - Loaded plugin cadmodel (category:power,tabindex:5)
2023-12-13 10:12:58,198 [INFO] PluginManage:310 - Check plugin clock
2023-12-13 10:12:58,207 [INFO] PluginManage:359 - Loaded plugin clock (category:base,tabindex:2)
2023-12-13 10:12:58,208 [INFO] PluginManage:310 - Check plugin ddr
2023-12-13 10:12:58,210 [INFO] PluginManage:359 - Loaded plugin ddr (category:tool,tabindex:6)
2023-12-13 10:12:58,211 [INFO] PluginManage:310 - Check plugin filemanager
2023-12-13 10:12:58,608 [INFO] PluginManage:359 - Loaded plugin filemanager (category:base,tabindex:10)
2023-12-13 10:12:58,608 [INFO] PluginManage:310 - Check plugin ipmanager
2023-12-13 10:12:58,617 [INFO] PluginManage:359 - Loaded plugin ipmanager (category:base,tabindex:5)
2023-12-13 10:12:58,618 [INFO] PluginManage:310 - Check plugin lpbam
2023-12-13 10:12:58,629 [INFO] PluginManage:359 - Loaded plugin lpbam (category:base,tabindex:0)
2023-12-13 10:12:58,629 [INFO] PluginManage:310 - Check plugin memorymap
2023-12-13 10:12:58,643 [INFO] PluginManage:359 - Loaded plugin memorymap (category:base,tabindex:4)
2023-12-13 10:12:58,644 [INFO] PluginManage:310 - Check plugin pinoutandconfiguration
2023-12-13 10:12:58,651 [INFO] PluginManage:359 - Loaded plugin pinoutandconfiguration (category:base,tabindex:1)
2023-12-13 10:12:58,651 [INFO] PluginManage:310 - Check plugin pinoutconfig
2023-12-13 10:12:58,805 [WARN] SupportedApi:132 - Cannot load RTOS API schema: s4s-elt-must-match.1: The content of 'definitions' must match (annotation?, (simpleType | complexType)?, (unique | key | keyref)*)). A problem was found starting at: attribute.
2023-12-13 10:12:58,985 [INFO] PluginManage:359 - Loaded plugin pinoutconfig (category:base,tabindex:0)
2023-12-13 10:12:58,985 [INFO] PluginManage:310 - Check plugin power
2023-12-13 10:12:58,999 [INFO] PluginManage:359 - Loaded plugin power (category:power,tabindex:4)
2023-12-13 10:12:59,000 [INFO] PluginManage:310 - Check plugin projectmanager
2023-12-13 10:12:59,030 [INFO] PluginManage:359 - Loaded plugin projectmanager (category:projectmanager,tabindex:3)
2023-12-13 10:12:59,031 [INFO] PluginManage:310 - Check plugin thirdparty
2023-12-13 10:12:59,228 [WARN] IntegrityCheckThread:84 - waiting for thirdparty lock release [integrity check]
2023-12-13 10:12:59,229 [INFO] IntegrityCheckThread:86 - entering critical section [integrity check]
2023-12-13 10:12:59,229 [INFO] ThirdPartyUpdaterWithRetryManager:70 - Updater plugin not ready yet. [1/15]
2023-12-13 10:12:59,230 [INFO] PluginManage:359 - Loaded plugin thirdparty (category:base,tabindex:-1)
2023-12-13 10:12:59,230 [INFO] PluginManage:310 - Check plugin tools
2023-12-13 10:12:59,233 [INFO] PluginManage:359 - Loaded plugin tools (category:base,tabindex:7)
2023-12-13 10:12:59,234 [INFO] PluginManage:310 - Check plugin tutovideos
2023-12-13 10:12:59,486 [INFO] PluginManage:359 - Loaded plugin tutovideos (category:base,tabindex:-1)
2023-12-13 10:12:59,487 [INFO] PluginManage:310 - Check plugin updater
2023-12-13 10:12:59,501 [INFO] PluginManage:359 - Loaded plugin updater (category:base,tabindex:12)
2023-12-13 10:12:59,501 [INFO] PluginManage:310 - Check plugin userauth
2023-12-13 10:12:59,506 [INFO] UserAuth:113 - Init User Auth plugin
2023-12-13 10:12:59,507 [INFO] PluginManage:359 - Loaded plugin userauth (category:base,tabindex:14)
2023-12-13 10:12:59,508 [INFO] PluginManage:283 - PluginManage : Loaded plugins [17]
2023-12-13 10:12:59,943 [INFO] PinOutPanel:1499 - setPackage(No Configuration,No Configuration)
2023-12-13 10:13:00,117 [INFO] CADModel:165 - CPN selected for project level
2023-12-13 10:13:00,117 [INFO] CADModel:114 - Register for checkConnection events
2023-12-13 10:13:00,141 [INFO] IPUIPlugin:80 - create IPUIPlugin
2023-12-13 10:13:00,141 [INFO] PluginManager:220 - loadIPPluginJar : add adc
2023-12-13 10:13:00,144 [INFO] IPUIPlugin:80 - create IPUIPlugin
2023-12-13 10:13:00,144 [INFO] PluginManager:220 - loadIPPluginJar : add aes
2023-12-13 10:13:00,147 [INFO] IPUIPlugin:80 - create IPUIPlugin
2023-12-13 10:13:00,148 [INFO] PluginManager:220 - loadIPPluginJar : add can
2023-12-13 10:13:00,150 [INFO] IPUIPlugin:80 - create IPUIPlugin
2023-12-13 10:13:00,150 [INFO] PluginManager:220 - loadIPPluginJar : add comp
2023-12-13 10:13:00,153 [INFO] IPUIPlugin:80 - create IPUIPlugin
2023-12-13 10:13:00,153 [INFO] PluginManager:220 - loadIPPluginJar : add cryp
2023-12-13 10:13:00,156 [INFO] IPUIPlugin:80 - create IPUIPlugin
2023-12-13 10:13:00,157 [INFO] PluginManager:220 - loadIPPluginJar : add dfsdm
2023-12-13 10:13:00,163 [INFO] IPUIPlugin:80 - create IPUIPlugin
2023-12-13 10:13:00,164 [INFO] PluginManager:220 - loadIPPluginJar : add dma
2023-12-13 10:13:00,282 [INFO] IPUIPlugin:80 - create IPUIPlugin
2023-12-13 10:13:00,282 [INFO] PluginManager:220 - loadIPPluginJar : add dma3
2023-12-13 10:13:00,341 [INFO] IPUIPlugin:80 - create IPUIPlugin
2023-12-13 10:13:00,341 [INFO] PluginManager:220 - loadIPPluginJar : add fatfs
2023-12-13 10:13:00,427 [INFO] IPUIPlugin:80 - create IPUIPlugin
2023-12-13 10:13:00,427 [INFO] PluginManager:220 - loadIPPluginJar : add fmc
2023-12-13 10:13:00,711 [INFO] IPUIPlugin:80 - create IPUIPlugin
2023-12-13 10:13:00,711 [INFO] PluginManager:220 - loadIPPluginJar : add freertos
2023-12-13 10:13:00,745 [INFO] IPUIPlugin:80 - create IPUIPlugin
2023-12-13 10:13:00,745 [INFO] PluginManager:220 - loadIPPluginJar : add genericplugin
2023-12-13 10:13:00,929 [INFO] IPUIPlugin:80 - create IPUIPlugin
2023-12-13 10:13:00,929 [INFO] PluginManager:220 - loadIPPluginJar : add gfxmmu
2023-12-13 10:13:01,092 [INFO] IPUIPlugin:80 - create IPUIPlugin
2023-12-13 10:13:01,093 [INFO] PluginManager:220 - loadIPPluginJar : add gic
2023-12-13 10:13:01,116 [INFO] IPUIPlugin:80 - create IPUIPlugin
2023-12-13 10:13:01,116 [INFO] PluginManager:220 - loadIPPluginJar : add gpio
2023-12-13 10:13:01,246 [INFO] IPUIPlugin:80 - create IPUIPlugin
2023-12-13 10:13:01,247 [INFO] PluginManager:220 - loadIPPluginJar : add gtzc
2023-12-13 10:13:01,292 [INFO] IPUIPlugin:80 - create IPUIPlugin
2023-12-13 10:13:01,292 [INFO] PluginManager:220 - loadIPPluginJar : add hash
2023-12-13 10:13:01,406 [INFO] IPUIPlugin:80 - create IPUIPlugin
2023-12-13 10:13:01,406 [INFO] PluginManager:220 - loadIPPluginJar : add i2c
2023-12-13 10:13:01,509 [INFO] IPUIPlugin:80 - create IPUIPlugin
2023-12-13 10:13:01,509 [INFO] PluginManager:220 - loadIPPluginJar : add i2s
2023-12-13 10:13:01,632 [INFO] IPUIPlugin:80 - create IPUIPlugin
2023-12-13 10:13:01,632 [INFO] PluginManager:220 - loadIPPluginJar : add i3c
2023-12-13 10:13:01,762 [INFO] IPUIPlugin:80 - create IPUIPlugin
2023-12-13 10:13:01,762 [INFO] PluginManager:220 - loadIPPluginJar : add ipddr
2023-12-13 10:13:02,233 [INFO] ThirdPartyUpdaterWithRetryManager:70 - Updater plugin not ready yet. [2/15]
2023-12-13 10:13:02,375 [INFO] IPUIPlugin:80 - create IPUIPlugin
2023-12-13 10:13:02,375 [INFO] PluginManager:220 - loadIPPluginJar : add linkedlist
2023-12-13 10:13:02,624 [INFO] IPUIPlugin:80 - create IPUIPlugin
2023-12-13 10:13:02,624 [INFO] PluginManager:220 - loadIPPluginJar : add lorawan
2023-12-13 10:13:02,692 [INFO] IPUIPlugin:80 - create IPUIPlugin
2023-12-13 10:13:02,692 [INFO] PluginManager:220 - loadIPPluginJar : add ltdc
2023-12-13 10:13:02,764 [INFO] IPUIPlugin:80 - create IPUIPlugin
2023-12-13 10:13:02,766 [INFO] PluginManager:220 - loadIPPluginJar : add mdma
2023-12-13 10:13:02,833 [INFO] IPUIPlugin:80 - create IPUIPlugin
2023-12-13 10:13:02,833 [INFO] PluginManager:220 - loadIPPluginJar : add nvic
2023-12-13 10:13:03,012 [INFO] IPUIPlugin:80 - create IPUIPlugin
2023-12-13 10:13:03,012 [INFO] PluginManager:220 - loadIPPluginJar : add opamp
2023-12-13 10:13:03,294 [INFO] IPUIPlugin:80 - create IPUIPlugin
2023-12-13 10:13:03,294 [INFO] PluginManager:220 - loadIPPluginJar : add openamp
2023-12-13 10:13:03,404 [INFO] IPUIPlugin:80 - create IPUIPlugin
2023-12-13 10:13:03,404 [INFO] PluginManager:220 - loadIPPluginJar : add pdm2pcm
2023-12-13 10:13:03,461 [INFO] IPUIPlugin:80 - create IPUIPlugin
2023-12-13 10:13:03,464 [INFO] PluginManager:220 - loadIPPluginJar : add plateformsettings
2023-12-13 10:13:03,517 [INFO] IPUIPlugin:80 - create IPUIPlugin
2023-12-13 10:13:03,518 [INFO] PluginManager:220 - loadIPPluginJar : add quadspi
2023-12-13 10:13:03,587 [INFO] IPUIPlugin:80 - create IPUIPlugin
2023-12-13 10:13:03,588 [INFO] PluginManager:220 - loadIPPluginJar : add resmgrutility
2023-12-13 10:13:03,665 [INFO] IPUIPlugin:80 - create IPUIPlugin
2023-12-13 10:13:03,665 [INFO] PluginManager:220 - loadIPPluginJar : add sai
2023-12-13 10:13:03,774 [INFO] IPUIPlugin:80 - create IPUIPlugin
2023-12-13 10:13:03,774 [INFO] PluginManager:220 - loadIPPluginJar : add spi
2023-12-13 10:13:03,885 [INFO] IPUIPlugin:80 - create IPUIPlugin
2023-12-13 10:13:03,885 [INFO] PluginManager:220 - loadIPPluginJar : add stm32_wpan
2023-12-13 10:13:03,933 [INFO] IPUIPlugin:80 - create IPUIPlugin
2023-12-13 10:13:03,933 [INFO] PluginManager:220 - loadIPPluginJar : add tim
2023-12-13 10:13:04,003 [INFO] IPUIPlugin:80 - create IPUIPlugin
2023-12-13 10:13:04,003 [INFO] PluginManager:220 - loadIPPluginJar : add touchsensing
2023-12-13 10:13:04,055 [INFO] IPUIPlugin:80 - create IPUIPlugin
2023-12-13 10:13:04,056 [INFO] PluginManager:220 - loadIPPluginJar : add tracer_emb
2023-12-13 10:13:04,122 [INFO] IPUIPlugin:80 - create IPUIPlugin
2023-12-13 10:13:04,122 [INFO] PluginManager:220 - loadIPPluginJar : add ts
2023-12-13 10:13:04,160 [INFO] IPUIPlugin:80 - create IPUIPlugin
2023-12-13 10:13:04,160 [INFO] PluginManager:220 - loadIPPluginJar : add tsc
2023-12-13 10:13:04,195 [INFO] IPUIPlugin:80 - create IPUIPlugin
2023-12-13 10:13:04,195 [INFO] PluginManager:220 - loadIPPluginJar : add ucpd
2023-12-13 10:13:04,286 [INFO] IPUIPlugin:80 - create IPUIPlugin
2023-12-13 10:13:04,286 [INFO] PluginManager:220 - loadIPPluginJar : add usart
2023-12-13 10:13:04,349 [INFO] IPUIPlugin:80 - create IPUIPlugin
2023-12-13 10:13:04,349 [INFO] PluginManager:220 - loadIPPluginJar : add usbx
2023-12-13 10:13:04,565 [INFO] CADModel:165 - CPN selected for project level
2023-12-13 10:13:04,565 [INFO] CADModel:114 - Register for checkConnection events
2023-12-13 10:13:04,566 [FATAL] Updater:308 - Updater called before beeing initialized
2023-12-13 10:13:04,566 [ERROR] CADModel:125 - Updater not yet initialized, retry later 
2023-12-13 10:13:05,235 [INFO] ThirdPartyUpdaterWithRetryManager:70 - Updater plugin not ready yet. [3/15]
2023-12-13 10:13:05,457 [INFO] CADModel:165 - CPN selected for project level
2023-12-13 10:13:05,457 [INFO] CADModel:114 - Register for checkConnection events
2023-12-13 10:13:05,457 [FATAL] Updater:308 - Updater called before beeing initialized
2023-12-13 10:13:05,458 [ERROR] CADModel:125 - Updater not yet initialized, retry later 
2023-12-13 10:13:05,473 [FATAL] Updater:308 - Updater called before beeing initialized
2023-12-13 10:13:05,811 [FATAL] Updater:308 - Updater called before beeing initialized
2023-12-13 10:13:05,828 [INFO] DbMcusAds:53 - JSON generation date=Tue Mar 07 15:50:55 ICT 2023 (1678179055335)
2023-12-13 10:13:05,828 [FATAL] Updater:308 - Updater called before beeing initialized
2023-12-13 10:13:06,085 [WARN] DetailPanel:346 - Failed to get advertising image, set to default
2023-12-13 10:13:06,281 [FATAL] Updater:308 - Updater called before beeing initialized
2023-12-13 10:13:06,283 [FATAL] Updater:308 - Updater called before beeing initialized
2023-12-13 10:13:06,284 [FATAL] Updater:308 - Updater called before beeing initialized
2023-12-13 10:13:06,284 [WARN] DetailPanel:346 - Failed to get advertising image, set to default
2023-12-13 10:13:06,285 [FATAL] Updater:308 - Updater called before beeing initialized
2023-12-13 10:13:06,548 [ERROR] Updater:1120 - MainUpdater not yet initialized. External WinMGr cannot be set.
2023-12-13 10:13:06,574 [INFO] Updater:1056 - Updater Version found : 6.9.2
2023-12-13 10:13:06,608 [INFO] ApplicationProperties:184 - Using Application install path: C:\ST\STM32CubeIDE_1.12.1\STM32CubeIDE\plugins\com.st.stm32cube.common.mx_6.9.2.202309101412
2023-12-13 10:13:07,300 [INFO] MainUpdater:521 - Copy updater definitions from MX database
2023-12-13 10:13:08,238 [FATAL] Updater:308 - Updater called before beeing initialized
2023-12-13 10:13:08,238 [ERROR] IntegrityCheckThread:130 - Cannot retrieve database content from updater: error 21
2023-12-13 10:13:08,238 [INFO] ThirdParty:978 - Integrity check success = false
2023-12-13 10:13:08,239 [INFO] IntegrityCheckThread:100 - exiting critical section [integrity check]
2023-12-13 10:13:08,239 [INFO] IntegrityCheckThread:103 - End integrity checks thread
2023-12-13 10:13:08,437 [INFO] MainUpdater:2868 - connection check result : 10
2023-12-13 10:13:08,437 [INFO] MainUpdater:3562 - Updater definition file requires update
2023-12-13 10:13:08,439 [INFO] MainUpdater:285 - Updater Check For Update Now.
2023-12-13 10:13:08,439 [INFO] MicroXplorer:498 - Change Database Version : DB.6.0.92
2023-12-13 10:13:08,491 [INFO] McuFinderGlobals:63 - Set McuFinder mode to 2 (CubeIDE integrated)
2023-12-13 10:13:08,809 [INFO] ServerAccessManage:473 - Download File updaters.zip
2023-12-13 10:13:09,275 [INFO] FileExtend:240 - Unzip File : updaters.zip
2023-12-13 10:13:09,276 [INFO] FileExtend:255 - Standard Zip Deflate
2023-12-13 10:13:10,828 [INFO] ServerAccessManage:473 - Download File PacksControlFlags.xml
2023-12-13 10:13:12,407 [INFO] ServerAccessManage:473 - Download File cubemx.pidx
2023-12-13 10:13:15,505 [INFO] ServerAccessManage:473 - Download File STMicroelectronics.X-CUBE-TOUCHGFX.pdsc
2023-12-13 10:13:23,490 [ERROR] ServerAccessManage:1096 - Problem, Http access forbiden
2023-12-13 10:13:23,502 [ERROR] ServerAccessManage:651 - Problem, Http access forbiden : RoweBots.I-CUBE-UNISONRTOS.pdsc.
2023-12-13 10:13:23,873 [WARN] PackLoader:240 - Cannot read IP mode file for STMicroelectronics.X-CUBE-TOUCHGFX.4.23.0
2023-12-13 10:13:23,874 [INFO] PopulateThirdPartyThread:66 - Ending populate Thread
2023-12-13 10:13:23,878 [INFO] ThirdParty:1030 - CMSIS Pack Vendor :STMicroelectronics X-CUBE-TOUCHGFX 4.23.0
2023-12-13 10:13:23,878 [INFO] LoadServerUpdatesThread:373 - End of LoadServerUpdate Thread
2023-12-13 10:13:24,056 [INFO] CheckServerUpdateThread:120 - End of CheckServer Thread
2023-12-13 10:13:30,604 [ERROR] LogOutputStream:75 - [STDERR_REDIRECT] SLF4J: Failed to load class "org.slf4j.impl.StaticLoggerBinder".
2023-12-13 10:13:30,604 [ERROR] LogOutputStream:75 - [STDERR_REDIRECT] SLF4J: Defaulting to no-operation (NOP) logger implementation
2023-12-13 10:13:30,606 [ERROR] LogOutputStream:75 - [STDERR_REDIRECT] SLF4J: See http://www.slf4j.org/codes.html#StaticLoggerBinder for further details.
2023-12-13 15:47:19,192 [INFO] Activator:176 - 


2023-12-13 15:47:19,202 [INFO] Activator:177 - !SESSION log4j initialized
2023-12-13 15:47:32,915 [INFO] LogOutputStream:77 - [STDOUT_REDIRECT] 
2023-12-13 15:47:41,075 [INFO] ApplicationProperties:184 - Using Application install path: C:\ST\STM32CubeIDE_1.12.1\STM32CubeIDE\plugins\com.st.stm32cube.common.mx_6.9.2.202309101412
2023-12-13 15:47:41,126 [INFO] DbMcusXml:78 - Set database path to: C:\ST\STM32CubeIDE_1.12.1\STM32CubeIDE\plugins\com.st.stm32cube.common.mx_6.9.2.202309101412\\db\/mcu/
2023-12-13 15:47:41,126 [INFO] ApiDb:274 - Set plugin database path to: C:\ST\STM32CubeIDE_1.12.1\STM32CubeIDE\plugins\com.st.stm32cube.common.mx_6.9.2.202309101412\\db\/plugins/boardmanager/
2023-12-13 15:47:41,127 [WARN] ApiDb:259 - Overriding images path with different value:  => C:\ST\STM32CubeIDE_1.12.1\STM32CubeIDE\plugins\com.st.stm32cube.common.mx_6.9.2.202309101412\\db\/plugins/mcufinder/images/
2023-12-13 15:47:41,172 [INFO] ApiDb:250 - Set database path to: C:\Users\TAMRD\.stmcufinder\plugins\mcufinder//mcu/
2023-12-13 15:47:41,174 [INFO] DbMcusAds:125 - Set database path to: C:\Users\TAMRD\.stmcufinder\plugins\mcufinder//mcu/
2023-12-13 15:47:41,176 [INFO] CrossReferenceDbSqlite:203 - Set database path to: C:\Users\TAMRD\.stmcufinder\plugins\mcufinder//mcu/cs/
2023-12-13 15:47:41,403 [INFO] RulesReader:64 - Compatibility file has been processed (293 Rules)
2023-12-13 15:47:41,604 [INFO] DbMcusXml:78 - Set database path to: C:\ST\STM32CubeIDE_1.12.1\STM32CubeIDE\plugins\com.st.stm32cube.common.mx_6.9.2.202309101412\\db\/mcu/
2023-12-13 15:47:41,605 [INFO] ApiDb:274 - Set plugin database path to: C:\ST\STM32CubeIDE_1.12.1\STM32CubeIDE\plugins\com.st.stm32cube.common.mx_6.9.2.202309101412\\db\/plugins/boardmanager/
2023-12-13 15:47:41,605 [INFO] ApiDb:261 - Set plugin images path to: C:\ST\STM32CubeIDE_1.12.1\STM32CubeIDE\plugins\com.st.stm32cube.common.mx_6.9.2.202309101412\\db\/plugins/mcufinder/images/
2023-12-13 15:47:41,605 [WARN] DbFile:41 - Overriding database path with different value: C:\Users\TAMRD\.stmcufinder\plugins\mcufinder/ => C:\Users\TAMRD\.stmcufinder\plugins\mcufinder
2023-12-13 15:47:41,605 [INFO] ApiDb:250 - Set database path to: C:\Users\TAMRD\.stmcufinder\plugins\mcufinder//mcu/
2023-12-13 15:47:41,606 [WARN] DbFile:41 - Overriding database path with different value: C:\Users\TAMRD\.stmcufinder\plugins\mcufinder/ => C:\Users\TAMRD\.stmcufinder\plugins\mcufinder
2023-12-13 15:47:41,606 [INFO] DbMcusAds:125 - Set database path to: C:\Users\TAMRD\.stmcufinder\plugins\mcufinder//mcu/
2023-12-13 15:47:41,606 [WARN] DbFile:41 - Overriding database path with different value: C:\Users\TAMRD\.stmcufinder\plugins\mcufinder/ => C:\Users\TAMRD\.stmcufinder\plugins\mcufinder
2023-12-13 15:47:41,606 [WARN] DbFile:41 - Overriding database path with different value: C:\Users\TAMRD\.stmcufinder\plugins\mcufinder/ => C:\Users\TAMRD\.stmcufinder\plugins\mcufinder
2023-12-13 15:47:41,606 [INFO] CrossReferenceDbSqlite:203 - Set database path to: C:\Users\TAMRD\.stmcufinder\plugins\mcufinder//mcu/cs/
2023-12-13 15:47:41,742 [INFO] MainPanel:262 - HeapMemory: 268435456
2023-12-13 15:47:41,916 [INFO] DbMcusXml:78 - Set database path to: C:\ST\STM32CubeIDE_1.12.1\STM32CubeIDE\plugins\com.st.stm32cube.common.mx_6.9.2.202309101412\\db\/mcu/
2023-12-13 15:47:41,916 [INFO] ApiDb:274 - Set plugin database path to: C:\ST\STM32CubeIDE_1.12.1\STM32CubeIDE\plugins\com.st.stm32cube.common.mx_6.9.2.202309101412\\db\/plugins/boardmanager/
2023-12-13 15:47:41,916 [INFO] ApiDb:261 - Set plugin images path to: C:\ST\STM32CubeIDE_1.12.1\STM32CubeIDE\plugins\com.st.stm32cube.common.mx_6.9.2.202309101412\\db\/plugins/mcufinder/images/
2023-12-13 15:47:41,917 [WARN] DbFile:41 - Overriding database path with different value: C:\Users\TAMRD\.stmcufinder\plugins\mcufinder/ => C:\Users\TAMRD\.stmcufinder\plugins\mcufinder
2023-12-13 15:47:41,917 [INFO] ApiDb:250 - Set database path to: C:\Users\TAMRD\.stmcufinder\plugins\mcufinder//mcu/
2023-12-13 15:47:41,917 [WARN] DbFile:41 - Overriding database path with different value: C:\Users\TAMRD\.stmcufinder\plugins\mcufinder/ => C:\Users\TAMRD\.stmcufinder\plugins\mcufinder
2023-12-13 15:47:41,917 [INFO] DbMcusAds:125 - Set database path to: C:\Users\TAMRD\.stmcufinder\plugins\mcufinder//mcu/
2023-12-13 15:47:41,917 [WARN] DbFile:41 - Overriding database path with different value: C:\Users\TAMRD\.stmcufinder\plugins\mcufinder/ => C:\Users\TAMRD\.stmcufinder\plugins\mcufinder
2023-12-13 15:47:41,917 [WARN] DbFile:41 - Overriding database path with different value: C:\Users\TAMRD\.stmcufinder\plugins\mcufinder/ => C:\Users\TAMRD\.stmcufinder\plugins\mcufinder
2023-12-13 15:47:41,918 [INFO] CrossReferenceDbSqlite:203 - Set database path to: C:\Users\TAMRD\.stmcufinder\plugins\mcufinder//mcu/cs/
2023-12-13 15:47:41,952 [INFO] ApplicationProperties:184 - Using Application install path: C:\ST\STM32CubeIDE_1.12.1\STM32CubeIDE\plugins\com.st.stm32cube.common.mx_6.9.2.202309101412
2023-12-13 15:47:41,955 [INFO] PluginManage:196 - Search for loadable plugins [exclusion list=, ]
2023-12-13 15:47:41,957 [INFO] PluginManage:310 - Check plugin analytics
2023-12-13 15:47:42,245 [INFO] AnalyticsPlugin:253 - Accepted Software Licenses: 
2023-12-13 15:47:42,245 [INFO] AnalyticsPlugin:255 - Accepted CMSIS Pack Licenses: 
2023-12-13 15:47:42,245 [INFO] AnalyticsPlugin:257 - Accepted Firmware Licenses: 
2023-12-13 15:47:42,250 [INFO] PluginManage:359 - Loaded plugin analytics (category:tool,tabindex:-1)
2023-12-13 15:47:42,251 [INFO] PluginManage:310 - Check plugin cadmodel
2023-12-13 15:47:42,279 [INFO] CADModel:105 - Init CAD model plugin
2023-12-13 15:47:42,279 [INFO] PluginManage:359 - Loaded plugin cadmodel (category:power,tabindex:5)
2023-12-13 15:47:42,279 [INFO] PluginManage:310 - Check plugin clock
2023-12-13 15:47:42,318 [INFO] PluginManage:359 - Loaded plugin clock (category:base,tabindex:2)
2023-12-13 15:47:42,318 [INFO] PluginManage:310 - Check plugin ddr
2023-12-13 15:47:42,321 [INFO] PluginManage:359 - Loaded plugin ddr (category:tool,tabindex:6)
2023-12-13 15:47:42,321 [INFO] PluginManage:310 - Check plugin filemanager
2023-12-13 15:47:42,509 [INFO] PluginManage:359 - Loaded plugin filemanager (category:base,tabindex:10)
2023-12-13 15:47:42,510 [INFO] PluginManage:310 - Check plugin ipmanager
2023-12-13 15:47:42,518 [INFO] PluginManage:359 - Loaded plugin ipmanager (category:base,tabindex:5)
2023-12-13 15:47:42,518 [INFO] PluginManage:310 - Check plugin lpbam
2023-12-13 15:47:42,548 [INFO] PluginManage:359 - Loaded plugin lpbam (category:base,tabindex:0)
2023-12-13 15:47:42,549 [INFO] PluginManage:310 - Check plugin memorymap
2023-12-13 15:47:42,594 [INFO] PluginManage:359 - Loaded plugin memorymap (category:base,tabindex:4)
2023-12-13 15:47:42,594 [INFO] PluginManage:310 - Check plugin pinoutandconfiguration
2023-12-13 15:47:42,613 [INFO] PluginManage:359 - Loaded plugin pinoutandconfiguration (category:base,tabindex:1)
2023-12-13 15:47:42,613 [INFO] PluginManage:310 - Check plugin pinoutconfig
2023-12-13 15:47:42,740 [WARN] SupportedApi:132 - Cannot load RTOS API schema: s4s-elt-must-match.1: The content of 'definitions' must match (annotation?, (simpleType | complexType)?, (unique | key | keyref)*)). A problem was found starting at: attribute.
2023-12-13 15:47:42,910 [INFO] PluginManage:359 - Loaded plugin pinoutconfig (category:base,tabindex:0)
2023-12-13 15:47:42,911 [INFO] PluginManage:310 - Check plugin power
2023-12-13 15:47:42,968 [INFO] PluginManage:359 - Loaded plugin power (category:power,tabindex:4)
2023-12-13 15:47:42,968 [INFO] PluginManage:310 - Check plugin projectmanager
2023-12-13 15:47:42,994 [INFO] PluginManage:359 - Loaded plugin projectmanager (category:projectmanager,tabindex:3)
2023-12-13 15:47:42,995 [INFO] PluginManage:310 - Check plugin thirdparty
2023-12-13 15:47:43,461 [INFO] PluginManage:359 - Loaded plugin thirdparty (category:base,tabindex:-1)
2023-12-13 15:47:43,461 [INFO] PluginManage:310 - Check plugin tools
2023-12-13 15:47:43,464 [WARN] IntegrityCheckThread:84 - waiting for thirdparty lock release [integrity check]
2023-12-13 15:47:43,465 [INFO] IntegrityCheckThread:86 - entering critical section [integrity check]
2023-12-13 15:47:43,465 [INFO] ThirdPartyUpdaterWithRetryManager:70 - Updater plugin not ready yet. [1/15]
2023-12-13 15:47:43,500 [INFO] PluginManage:359 - Loaded plugin tools (category:base,tabindex:7)
2023-12-13 15:47:43,500 [INFO] PluginManage:310 - Check plugin tutovideos
2023-12-13 15:47:43,794 [INFO] PluginManage:359 - Loaded plugin tutovideos (category:base,tabindex:-1)
2023-12-13 15:47:43,795 [INFO] PluginManage:310 - Check plugin updater
2023-12-13 15:47:43,808 [INFO] PluginManage:359 - Loaded plugin updater (category:base,tabindex:12)
2023-12-13 15:47:43,808 [INFO] PluginManage:310 - Check plugin userauth
2023-12-13 15:47:43,813 [INFO] UserAuth:113 - Init User Auth plugin
2023-12-13 15:47:43,813 [INFO] PluginManage:359 - Loaded plugin userauth (category:base,tabindex:14)
2023-12-13 15:47:43,814 [INFO] PluginManage:283 - PluginManage : Loaded plugins [17]
2023-12-13 15:47:44,213 [INFO] PinOutPanel:1499 - setPackage(No Configuration,No Configuration)
2023-12-13 15:47:44,459 [INFO] CADModel:165 - CPN selected for project level
2023-12-13 15:47:44,459 [INFO] CADModel:114 - Register for checkConnection events
2023-12-13 15:47:44,518 [INFO] IPUIPlugin:80 - create IPUIPlugin
2023-12-13 15:47:44,518 [INFO] PluginManager:220 - loadIPPluginJar : add adc
2023-12-13 15:47:44,576 [INFO] IPUIPlugin:80 - create IPUIPlugin
2023-12-13 15:47:44,577 [INFO] PluginManager:220 - loadIPPluginJar : add aes
2023-12-13 15:47:44,635 [INFO] IPUIPlugin:80 - create IPUIPlugin
2023-12-13 15:47:44,635 [INFO] PluginManager:220 - loadIPPluginJar : add can
2023-12-13 15:47:44,660 [INFO] IPUIPlugin:80 - create IPUIPlugin
2023-12-13 15:47:44,660 [INFO] PluginManager:220 - loadIPPluginJar : add comp
2023-12-13 15:47:44,710 [INFO] IPUIPlugin:80 - create IPUIPlugin
2023-12-13 15:47:44,710 [INFO] PluginManager:220 - loadIPPluginJar : add cryp
2023-12-13 15:47:44,743 [INFO] IPUIPlugin:80 - create IPUIPlugin
2023-12-13 15:47:44,744 [INFO] PluginManager:220 - loadIPPluginJar : add dfsdm
2023-12-13 15:47:44,772 [INFO] IPUIPlugin:80 - create IPUIPlugin
2023-12-13 15:47:44,773 [INFO] PluginManager:220 - loadIPPluginJar : add dma
2023-12-13 15:47:44,822 [INFO] IPUIPlugin:80 - create IPUIPlugin
2023-12-13 15:47:44,823 [INFO] PluginManager:220 - loadIPPluginJar : add dma3
2023-12-13 15:47:44,846 [INFO] IPUIPlugin:80 - create IPUIPlugin
2023-12-13 15:47:44,846 [INFO] PluginManager:220 - loadIPPluginJar : add fatfs
2023-12-13 15:47:44,904 [INFO] IPUIPlugin:80 - create IPUIPlugin
2023-12-13 15:47:44,904 [INFO] PluginManager:220 - loadIPPluginJar : add fmc
2023-12-13 15:47:44,934 [INFO] IPUIPlugin:80 - create IPUIPlugin
2023-12-13 15:47:44,935 [INFO] PluginManager:220 - loadIPPluginJar : add freertos
2023-12-13 15:47:44,965 [INFO] IPUIPlugin:80 - create IPUIPlugin
2023-12-13 15:47:44,965 [INFO] PluginManager:220 - loadIPPluginJar : add genericplugin
2023-12-13 15:47:45,095 [INFO] IPUIPlugin:80 - create IPUIPlugin
2023-12-13 15:47:45,096 [INFO] PluginManager:220 - loadIPPluginJar : add gfxmmu
2023-12-13 15:47:45,248 [INFO] IPUIPlugin:80 - create IPUIPlugin
2023-12-13 15:47:45,249 [INFO] PluginManager:220 - loadIPPluginJar : add gic
2023-12-13 15:47:45,270 [INFO] IPUIPlugin:80 - create IPUIPlugin
2023-12-13 15:47:45,270 [INFO] PluginManager:220 - loadIPPluginJar : add gpio
2023-12-13 15:47:45,395 [INFO] IPUIPlugin:80 - create IPUIPlugin
2023-12-13 15:47:45,395 [INFO] PluginManager:220 - loadIPPluginJar : add gtzc
2023-12-13 15:47:45,430 [INFO] IPUIPlugin:80 - create IPUIPlugin
2023-12-13 15:47:45,430 [INFO] PluginManager:220 - loadIPPluginJar : add hash
2023-12-13 15:47:45,508 [INFO] IPUIPlugin:80 - create IPUIPlugin
2023-12-13 15:47:45,508 [INFO] PluginManager:220 - loadIPPluginJar : add i2c
2023-12-13 15:47:45,566 [INFO] IPUIPlugin:80 - create IPUIPlugin
2023-12-13 15:47:45,566 [INFO] PluginManager:220 - loadIPPluginJar : add i2s
2023-12-13 15:47:45,628 [INFO] IPUIPlugin:80 - create IPUIPlugin
2023-12-13 15:47:45,628 [INFO] PluginManager:220 - loadIPPluginJar : add i3c
2023-12-13 15:47:45,776 [INFO] IPUIPlugin:80 - create IPUIPlugin
2023-12-13 15:47:45,776 [INFO] PluginManager:220 - loadIPPluginJar : add ipddr
2023-12-13 15:47:45,891 [INFO] IPUIPlugin:80 - create IPUIPlugin
2023-12-13 15:47:45,891 [INFO] PluginManager:220 - loadIPPluginJar : add linkedlist
2023-12-13 15:47:45,929 [INFO] IPUIPlugin:80 - create IPUIPlugin
2023-12-13 15:47:45,930 [INFO] PluginManager:220 - loadIPPluginJar : add lorawan
2023-12-13 15:47:45,978 [INFO] IPUIPlugin:80 - create IPUIPlugin
2023-12-13 15:47:45,978 [INFO] PluginManager:220 - loadIPPluginJar : add ltdc
2023-12-13 15:47:46,011 [INFO] IPUIPlugin:80 - create IPUIPlugin
2023-12-13 15:47:46,012 [INFO] PluginManager:220 - loadIPPluginJar : add mdma
2023-12-13 15:47:46,036 [INFO] IPUIPlugin:80 - create IPUIPlugin
2023-12-13 15:47:46,036 [INFO] PluginManager:220 - loadIPPluginJar : add nvic
2023-12-13 15:47:46,074 [INFO] IPUIPlugin:80 - create IPUIPlugin
2023-12-13 15:47:46,075 [INFO] PluginManager:220 - loadIPPluginJar : add opamp
2023-12-13 15:47:46,153 [INFO] IPUIPlugin:80 - create IPUIPlugin
2023-12-13 15:47:46,153 [INFO] PluginManager:220 - loadIPPluginJar : add openamp
2023-12-13 15:47:46,203 [INFO] IPUIPlugin:80 - create IPUIPlugin
2023-12-13 15:47:46,203 [INFO] PluginManager:220 - loadIPPluginJar : add pdm2pcm
2023-12-13 15:47:46,232 [INFO] IPUIPlugin:80 - create IPUIPlugin
2023-12-13 15:47:46,235 [INFO] PluginManager:220 - loadIPPluginJar : add plateformsettings
2023-12-13 15:47:46,259 [INFO] IPUIPlugin:80 - create IPUIPlugin
2023-12-13 15:47:46,259 [INFO] PluginManager:220 - loadIPPluginJar : add quadspi
2023-12-13 15:47:46,272 [INFO] IPUIPlugin:80 - create IPUIPlugin
2023-12-13 15:47:46,272 [INFO] PluginManager:220 - loadIPPluginJar : add resmgrutility
2023-12-13 15:47:46,334 [INFO] IPUIPlugin:80 - create IPUIPlugin
2023-12-13 15:47:46,334 [INFO] PluginManager:220 - loadIPPluginJar : add sai
2023-12-13 15:47:46,376 [INFO] IPUIPlugin:80 - create IPUIPlugin
2023-12-13 15:47:46,376 [INFO] PluginManager:220 - loadIPPluginJar : add spi
2023-12-13 15:47:46,439 [INFO] IPUIPlugin:80 - create IPUIPlugin
2023-12-13 15:47:46,439 [INFO] PluginManager:220 - loadIPPluginJar : add stm32_wpan
2023-12-13 15:47:46,466 [INFO] IPUIPlugin:80 - create IPUIPlugin
2023-12-13 15:47:46,466 [INFO] PluginManager:220 - loadIPPluginJar : add tim
2023-12-13 15:47:46,467 [INFO] ThirdPartyUpdaterWithRetryManager:70 - Updater plugin not ready yet. [2/15]
2023-12-13 15:47:46,535 [INFO] IPUIPlugin:80 - create IPUIPlugin
2023-12-13 15:47:46,536 [INFO] PluginManager:220 - loadIPPluginJar : add touchsensing
2023-12-13 15:47:46,561 [INFO] IPUIPlugin:80 - create IPUIPlugin
2023-12-13 15:47:46,561 [INFO] PluginManager:220 - loadIPPluginJar : add tracer_emb
2023-12-13 15:47:46,586 [INFO] IPUIPlugin:80 - create IPUIPlugin
2023-12-13 15:47:46,586 [INFO] PluginManager:220 - loadIPPluginJar : add ts
2023-12-13 15:47:46,610 [INFO] IPUIPlugin:80 - create IPUIPlugin
2023-12-13 15:47:46,610 [INFO] PluginManager:220 - loadIPPluginJar : add tsc
2023-12-13 15:47:46,634 [INFO] IPUIPlugin:80 - create IPUIPlugin
2023-12-13 15:47:46,634 [INFO] PluginManager:220 - loadIPPluginJar : add ucpd
2023-12-13 15:47:46,682 [INFO] IPUIPlugin:80 - create IPUIPlugin
2023-12-13 15:47:46,683 [INFO] PluginManager:220 - loadIPPluginJar : add usart
2023-12-13 15:47:46,730 [INFO] IPUIPlugin:80 - create IPUIPlugin
2023-12-13 15:47:46,730 [INFO] PluginManager:220 - loadIPPluginJar : add usbx
2023-12-13 15:47:46,879 [INFO] CADModel:165 - CPN selected for project level
2023-12-13 15:47:46,879 [INFO] CADModel:114 - Register for checkConnection events
2023-12-13 15:47:46,879 [FATAL] Updater:308 - Updater called before beeing initialized
2023-12-13 15:47:46,880 [ERROR] CADModel:125 - Updater not yet initialized, retry later 
2023-12-13 15:47:47,246 [INFO] CADModel:165 - CPN selected for project level
2023-12-13 15:47:47,246 [INFO] CADModel:114 - Register for checkConnection events
2023-12-13 15:47:47,246 [FATAL] Updater:308 - Updater called before beeing initialized
2023-12-13 15:47:47,246 [ERROR] CADModel:125 - Updater not yet initialized, retry later 
2023-12-13 15:47:47,253 [FATAL] Updater:308 - Updater called before beeing initialized
2023-12-13 15:47:47,446 [FATAL] Updater:308 - Updater called before beeing initialized
2023-12-13 15:47:47,489 [INFO] DbMcusAds:53 - JSON generation date=Tue Mar 07 15:50:55 ICT 2023 (1678179055335)
2023-12-13 15:47:47,489 [FATAL] Updater:308 - Updater called before beeing initialized
2023-12-13 15:47:47,583 [WARN] DetailPanel:346 - Failed to get advertising image, set to default
2023-12-13 15:47:47,739 [FATAL] Updater:308 - Updater called before beeing initialized
2023-12-13 15:47:47,742 [FATAL] Updater:308 - Updater called before beeing initialized
2023-12-13 15:47:47,742 [FATAL] Updater:308 - Updater called before beeing initialized
2023-12-13 15:47:47,742 [WARN] DetailPanel:346 - Failed to get advertising image, set to default
2023-12-13 15:47:47,745 [FATAL] Updater:308 - Updater called before beeing initialized
2023-12-13 15:47:48,037 [ERROR] Updater:1120 - MainUpdater not yet initialized. External WinMGr cannot be set.
2023-12-13 15:47:48,060 [INFO] Updater:1056 - Updater Version found : 6.9.2
2023-12-13 15:47:48,079 [INFO] ApplicationProperties:184 - Using Application install path: C:\ST\STM32CubeIDE_1.12.1\STM32CubeIDE\plugins\com.st.stm32cube.common.mx_6.9.2.202309101412
2023-12-13 15:47:48,190 [INFO] MainUpdater:521 - Copy updater definitions from MX database
2023-12-13 15:47:48,564 [INFO] MainUpdater:2868 - connection check result : 10
2023-12-13 15:47:48,565 [INFO] MainUpdater:3562 - Updater definition file requires update
2023-12-13 15:47:48,566 [INFO] MainUpdater:285 - Updater Check For Update Now.
2023-12-13 15:47:48,566 [INFO] MicroXplorer:498 - Change Database Version : DB.6.0.92
2023-12-13 15:47:48,608 [INFO] McuFinderGlobals:63 - Set McuFinder mode to 2 (CubeIDE integrated)
2023-12-13 15:47:48,666 [INFO] ServerAccessManage:473 - Download File updaters.zip
2023-12-13 15:47:48,913 [INFO] FileExtend:240 - Unzip File : updaters.zip
2023-12-13 15:47:48,914 [INFO] FileExtend:255 - Standard Zip Deflate
2023-12-13 15:47:49,374 [INFO] ServerAccessManage:473 - Download File PacksControlFlags.xml
2023-12-13 15:47:49,468 [WARN] MainUpdater:1189 - Updater busy. Cannot search thirdparties
2023-12-13 15:47:49,468 [INFO] ThirdPartyUpdaterWithRetryManager:96 - Updater plugin is busy. [1/15]
2023-12-13 15:47:49,585 [INFO] ServerAccessManage:473 - Download File cubemx.pidx
2023-12-13 15:47:49,816 [INFO] LoadServerUpdatesThread:373 - End of LoadServerUpdate Thread
2023-12-13 15:47:49,994 [INFO] CheckServerUpdateThread:120 - End of CheckServer Thread
2023-12-13 15:47:52,912 [WARN] PackLoader:240 - Cannot read IP mode file for STMicroelectronics.X-CUBE-SMBUS.2.1.0
2023-12-13 15:47:52,935 [WARN] PackLoader:240 - Cannot read IP mode file for STMicroelectronics.X-CUBE-TOUCHGFX.4.23.0
2023-12-13 15:47:53,013 [WARN] PackLoader:240 - Cannot read IP mode file for STMicroelectronics.X-CUBE-AZRTOS-F7.1.1.0
2023-12-13 15:47:53,065 [WARN] PackLoader:240 - Cannot read IP mode file for STMicroelectronics.FP-SNS-MOTENV1.4.3.2
2023-12-13 15:47:53,090 [WARN] PackLoader:240 - Cannot read IP mode file for STMicroelectronics.FP-SNS-FLIGHT1.5.0.2
2023-12-13 15:47:53,128 [WARN] PackLoader:240 - Cannot read IP mode file for STMicroelectronics.X-CUBE-DISPLAY.3.0.0
2023-12-13 15:47:53,158 [WARN] PackLoader:240 - Cannot read IP mode file for STMicroelectronics.X-CUBE-BLE1.7.0.0
2023-12-13 15:47:53,193 [WARN] PackLoader:240 - Cannot read IP mode file for emotas.I-CUBE-CANOPEN.1.3.0
2023-12-13 15:47:53,211 [WARN] PackLoader:240 - Cannot read IP mode file for STMicroelectronics.X-CUBE-TOUCHGFX.4.22.0
2023-12-13 15:47:53,227 [WARN] PackLoader:240 - Cannot read IP mode file for STMicroelectronics.X-CUBE-TOUCHGFX.4.22.1
2023-12-13 15:47:53,251 [WARN] PackLoader:240 - Cannot read IP mode file for STMicroelectronics.FP-SNS-SMARTAG2.1.2.0
2023-12-13 15:47:53,294 [INFO] LogOutputStream:77 - [STDOUT_REDIRECT] 1 : Invalid condition id : UX_CORESTACK_Condition cause : null
2023-12-13 15:47:53,296 [INFO] LogOutputStream:77 - [STDOUT_REDIRECT] 1 : Invalid condition id : UX_CORESTACK_Condition cause : null
2023-12-13 15:47:53,297 [INFO] LogOutputStream:77 - [STDOUT_REDIRECT] 1 : Invalid condition id : UX_CORESTACK_Condition cause : null
2023-12-13 15:47:53,301 [INFO] LogOutputStream:77 - [STDOUT_REDIRECT] 1 : Invalid condition id : UX_CORESTACK_Condition cause : null
2023-12-13 15:47:53,303 [INFO] LogOutputStream:77 - [STDOUT_REDIRECT] 1 : Invalid condition id : UX_CORESTACK_Condition cause : null
2023-12-13 15:47:53,311 [WARN] PackLoader:240 - Cannot read IP mode file for STMicroelectronics.X-CUBE-AZRTOS-WL.2.0.0
2023-12-13 15:47:53,342 [WARN] PackLoader:240 - Cannot read IP mode file for WES.I-CUBE-Cesium.1.3.0
2023-12-13 15:47:53,365 [WARN] PackLoader:240 - Cannot read IP mode file for STMicroelectronics.X-CUBE-BLE2.3.3.0
2023-12-13 15:47:53,386 [WARN] PackLoader:240 - Cannot read IP mode file for STMicroelectronics.X-CUBE-ALGOBUILD.1.3.0
2023-12-13 15:47:53,428 [WARN] PackLoader:240 - Cannot read IP mode file for STMicroelectronics.X-CUBE-AZRTOS-G0.1.1.0
2023-12-13 15:47:53,459 [WARN] PackLoader:240 - Cannot read IP mode file for STMicroelectronics.X-CUBE-NFC4.3.0.0
2023-12-13 15:47:53,497 [WARN] PackLoader:240 - Cannot read IP mode file for STMicroelectronics.X-CUBE-BLEMGR.3.0.0
2023-12-13 15:47:53,518 [WARN] PackLoader:240 - Cannot read IP mode file for STMicroelectronics.FP-ATR-SIGFOX1.3.2.0
2023-12-13 15:47:53,585 [WARN] PackLoader:240 - Cannot read IP mode file for SEGGER.I-CUBE-embOS.1.3.1
2023-12-13 15:47:53,685 [WARN] PackLoader:240 - Cannot read IP mode file for STMicroelectronics.X-CUBE-GNSS1.6.0.0
2023-12-13 15:47:53,732 [WARN] PackLoader:240 - Cannot read IP mode file for STMicroelectronics.X-CUBE-AZRTOS-F4.1.1.0
2023-12-13 15:47:53,754 [WARN] PackLoader:240 - Cannot read IP mode file for wolfSSL.I-CUBE-wolfSSL.5.6.3
2023-12-13 15:47:53,817 [WARN] PackLoader:240 - Cannot read IP mode file for STMicroelectronics.X-CUBE-AZRTOS-L5.2.0.0
2023-12-13 15:47:53,889 [WARN] PackLoader:240 - Cannot read IP mode file for STMicroelectronics.X-CUBE-MEMS1.9.6.0
2023-12-13 15:47:54,159 [WARN] PackLoader:240 - Cannot read IP mode file for STMicroelectronics.X-CUBE-EEPRMA1.4.2.0
2023-12-13 15:47:54,197 [WARN] PackLoader:240 - Cannot read IP mode file for ITTIA_DB.I-CUBE-ITTIADB.8.8.0
2023-12-13 15:47:54,223 [WARN] PackLoader:240 - Cannot read IP mode file for STMicroelectronics.X-CUBE-BLEMGR.2.0.0
2023-12-13 15:47:54,311 [WARN] ConditionMgr:438 - getConditionDescription Invalid condition id : UX DEVICE CLASS RTOS Condition cause : null
2023-12-13 15:47:54,312 [WARN] ConditionMgr:438 - getConditionDescription Invalid condition id : UX DEVICE CLASS RTOS Condition cause : null
2023-12-13 15:47:54,316 [WARN] PackLoader:240 - Cannot read IP mode file for STMicroelectronics.X-CUBE-AZRTOS-H7.3.1.0
2023-12-13 15:47:54,317 [WARN] ConditionMgr:1039 - genDependencies : Invalid condition id : UX DEVICE CLASS RTOS Condition cause : null
2023-12-13 15:47:54,317 [WARN] ConditionMgr:1039 - genDependencies : Invalid condition id : UX DEVICE CLASS RTOS Condition cause : null
2023-12-13 15:47:54,318 [WARN] ConditionMgr:1039 - genDependencies : Invalid condition id : UX DEVICE CLASS RTOS Condition cause : null
2023-12-13 15:47:54,319 [WARN] ConditionMgr:1039 - genDependencies : Invalid condition id : UX DEVICE CLASS RTOS Condition cause : null
2023-12-13 15:47:54,319 [WARN] ConditionMgr:1039 - genDependencies : Invalid condition id : UX DEVICE CLASS RTOS Condition cause : null
2023-12-13 15:47:54,335 [WARN] PackLoader:240 - Cannot read IP mode file for STMicroelectronics.X-CUBE-NFC7.1.0.1
2023-12-13 15:47:54,366 [WARN] PackLoader:240 - Cannot read IP mode file for STMicroelectronics.X-CUBE-NFC6.3.0.0
2023-12-13 15:47:54,398 [WARN] PackLoader:240 - Cannot read IP mode file for STMicroelectronics.X-CUBE-EEPRMA1.4.1.0
2023-12-13 15:47:54,433 [WARN] PackLoader:240 - Cannot read IP mode file for STMicroelectronics.X-CUBE-AI.8.1.0
2023-12-13 15:47:54,501 [WARN] ConditionMgr:438 - getConditionDescription Invalid condition id : LAN8742 Phy interface Condition cause : null
2023-12-13 15:47:54,502 [WARN] PackLoader:240 - Cannot read IP mode file for STMicroelectronics.X-CUBE-AZRTOS-L4.2.0.0
2023-12-13 15:47:54,511 [WARN] ConditionMgr:1039 - genDependencies : Invalid condition id : LAN8742 Phy interface Condition cause : null
2023-12-13 15:47:54,512 [WARN] ConditionMgr:1039 - genDependencies : Invalid condition id : LAN8742 Phy interface Condition cause : null
2023-12-13 15:47:54,513 [WARN] ConditionMgr:1039 - genDependencies : Invalid condition id : LAN8742 Phy interface Condition cause : null
2023-12-13 15:47:54,563 [WARN] PackLoader:240 - Cannot read IP mode file for STMicroelectronics.X-CUBE-SFXS2LP1.4.0.0
2023-12-13 15:47:54,592 [WARN] PackLoader:240 - Cannot read IP mode file for STMicroelectronics.X-CUBE-ISPU.1.1.0
2023-12-13 15:47:54,633 [WARN] ConditionMgr:438 - getConditionDescription Invalid condition id : UX DEVICE CLASS RTOS Condition cause : null
2023-12-13 15:47:54,633 [WARN] ConditionMgr:438 - getConditionDescription Invalid condition id : UX DEVICE CLASS RTOS Condition cause : null
2023-12-13 15:47:54,635 [WARN] PackLoader:240 - Cannot read IP mode file for STMicroelectronics.X-CUBE-AZRTOS-WB.2.0.0
2023-12-13 15:47:54,636 [WARN] ConditionMgr:1039 - genDependencies : Invalid condition id : UX DEVICE CLASS RTOS Condition cause : null
2023-12-13 15:47:54,636 [WARN] ConditionMgr:1039 - genDependencies : Invalid condition id : UX DEVICE CLASS RTOS Condition cause : null
2023-12-13 15:47:54,637 [WARN] ConditionMgr:1039 - genDependencies : Invalid condition id : UX DEVICE CLASS RTOS Condition cause : null
2023-12-13 15:47:54,637 [WARN] ConditionMgr:1039 - genDependencies : Invalid condition id : UX DEVICE CLASS RTOS Condition cause : null
2023-12-13 15:47:54,638 [WARN] ConditionMgr:1039 - genDependencies : Invalid condition id : UX DEVICE CLASS RTOS Condition cause : null
2023-12-13 15:47:54,658 [WARN] PackLoader:240 - Cannot read IP mode file for STMicroelectronics.X-CUBE-SUBG2.5.0.0
2023-12-13 15:47:54,689 [WARN] PackLoader:240 - Cannot read IP mode file for STMicroelectronics.X-CUBE-TOF1.3.3.1
2023-12-13 15:47:54,732 [WARN] PackLoader:240 - Cannot read IP mode file for STMicroelectronics.X-CUBE-AZRTOS-G4.2.0.0
2023-12-13 15:47:54,781 [WARN] PackLoader:240 - Cannot read IP mode file for Infineon.AIROC-Wi-Fi-Bluetooth-STM32.1.5.1
2023-12-13 15:47:54,803 [WARN] PackLoader:240 - Cannot read IP mode file for STMicroelectronics.FP-SNS-MOTENVWB1.1.3.0
2023-12-13 15:47:54,827 [WARN] PackLoader:240 - Cannot read IP mode file for STMicroelectronics.FP-SNS-MOTENVWB1.1.3.1
2023-12-13 15:47:54,902 [WARN] PackLoader:240 - Cannot read IP mode file for STMicroelectronics.X-CUBE-MEMS1.10.0.0
2023-12-13 15:47:55,063 [WARN] PackLoader:240 - Cannot read IP mode file for STMicroelectronics.X-CUBE-FREERTOS.1.1.0
2023-12-13 15:47:55,079 [WARN] PackLoader:240 - Cannot read IP mode file for portGmbH.I-Cube-SoM-uGOAL.1.1.0
2023-12-13 15:47:55,114 [WARN] PackLoader:240 - Cannot read IP mode file for STMicroelectronics.X-CUBE-ALS.1.0.1
2023-12-13 15:47:55,139 [WARN] PackLoader:240 - Cannot read IP mode file for STMicroelectronics.FP-ATR-ASTRA1.2.0.0
2023-12-13 15:47:55,166 [WARN] PackLoader:240 - Cannot read IP mode file for STMicroelectronics.X-CUBE-TOF1.3.4.0
2023-12-13 15:47:55,202 [INFO] ThirdParty:978 - Integrity check success = true
2023-12-13 15:47:55,202 [INFO] IntegrityCheckThread:100 - exiting critical section [integrity check]
2023-12-13 15:47:55,202 [INFO] IntegrityCheckThread:103 - End integrity checks thread
2023-12-13 15:48:09,785 [ERROR] LogOutputStream:75 - [STDERR_REDIRECT] SLF4J: Failed to load class "org.slf4j.impl.StaticLoggerBinder".
2023-12-13 15:48:09,786 [ERROR] LogOutputStream:75 - [STDERR_REDIRECT] SLF4J: Defaulting to no-operation (NOP) logger implementation
2023-12-13 15:48:09,787 [ERROR] LogOutputStream:75 - [STDERR_REDIRECT] SLF4J: See http://www.slf4j.org/codes.html#StaticLoggerBinder for further details.
2023-12-13 16:25:46,672 [INFO] Activator:176 - 


2023-12-13 16:25:46,674 [INFO] Activator:177 - !SESSION log4j initialized
2023-12-13 16:25:54,829 [INFO] LogOutputStream:77 - [STDOUT_REDIRECT] 
2023-12-13 16:25:57,098 [INFO] ApplicationProperties:184 - Using Application install path: C:\ST\STM32CubeIDE_1.12.1\STM32CubeIDE\plugins\com.st.stm32cube.common.mx_6.9.2.202309101412
2023-12-13 16:25:57,122 [INFO] DbMcusXml:78 - Set database path to: C:\ST\STM32CubeIDE_1.12.1\STM32CubeIDE\plugins\com.st.stm32cube.common.mx_6.9.2.202309101412\\db\/mcu/
2023-12-13 16:25:57,129 [INFO] ApiDb:274 - Set plugin database path to: C:\ST\STM32CubeIDE_1.12.1\STM32CubeIDE\plugins\com.st.stm32cube.common.mx_6.9.2.202309101412\\db\/plugins/boardmanager/
2023-12-13 16:25:57,130 [WARN] ApiDb:259 - Overriding images path with different value:  => C:\ST\STM32CubeIDE_1.12.1\STM32CubeIDE\plugins\com.st.stm32cube.common.mx_6.9.2.202309101412\\db\/plugins/mcufinder/images/
2023-12-13 16:25:57,148 [INFO] ApiDb:250 - Set database path to: C:\Users\TAMRD\.stmcufinder\plugins\mcufinder//mcu/
2023-12-13 16:25:57,150 [INFO] DbMcusAds:125 - Set database path to: C:\Users\TAMRD\.stmcufinder\plugins\mcufinder//mcu/
2023-12-13 16:25:57,153 [INFO] CrossReferenceDbSqlite:203 - Set database path to: C:\Users\TAMRD\.stmcufinder\plugins\mcufinder//mcu/cs/
2023-12-13 16:25:57,346 [INFO] RulesReader:64 - Compatibility file has been processed (293 Rules)
2023-12-13 16:25:57,538 [INFO] DbMcusXml:78 - Set database path to: C:\ST\STM32CubeIDE_1.12.1\STM32CubeIDE\plugins\com.st.stm32cube.common.mx_6.9.2.202309101412\\db\/mcu/
2023-12-13 16:25:57,538 [INFO] ApiDb:274 - Set plugin database path to: C:\ST\STM32CubeIDE_1.12.1\STM32CubeIDE\plugins\com.st.stm32cube.common.mx_6.9.2.202309101412\\db\/plugins/boardmanager/
2023-12-13 16:25:57,538 [INFO] ApiDb:261 - Set plugin images path to: C:\ST\STM32CubeIDE_1.12.1\STM32CubeIDE\plugins\com.st.stm32cube.common.mx_6.9.2.202309101412\\db\/plugins/mcufinder/images/
2023-12-13 16:25:57,538 [WARN] DbFile:41 - Overriding database path with different value: C:\Users\TAMRD\.stmcufinder\plugins\mcufinder/ => C:\Users\TAMRD\.stmcufinder\plugins\mcufinder
2023-12-13 16:25:57,539 [INFO] ApiDb:250 - Set database path to: C:\Users\TAMRD\.stmcufinder\plugins\mcufinder//mcu/
2023-12-13 16:25:57,539 [WARN] DbFile:41 - Overriding database path with different value: C:\Users\TAMRD\.stmcufinder\plugins\mcufinder/ => C:\Users\TAMRD\.stmcufinder\plugins\mcufinder
2023-12-13 16:25:57,539 [INFO] DbMcusAds:125 - Set database path to: C:\Users\TAMRD\.stmcufinder\plugins\mcufinder//mcu/
2023-12-13 16:25:57,539 [WARN] DbFile:41 - Overriding database path with different value: C:\Users\TAMRD\.stmcufinder\plugins\mcufinder/ => C:\Users\TAMRD\.stmcufinder\plugins\mcufinder
2023-12-13 16:25:57,540 [WARN] DbFile:41 - Overriding database path with different value: C:\Users\TAMRD\.stmcufinder\plugins\mcufinder/ => C:\Users\TAMRD\.stmcufinder\plugins\mcufinder
2023-12-13 16:25:57,540 [INFO] CrossReferenceDbSqlite:203 - Set database path to: C:\Users\TAMRD\.stmcufinder\plugins\mcufinder//mcu/cs/
2023-12-13 16:25:57,658 [INFO] MainPanel:262 - HeapMemory: 268435456
2023-12-13 16:25:57,834 [INFO] DbMcusXml:78 - Set database path to: C:\ST\STM32CubeIDE_1.12.1\STM32CubeIDE\plugins\com.st.stm32cube.common.mx_6.9.2.202309101412\\db\/mcu/
2023-12-13 16:25:57,834 [INFO] ApiDb:274 - Set plugin database path to: C:\ST\STM32CubeIDE_1.12.1\STM32CubeIDE\plugins\com.st.stm32cube.common.mx_6.9.2.202309101412\\db\/plugins/boardmanager/
2023-12-13 16:25:57,834 [INFO] ApiDb:261 - Set plugin images path to: C:\ST\STM32CubeIDE_1.12.1\STM32CubeIDE\plugins\com.st.stm32cube.common.mx_6.9.2.202309101412\\db\/plugins/mcufinder/images/
2023-12-13 16:25:57,835 [WARN] DbFile:41 - Overriding database path with different value: C:\Users\TAMRD\.stmcufinder\plugins\mcufinder/ => C:\Users\TAMRD\.stmcufinder\plugins\mcufinder
2023-12-13 16:25:57,835 [INFO] ApiDb:250 - Set database path to: C:\Users\TAMRD\.stmcufinder\plugins\mcufinder//mcu/
2023-12-13 16:25:57,835 [WARN] DbFile:41 - Overriding database path with different value: C:\Users\TAMRD\.stmcufinder\plugins\mcufinder/ => C:\Users\TAMRD\.stmcufinder\plugins\mcufinder
2023-12-13 16:25:57,835 [INFO] DbMcusAds:125 - Set database path to: C:\Users\TAMRD\.stmcufinder\plugins\mcufinder//mcu/
2023-12-13 16:25:57,835 [WARN] DbFile:41 - Overriding database path with different value: C:\Users\TAMRD\.stmcufinder\plugins\mcufinder/ => C:\Users\TAMRD\.stmcufinder\plugins\mcufinder
2023-12-13 16:25:57,836 [WARN] DbFile:41 - Overriding database path with different value: C:\Users\TAMRD\.stmcufinder\plugins\mcufinder/ => C:\Users\TAMRD\.stmcufinder\plugins\mcufinder
2023-12-13 16:25:57,836 [INFO] CrossReferenceDbSqlite:203 - Set database path to: C:\Users\TAMRD\.stmcufinder\plugins\mcufinder//mcu/cs/
2023-12-13 16:25:57,864 [INFO] ApplicationProperties:184 - Using Application install path: C:\ST\STM32CubeIDE_1.12.1\STM32CubeIDE\plugins\com.st.stm32cube.common.mx_6.9.2.202309101412
2023-12-13 16:25:57,866 [INFO] PluginManage:196 - Search for loadable plugins [exclusion list=, ]
2023-12-13 16:25:57,868 [INFO] PluginManage:310 - Check plugin analytics
2023-12-13 16:25:58,443 [INFO] AnalyticsPlugin:253 - Accepted Software Licenses: 
2023-12-13 16:25:58,444 [INFO] AnalyticsPlugin:255 - Accepted CMSIS Pack Licenses: 
2023-12-13 16:25:58,444 [INFO] AnalyticsPlugin:257 - Accepted Firmware Licenses: 
2023-12-13 16:25:58,450 [INFO] PluginManage:359 - Loaded plugin analytics (category:tool,tabindex:-1)
2023-12-13 16:25:58,453 [INFO] PluginManage:310 - Check plugin cadmodel
2023-12-13 16:25:58,458 [INFO] CADModel:105 - Init CAD model plugin
2023-12-13 16:25:58,458 [INFO] PluginManage:359 - Loaded plugin cadmodel (category:power,tabindex:5)
2023-12-13 16:25:58,459 [INFO] PluginManage:310 - Check plugin clock
2023-12-13 16:25:58,473 [INFO] PluginManage:359 - Loaded plugin clock (category:base,tabindex:2)
2023-12-13 16:25:58,474 [INFO] PluginManage:310 - Check plugin ddr
2023-12-13 16:25:58,478 [INFO] PluginManage:359 - Loaded plugin ddr (category:tool,tabindex:6)
2023-12-13 16:25:58,478 [INFO] PluginManage:310 - Check plugin filemanager
2023-12-13 16:25:59,323 [INFO] PluginManage:359 - Loaded plugin filemanager (category:base,tabindex:10)
2023-12-13 16:25:59,324 [INFO] PluginManage:310 - Check plugin ipmanager
2023-12-13 16:25:59,333 [INFO] PluginManage:359 - Loaded plugin ipmanager (category:base,tabindex:5)
2023-12-13 16:25:59,334 [INFO] PluginManage:310 - Check plugin lpbam
2023-12-13 16:25:59,345 [INFO] PluginManage:359 - Loaded plugin lpbam (category:base,tabindex:0)
2023-12-13 16:25:59,346 [INFO] PluginManage:310 - Check plugin memorymap
2023-12-13 16:25:59,361 [INFO] PluginManage:359 - Loaded plugin memorymap (category:base,tabindex:4)
2023-12-13 16:25:59,361 [INFO] PluginManage:310 - Check plugin pinoutandconfiguration
2023-12-13 16:25:59,370 [INFO] PluginManage:359 - Loaded plugin pinoutandconfiguration (category:base,tabindex:1)
2023-12-13 16:25:59,370 [INFO] PluginManage:310 - Check plugin pinoutconfig
2023-12-13 16:25:59,488 [WARN] SupportedApi:132 - Cannot load RTOS API schema: s4s-elt-must-match.1: The content of 'definitions' must match (annotation?, (simpleType | complexType)?, (unique | key | keyref)*)). A problem was found starting at: attribute.
2023-12-13 16:25:59,678 [INFO] PluginManage:359 - Loaded plugin pinoutconfig (category:base,tabindex:0)
2023-12-13 16:25:59,678 [INFO] PluginManage:310 - Check plugin power
2023-12-13 16:25:59,690 [INFO] PluginManage:359 - Loaded plugin power (category:power,tabindex:4)
2023-12-13 16:25:59,690 [INFO] PluginManage:310 - Check plugin projectmanager
2023-12-13 16:25:59,743 [INFO] PluginManage:359 - Loaded plugin projectmanager (category:projectmanager,tabindex:3)
2023-12-13 16:25:59,744 [INFO] PluginManage:310 - Check plugin thirdparty
2023-12-13 16:25:59,951 [INFO] PluginManage:359 - Loaded plugin thirdparty (category:base,tabindex:-1)
2023-12-13 16:25:59,951 [INFO] PluginManage:310 - Check plugin tools
2023-12-13 16:25:59,954 [INFO] PluginManage:359 - Loaded plugin tools (category:base,tabindex:7)
2023-12-13 16:25:59,955 [INFO] PluginManage:310 - Check plugin tutovideos
2023-12-13 16:25:59,965 [WARN] IntegrityCheckThread:84 - waiting for thirdparty lock release [integrity check]
2023-12-13 16:25:59,965 [INFO] IntegrityCheckThread:86 - entering critical section [integrity check]
2023-12-13 16:25:59,966 [INFO] ThirdPartyUpdaterWithRetryManager:70 - Updater plugin not ready yet. [1/15]
2023-12-13 16:26:00,276 [INFO] PluginManage:359 - Loaded plugin tutovideos (category:base,tabindex:-1)
2023-12-13 16:26:00,277 [INFO] PluginManage:310 - Check plugin updater
2023-12-13 16:26:00,589 [INFO] PluginManage:359 - Loaded plugin updater (category:base,tabindex:12)
2023-12-13 16:26:00,589 [INFO] PluginManage:310 - Check plugin userauth
2023-12-13 16:26:00,595 [INFO] UserAuth:113 - Init User Auth plugin
2023-12-13 16:26:00,595 [INFO] PluginManage:359 - Loaded plugin userauth (category:base,tabindex:14)
2023-12-13 16:26:00,597 [INFO] PluginManage:283 - PluginManage : Loaded plugins [17]
2023-12-13 16:26:00,936 [INFO] PinOutPanel:1499 - setPackage(No Configuration,No Configuration)
2023-12-13 16:26:01,128 [INFO] CADModel:165 - CPN selected for project level
2023-12-13 16:26:01,128 [INFO] CADModel:114 - Register for checkConnection events
2023-12-13 16:26:01,146 [INFO] IPUIPlugin:80 - create IPUIPlugin
2023-12-13 16:26:01,146 [INFO] PluginManager:220 - loadIPPluginJar : add adc
2023-12-13 16:26:01,150 [INFO] IPUIPlugin:80 - create IPUIPlugin
2023-12-13 16:26:01,150 [INFO] PluginManager:220 - loadIPPluginJar : add aes
2023-12-13 16:26:01,153 [INFO] IPUIPlugin:80 - create IPUIPlugin
2023-12-13 16:26:01,154 [INFO] PluginManager:220 - loadIPPluginJar : add can
2023-12-13 16:26:01,156 [INFO] IPUIPlugin:80 - create IPUIPlugin
2023-12-13 16:26:01,157 [INFO] PluginManager:220 - loadIPPluginJar : add comp
2023-12-13 16:26:01,160 [INFO] IPUIPlugin:80 - create IPUIPlugin
2023-12-13 16:26:01,160 [INFO] PluginManager:220 - loadIPPluginJar : add cryp
2023-12-13 16:26:01,190 [INFO] IPUIPlugin:80 - create IPUIPlugin
2023-12-13 16:26:01,190 [INFO] PluginManager:220 - loadIPPluginJar : add dfsdm
2023-12-13 16:26:01,198 [INFO] IPUIPlugin:80 - create IPUIPlugin
2023-12-13 16:26:01,199 [INFO] PluginManager:220 - loadIPPluginJar : add dma
2023-12-13 16:26:01,202 [INFO] IPUIPlugin:80 - create IPUIPlugin
2023-12-13 16:26:01,203 [INFO] PluginManager:220 - loadIPPluginJar : add dma3
2023-12-13 16:26:01,204 [INFO] IPUIPlugin:80 - create IPUIPlugin
2023-12-13 16:26:01,205 [INFO] PluginManager:220 - loadIPPluginJar : add fatfs
2023-12-13 16:26:01,211 [INFO] IPUIPlugin:80 - create IPUIPlugin
2023-12-13 16:26:01,212 [INFO] PluginManager:220 - loadIPPluginJar : add fmc
2023-12-13 16:26:01,218 [INFO] IPUIPlugin:80 - create IPUIPlugin
2023-12-13 16:26:01,218 [INFO] PluginManager:220 - loadIPPluginJar : add freertos
2023-12-13 16:26:01,220 [INFO] IPUIPlugin:80 - create IPUIPlugin
2023-12-13 16:26:01,221 [INFO] PluginManager:220 - loadIPPluginJar : add genericplugin
2023-12-13 16:26:01,224 [INFO] IPUIPlugin:80 - create IPUIPlugin
2023-12-13 16:26:01,224 [INFO] PluginManager:220 - loadIPPluginJar : add gfxmmu
2023-12-13 16:26:01,233 [INFO] IPUIPlugin:80 - create IPUIPlugin
2023-12-13 16:26:01,233 [INFO] PluginManager:220 - loadIPPluginJar : add gic
2023-12-13 16:26:01,238 [INFO] IPUIPlugin:80 - create IPUIPlugin
2023-12-13 16:26:01,238 [INFO] PluginManager:220 - loadIPPluginJar : add gpio
2023-12-13 16:26:01,241 [INFO] IPUIPlugin:80 - create IPUIPlugin
2023-12-13 16:26:01,242 [INFO] PluginManager:220 - loadIPPluginJar : add gtzc
2023-12-13 16:26:01,246 [INFO] IPUIPlugin:80 - create IPUIPlugin
2023-12-13 16:26:01,246 [INFO] PluginManager:220 - loadIPPluginJar : add hash
2023-12-13 16:26:01,249 [INFO] IPUIPlugin:80 - create IPUIPlugin
2023-12-13 16:26:01,249 [INFO] PluginManager:220 - loadIPPluginJar : add i2c
2023-12-13 16:26:01,252 [INFO] IPUIPlugin:80 - create IPUIPlugin
2023-12-13 16:26:01,252 [INFO] PluginManager:220 - loadIPPluginJar : add i2s
2023-12-13 16:26:01,255 [INFO] IPUIPlugin:80 - create IPUIPlugin
2023-12-13 16:26:01,255 [INFO] PluginManager:220 - loadIPPluginJar : add i3c
2023-12-13 16:26:01,260 [INFO] IPUIPlugin:80 - create IPUIPlugin
2023-12-13 16:26:01,261 [INFO] PluginManager:220 - loadIPPluginJar : add ipddr
2023-12-13 16:26:01,269 [INFO] IPUIPlugin:80 - create IPUIPlugin
2023-12-13 16:26:01,270 [INFO] PluginManager:220 - loadIPPluginJar : add linkedlist
2023-12-13 16:26:01,273 [INFO] IPUIPlugin:80 - create IPUIPlugin
2023-12-13 16:26:01,274 [INFO] PluginManager:220 - loadIPPluginJar : add lorawan
2023-12-13 16:26:01,278 [INFO] IPUIPlugin:80 - create IPUIPlugin
2023-12-13 16:26:01,278 [INFO] PluginManager:220 - loadIPPluginJar : add ltdc
2023-12-13 16:26:01,285 [INFO] IPUIPlugin:80 - create IPUIPlugin
2023-12-13 16:26:01,286 [INFO] PluginManager:220 - loadIPPluginJar : add mdma
2023-12-13 16:26:01,292 [INFO] IPUIPlugin:80 - create IPUIPlugin
2023-12-13 16:26:01,292 [INFO] PluginManager:220 - loadIPPluginJar : add nvic
2023-12-13 16:26:01,295 [INFO] IPUIPlugin:80 - create IPUIPlugin
2023-12-13 16:26:01,295 [INFO] PluginManager:220 - loadIPPluginJar : add opamp
2023-12-13 16:26:01,299 [INFO] IPUIPlugin:80 - create IPUIPlugin
2023-12-13 16:26:01,299 [INFO] PluginManager:220 - loadIPPluginJar : add openamp
2023-12-13 16:26:01,358 [INFO] IPUIPlugin:80 - create IPUIPlugin
2023-12-13 16:26:01,360 [INFO] PluginManager:220 - loadIPPluginJar : add pdm2pcm
2023-12-13 16:26:01,395 [INFO] IPUIPlugin:80 - create IPUIPlugin
2023-12-13 16:26:01,398 [INFO] PluginManager:220 - loadIPPluginJar : add plateformsettings
2023-12-13 16:26:01,400 [INFO] IPUIPlugin:80 - create IPUIPlugin
2023-12-13 16:26:01,400 [INFO] PluginManager:220 - loadIPPluginJar : add quadspi
2023-12-13 16:26:01,406 [INFO] IPUIPlugin:80 - create IPUIPlugin
2023-12-13 16:26:01,406 [INFO] PluginManager:220 - loadIPPluginJar : add resmgrutility
2023-12-13 16:26:01,411 [INFO] IPUIPlugin:80 - create IPUIPlugin
2023-12-13 16:26:01,411 [INFO] PluginManager:220 - loadIPPluginJar : add sai
2023-12-13 16:26:01,414 [INFO] IPUIPlugin:80 - create IPUIPlugin
2023-12-13 16:26:01,414 [INFO] PluginManager:220 - loadIPPluginJar : add spi
2023-12-13 16:26:01,420 [INFO] IPUIPlugin:80 - create IPUIPlugin
2023-12-13 16:26:01,420 [INFO] PluginManager:220 - loadIPPluginJar : add stm32_wpan
2023-12-13 16:26:01,423 [INFO] IPUIPlugin:80 - create IPUIPlugin
2023-12-13 16:26:01,424 [INFO] PluginManager:220 - loadIPPluginJar : add tim
2023-12-13 16:26:01,428 [INFO] IPUIPlugin:80 - create IPUIPlugin
2023-12-13 16:26:01,428 [INFO] PluginManager:220 - loadIPPluginJar : add touchsensing
2023-12-13 16:26:01,430 [INFO] IPUIPlugin:80 - create IPUIPlugin
2023-12-13 16:26:01,430 [INFO] PluginManager:220 - loadIPPluginJar : add tracer_emb
2023-12-13 16:26:01,433 [INFO] IPUIPlugin:80 - create IPUIPlugin
2023-12-13 16:26:01,433 [INFO] PluginManager:220 - loadIPPluginJar : add ts
2023-12-13 16:26:01,435 [INFO] IPUIPlugin:80 - create IPUIPlugin
2023-12-13 16:26:01,435 [INFO] PluginManager:220 - loadIPPluginJar : add tsc
2023-12-13 16:26:01,439 [INFO] IPUIPlugin:80 - create IPUIPlugin
2023-12-13 16:26:01,439 [INFO] PluginManager:220 - loadIPPluginJar : add ucpd
2023-12-13 16:26:01,443 [INFO] IPUIPlugin:80 - create IPUIPlugin
2023-12-13 16:26:01,443 [INFO] PluginManager:220 - loadIPPluginJar : add usart
2023-12-13 16:26:01,446 [INFO] IPUIPlugin:80 - create IPUIPlugin
2023-12-13 16:26:01,446 [INFO] PluginManager:220 - loadIPPluginJar : add usbx
2023-12-13 16:26:01,920 [INFO] CADModel:165 - CPN selected for project level
2023-12-13 16:26:01,920 [INFO] CADModel:114 - Register for checkConnection events
2023-12-13 16:26:01,920 [FATAL] Updater:308 - Updater called before beeing initialized
2023-12-13 16:26:01,921 [ERROR] CADModel:125 - Updater not yet initialized, retry later 
2023-12-13 16:26:02,641 [INFO] CADModel:165 - CPN selected for project level
2023-12-13 16:26:02,641 [INFO] CADModel:114 - Register for checkConnection events
2023-12-13 16:26:02,644 [FATAL] Updater:308 - Updater called before beeing initialized
2023-12-13 16:26:02,644 [ERROR] CADModel:125 - Updater not yet initialized, retry later 
2023-12-13 16:26:02,648 [FATAL] Updater:308 - Updater called before beeing initialized
2023-12-13 16:26:02,851 [FATAL] Updater:308 - Updater called before beeing initialized
2023-12-13 16:26:02,859 [INFO] DbMcusAds:53 - JSON generation date=Tue Mar 07 15:50:55 ICT 2023 (1678179055335)
2023-12-13 16:26:02,859 [FATAL] Updater:308 - Updater called before beeing initialized
2023-12-13 16:26:02,897 [WARN] DetailPanel:346 - Failed to get advertising image, set to default
2023-12-13 16:26:02,991 [INFO] ThirdPartyUpdaterWithRetryManager:70 - Updater plugin not ready yet. [2/15]
2023-12-13 16:26:03,021 [FATAL] Updater:308 - Updater called before beeing initialized
2023-12-13 16:26:03,023 [FATAL] Updater:308 - Updater called before beeing initialized
2023-12-13 16:26:03,030 [FATAL] Updater:308 - Updater called before beeing initialized
2023-12-13 16:26:03,036 [WARN] DetailPanel:346 - Failed to get advertising image, set to default
2023-12-13 16:26:03,040 [FATAL] Updater:308 - Updater called before beeing initialized
2023-12-13 16:26:03,089 [ERROR] Updater:1120 - MainUpdater not yet initialized. External WinMGr cannot be set.
2023-12-13 16:26:03,091 [INFO] Updater:1056 - Updater Version found : 6.9.2
2023-12-13 16:26:03,110 [INFO] ApplicationProperties:184 - Using Application install path: C:\ST\STM32CubeIDE_1.12.1\STM32CubeIDE\plugins\com.st.stm32cube.common.mx_6.9.2.202309101412
2023-12-13 16:26:03,636 [INFO] MainUpdater:2868 - connection check result : 10
2023-12-13 16:26:03,637 [INFO] MainUpdater:285 - Updater Check For Update Now.
2023-12-13 16:26:03,637 [INFO] MicroXplorer:498 - Change Database Version : DB.6.0.92
2023-12-13 16:26:03,649 [INFO] McuFinderGlobals:63 - Set McuFinder mode to 2 (CubeIDE integrated)
2023-12-13 16:26:03,938 [INFO] CheckServerUpdateThread:120 - End of CheckServer Thread
2023-12-13 16:26:06,171 [WARN] PackLoader:240 - Cannot read IP mode file for STMicroelectronics.X-CUBE-SMBUS.2.1.0
2023-12-13 16:26:06,180 [WARN] PackLoader:240 - Cannot read IP mode file for STMicroelectronics.X-CUBE-TOUCHGFX.4.23.0
2023-12-13 16:26:06,219 [WARN] PackLoader:240 - Cannot read IP mode file for STMicroelectronics.X-CUBE-AZRTOS-F7.1.1.0
2023-12-13 16:26:06,253 [WARN] PackLoader:240 - Cannot read IP mode file for STMicroelectronics.FP-SNS-MOTENV1.4.3.2
2023-12-13 16:26:06,263 [WARN] PackLoader:240 - Cannot read IP mode file for STMicroelectronics.FP-SNS-FLIGHT1.5.0.2
2023-12-13 16:26:06,279 [WARN] PackLoader:240 - Cannot read IP mode file for STMicroelectronics.X-CUBE-DISPLAY.3.0.0
2023-12-13 16:26:06,291 [WARN] PackLoader:240 - Cannot read IP mode file for STMicroelectronics.X-CUBE-BLE1.7.0.0
2023-12-13 16:26:06,306 [WARN] PackLoader:240 - Cannot read IP mode file for emotas.I-CUBE-CANOPEN.1.3.0
2023-12-13 16:26:06,309 [WARN] PackLoader:240 - Cannot read IP mode file for STMicroelectronics.X-CUBE-TOUCHGFX.4.22.0
2023-12-13 16:26:06,312 [WARN] PackLoader:240 - Cannot read IP mode file for STMicroelectronics.X-CUBE-TOUCHGFX.4.22.1
2023-12-13 16:26:06,318 [WARN] PackLoader:240 - Cannot read IP mode file for STMicroelectronics.FP-SNS-SMARTAG2.1.2.0
2023-12-13 16:26:06,332 [INFO] LogOutputStream:77 - [STDOUT_REDIRECT] 1 : Invalid condition id : UX_CORESTACK_Condition cause : null
2023-12-13 16:26:06,334 [INFO] LogOutputStream:77 - [STDOUT_REDIRECT] 1 : Invalid condition id : UX_CORESTACK_Condition cause : null
2023-12-13 16:26:06,335 [INFO] LogOutputStream:77 - [STDOUT_REDIRECT] 1 : Invalid condition id : UX_CORESTACK_Condition cause : null
2023-12-13 16:26:06,338 [INFO] LogOutputStream:77 - [STDOUT_REDIRECT] 1 : Invalid condition id : UX_CORESTACK_Condition cause : null
2023-12-13 16:26:06,339 [INFO] LogOutputStream:77 - [STDOUT_REDIRECT] 1 : Invalid condition id : UX_CORESTACK_Condition cause : null
2023-12-13 16:26:06,345 [WARN] PackLoader:240 - Cannot read IP mode file for STMicroelectronics.X-CUBE-AZRTOS-WL.2.0.0
2023-12-13 16:26:06,358 [WARN] PackLoader:240 - Cannot read IP mode file for WES.I-CUBE-Cesium.1.3.0
2023-12-13 16:26:06,366 [WARN] PackLoader:240 - Cannot read IP mode file for STMicroelectronics.X-CUBE-BLE2.3.3.0
2023-12-13 16:26:06,372 [WARN] PackLoader:240 - Cannot read IP mode file for STMicroelectronics.X-CUBE-ALGOBUILD.1.3.0
2023-12-13 16:26:06,403 [WARN] PackLoader:240 - Cannot read IP mode file for STMicroelectronics.X-CUBE-AZRTOS-G0.1.1.0
2023-12-13 16:26:06,419 [WARN] PackLoader:240 - Cannot read IP mode file for STMicroelectronics.X-CUBE-NFC4.3.0.0
2023-12-13 16:26:06,444 [WARN] PackLoader:240 - Cannot read IP mode file for STMicroelectronics.X-CUBE-BLEMGR.3.0.0
2023-12-13 16:26:06,452 [WARN] PackLoader:240 - Cannot read IP mode file for STMicroelectronics.FP-ATR-SIGFOX1.3.2.0
2023-12-13 16:26:06,491 [WARN] PackLoader:240 - Cannot read IP mode file for SEGGER.I-CUBE-embOS.1.3.1
2023-12-13 16:26:06,581 [WARN] PackLoader:240 - Cannot read IP mode file for STMicroelectronics.X-CUBE-GNSS1.6.0.0
2023-12-13 16:26:06,613 [WARN] PackLoader:240 - Cannot read IP mode file for STMicroelectronics.X-CUBE-AZRTOS-F4.1.1.0
2023-12-13 16:26:06,620 [WARN] PackLoader:240 - Cannot read IP mode file for wolfSSL.I-CUBE-wolfSSL.5.6.3
2023-12-13 16:26:06,642 [WARN] PackLoader:240 - Cannot read IP mode file for STMicroelectronics.X-CUBE-AZRTOS-L5.2.0.0
2023-12-13 16:26:06,699 [WARN] PackLoader:240 - Cannot read IP mode file for STMicroelectronics.X-CUBE-MEMS1.9.6.0
2023-12-13 16:26:06,907 [WARN] PackLoader:240 - Cannot read IP mode file for STMicroelectronics.X-CUBE-EEPRMA1.4.2.0
2023-12-13 16:26:06,914 [WARN] PackLoader:240 - Cannot read IP mode file for ITTIA_DB.I-CUBE-ITTIADB.8.8.0
2023-12-13 16:26:06,921 [WARN] PackLoader:240 - Cannot read IP mode file for STMicroelectronics.X-CUBE-BLEMGR.2.0.0
2023-12-13 16:26:06,940 [WARN] ConditionMgr:438 - getConditionDescription Invalid condition id : UX DEVICE CLASS RTOS Condition cause : null
2023-12-13 16:26:06,940 [WARN] ConditionMgr:438 - getConditionDescription Invalid condition id : UX DEVICE CLASS RTOS Condition cause : null
2023-12-13 16:26:06,949 [WARN] PackLoader:240 - Cannot read IP mode file for STMicroelectronics.X-CUBE-AZRTOS-H7.3.1.0
2023-12-13 16:26:06,950 [WARN] ConditionMgr:1039 - genDependencies : Invalid condition id : UX DEVICE CLASS RTOS Condition cause : null
2023-12-13 16:26:06,951 [WARN] ConditionMgr:1039 - genDependencies : Invalid condition id : UX DEVICE CLASS RTOS Condition cause : null
2023-12-13 16:26:06,951 [WARN] ConditionMgr:1039 - genDependencies : Invalid condition id : UX DEVICE CLASS RTOS Condition cause : null
2023-12-13 16:26:06,952 [WARN] ConditionMgr:1039 - genDependencies : Invalid condition id : UX DEVICE CLASS RTOS Condition cause : null
2023-12-13 16:26:06,952 [WARN] ConditionMgr:1039 - genDependencies : Invalid condition id : UX DEVICE CLASS RTOS Condition cause : null
2023-12-13 16:26:06,958 [WARN] PackLoader:240 - Cannot read IP mode file for STMicroelectronics.X-CUBE-NFC7.1.0.1
2023-12-13 16:26:06,966 [WARN] PackLoader:240 - Cannot read IP mode file for STMicroelectronics.X-CUBE-NFC6.3.0.0
2023-12-13 16:26:06,972 [WARN] PackLoader:240 - Cannot read IP mode file for STMicroelectronics.X-CUBE-EEPRMA1.4.1.0
2023-12-13 16:26:06,978 [WARN] PackLoader:240 - Cannot read IP mode file for STMicroelectronics.X-CUBE-AI.8.1.0
2023-12-13 16:26:07,026 [WARN] ConditionMgr:438 - getConditionDescription Invalid condition id : LAN8742 Phy interface Condition cause : null
2023-12-13 16:26:07,027 [WARN] PackLoader:240 - Cannot read IP mode file for STMicroelectronics.X-CUBE-AZRTOS-L4.2.0.0
2023-12-13 16:26:07,032 [WARN] ConditionMgr:1039 - genDependencies : Invalid condition id : LAN8742 Phy interface Condition cause : null
2023-12-13 16:26:07,032 [WARN] ConditionMgr:1039 - genDependencies : Invalid condition id : LAN8742 Phy interface Condition cause : null
2023-12-13 16:26:07,033 [WARN] ConditionMgr:1039 - genDependencies : Invalid condition id : LAN8742 Phy interface Condition cause : null
2023-12-13 16:26:07,039 [WARN] PackLoader:240 - Cannot read IP mode file for STMicroelectronics.X-CUBE-SFXS2LP1.4.0.0
2023-12-13 16:26:07,044 [WARN] PackLoader:240 - Cannot read IP mode file for STMicroelectronics.X-CUBE-ISPU.1.1.0
2023-12-13 16:26:07,057 [WARN] ConditionMgr:438 - getConditionDescription Invalid condition id : UX DEVICE CLASS RTOS Condition cause : null
2023-12-13 16:26:07,057 [WARN] ConditionMgr:438 - getConditionDescription Invalid condition id : UX DEVICE CLASS RTOS Condition cause : null
2023-12-13 16:26:07,059 [WARN] PackLoader:240 - Cannot read IP mode file for STMicroelectronics.X-CUBE-AZRTOS-WB.2.0.0
2023-12-13 16:26:07,060 [WARN] ConditionMgr:1039 - genDependencies : Invalid condition id : UX DEVICE CLASS RTOS Condition cause : null
2023-12-13 16:26:07,060 [WARN] ConditionMgr:1039 - genDependencies : Invalid condition id : UX DEVICE CLASS RTOS Condition cause : null
2023-12-13 16:26:07,061 [WARN] ConditionMgr:1039 - genDependencies : Invalid condition id : UX DEVICE CLASS RTOS Condition cause : null
2023-12-13 16:26:07,061 [WARN] ConditionMgr:1039 - genDependencies : Invalid condition id : UX DEVICE CLASS RTOS Condition cause : null
2023-12-13 16:26:07,061 [WARN] ConditionMgr:1039 - genDependencies : Invalid condition id : UX DEVICE CLASS RTOS Condition cause : null
2023-12-13 16:26:07,071 [WARN] PackLoader:240 - Cannot read IP mode file for STMicroelectronics.X-CUBE-SUBG2.5.0.0
2023-12-13 16:26:07,087 [WARN] PackLoader:240 - Cannot read IP mode file for STMicroelectronics.X-CUBE-TOF1.3.3.1
2023-12-13 16:26:07,133 [WARN] PackLoader:240 - Cannot read IP mode file for STMicroelectronics.X-CUBE-AZRTOS-G4.2.0.0
2023-12-13 16:26:07,162 [WARN] PackLoader:240 - Cannot read IP mode file for Infineon.AIROC-Wi-Fi-Bluetooth-STM32.1.5.1
2023-12-13 16:26:07,169 [WARN] PackLoader:240 - Cannot read IP mode file for STMicroelectronics.FP-SNS-MOTENVWB1.1.3.0
2023-12-13 16:26:07,173 [WARN] PackLoader:240 - Cannot read IP mode file for STMicroelectronics.FP-SNS-MOTENVWB1.1.3.1
2023-12-13 16:26:07,211 [WARN] PackLoader:240 - Cannot read IP mode file for STMicroelectronics.X-CUBE-MEMS1.10.0.0
2023-12-13 16:26:07,328 [WARN] PackLoader:240 - Cannot read IP mode file for STMicroelectronics.X-CUBE-FREERTOS.1.1.0
2023-12-13 16:26:07,336 [WARN] PackLoader:240 - Cannot read IP mode file for portGmbH.I-Cube-SoM-uGOAL.1.1.0
2023-12-13 16:26:07,342 [WARN] PackLoader:240 - Cannot read IP mode file for STMicroelectronics.X-CUBE-ALS.1.0.1
2023-12-13 16:26:07,352 [WARN] PackLoader:240 - Cannot read IP mode file for STMicroelectronics.FP-ATR-ASTRA1.2.0.0
2023-12-13 16:26:07,454 [WARN] PackLoader:240 - Cannot read IP mode file for STMicroelectronics.X-CUBE-TOF1.3.4.0
2023-12-13 16:26:07,465 [INFO] ThirdParty:978 - Integrity check success = true
2023-12-13 16:26:07,465 [INFO] IntegrityCheckThread:100 - exiting critical section [integrity check]
2023-12-13 16:26:07,465 [INFO] IntegrityCheckThread:103 - End integrity checks thread
2023-12-13 16:26:24,625 [ERROR] LogOutputStream:75 - [STDERR_REDIRECT] SLF4J: Failed to load class "org.slf4j.impl.StaticLoggerBinder".
2023-12-13 16:26:24,626 [ERROR] LogOutputStream:75 - [STDERR_REDIRECT] SLF4J: Defaulting to no-operation (NOP) logger implementation
2023-12-13 16:26:24,627 [ERROR] LogOutputStream:75 - [STDERR_REDIRECT] SLF4J: See http://www.slf4j.org/codes.html#StaticLoggerBinder for further details.
