2023-12-21 08:20:56,502 [INFO] Activator:176 - 


2023-12-21 08:20:56,533 [INFO] Activator:177 - !SESSION log4j initialized
2023-12-21 08:21:10,079 [INFO] LogOutputStream:77 - [STDOUT_REDIRECT] 
2023-12-21 08:21:13,934 [INFO] ApplicationProperties:184 - Using Application install path: C:\ST\STM32CubeIDE_1.12.1\STM32CubeIDE\plugins\com.st.stm32cube.common.mx_6.9.2.202309101412
2023-12-21 08:21:14,002 [INFO] DbMcusXml:78 - Set database path to: C:\ST\STM32CubeIDE_1.12.1\STM32CubeIDE\plugins\com.st.stm32cube.common.mx_6.9.2.202309101412\\db\/mcu/
2023-12-21 08:21:14,002 [INFO] ApiDb:274 - Set plugin database path to: C:\ST\STM32CubeIDE_1.12.1\STM32CubeIDE\plugins\com.st.stm32cube.common.mx_6.9.2.202309101412\\db\/plugins/boardmanager/
2023-12-21 08:21:14,010 [WARN] ApiDb:259 - Overriding images path with different value:  => C:\ST\STM32CubeIDE_1.12.1\STM32CubeIDE\plugins\com.st.stm32cube.common.mx_6.9.2.202309101412\\db\/plugins/mcufinder/images/
2023-12-21 08:21:14,080 [INFO] ApiDb:250 - Set database path to: C:\Users\TAMRD\.stmcufinder\plugins\mcufinder//mcu/
2023-12-21 08:21:14,081 [INFO] DbMcusAds:125 - Set database path to: C:\Users\TAMRD\.stmcufinder\plugins\mcufinder//mcu/
2023-12-21 08:21:14,083 [INFO] CrossReferenceDbSqlite:203 - Set database path to: C:\Users\TAMRD\.stmcufinder\plugins\mcufinder//mcu/cs/
2023-12-21 08:21:14,241 [INFO] RulesReader:64 - Compatibility file has been processed (293 Rules)
2023-12-21 08:21:14,482 [INFO] DbMcusXml:78 - Set database path to: C:\ST\STM32CubeIDE_1.12.1\STM32CubeIDE\plugins\com.st.stm32cube.common.mx_6.9.2.202309101412\\db\/mcu/
2023-12-21 08:21:14,482 [INFO] ApiDb:274 - Set plugin database path to: C:\ST\STM32CubeIDE_1.12.1\STM32CubeIDE\plugins\com.st.stm32cube.common.mx_6.9.2.202309101412\\db\/plugins/boardmanager/
2023-12-21 08:21:14,482 [INFO] ApiDb:261 - Set plugin images path to: C:\ST\STM32CubeIDE_1.12.1\STM32CubeIDE\plugins\com.st.stm32cube.common.mx_6.9.2.202309101412\\db\/plugins/mcufinder/images/
2023-12-21 08:21:14,482 [WARN] DbFile:41 - Overriding database path with different value: C:\Users\TAMRD\.stmcufinder\plugins\mcufinder/ => C:\Users\TAMRD\.stmcufinder\plugins\mcufinder
2023-12-21 08:21:14,483 [INFO] ApiDb:250 - Set database path to: C:\Users\TAMRD\.stmcufinder\plugins\mcufinder//mcu/
2023-12-21 08:21:14,483 [WARN] DbFile:41 - Overriding database path with different value: C:\Users\TAMRD\.stmcufinder\plugins\mcufinder/ => C:\Users\TAMRD\.stmcufinder\plugins\mcufinder
2023-12-21 08:21:14,483 [INFO] DbMcusAds:125 - Set database path to: C:\Users\TAMRD\.stmcufinder\plugins\mcufinder//mcu/
2023-12-21 08:21:14,483 [WARN] DbFile:41 - Overriding database path with different value: C:\Users\TAMRD\.stmcufinder\plugins\mcufinder/ => C:\Users\TAMRD\.stmcufinder\plugins\mcufinder
2023-12-21 08:21:14,483 [WARN] DbFile:41 - Overriding database path with different value: C:\Users\TAMRD\.stmcufinder\plugins\mcufinder/ => C:\Users\TAMRD\.stmcufinder\plugins\mcufinder
2023-12-21 08:21:14,483 [INFO] CrossReferenceDbSqlite:203 - Set database path to: C:\Users\TAMRD\.stmcufinder\plugins\mcufinder//mcu/cs/
2023-12-21 08:21:14,601 [INFO] MainPanel:262 - HeapMemory: 268435456
2023-12-21 08:21:14,825 [INFO] DbMcusXml:78 - Set database path to: C:\ST\STM32CubeIDE_1.12.1\STM32CubeIDE\plugins\com.st.stm32cube.common.mx_6.9.2.202309101412\\db\/mcu/
2023-12-21 08:21:14,825 [INFO] ApiDb:274 - Set plugin database path to: C:\ST\STM32CubeIDE_1.12.1\STM32CubeIDE\plugins\com.st.stm32cube.common.mx_6.9.2.202309101412\\db\/plugins/boardmanager/
2023-12-21 08:21:14,825 [INFO] ApiDb:261 - Set plugin images path to: C:\ST\STM32CubeIDE_1.12.1\STM32CubeIDE\plugins\com.st.stm32cube.common.mx_6.9.2.202309101412\\db\/plugins/mcufinder/images/
2023-12-21 08:21:14,826 [WARN] DbFile:41 - Overriding database path with different value: C:\Users\TAMRD\.stmcufinder\plugins\mcufinder/ => C:\Users\TAMRD\.stmcufinder\plugins\mcufinder
2023-12-21 08:21:14,826 [INFO] ApiDb:250 - Set database path to: C:\Users\TAMRD\.stmcufinder\plugins\mcufinder//mcu/
2023-12-21 08:21:14,826 [WARN] DbFile:41 - Overriding database path with different value: C:\Users\TAMRD\.stmcufinder\plugins\mcufinder/ => C:\Users\TAMRD\.stmcufinder\plugins\mcufinder
2023-12-21 08:21:14,826 [INFO] DbMcusAds:125 - Set database path to: C:\Users\TAMRD\.stmcufinder\plugins\mcufinder//mcu/
2023-12-21 08:21:14,827 [WARN] DbFile:41 - Overriding database path with different value: C:\Users\TAMRD\.stmcufinder\plugins\mcufinder/ => C:\Users\TAMRD\.stmcufinder\plugins\mcufinder
2023-12-21 08:21:14,827 [WARN] DbFile:41 - Overriding database path with different value: C:\Users\TAMRD\.stmcufinder\plugins\mcufinder/ => C:\Users\TAMRD\.stmcufinder\plugins\mcufinder
2023-12-21 08:21:14,827 [INFO] CrossReferenceDbSqlite:203 - Set database path to: C:\Users\TAMRD\.stmcufinder\plugins\mcufinder//mcu/cs/
2023-12-21 08:21:14,871 [INFO] ApplicationProperties:184 - Using Application install path: C:\ST\STM32CubeIDE_1.12.1\STM32CubeIDE\plugins\com.st.stm32cube.common.mx_6.9.2.202309101412
2023-12-21 08:21:14,873 [INFO] PluginManage:196 - Search for loadable plugins [exclusion list=, ]
2023-12-21 08:21:14,897 [INFO] PluginManage:310 - Check plugin analytics
2023-12-21 08:21:15,216 [INFO] AnalyticsPlugin:253 - Accepted Software Licenses: 
2023-12-21 08:21:15,217 [INFO] AnalyticsPlugin:255 - Accepted CMSIS Pack Licenses: 
2023-12-21 08:21:15,217 [INFO] AnalyticsPlugin:257 - Accepted Firmware Licenses: 
2023-12-21 08:21:15,223 [INFO] PluginManage:359 - Loaded plugin analytics (category:tool,tabindex:-1)
2023-12-21 08:21:15,224 [INFO] PluginManage:310 - Check plugin cadmodel
2023-12-21 08:21:15,269 [INFO] CADModel:105 - Init CAD model plugin
2023-12-21 08:21:15,269 [INFO] PluginManage:359 - Loaded plugin cadmodel (category:power,tabindex:5)
2023-12-21 08:21:15,269 [INFO] PluginManage:310 - Check plugin clock
2023-12-21 08:21:15,308 [INFO] PluginManage:359 - Loaded plugin clock (category:base,tabindex:2)
2023-12-21 08:21:15,309 [INFO] PluginManage:310 - Check plugin ddr
2023-12-21 08:21:15,320 [INFO] PluginManage:359 - Loaded plugin ddr (category:tool,tabindex:6)
2023-12-21 08:21:15,320 [INFO] PluginManage:310 - Check plugin filemanager
2023-12-21 08:21:15,604 [INFO] PluginManage:359 - Loaded plugin filemanager (category:base,tabindex:10)
2023-12-21 08:21:15,605 [INFO] PluginManage:310 - Check plugin ipmanager
2023-12-21 08:21:15,636 [INFO] PluginManage:359 - Loaded plugin ipmanager (category:base,tabindex:5)
2023-12-21 08:21:15,636 [INFO] PluginManage:310 - Check plugin lpbam
2023-12-21 08:21:15,659 [INFO] PluginManage:359 - Loaded plugin lpbam (category:base,tabindex:0)
2023-12-21 08:21:15,659 [INFO] PluginManage:310 - Check plugin memorymap
2023-12-21 08:21:15,718 [INFO] PluginManage:359 - Loaded plugin memorymap (category:base,tabindex:4)
2023-12-21 08:21:15,718 [INFO] PluginManage:310 - Check plugin pinoutandconfiguration
2023-12-21 08:21:15,748 [INFO] PluginManage:359 - Loaded plugin pinoutandconfiguration (category:base,tabindex:1)
2023-12-21 08:21:15,748 [INFO] PluginManage:310 - Check plugin pinoutconfig
2023-12-21 08:21:15,914 [WARN] SupportedApi:132 - Cannot load RTOS API schema: s4s-elt-must-match.1: The content of 'definitions' must match (annotation?, (simpleType | complexType)?, (unique | key | keyref)*)). A problem was found starting at: attribute.
2023-12-21 08:21:16,093 [INFO] PluginManage:359 - Loaded plugin pinoutconfig (category:base,tabindex:0)
2023-12-21 08:21:16,093 [INFO] PluginManage:310 - Check plugin power
2023-12-21 08:21:16,133 [INFO] PluginManage:359 - Loaded plugin power (category:power,tabindex:4)
2023-12-21 08:21:16,134 [INFO] PluginManage:310 - Check plugin projectmanager
2023-12-21 08:21:16,162 [INFO] PluginManage:359 - Loaded plugin projectmanager (category:projectmanager,tabindex:3)
2023-12-21 08:21:16,163 [INFO] PluginManage:310 - Check plugin thirdparty
2023-12-21 08:21:16,518 [WARN] IntegrityCheckThread:84 - waiting for thirdparty lock release [integrity check]
2023-12-21 08:21:16,519 [INFO] IntegrityCheckThread:86 - entering critical section [integrity check]
2023-12-21 08:21:16,519 [INFO] ThirdPartyUpdaterWithRetryManager:70 - Updater plugin not ready yet. [1/15]
2023-12-21 08:21:16,520 [INFO] PluginManage:359 - Loaded plugin thirdparty (category:base,tabindex:-1)
2023-12-21 08:21:16,521 [INFO] PluginManage:310 - Check plugin tools
2023-12-21 08:21:16,556 [INFO] PluginManage:359 - Loaded plugin tools (category:base,tabindex:7)
2023-12-21 08:21:16,557 [INFO] PluginManage:310 - Check plugin tutovideos
2023-12-21 08:21:16,858 [INFO] PluginManage:359 - Loaded plugin tutovideos (category:base,tabindex:-1)
2023-12-21 08:21:16,859 [INFO] PluginManage:310 - Check plugin updater
2023-12-21 08:21:16,893 [INFO] PluginManage:359 - Loaded plugin updater (category:base,tabindex:12)
2023-12-21 08:21:16,894 [INFO] PluginManage:310 - Check plugin userauth
2023-12-21 08:21:16,923 [INFO] UserAuth:113 - Init User Auth plugin
2023-12-21 08:21:16,923 [INFO] PluginManage:359 - Loaded plugin userauth (category:base,tabindex:14)
2023-12-21 08:21:16,924 [INFO] PluginManage:283 - PluginManage : Loaded plugins [17]
2023-12-21 08:21:17,466 [INFO] PinOutPanel:1499 - setPackage(No Configuration,No Configuration)
2023-12-21 08:21:17,843 [INFO] CADModel:165 - CPN selected for project level
2023-12-21 08:21:17,843 [INFO] CADModel:114 - Register for checkConnection events
2023-12-21 08:21:17,925 [INFO] IPUIPlugin:80 - create IPUIPlugin
2023-12-21 08:21:17,926 [INFO] PluginManager:220 - loadIPPluginJar : add adc
2023-12-21 08:21:17,938 [INFO] IPUIPlugin:80 - create IPUIPlugin
2023-12-21 08:21:17,938 [INFO] PluginManager:220 - loadIPPluginJar : add aes
2023-12-21 08:21:17,954 [INFO] IPUIPlugin:80 - create IPUIPlugin
2023-12-21 08:21:17,955 [INFO] PluginManager:220 - loadIPPluginJar : add can
2023-12-21 08:21:17,966 [INFO] IPUIPlugin:80 - create IPUIPlugin
2023-12-21 08:21:17,968 [INFO] PluginManager:220 - loadIPPluginJar : add comp
2023-12-21 08:21:17,984 [INFO] IPUIPlugin:80 - create IPUIPlugin
2023-12-21 08:21:17,985 [INFO] PluginManager:220 - loadIPPluginJar : add cryp
2023-12-21 08:21:17,992 [INFO] IPUIPlugin:80 - create IPUIPlugin
2023-12-21 08:21:17,993 [INFO] PluginManager:220 - loadIPPluginJar : add dfsdm
2023-12-21 08:21:18,012 [INFO] IPUIPlugin:80 - create IPUIPlugin
2023-12-21 08:21:18,013 [INFO] PluginManager:220 - loadIPPluginJar : add dma
2023-12-21 08:21:18,029 [INFO] IPUIPlugin:80 - create IPUIPlugin
2023-12-21 08:21:18,029 [INFO] PluginManager:220 - loadIPPluginJar : add dma3
2023-12-21 08:21:18,041 [INFO] IPUIPlugin:80 - create IPUIPlugin
2023-12-21 08:21:18,041 [INFO] PluginManager:220 - loadIPPluginJar : add fatfs
2023-12-21 08:21:18,059 [INFO] IPUIPlugin:80 - create IPUIPlugin
2023-12-21 08:21:18,059 [INFO] PluginManager:220 - loadIPPluginJar : add fmc
2023-12-21 08:21:18,080 [INFO] IPUIPlugin:80 - create IPUIPlugin
2023-12-21 08:21:18,080 [INFO] PluginManager:220 - loadIPPluginJar : add freertos
2023-12-21 08:21:18,088 [INFO] IPUIPlugin:80 - create IPUIPlugin
2023-12-21 08:21:18,088 [INFO] PluginManager:220 - loadIPPluginJar : add genericplugin
2023-12-21 08:21:18,105 [INFO] IPUIPlugin:80 - create IPUIPlugin
2023-12-21 08:21:18,105 [INFO] PluginManager:220 - loadIPPluginJar : add gfxmmu
2023-12-21 08:21:18,120 [INFO] IPUIPlugin:80 - create IPUIPlugin
2023-12-21 08:21:18,121 [INFO] PluginManager:220 - loadIPPluginJar : add gic
2023-12-21 08:21:18,138 [INFO] IPUIPlugin:80 - create IPUIPlugin
2023-12-21 08:21:18,138 [INFO] PluginManager:220 - loadIPPluginJar : add gpio
2023-12-21 08:21:18,153 [INFO] IPUIPlugin:80 - create IPUIPlugin
2023-12-21 08:21:18,153 [INFO] PluginManager:220 - loadIPPluginJar : add gtzc
2023-12-21 08:21:18,164 [INFO] IPUIPlugin:80 - create IPUIPlugin
2023-12-21 08:21:18,164 [INFO] PluginManager:220 - loadIPPluginJar : add hash
2023-12-21 08:21:18,172 [INFO] IPUIPlugin:80 - create IPUIPlugin
2023-12-21 08:21:18,172 [INFO] PluginManager:220 - loadIPPluginJar : add i2c
2023-12-21 08:21:18,180 [INFO] IPUIPlugin:80 - create IPUIPlugin
2023-12-21 08:21:18,180 [INFO] PluginManager:220 - loadIPPluginJar : add i2s
2023-12-21 08:21:18,194 [INFO] IPUIPlugin:80 - create IPUIPlugin
2023-12-21 08:21:18,194 [INFO] PluginManager:220 - loadIPPluginJar : add i3c
2023-12-21 08:21:18,205 [INFO] IPUIPlugin:80 - create IPUIPlugin
2023-12-21 08:21:18,205 [INFO] PluginManager:220 - loadIPPluginJar : add ipddr
2023-12-21 08:21:18,233 [INFO] IPUIPlugin:80 - create IPUIPlugin
2023-12-21 08:21:18,233 [INFO] PluginManager:220 - loadIPPluginJar : add linkedlist
2023-12-21 08:21:18,248 [INFO] IPUIPlugin:80 - create IPUIPlugin
2023-12-21 08:21:18,249 [INFO] PluginManager:220 - loadIPPluginJar : add lorawan
2023-12-21 08:21:18,254 [INFO] IPUIPlugin:80 - create IPUIPlugin
2023-12-21 08:21:18,254 [INFO] PluginManager:220 - loadIPPluginJar : add ltdc
2023-12-21 08:21:18,272 [INFO] IPUIPlugin:80 - create IPUIPlugin
2023-12-21 08:21:18,273 [INFO] PluginManager:220 - loadIPPluginJar : add mdma
2023-12-21 08:21:18,305 [INFO] IPUIPlugin:80 - create IPUIPlugin
2023-12-21 08:21:18,306 [INFO] PluginManager:220 - loadIPPluginJar : add nvic
2023-12-21 08:21:18,319 [INFO] IPUIPlugin:80 - create IPUIPlugin
2023-12-21 08:21:18,319 [INFO] PluginManager:220 - loadIPPluginJar : add opamp
2023-12-21 08:21:18,335 [INFO] IPUIPlugin:80 - create IPUIPlugin
2023-12-21 08:21:18,335 [INFO] PluginManager:220 - loadIPPluginJar : add openamp
2023-12-21 08:21:18,348 [INFO] IPUIPlugin:80 - create IPUIPlugin
2023-12-21 08:21:18,348 [INFO] PluginManager:220 - loadIPPluginJar : add pdm2pcm
2023-12-21 08:21:18,384 [INFO] IPUIPlugin:80 - create IPUIPlugin
2023-12-21 08:21:18,387 [INFO] PluginManager:220 - loadIPPluginJar : add plateformsettings
2023-12-21 08:21:18,389 [INFO] IPUIPlugin:80 - create IPUIPlugin
2023-12-21 08:21:18,389 [INFO] PluginManager:220 - loadIPPluginJar : add quadspi
2023-12-21 08:21:18,417 [INFO] IPUIPlugin:80 - create IPUIPlugin
2023-12-21 08:21:18,417 [INFO] PluginManager:220 - loadIPPluginJar : add resmgrutility
2023-12-21 08:21:18,450 [INFO] IPUIPlugin:80 - create IPUIPlugin
2023-12-21 08:21:18,450 [INFO] PluginManager:220 - loadIPPluginJar : add sai
2023-12-21 08:21:18,466 [INFO] IPUIPlugin:80 - create IPUIPlugin
2023-12-21 08:21:18,466 [INFO] PluginManager:220 - loadIPPluginJar : add spi
2023-12-21 08:21:18,480 [INFO] IPUIPlugin:80 - create IPUIPlugin
2023-12-21 08:21:18,480 [INFO] PluginManager:220 - loadIPPluginJar : add stm32_wpan
2023-12-21 08:21:18,482 [INFO] IPUIPlugin:80 - create IPUIPlugin
2023-12-21 08:21:18,483 [INFO] PluginManager:220 - loadIPPluginJar : add tim
2023-12-21 08:21:18,491 [INFO] IPUIPlugin:80 - create IPUIPlugin
2023-12-21 08:21:18,491 [INFO] PluginManager:220 - loadIPPluginJar : add touchsensing
2023-12-21 08:21:18,501 [INFO] IPUIPlugin:80 - create IPUIPlugin
2023-12-21 08:21:18,502 [INFO] PluginManager:220 - loadIPPluginJar : add tracer_emb
2023-12-21 08:21:18,510 [INFO] IPUIPlugin:80 - create IPUIPlugin
2023-12-21 08:21:18,510 [INFO] PluginManager:220 - loadIPPluginJar : add ts
2023-12-21 08:21:18,516 [INFO] IPUIPlugin:80 - create IPUIPlugin
2023-12-21 08:21:18,516 [INFO] PluginManager:220 - loadIPPluginJar : add tsc
2023-12-21 08:21:18,527 [INFO] IPUIPlugin:80 - create IPUIPlugin
2023-12-21 08:21:18,527 [INFO] PluginManager:220 - loadIPPluginJar : add ucpd
2023-12-21 08:21:18,531 [INFO] IPUIPlugin:80 - create IPUIPlugin
2023-12-21 08:21:18,531 [INFO] PluginManager:220 - loadIPPluginJar : add usart
2023-12-21 08:21:18,541 [INFO] IPUIPlugin:80 - create IPUIPlugin
2023-12-21 08:21:18,541 [INFO] PluginManager:220 - loadIPPluginJar : add usbx
2023-12-21 08:21:18,694 [INFO] CADModel:165 - CPN selected for project level
2023-12-21 08:21:18,694 [INFO] CADModel:114 - Register for checkConnection events
2023-12-21 08:21:18,694 [FATAL] Updater:308 - Updater called before beeing initialized
2023-12-21 08:21:18,694 [ERROR] CADModel:125 - Updater not yet initialized, retry later 
2023-12-21 08:21:19,120 [INFO] CADModel:165 - CPN selected for project level
2023-12-21 08:21:19,120 [INFO] CADModel:114 - Register for checkConnection events
2023-12-21 08:21:19,120 [FATAL] Updater:308 - Updater called before beeing initialized
2023-12-21 08:21:19,120 [ERROR] CADModel:125 - Updater not yet initialized, retry later 
2023-12-21 08:21:19,128 [FATAL] Updater:308 - Updater called before beeing initialized
2023-12-21 08:21:19,316 [FATAL] Updater:308 - Updater called before beeing initialized
2023-12-21 08:21:19,323 [INFO] DbMcusAds:53 - JSON generation date=Wed Nov 29 17:52:27 ICT 2023 (1701255147349)
2023-12-21 08:21:19,323 [FATAL] Updater:308 - Updater called before beeing initialized
2023-12-21 08:21:19,452 [WARN] DetailPanel:346 - Failed to get advertising image, set to default
2023-12-21 08:21:19,523 [INFO] ThirdPartyUpdaterWithRetryManager:70 - Updater plugin not ready yet. [2/15]
2023-12-21 08:21:19,594 [FATAL] Updater:308 - Updater called before beeing initialized
2023-12-21 08:21:19,596 [FATAL] Updater:308 - Updater called before beeing initialized
2023-12-21 08:21:19,597 [FATAL] Updater:308 - Updater called before beeing initialized
2023-12-21 08:21:19,597 [WARN] DetailPanel:346 - Failed to get advertising image, set to default
2023-12-21 08:21:19,598 [FATAL] Updater:308 - Updater called before beeing initialized
2023-12-21 08:21:19,724 [ERROR] Updater:1120 - MainUpdater not yet initialized. External WinMGr cannot be set.
2023-12-21 08:21:19,733 [INFO] Updater:1056 - Updater Version found : 6.9.2
2023-12-21 08:21:19,790 [INFO] ApplicationProperties:184 - Using Application install path: C:\ST\STM32CubeIDE_1.12.1\STM32CubeIDE\plugins\com.st.stm32cube.common.mx_6.9.2.202309101412
2023-12-21 08:21:20,706 [INFO] MainUpdater:2868 - connection check result : 10
2023-12-21 08:21:20,707 [INFO] MainUpdater:285 - Updater Check For Update Now.
2023-12-21 08:21:20,707 [INFO] MicroXplorer:498 - Change Database Version : DB.6.0.92
2023-12-21 08:21:20,729 [INFO] McuFinderGlobals:63 - Set McuFinder mode to 2 (CubeIDE integrated)
2023-12-21 08:21:21,072 [INFO] CheckServerUpdateThread:120 - End of CheckServer Thread
2023-12-21 08:21:22,968 [WARN] PackLoader:240 - Cannot read IP mode file for STMicroelectronics.X-CUBE-SMBUS.2.1.0
2023-12-21 08:21:22,982 [WARN] PackLoader:240 - Cannot read IP mode file for STMicroelectronics.X-CUBE-TOUCHGFX.4.23.0
2023-12-21 08:21:23,062 [WARN] PackLoader:240 - Cannot read IP mode file for STMicroelectronics.X-CUBE-AZRTOS-F7.1.1.0
2023-12-21 08:21:23,087 [WARN] PackLoader:240 - Cannot read IP mode file for STMicroelectronics.FP-SNS-MOTENV1.4.3.2
2023-12-21 08:21:23,107 [WARN] PackLoader:240 - Cannot read IP mode file for STMicroelectronics.FP-SNS-FLIGHT1.5.0.2
2023-12-21 08:21:23,127 [WARN] PackLoader:240 - Cannot read IP mode file for STMicroelectronics.X-CUBE-DISPLAY.3.0.0
2023-12-21 08:21:23,141 [WARN] PackLoader:240 - Cannot read IP mode file for STMicroelectronics.X-CUBE-BLE1.7.0.0
2023-12-21 08:21:23,158 [WARN] PackLoader:240 - Cannot read IP mode file for emotas.I-CUBE-CANOPEN.1.3.0
2023-12-21 08:21:23,169 [WARN] PackLoader:240 - Cannot read IP mode file for STMicroelectronics.X-CUBE-TOUCHGFX.4.22.0
2023-12-21 08:21:23,177 [WARN] PackLoader:240 - Cannot read IP mode file for STMicroelectronics.X-CUBE-TOUCHGFX.4.22.1
2023-12-21 08:21:23,192 [WARN] PackLoader:240 - Cannot read IP mode file for STMicroelectronics.FP-SNS-SMARTAG2.1.2.0
2023-12-21 08:21:23,217 [INFO] LogOutputStream:77 - [STDOUT_REDIRECT] 1 : Invalid condition id : UX_CORESTACK_Condition cause : null
2023-12-21 08:21:23,218 [INFO] LogOutputStream:77 - [STDOUT_REDIRECT] 1 : Invalid condition id : UX_CORESTACK_Condition cause : null
2023-12-21 08:21:23,219 [INFO] LogOutputStream:77 - [STDOUT_REDIRECT] 1 : Invalid condition id : UX_CORESTACK_Condition cause : null
2023-12-21 08:21:23,222 [INFO] LogOutputStream:77 - [STDOUT_REDIRECT] 1 : Invalid condition id : UX_CORESTACK_Condition cause : null
2023-12-21 08:21:23,223 [INFO] LogOutputStream:77 - [STDOUT_REDIRECT] 1 : Invalid condition id : UX_CORESTACK_Condition cause : null
2023-12-21 08:21:23,229 [WARN] PackLoader:240 - Cannot read IP mode file for STMicroelectronics.X-CUBE-AZRTOS-WL.2.0.0
2023-12-21 08:21:23,283 [WARN] PackLoader:240 - Cannot read IP mode file for WES.I-CUBE-Cesium.1.3.0
2023-12-21 08:21:23,308 [WARN] PackLoader:240 - Cannot read IP mode file for STMicroelectronics.X-CUBE-BLE2.3.3.0
2023-12-21 08:21:23,328 [WARN] PackLoader:240 - Cannot read IP mode file for STMicroelectronics.X-CUBE-ALGOBUILD.1.3.0
2023-12-21 08:21:23,359 [WARN] PackLoader:240 - Cannot read IP mode file for STMicroelectronics.X-CUBE-AZRTOS-G0.1.1.0
2023-12-21 08:21:23,388 [WARN] PackLoader:240 - Cannot read IP mode file for STMicroelectronics.X-CUBE-NFC4.3.0.0
2023-12-21 08:21:23,441 [WARN] PackLoader:240 - Cannot read IP mode file for STMicroelectronics.X-CUBE-BLEMGR.3.0.0
2023-12-21 08:21:23,461 [WARN] PackLoader:240 - Cannot read IP mode file for STMicroelectronics.FP-ATR-SIGFOX1.3.2.0
2023-12-21 08:21:23,575 [WARN] PackLoader:240 - Cannot read IP mode file for SEGGER.I-CUBE-embOS.1.3.1
2023-12-21 08:21:23,878 [WARN] PackLoader:240 - Cannot read IP mode file for STMicroelectronics.X-CUBE-GNSS1.6.0.0
2023-12-21 08:21:23,906 [WARN] PackLoader:240 - Cannot read IP mode file for STMicroelectronics.X-CUBE-AZRTOS-F4.1.1.0
2023-12-21 08:21:23,913 [WARN] PackLoader:240 - Cannot read IP mode file for wolfSSL.I-CUBE-wolfSSL.5.6.3
2023-12-21 08:21:23,945 [WARN] PackLoader:240 - Cannot read IP mode file for STMicroelectronics.X-CUBE-AZRTOS-L5.2.0.0
2023-12-21 08:21:24,040 [WARN] PackLoader:240 - Cannot read IP mode file for STMicroelectronics.X-CUBE-MEMS1.9.6.0
2023-12-21 08:21:24,285 [WARN] PackLoader:240 - Cannot read IP mode file for STMicroelectronics.X-CUBE-EEPRMA1.4.2.0
2023-12-21 08:21:24,298 [WARN] PackLoader:240 - Cannot read IP mode file for ITTIA_DB.I-CUBE-ITTIADB.8.8.0
2023-12-21 08:21:24,318 [WARN] PackLoader:240 - Cannot read IP mode file for STMicroelectronics.X-CUBE-BLEMGR.2.0.0
2023-12-21 08:21:24,348 [WARN] ConditionMgr:438 - getConditionDescription Invalid condition id : UX DEVICE CLASS RTOS Condition cause : null
2023-12-21 08:21:24,348 [WARN] ConditionMgr:438 - getConditionDescription Invalid condition id : UX DEVICE CLASS RTOS Condition cause : null
2023-12-21 08:21:24,351 [WARN] PackLoader:240 - Cannot read IP mode file for STMicroelectronics.X-CUBE-AZRTOS-H7.3.1.0
2023-12-21 08:21:24,352 [WARN] ConditionMgr:1039 - genDependencies : Invalid condition id : UX DEVICE CLASS RTOS Condition cause : null
2023-12-21 08:21:24,352 [WARN] ConditionMgr:1039 - genDependencies : Invalid condition id : UX DEVICE CLASS RTOS Condition cause : null
2023-12-21 08:21:24,353 [WARN] ConditionMgr:1039 - genDependencies : Invalid condition id : UX DEVICE CLASS RTOS Condition cause : null
2023-12-21 08:21:24,353 [WARN] ConditionMgr:1039 - genDependencies : Invalid condition id : UX DEVICE CLASS RTOS Condition cause : null
2023-12-21 08:21:24,353 [WARN] ConditionMgr:1039 - genDependencies : Invalid condition id : UX DEVICE CLASS RTOS Condition cause : null
2023-12-21 08:21:24,360 [WARN] PackLoader:240 - Cannot read IP mode file for STMicroelectronics.X-CUBE-NFC7.1.0.1
2023-12-21 08:21:24,405 [WARN] PackLoader:240 - Cannot read IP mode file for STMicroelectronics.X-CUBE-NFC6.3.0.0
2023-12-21 08:21:24,421 [WARN] PackLoader:240 - Cannot read IP mode file for STMicroelectronics.X-CUBE-EEPRMA1.4.1.0
2023-12-21 08:21:24,431 [WARN] PackLoader:240 - Cannot read IP mode file for STMicroelectronics.X-CUBE-AI.8.1.0
2023-12-21 08:21:24,476 [WARN] ConditionMgr:438 - getConditionDescription Invalid condition id : LAN8742 Phy interface Condition cause : null
2023-12-21 08:21:24,477 [WARN] PackLoader:240 - Cannot read IP mode file for STMicroelectronics.X-CUBE-AZRTOS-L4.2.0.0
2023-12-21 08:21:24,484 [WARN] ConditionMgr:1039 - genDependencies : Invalid condition id : LAN8742 Phy interface Condition cause : null
2023-12-21 08:21:24,484 [WARN] ConditionMgr:1039 - genDependencies : Invalid condition id : LAN8742 Phy interface Condition cause : null
2023-12-21 08:21:24,485 [WARN] ConditionMgr:1039 - genDependencies : Invalid condition id : LAN8742 Phy interface Condition cause : null
2023-12-21 08:21:24,541 [WARN] PackLoader:240 - Cannot read IP mode file for STMicroelectronics.X-CUBE-SFXS2LP1.4.0.0
2023-12-21 08:21:24,558 [WARN] PackLoader:240 - Cannot read IP mode file for STMicroelectronics.X-CUBE-ISPU.1.1.0
2023-12-21 08:21:24,619 [WARN] ConditionMgr:438 - getConditionDescription Invalid condition id : UX DEVICE CLASS RTOS Condition cause : null
2023-12-21 08:21:24,620 [WARN] ConditionMgr:438 - getConditionDescription Invalid condition id : UX DEVICE CLASS RTOS Condition cause : null
2023-12-21 08:21:24,622 [WARN] PackLoader:240 - Cannot read IP mode file for STMicroelectronics.X-CUBE-AZRTOS-WB.2.0.0
2023-12-21 08:21:24,623 [WARN] ConditionMgr:1039 - genDependencies : Invalid condition id : UX DEVICE CLASS RTOS Condition cause : null
2023-12-21 08:21:24,623 [WARN] ConditionMgr:1039 - genDependencies : Invalid condition id : UX DEVICE CLASS RTOS Condition cause : null
2023-12-21 08:21:24,624 [WARN] ConditionMgr:1039 - genDependencies : Invalid condition id : UX DEVICE CLASS RTOS Condition cause : null
2023-12-21 08:21:24,624 [WARN] ConditionMgr:1039 - genDependencies : Invalid condition id : UX DEVICE CLASS RTOS Condition cause : null
2023-12-21 08:21:24,624 [WARN] ConditionMgr:1039 - genDependencies : Invalid condition id : UX DEVICE CLASS RTOS Condition cause : null
2023-12-21 08:21:24,660 [WARN] PackLoader:240 - Cannot read IP mode file for STMicroelectronics.X-CUBE-SUBG2.5.0.0
2023-12-21 08:21:24,722 [WARN] PackLoader:240 - Cannot read IP mode file for STMicroelectronics.X-CUBE-TOF1.3.3.1
2023-12-21 08:21:24,850 [WARN] PackLoader:240 - Cannot read IP mode file for STMicroelectronics.X-CUBE-AZRTOS-G4.2.0.0
2023-12-21 08:21:24,878 [WARN] PackLoader:240 - Cannot read IP mode file for Infineon.AIROC-Wi-Fi-Bluetooth-STM32.1.5.1
2023-12-21 08:21:24,893 [WARN] PackLoader:240 - Cannot read IP mode file for STMicroelectronics.FP-SNS-MOTENVWB1.1.3.0
2023-12-21 08:21:24,911 [WARN] PackLoader:240 - Cannot read IP mode file for STMicroelectronics.FP-SNS-MOTENVWB1.1.3.1
2023-12-21 08:21:24,954 [WARN] PackLoader:240 - Cannot read IP mode file for STMicroelectronics.X-CUBE-MEMS1.10.0.0
2023-12-21 08:21:25,137 [WARN] PackLoader:240 - Cannot read IP mode file for STMicroelectronics.X-CUBE-FREERTOS.1.1.0
2023-12-21 08:21:25,143 [WARN] PackLoader:240 - Cannot read IP mode file for portGmbH.I-Cube-SoM-uGOAL.1.1.0
2023-12-21 08:21:25,156 [WARN] PackLoader:240 - Cannot read IP mode file for STMicroelectronics.X-CUBE-ALS.1.0.1
2023-12-21 08:21:25,179 [WARN] PackLoader:240 - Cannot read IP mode file for STMicroelectronics.FP-ATR-ASTRA1.2.0.0
2023-12-21 08:21:25,194 [WARN] PackLoader:240 - Cannot read IP mode file for STMicroelectronics.X-CUBE-TOF1.3.4.0
2023-12-21 08:21:25,230 [INFO] ThirdParty:978 - Integrity check success = true
2023-12-21 08:21:25,230 [INFO] IntegrityCheckThread:100 - exiting critical section [integrity check]
2023-12-21 08:21:25,230 [INFO] IntegrityCheckThread:103 - End integrity checks thread
2023-12-21 08:21:41,838 [ERROR] LogOutputStream:75 - [STDERR_REDIRECT] SLF4J: Failed to load class "org.slf4j.impl.StaticLoggerBinder".
2023-12-21 08:21:41,838 [ERROR] LogOutputStream:75 - [STDERR_REDIRECT] SLF4J: Defaulting to no-operation (NOP) logger implementation
2023-12-21 08:21:41,840 [ERROR] LogOutputStream:75 - [STDERR_REDIRECT] SLF4J: See http://www.slf4j.org/codes.html#StaticLoggerBinder for further details.
2023-12-21 15:26:59,502 [INFO] McuFinderGlobals:63 - Set McuFinder mode to 2 (CubeIDE integrated)
2023-12-21 15:27:00,933 [INFO] MainUpdater:2868 - connection check result : 10
2023-12-21 15:27:00,974 [INFO] MainUpdater:2868 - connection check result : 10
2023-12-21 15:27:03,861 [INFO] MicroXplorer:468 - Change Database Path : 
2023-12-21 15:27:03,861 [INFO] MicroXplorer:498 - Change Database Version : DB.6.0.92
2023-12-21 15:27:03,906 [WARN] ThirdParty:871 - waiting for thirdparty lock release [close project]
2023-12-21 15:27:03,906 [INFO] ThirdParty:873 - entering critical section [close project]
2023-12-21 15:27:04,126 [INFO] ThirdParty:883 - exiting critical section [close project]
2023-12-21 15:27:04,246 [INFO] PinOutPanel:1499 - setPackage(No Configuration,No Configuration)
2023-12-21 15:27:04,612 [INFO] UtilMem:75 - Begin LoadConfig() Used Memory: 810888472 Bytes (973078528)
2023-12-21 15:27:05,013 [INFO] MicroXplorer:468 - Change Database Path : C:/Users/TAMRD/.stm32cubemx/databases/DB.6.0.81/db/
2023-12-21 15:27:05,013 [INFO] MicroXplorer:498 - Change Database Version : DB.6.0.81
2023-12-21 15:27:07,197 [INFO] OpenFileManager:308 - Change cursor
2023-12-21 15:27:07,971 [INFO] Mcu:1946 - Initializing MCU STM32F103C(8-B)Tx STM32F103C8Tx STM32F103C8T6
2023-12-21 15:27:10,873 [INFO] Context:659 - Trying to add GPIOservice into a context  which must be forbidden
2023-12-21 15:27:12,255 [INFO] RtosManager:555 - Registered RTOS mode: class=CMSIS, group=RTOS, mode=CMSIS_V1, owner=FREERTOS
2023-12-21 15:27:12,255 [INFO] RtosManager:555 - Registered RTOS mode: class=CMSIS, group=RTOS2, mode=CMSIS_V2, owner=FREERTOS
2023-12-21 15:27:12,255 [INFO] RtosManager:555 - Registered RTOS mode: class=RTOS, group=Core, mode=CMSIS_V1, owner=FREERTOS
2023-12-21 15:27:12,255 [INFO] RtosManager:555 - Registered RTOS mode: class=RTOS, group=Core, mode=CMSIS_V2, owner=FREERTOS
2023-12-21 15:27:12,255 [WARN] ModelIntegratedComponent:184 - Missing modes for component STMicroelectronics:FreeRTOS:0.0.1:STMicroelectronics:RTOS:FreeRTOS:Core:::10.2.0:
2023-12-21 15:27:12,341 [WARN] ModelIntegratedComponent:63 - No mode defined for component null
2023-12-21 15:27:12,341 [WARN] ModelIntegratedComponent:63 - No mode defined for component null
2023-12-21 15:27:12,341 [WARN] ModelIntegratedComponent:63 - No mode defined for component null
2023-12-21 15:27:12,342 [WARN] ModelIntegratedComponent:63 - No mode defined for component null
2023-12-21 15:27:12,342 [WARN] ModelIntegratedComponent:63 - No mode defined for component null
2023-12-21 15:27:12,342 [WARN] ModelIntegratedComponent:63 - No mode defined for component null
2023-12-21 15:27:12,342 [WARN] ModelIntegratedComponent:63 - No mode defined for component null
2023-12-21 15:27:12,342 [WARN] ModelIntegratedComponent:63 - No mode defined for component null
2023-12-21 15:27:12,342 [WARN] ModelIntegratedComponent:63 - No mode defined for component null
2023-12-21 15:27:12,342 [WARN] ModelIntegratedComponent:63 - No mode defined for component null
2023-12-21 15:27:12,342 [WARN] ModelIntegratedComponent:63 - No mode defined for component null
2023-12-21 15:27:12,342 [WARN] ModelIntegratedComponent:63 - No mode defined for component null
2023-12-21 15:27:12,342 [WARN] ModelIntegratedComponent:63 - No mode defined for component null
2023-12-21 15:27:12,343 [WARN] ModelIntegratedComponent:63 - No mode defined for component null
2023-12-21 15:27:12,343 [WARN] ModelIntegratedComponent:63 - No mode defined for component null
2023-12-21 15:27:12,343 [WARN] ModelIntegratedComponent:63 - No mode defined for component null
2023-12-21 15:27:12,343 [WARN] ModelIntegratedComponent:63 - No mode defined for component null
2023-12-21 15:27:12,343 [WARN] ModelIntegratedComponent:63 - No mode defined for component null
2023-12-21 15:27:12,343 [WARN] ModelIntegratedComponent:63 - No mode defined for component null
2023-12-21 15:27:12,343 [WARN] ModelIntegratedComponent:63 - No mode defined for component null
2023-12-21 15:27:12,343 [WARN] ModelIntegratedComponent:63 - No mode defined for component null
2023-12-21 15:27:12,343 [WARN] ModelIntegratedComponent:63 - No mode defined for component null
2023-12-21 15:27:12,343 [WARN] ModelIntegratedComponent:63 - No mode defined for component null
2023-12-21 15:27:12,343 [WARN] ModelIntegratedComponent:63 - No mode defined for component null
2023-12-21 15:27:12,343 [WARN] ModelIntegratedComponent:63 - No mode defined for component null
2023-12-21 15:27:12,343 [WARN] ModelIntegratedComponent:63 - No mode defined for component null
2023-12-21 15:27:12,343 [WARN] ModelIntegratedComponent:63 - No mode defined for component null
2023-12-21 15:27:12,343 [WARN] ModelIntegratedComponent:63 - No mode defined for component null
2023-12-21 15:27:12,343 [WARN] ModelIntegratedComponent:63 - No mode defined for component null
2023-12-21 15:27:12,343 [WARN] ModelIntegratedComponent:63 - No mode defined for component null
2023-12-21 15:27:12,348 [WARN] ModelIntegratedComponent:63 - No mode defined for component null
2023-12-21 15:27:12,348 [WARN] ModelIntegratedComponent:63 - No mode defined for component null
2023-12-21 15:27:12,348 [WARN] ModelIntegratedComponent:63 - No mode defined for component null
2023-12-21 15:27:12,886 [INFO] ThirdPartyModel:298 - Start build external matchings
2023-12-21 15:27:13,831 [INFO] ThirdPartyModel:316 - End build external matchings
2023-12-21 15:27:13,904 [INFO] ImportTextPane:194 - (OptionalMessage_ERROR) IP (RCC) : Parameter (ADCFreqValue) has invalid value (36000000)
2023-12-21 15:27:13,904 [INFO] ImportTextPane:194 - (OptionalMessage_ERROR) IP (RCC) : Invalid parameter (FamilyName)
2023-12-21 15:27:13,905 [INFO] ImportTextPane:194 - (OptionalMessage_ERROR) IP (RCC) : Parameter (MCOFreq_Value) has invalid value (72000000)
2023-12-21 15:27:13,907 [INFO] ImportTextPane:194 - (OptionalMessage_ERROR) IP (RCC) : Parameter (USBFreq_Value) has invalid value (72000000)
2023-12-21 15:27:14,527 [INFO] UtilMem:75 - End LoadConfig() Used Memory: 665348192 Bytes (1050673152)
2023-12-21 15:27:15,211 [INFO] ApiDb:581 - Connected to CubeFinder SQLite database (C:\Users\TAMRD\.stmcufinder\plugins\mcufinder\mcu\cube-finder-db.db)
2023-12-21 15:27:15,398 [INFO] ApiDb:668 - CubeFinder database Data Model version=2.1
2023-12-21 15:27:15,399 [INFO] ApiDb:669 - CubeFinder database Configuration version=3.0.39
2023-12-21 15:27:15,400 [INFO] ApiDb:670 - CubeFinder database generation date=2023-11-06 (1699269565)
2023-12-21 15:27:15,400 [INFO] ApiDb:671 - CubeFinder database FW Pack versions=[FP-ATR-ASTRA1_V2.0.0, FP-SNS-FLIGHT1_V5.0.1, FP-SNS-FLIGHT1_V5.0.2, FP-SNS-MOTENV1_V4.3.1, FP-SNS-MOTENV1_V4.3.2, FP-SNS-MOTENVWB1_V1.3.0, FP-SNS-SMARTAG2_V1.2.0, STM32Cube_FW_C0_V1.1.0, STM32Cube_FW_F4_V1.28.0, STM32Cube_FW_F7_V1.17.0, STM32Cube_FW_G0_V1.6.1, STM32Cube_FW_G4_V1.5.1, STM32Cube_FW_H5_V0.5.1, STM32Cube_FW_H5_V1.1.1, STM32Cube_FW_H5_V1.2.0RC2, STM32Cube_FW_H7_V1.11.0, STM32Cube_FW_L0_V1.12.2, STM32Cube_FW_L5_V1.5.0, STM32Cube_FW_U5_V1.3.0RC4, STM32Cube_FW_U5_V1.4.0, STM32Cube_FW_WBA_V1.0.0RC1, STM32Cube_FW_WBA_V1.1.0RC1, STM32Cube_FW_WBA_V1.2.0, STM32Cube_FW_WBA_V1.2.0RC2, STM32Cube_FW_WB_V1.15.0RC1, STM32Cube_FW_WB_V1.16.0, STM32Cube_FW_WB_V1.16.0RC2, STM32Cube_FW_WB_V1.18.0, STM32Cube_FW_WL_V1.3.0, X-CUBE-ALGOBUILD_V1.3.0, X-CUBE-ALS_V1.0.1, X-CUBE-AZRTOS-F4_V1.1.0, X-CUBE-AZRTOS-F7_V1.1.0, X-CUBE-AZRTOS-G0_V1.1.0, X-CUBE-AZRTOS-G4_V2.0.0, X-CUBE-AZRTOS-H7_V3.1.0, X-CUBE-AZRTOS-L4_V1.0.0, X-CUBE-AZRTOS-L4_V2.0.0, X-CUBE-AZRTOS-L5_V1.1.0, X-CUBE-AZRTOS-WB_V2.0.0, X-CUBE-AZRTOS-WL_V2.0.0, X-CUBE-BLE1_V7.0.0, X-CUBE-BLE2_V3.3.0, X-CUBE-BLEMGR_V2.0.0, X-CUBE-EEPRMA1_V4.1.0, X-CUBE-EEPRMA1_V4.2.0, X-CUBE-FREERTOS_V1.1.0, X-CUBE-GNSS1_V6.0.0, X-CUBE-MEMS1_V10.0.0, X-CUBE-MEMS1_V9.1.0, X-CUBE-MEMS1_V9.4.0, X-CUBE-MEMS1_V9.6.0, X-CUBE-NFC4_V3.0.0, X-CUBE-NFC7_V1.0.1, X-CUBE-SFXS2LP1_V4.0.0, X-CUBE-SUBG2_V5.0.0, X-CUBE-TOF1_V3.3.1]
2023-12-21 15:27:18,855 [INFO] ApiDb:240 - Found 323 in-development CPN: [B-G473E-ZEST1S, B-WB1M-WPAN1, B-WL5M-SUBG1, NUCLEO-C031C6, NUCLEO-H503RB, NUCLEO-H563ZI, NUCLEO-U545RE-Q, NUCLEO-U5A5ZJ-Q, NUCLEO-WBA52CG, STEVAL-PROTEUS1, STEVAL-SMARTAG2, STEVAL-STWINBX1, STM320518-EVAL, STM32C0116-DK, STM32C011D6Y3TR, STM32C011D6Y6TR, STM32C011F4P3, STM32C011F4P6, STM32C011F4U3, STM32C011F4U6TR, STM32C011F6P3, STM32C011F6P6, STM32C011F6U3, STM32C011F6U6TR, STM32C011J4M3, STM32C011J4M6, STM32C011J6M3, STM32C011J6M6, STM32C0316-DK, STM32C031C4T3, STM32C031C4T6, STM32C031C4U3, STM32C031C4U6, STM32C031C6T3, STM32C031C6T6, STM32C031C6U3, STM32C031C6U6, STM32C031F4P3, STM32C031F4P6, STM32C031F6P3, STM32C031F6P6, STM32C031G4U3, STM32C031G4U6, STM32C031G6U3, STM32C031G6U6, STM32C031K4T3, STM32C031K4T6, STM32C031K4U3, STM32C031K4U6, STM32C031K6T3, STM32C031K6T6, STM32C031K6U3, STM32C031K6U6, STM32G071K8TXN, STM32G071K8UXN, STM32G081GBU6N, STM32G081KBT6N, STM32G081KBUXN, STM32G0B1CCT6N, STM32G0B1KCT6, STM32G0B1NEY6TR, STM32G0B1RCT6N, STM32G0C1CCT6, STM32G0C1CCT6N, STM32G0C1CCU6N, STM32G0C1CET6N, STM32G0C1CEU6N, STM32G0C1KCT6, STM32G0C1NEY6TR, STM32G0C1RCI6N, STM32G0C1RCT6N, STM32G0C1REI6N, STM32G0C1RET6N, STM32G0C1VCI6, STM32G0C1VEI6, STM32G471CCT6, STM32G471CCU6, STM32G471CET3, STM32G471CET6, STM32G471CEU3, STM32G471CEU6, STM32G471MCT6, STM32G471MET3, STM32G471MET6, STM32G471MEY6TR, STM32G471QCT6, STM32G471QET3, STM32G471RCT6, STM32G471RET3, STM32G471RET6, STM32G471VCH6, STM32G471VCI6, STM32G471VCT6, STM32G471VEH3, STM32G471VEH6, STM32G471VEI3, STM32G471VEI6, STM32G471VET3, STM32G471VET6, STM32G474CCT6, STM32H503CBT6, STM32H503CBU6, STM32H503EBY6TR, STM32H503KBU6, STM32H503RBT6, STM32H562AGI6, STM32H562AII6, STM32H562IGK6, STM32H562IGT6, STM32H562IIK6, STM32H562IIT6, STM32H562RGT6, STM32H562RGV6, STM32H562RIT6, STM32H562RIV6, STM32H562VGT6, STM32H562VIT6, STM32H562ZGT6, STM32H562ZIT6, STM32H563AGI6, STM32H563AII3Q, STM32H563AII6, STM32H563IGK6, STM32H563IGT6, STM32H563IIK3Q, STM32H563IIK6, STM32H563IIT3Q, STM32H563IIT6, STM32H563MIY3QTR, STM32H563RGT6, STM32H563RGV6, STM32H563RIT6, STM32H563RIV6, STM32H563VGT6, STM32H563VIT3Q, STM32H563VIT6, STM32H563ZGT6, STM32H563ZIT3Q, STM32H563ZIT6, STM32H573AII3Q, STM32H573AII6, STM32H573I-DK, STM32H573IIK3Q, STM32H573IIK6, STM32H573IIT3Q, STM32H573IIT6, STM32H573MIY3QTR, STM32H573RIT6, STM32H573RIV6, STM32H573VIT3Q, STM32H573VIT6, STM32H573ZIT3Q, STM32H573ZIT6, STM32L4R5QGI6STR, STM32MP131AAE3, STM32MP131AAF3, STM32MP131AAG3, STM32MP131CAE3, STM32MP131CAF3, STM32MP131CAG3, STM32MP131DAE7, STM32MP131DAF7, STM32MP131DAG7, STM32MP131FAE7, STM32MP131FAF7, STM32MP131FAG7, STM32MP133AAE3, STM32MP133AAF3, STM32MP133AAG3, STM32MP133CAE3, STM32MP133CAF3, STM32MP133CAG3, STM32MP133DAE7, STM32MP133DAF7, STM32MP133DAG7, STM32MP133FAE7, STM32MP133FAF7, STM32MP133FAG7, STM32MP135AAE3, STM32MP135AAF3, STM32MP135AAG3, STM32MP135CAE3, STM32MP135CAF3, STM32MP135CAG3, STM32MP135DAE7, STM32MP135DAF7, STM32MP135DAG7, STM32MP135F-DK, STM32MP135FAE7, STM32MP135FAF7, STM32MP135FAF7T, STM32MP135FAF7U, STM32MP135FAG7, STM32U535CBT6, STM32U535CBT6Q, STM32U535CBU6, STM32U535CBU6Q, STM32U535CCT6, STM32U535CCT6Q, STM32U535CCU6, STM32U535CCU6Q, STM32U535CET6, STM32U535CET6Q, STM32U535CEU6, STM32U535CEU6Q, STM32U535JEY6QTR, STM32U535NCY6QTR, STM32U535NEY6QTR, STM32U535RBI6, STM32U535RBI6Q, STM32U535RBT6, STM32U535RBT6Q, STM32U535RCI6, STM32U535RCI6Q, STM32U535RCT6, STM32U535RCT6Q, STM32U535REI6, STM32U535REI6Q, STM32U535RET6, STM32U535RET6Q, STM32U535VCI6, STM32U535VCI6Q, STM32U535VCT6, STM32U535VCT6Q, STM32U535VEI6, STM32U535VEI6Q, STM32U535VET6, STM32U535VET6Q, STM32U545CET6, STM32U545CET6Q, STM32U545CEU6, STM32U545CEU6Q, STM32U545JEY6QTR, STM32U545NEY6QTR, STM32U545REI6, STM32U545REI6Q, STM32U545RET6, STM32U545RET6Q, STM32U545VEI6, STM32U545VEI6Q, STM32U545VET6, STM32U545VET6Q, STM32U595AIH6, STM32U595AIH6Q, STM32U595AJH6, STM32U595AJH6Q, STM32U595QII6, STM32U595QII6Q, STM32U595QJI6, STM32U595QJI6Q, STM32U595RIT6, STM32U595RIT6Q, STM32U595RJT6, STM32U595RJT6Q, STM32U595VIT6, STM32U595VIT6Q, STM32U595VJT6, STM32U595VJT6Q, STM32U595ZIT6, STM32U595ZIT6Q, STM32U595ZIY6QTR, STM32U595ZJT6, STM32U595ZJT6Q, STM32U595ZJY6QTR, STM32U599BJY6QTR, STM32U599NIH6Q, STM32U599NJH6Q, STM32U599VIT6Q, STM32U599VJT6, STM32U599VJT6Q, STM32U599ZIT6Q, STM32U599ZIY6QTR, STM32U599ZJT6Q, STM32U599ZJY6QTR, STM32U5A5AJH6, STM32U5A5AJH6Q, STM32U5A5QJI6, STM32U5A5QJI6Q, STM32U5A5RJT6, STM32U5A5RJT6Q, STM32U5A5VJT6, STM32U5A5VJT6Q, STM32U5A5ZJT6, STM32U5A5ZJT6Q, STM32U5A5ZJY6QTR, STM32U5A9BJY6QTR, STM32U5A9J-DK, STM32U5A9NJH6Q, STM32U5A9VJT6Q, STM32U5A9ZJT6Q, STM32U5A9ZJY6QTR, STM32U5F7VIT6, STM32U5F7VIT6Q, STM32U5F7VJT6, STM32U5F7VJT6Q, STM32U5F9BJY6QTR, STM32U5F9NJH6Q, STM32U5F9VIT6Q, STM32U5F9VJT6Q, STM32U5F9ZIJ6QTR, STM32U5F9ZIT6Q, STM32U5F9ZJJ6QTR, STM32U5F9ZJT6Q, STM32U5G7VJT6, STM32U5G7VJT6Q, STM32U5G9BJY6QTR, STM32U5G9J-DK1, STM32U5G9J-DK2, STM32U5G9NJH6Q, STM32U5G9VJT6Q, STM32U5G9ZJJ6QTR, STM32U5G9ZJT6Q, STM32WB1MMCH6, STM32WBA52CEU6, STM32WBA52CEU6T, STM32WBA52CGU6, STM32WBA52CGU6T, STM32WBA52KEU6, STM32WBA52KEU6T, STM32WBA52KGU6, STM32WBA52KGU6T, STM32WL5MOCH6, STM32WL5MOCH6TR]
2023-12-21 15:27:18,870 [INFO] DbMcus:217 - Found 3882 MCUs, 3882 are supported
2023-12-21 15:27:18,919 [INFO] ApiDb:423 - Load user favorites file C:\Users\TAMRD/.stm32cubeide/favorites.mcus.txt: 0 item(s)
2023-12-21 15:27:18,919 [INFO] ApiDb:427 - User favorites MCUs=[]
2023-12-21 15:27:18,935 [INFO] DbMcus:223 - Set 0 / 0 favorites MCUs
2023-12-21 15:27:19,436 [WARN] ThirdParty:833 - waiting for thirdparty lock release [change project]
2023-12-21 15:27:19,436 [INFO] ThirdParty:835 - entering critical section [change project]
2023-12-21 15:27:19,436 [INFO] ThirdParty:1030 - CMSIS Pack Vendor :STMicroelectronics X-CUBE-ISPU 1.1.0
2023-12-21 15:27:19,436 [INFO] ThirdParty:1030 - CMSIS Pack Vendor :STMicroelectronics USBPD 4.1
2023-12-21 15:27:19,436 [INFO] ThirdParty:1030 - CMSIS Pack Vendor :STMicroelectronics X-CUBE-GNSS1 6.0.0
2023-12-21 15:27:19,436 [INFO] ThirdParty:1030 - CMSIS Pack Vendor :STMicroelectronics USB_HOST 2.0.0
2023-12-21 15:27:19,436 [INFO] ThirdParty:1030 - CMSIS Pack Vendor :STMicroelectronics X-CUBE-AZRTOS-F4 1.1.0
2023-12-21 15:27:19,436 [INFO] ThirdParty:1030 - CMSIS Pack Vendor :STMicroelectronics LIBJPEG 8.0.0
2023-12-21 15:27:19,436 [INFO] ThirdParty:1030 - CMSIS Pack Vendor :wolfSSL I-CUBE-wolfSSL 5.6.3
2023-12-21 15:27:19,436 [INFO] ThirdParty:1030 - CMSIS Pack Vendor :STMicroelectronics X-CUBE-SMBUS 2.1.0
2023-12-21 15:27:19,436 [INFO] ThirdParty:1030 - CMSIS Pack Vendor :STMicroelectronics USB_DEVICE 3.0.0
2023-12-21 15:27:19,436 [INFO] ThirdParty:1030 - CMSIS Pack Vendor :STMicroelectronics X-CUBE-AZRTOS-WB 2.0.0
2023-12-21 15:27:19,436 [INFO] ThirdParty:1030 - CMSIS Pack Vendor :STMicroelectronics X-CUBE-TOUCHGFX 4.23.0
2023-12-21 15:27:19,436 [INFO] ThirdParty:1030 - CMSIS Pack Vendor :STMicroelectronics X-CUBE-AZRTOS-F7 1.1.0
2023-12-21 15:27:19,436 [INFO] ThirdParty:1030 - CMSIS Pack Vendor :STMicroelectronics X-CUBE-AZRTOS-L5 2.0.0
2023-12-21 15:27:19,436 [INFO] ThirdParty:1030 - CMSIS Pack Vendor :STMicroelectronics USB_DEVICE 2.0.0
2023-12-21 15:27:19,436 [INFO] ThirdParty:1030 - CMSIS Pack Vendor :STMicroelectronics X-CUBE-MEMS1 9.6.0
2023-12-21 15:27:19,436 [INFO] ThirdParty:1030 - CMSIS Pack Vendor :STMicroelectronics X-CUBE-EEPRMA1 4.2.0
2023-12-21 15:27:19,436 [INFO] ThirdParty:1030 - CMSIS Pack Vendor :ITTIA_DB I-CUBE-ITTIADB 8.8.0
2023-12-21 15:27:19,436 [INFO] ThirdParty:1030 - CMSIS Pack Vendor :STMicroelectronics FP-SNS-MOTENV1 4.3.2
2023-12-21 15:27:19,436 [INFO] ThirdParty:1030 - CMSIS Pack Vendor :STMicroelectronics X-CUBE-ALGOBUILD 1.3.0
2023-12-21 15:27:19,436 [INFO] ThirdParty:1030 - CMSIS Pack Vendor :STMicroelectronics FreeRTOS 0.0.1
2023-12-21 15:27:19,436 [INFO] ThirdParty:1030 - CMSIS Pack Vendor :STMicroelectronics X-CUBE-AZRTOS-G0 1.1.0
2023-12-21 15:27:19,436 [INFO] ThirdParty:1030 - CMSIS Pack Vendor :STMicroelectronics X-CUBE-BLEMGR 2.0.0
2023-12-21 15:27:19,436 [INFO] ThirdParty:1030 - CMSIS Pack Vendor :STMicroelectronics X-CUBE-NFC4 3.0.0
2023-12-21 15:27:19,436 [INFO] ThirdParty:1030 - CMSIS Pack Vendor :STMicroelectronics X-CUBE-SUBG2 5.0.0
2023-12-21 15:27:19,436 [INFO] ThirdParty:1030 - CMSIS Pack Vendor :STMicroelectronics STM32_WPAN 1.0.0
2023-12-21 15:27:19,436 [INFO] ThirdParty:1030 - CMSIS Pack Vendor :STMicroelectronics lwIP 2.0.3
2023-12-21 15:27:19,436 [INFO] ThirdParty:1030 - CMSIS Pack Vendor :STMicroelectronics FP-SNS-FLIGHT1 5.0.2
2023-12-21 15:27:19,436 [INFO] ThirdParty:1030 - CMSIS Pack Vendor :STMicroelectronics USB_HOST 1.0.0
2023-12-21 15:27:19,436 [INFO] ThirdParty:1030 - CMSIS Pack Vendor :STMicroelectronics X-CUBE-TOF1 3.3.1
2023-12-21 15:27:19,436 [INFO] ThirdParty:1030 - CMSIS Pack Vendor :STMicroelectronics X-CUBE-AZRTOS-G4 2.0.0
2023-12-21 15:27:19,436 [INFO] ThirdParty:1030 - CMSIS Pack Vendor :STMicroelectronics PDM2PCM 3.1.0
2023-12-21 15:27:19,436 [INFO] ThirdParty:1030 - CMSIS Pack Vendor :STMicroelectronics X-CUBE-AZRTOS-H7 3.1.0
2023-12-21 15:27:19,436 [INFO] ThirdParty:1030 - CMSIS Pack Vendor :Infineon AIROC-Wi-Fi-Bluetooth-STM32 1.5.1
2023-12-21 15:27:19,436 [INFO] ThirdParty:1030 - CMSIS Pack Vendor :STMicroelectronics X-CUBE-BLEMGR 3.0.0
2023-12-21 15:27:19,436 [INFO] ThirdParty:1030 - CMSIS Pack Vendor :STMicroelectronics PDM2PCM 3.3.0
2023-12-21 15:27:19,436 [INFO] ThirdParty:1030 - CMSIS Pack Vendor :STMicroelectronics X-CUBE-DISPLAY 3.0.0
2023-12-21 15:27:19,436 [INFO] ThirdParty:1030 - CMSIS Pack Vendor :STMicroelectronics FP-SNS-MOTENVWB1 1.3.0
2023-12-21 15:27:19,436 [INFO] ThirdParty:1030 - CMSIS Pack Vendor :STMicroelectronics FP-SNS-MOTENVWB1 1.3.1
2023-12-21 15:27:19,436 [INFO] ThirdParty:1030 - CMSIS Pack Vendor :STMicroelectronics X-CUBE-BLE1 7.0.0
2023-12-21 15:27:19,436 [INFO] ThirdParty:1030 - CMSIS Pack Vendor :STMicroelectronics FP-ATR-SIGFOX1 3.2.0
2023-12-21 15:27:19,436 [INFO] ThirdParty:1030 - CMSIS Pack Vendor :STMicroelectronics HAL Drivers 0.0.0
2023-12-21 15:27:19,436 [INFO] ThirdParty:1030 - CMSIS Pack Vendor :STMicroelectronics MBEDTLS 2.16.2
2023-12-21 15:27:19,436 [INFO] ThirdParty:1030 - CMSIS Pack Vendor :emotas I-CUBE-CANOPEN 1.3.0
2023-12-21 15:27:19,436 [INFO] ThirdParty:1030 - CMSIS Pack Vendor :STMicroelectronics X-CUBE-MEMS1 10.0.0
2023-12-21 15:27:19,436 [INFO] ThirdParty:1030 - CMSIS Pack Vendor :STMicroelectronics X-CUBE-FREERTOS 1.1.0
2023-12-21 15:27:19,436 [INFO] ThirdParty:1030 - CMSIS Pack Vendor :STMicroelectronics X-CUBE-TOUCHGFX 4.22.0
2023-12-21 15:27:19,436 [INFO] ThirdParty:1030 - CMSIS Pack Vendor :STMicroelectronics X-CUBE-NFC7 1.0.1
2023-12-21 15:27:19,436 [INFO] ThirdParty:1030 - CMSIS Pack Vendor :STMicroelectronics MBEDTLS 2.14.1
2023-12-21 15:27:19,436 [INFO] ThirdParty:1030 - CMSIS Pack Vendor :STMicroelectronics X-CUBE-TOUCHGFX 4.22.1
2023-12-21 15:27:19,436 [INFO] ThirdParty:1030 - CMSIS Pack Vendor :STMicroelectronics X-CUBE-NFC6 3.0.0
2023-12-21 15:27:19,436 [INFO] ThirdParty:1030 - CMSIS Pack Vendor :STMicroelectronics X-CUBE-EEPRMA1 4.1.0
2023-12-21 15:27:19,436 [INFO] ThirdParty:1030 - CMSIS Pack Vendor :portGmbH I-Cube-SoM-uGOAL 1.1.0
2023-12-21 15:27:19,436 [INFO] ThirdParty:1030 - CMSIS Pack Vendor :STMicroelectronics X-CUBE-ALS 1.0.1
2023-12-21 15:27:19,436 [INFO] ThirdParty:1030 - CMSIS Pack Vendor :STMicroelectronics ThreadX 1.0.0
2023-12-21 15:27:19,436 [INFO] ThirdParty:1030 - CMSIS Pack Vendor :STMicroelectronics FP-SNS-SMARTAG2 1.2.0
2023-12-21 15:27:19,436 [INFO] ThirdParty:1030 - CMSIS Pack Vendor :STMicroelectronics X-CUBE-AZRTOS-WL 2.0.0
2023-12-21 15:27:19,436 [INFO] ThirdParty:1030 - CMSIS Pack Vendor :SEGGER I-CUBE-embOS 1.3.1
2023-12-21 15:27:19,436 [INFO] ThirdParty:1030 - CMSIS Pack Vendor :STMicroelectronics USB_DEVICE 1.0.0
2023-12-21 15:27:19,436 [INFO] ThirdParty:1030 - CMSIS Pack Vendor :STMicroelectronics X-CUBE-AI 8.1.0
2023-12-21 15:27:19,436 [INFO] ThirdParty:1030 - CMSIS Pack Vendor :STMicroelectronics X-CUBE-AZRTOS-L4 2.0.0
2023-12-21 15:27:19,436 [INFO] ThirdParty:1030 - CMSIS Pack Vendor :STMicroelectronics ThreadX 0.0.2
2023-12-21 15:27:19,436 [INFO] ThirdParty:1030 - CMSIS Pack Vendor :WES I-CUBE-Cesium 1.3.0
2023-12-21 15:27:19,436 [INFO] ThirdParty:1030 - CMSIS Pack Vendor :STMicroelectronics FP-ATR-ASTRA1 2.0.0
2023-12-21 15:27:19,436 [INFO] ThirdParty:1030 - CMSIS Pack Vendor :STMicroelectronics lwIP 2.1.2
2023-12-21 15:27:19,436 [INFO] ThirdParty:1030 - CMSIS Pack Vendor :STMicroelectronics X-CUBE-SFXS2LP1 4.0.0
2023-12-21 15:27:19,436 [INFO] ThirdParty:1030 - CMSIS Pack Vendor :STMicroelectronics X-CUBE-BLE2 3.3.0
2023-12-21 15:27:19,436 [INFO] ThirdParty:1030 - CMSIS Pack Vendor :STMicroelectronics X-CUBE-TOF1 3.4.0
2023-12-21 15:27:19,436 [INFO] ThirdParty:1030 - CMSIS Pack Vendor :STMicroelectronics PDM2PCM 3.2.0
2023-12-21 15:27:19,436 [INFO] ThirdParty:841 - exiting critical section [change project]
2023-12-21 15:27:20,554 [INFO] PinOutPanel:1499 - setPackage(No Configuration,No Configuration)
2023-12-21 15:27:20,613 [INFO] PinOutPanel:1499 - setPackage(STM32F103C8Tx,LQFP48)
2023-12-21 15:27:23,331 [INFO] UtilMem:75 - Before build in PCC Used Memory: 561248200 Bytes (1073741824)
2023-12-21 15:27:28,113 [INFO] UtilMem:75 - After build in PCC Used Memory: 603147888 Bytes (1073741824)
2023-12-21 15:27:28,168 [INFO] IPUIPlugin:80 - create IPUIPlugin
2023-12-21 15:27:28,169 [INFO] IPUIPlugin:80 - create IPUIPlugin
2023-12-21 15:27:28,169 [INFO] IPUIPlugin:80 - create IPUIPlugin
2023-12-21 15:27:28,185 [INFO] IPUIPlugin:80 - create IPUIPlugin
2023-12-21 15:27:28,185 [INFO] IPUIPlugin:80 - create IPUIPlugin
2023-12-21 15:27:28,186 [INFO] IPUIPlugin:80 - create IPUIPlugin
2023-12-21 15:27:28,186 [INFO] IPUIPlugin:80 - create IPUIPlugin
2023-12-21 15:27:28,186 [INFO] IPUIPlugin:80 - create IPUIPlugin
2023-12-21 15:27:28,186 [INFO] IPUIPlugin:80 - create IPUIPlugin
2023-12-21 15:27:28,187 [INFO] IPUIPlugin:80 - create IPUIPlugin
2023-12-21 15:27:28,187 [INFO] IPUIPlugin:80 - create IPUIPlugin
2023-12-21 15:27:28,187 [INFO] IPUIPlugin:80 - create IPUIPlugin
2023-12-21 15:27:28,187 [INFO] IPUIPlugin:80 - create IPUIPlugin
2023-12-21 15:27:28,188 [INFO] IPUIPlugin:80 - create IPUIPlugin
2023-12-21 15:27:28,189 [INFO] IPUIPlugin:80 - create IPUIPlugin
2023-12-21 15:27:28,189 [INFO] IPUIPlugin:80 - create IPUIPlugin
2023-12-21 15:27:28,189 [INFO] IPUIPlugin:80 - create IPUIPlugin
2023-12-21 15:27:28,189 [INFO] IPUIPlugin:80 - create IPUIPlugin
2023-12-21 15:27:28,189 [INFO] IPUIPlugin:80 - create IPUIPlugin
2023-12-21 15:27:28,190 [INFO] IPUIPlugin:80 - create IPUIPlugin
2023-12-21 15:27:28,190 [INFO] IPUIPlugin:80 - create IPUIPlugin
2023-12-21 15:27:28,202 [INFO] IPUIPlugin:80 - create IPUIPlugin
2023-12-21 15:27:28,203 [INFO] IPUIPlugin:80 - create IPUIPlugin
2023-12-21 15:27:28,203 [INFO] IPUIPlugin:80 - create IPUIPlugin
2023-12-21 15:27:28,203 [INFO] IPUIPlugin:80 - create IPUIPlugin
2023-12-21 15:27:28,203 [INFO] IPUIPlugin:80 - create IPUIPlugin
2023-12-21 15:27:28,204 [INFO] IPUIPlugin:80 - create IPUIPlugin
2023-12-21 15:27:29,344 [INFO] CADModel:165 - CPN selected for project levelSTM32F103C8T6
2023-12-21 15:27:29,344 [INFO] CADModel:114 - Register for checkConnection events
2023-12-21 15:27:29,424 [INFO] OpenFileManager:328 - Restore cursor
