2023-11-23 08:56:18,593 [INFO] Activator:176 - 


2023-11-23 08:56:18,612 [INFO] Activator:177 - !SESSION log4j initialized
2023-11-23 08:56:26,072 [INFO] LogOutputStream:77 - [STDOUT_REDIRECT] 
2023-11-23 08:56:32,286 [INFO] ApplicationProperties:184 - Using Application install path: C:\ST\STM32CubeIDE_1.12.1\STM32CubeIDE\plugins\com.st.stm32cube.common.mx_6.9.2.202309101412
2023-11-23 08:56:32,364 [INFO] DbMcusXml:78 - Set database path to: C:\ST\STM32CubeIDE_1.12.1\STM32CubeIDE\plugins\com.st.stm32cube.common.mx_6.9.2.202309101412\\db\/mcu/
2023-11-23 08:56:32,365 [INFO] ApiDb:274 - Set plugin database path to: C:\ST\STM32CubeIDE_1.12.1\STM32CubeIDE\plugins\com.st.stm32cube.common.mx_6.9.2.202309101412\\db\/plugins/boardmanager/
2023-11-23 08:56:32,365 [WARN] ApiDb:259 - Overriding images path with different value:  => C:\ST\STM32CubeIDE_1.12.1\STM32CubeIDE\plugins\com.st.stm32cube.common.mx_6.9.2.202309101412\\db\/plugins/mcufinder/images/
2023-11-23 08:56:32,511 [INFO] ApiDb:250 - Set database path to: C:\Users\TAMRD\.stmcufinder\plugins\mcufinder//mcu/
2023-11-23 08:56:32,512 [INFO] DbMcusAds:125 - Set database path to: C:\Users\TAMRD\.stmcufinder\plugins\mcufinder//mcu/
2023-11-23 08:56:32,515 [INFO] CrossReferenceDbSqlite:203 - Set database path to: C:\Users\TAMRD\.stmcufinder\plugins\mcufinder//mcu/cs/
2023-11-23 08:56:32,817 [INFO] RulesReader:64 - Compatibility file has been processed (293 Rules)
2023-11-23 08:56:33,724 [INFO] DbMcusXml:78 - Set database path to: C:\ST\STM32CubeIDE_1.12.1\STM32CubeIDE\plugins\com.st.stm32cube.common.mx_6.9.2.202309101412\\db\/mcu/
2023-11-23 08:56:33,725 [INFO] ApiDb:274 - Set plugin database path to: C:\ST\STM32CubeIDE_1.12.1\STM32CubeIDE\plugins\com.st.stm32cube.common.mx_6.9.2.202309101412\\db\/plugins/boardmanager/
2023-11-23 08:56:33,725 [INFO] ApiDb:261 - Set plugin images path to: C:\ST\STM32CubeIDE_1.12.1\STM32CubeIDE\plugins\com.st.stm32cube.common.mx_6.9.2.202309101412\\db\/plugins/mcufinder/images/
2023-11-23 08:56:33,725 [WARN] DbFile:41 - Overriding database path with different value: C:\Users\TAMRD\.stmcufinder\plugins\mcufinder/ => C:\Users\TAMRD\.stmcufinder\plugins\mcufinder
2023-11-23 08:56:33,726 [INFO] ApiDb:250 - Set database path to: C:\Users\TAMRD\.stmcufinder\plugins\mcufinder//mcu/
2023-11-23 08:56:33,726 [WARN] DbFile:41 - Overriding database path with different value: C:\Users\TAMRD\.stmcufinder\plugins\mcufinder/ => C:\Users\TAMRD\.stmcufinder\plugins\mcufinder
2023-11-23 08:56:33,726 [INFO] DbMcusAds:125 - Set database path to: C:\Users\TAMRD\.stmcufinder\plugins\mcufinder//mcu/
2023-11-23 08:56:33,727 [WARN] DbFile:41 - Overriding database path with different value: C:\Users\TAMRD\.stmcufinder\plugins\mcufinder/ => C:\Users\TAMRD\.stmcufinder\plugins\mcufinder
2023-11-23 08:56:33,727 [WARN] DbFile:41 - Overriding database path with different value: C:\Users\TAMRD\.stmcufinder\plugins\mcufinder/ => C:\Users\TAMRD\.stmcufinder\plugins\mcufinder
2023-11-23 08:56:33,727 [INFO] CrossReferenceDbSqlite:203 - Set database path to: C:\Users\TAMRD\.stmcufinder\plugins\mcufinder//mcu/cs/
2023-11-23 08:56:34,272 [INFO] MainPanel:262 - HeapMemory: 268435456
2023-11-23 08:56:34,689 [INFO] DbMcusXml:78 - Set database path to: C:\ST\STM32CubeIDE_1.12.1\STM32CubeIDE\plugins\com.st.stm32cube.common.mx_6.9.2.202309101412\\db\/mcu/
2023-11-23 08:56:34,689 [INFO] ApiDb:274 - Set plugin database path to: C:\ST\STM32CubeIDE_1.12.1\STM32CubeIDE\plugins\com.st.stm32cube.common.mx_6.9.2.202309101412\\db\/plugins/boardmanager/
2023-11-23 08:56:34,690 [INFO] ApiDb:261 - Set plugin images path to: C:\ST\STM32CubeIDE_1.12.1\STM32CubeIDE\plugins\com.st.stm32cube.common.mx_6.9.2.202309101412\\db\/plugins/mcufinder/images/
2023-11-23 08:56:34,690 [WARN] DbFile:41 - Overriding database path with different value: C:\Users\TAMRD\.stmcufinder\plugins\mcufinder/ => C:\Users\TAMRD\.stmcufinder\plugins\mcufinder
2023-11-23 08:56:34,691 [INFO] ApiDb:250 - Set database path to: C:\Users\TAMRD\.stmcufinder\plugins\mcufinder//mcu/
2023-11-23 08:56:34,691 [WARN] DbFile:41 - Overriding database path with different value: C:\Users\TAMRD\.stmcufinder\plugins\mcufinder/ => C:\Users\TAMRD\.stmcufinder\plugins\mcufinder
2023-11-23 08:56:34,691 [INFO] DbMcusAds:125 - Set database path to: C:\Users\TAMRD\.stmcufinder\plugins\mcufinder//mcu/
2023-11-23 08:56:34,691 [WARN] DbFile:41 - Overriding database path with different value: C:\Users\TAMRD\.stmcufinder\plugins\mcufinder/ => C:\Users\TAMRD\.stmcufinder\plugins\mcufinder
2023-11-23 08:56:34,691 [WARN] DbFile:41 - Overriding database path with different value: C:\Users\TAMRD\.stmcufinder\plugins\mcufinder/ => C:\Users\TAMRD\.stmcufinder\plugins\mcufinder
2023-11-23 08:56:34,691 [INFO] CrossReferenceDbSqlite:203 - Set database path to: C:\Users\TAMRD\.stmcufinder\plugins\mcufinder//mcu/cs/
2023-11-23 08:56:34,849 [INFO] ApplicationProperties:184 - Using Application install path: C:\ST\STM32CubeIDE_1.12.1\STM32CubeIDE\plugins\com.st.stm32cube.common.mx_6.9.2.202309101412
2023-11-23 08:56:34,852 [INFO] PluginManage:196 - Search for loadable plugins [exclusion list=, ]
2023-11-23 08:56:34,854 [INFO] PluginManage:310 - Check plugin analytics
2023-11-23 08:56:35,194 [INFO] AnalyticsPlugin:253 - Accepted Software Licenses: 
2023-11-23 08:56:35,194 [INFO] AnalyticsPlugin:255 - Accepted CMSIS Pack Licenses: 
2023-11-23 08:56:35,195 [INFO] AnalyticsPlugin:257 - Accepted Firmware Licenses: 
2023-11-23 08:56:35,207 [INFO] PluginManage:359 - Loaded plugin analytics (category:tool,tabindex:-1)
2023-11-23 08:56:35,208 [INFO] PluginManage:310 - Check plugin cadmodel
2023-11-23 08:56:35,271 [INFO] CADModel:105 - Init CAD model plugin
2023-11-23 08:56:35,271 [INFO] PluginManage:359 - Loaded plugin cadmodel (category:power,tabindex:5)
2023-11-23 08:56:35,271 [INFO] PluginManage:310 - Check plugin clock
2023-11-23 08:56:35,354 [INFO] PluginManage:359 - Loaded plugin clock (category:base,tabindex:2)
2023-11-23 08:56:35,355 [INFO] PluginManage:310 - Check plugin ddr
2023-11-23 08:56:35,404 [INFO] PluginManage:359 - Loaded plugin ddr (category:tool,tabindex:6)
2023-11-23 08:56:35,404 [INFO] PluginManage:310 - Check plugin filemanager
2023-11-23 08:56:35,730 [INFO] PluginManage:359 - Loaded plugin filemanager (category:base,tabindex:10)
2023-11-23 08:56:35,730 [INFO] PluginManage:310 - Check plugin ipmanager
2023-11-23 08:56:35,755 [INFO] PluginManage:359 - Loaded plugin ipmanager (category:base,tabindex:5)
2023-11-23 08:56:35,756 [INFO] PluginManage:310 - Check plugin lpbam
2023-11-23 08:56:35,805 [INFO] PluginManage:359 - Loaded plugin lpbam (category:base,tabindex:0)
2023-11-23 08:56:35,805 [INFO] PluginManage:310 - Check plugin memorymap
2023-11-23 08:56:35,873 [INFO] PluginManage:359 - Loaded plugin memorymap (category:base,tabindex:4)
2023-11-23 08:56:35,873 [INFO] PluginManage:310 - Check plugin pinoutandconfiguration
2023-11-23 08:56:35,908 [INFO] PluginManage:359 - Loaded plugin pinoutandconfiguration (category:base,tabindex:1)
2023-11-23 08:56:35,908 [INFO] PluginManage:310 - Check plugin pinoutconfig
2023-11-23 08:56:36,085 [WARN] SupportedApi:132 - Cannot load RTOS API schema: s4s-elt-must-match.1: The content of 'definitions' must match (annotation?, (simpleType | complexType)?, (unique | key | keyref)*)). A problem was found starting at: attribute.
2023-11-23 08:56:36,260 [INFO] PluginManage:359 - Loaded plugin pinoutconfig (category:base,tabindex:0)
2023-11-23 08:56:36,260 [INFO] PluginManage:310 - Check plugin power
2023-11-23 08:56:36,304 [INFO] PluginManage:359 - Loaded plugin power (category:power,tabindex:4)
2023-11-23 08:56:36,305 [INFO] PluginManage:310 - Check plugin projectmanager
2023-11-23 08:56:36,324 [INFO] PluginManage:359 - Loaded plugin projectmanager (category:projectmanager,tabindex:3)
2023-11-23 08:56:36,324 [INFO] PluginManage:310 - Check plugin thirdparty
2023-11-23 08:56:36,831 [INFO] PluginManage:359 - Loaded plugin thirdparty (category:base,tabindex:-1)
2023-11-23 08:56:36,831 [INFO] PluginManage:310 - Check plugin tools
2023-11-23 08:56:36,831 [WARN] IntegrityCheckThread:84 - waiting for thirdparty lock release [integrity check]
2023-11-23 08:56:36,832 [INFO] IntegrityCheckThread:86 - entering critical section [integrity check]
2023-11-23 08:56:36,833 [INFO] ThirdPartyUpdaterWithRetryManager:70 - Updater plugin not ready yet. [1/15]
2023-11-23 08:56:36,885 [INFO] PluginManage:359 - Loaded plugin tools (category:base,tabindex:7)
2023-11-23 08:56:36,886 [INFO] PluginManage:310 - Check plugin tutovideos
2023-11-23 08:56:37,233 [INFO] PluginManage:359 - Loaded plugin tutovideos (category:base,tabindex:-1)
2023-11-23 08:56:37,234 [INFO] PluginManage:310 - Check plugin updater
2023-11-23 08:56:37,266 [INFO] PluginManage:359 - Loaded plugin updater (category:base,tabindex:12)
2023-11-23 08:56:37,266 [INFO] PluginManage:310 - Check plugin userauth
2023-11-23 08:56:37,292 [INFO] UserAuth:113 - Init User Auth plugin
2023-11-23 08:56:37,292 [INFO] PluginManage:359 - Loaded plugin userauth (category:base,tabindex:14)
2023-11-23 08:56:37,293 [INFO] PluginManage:283 - PluginManage : Loaded plugins [17]
2023-11-23 08:56:37,877 [INFO] PinOutPanel:1499 - setPackage(No Configuration,No Configuration)
2023-11-23 08:56:38,201 [INFO] CADModel:165 - CPN selected for project level
2023-11-23 08:56:38,201 [INFO] CADModel:114 - Register for checkConnection events
2023-11-23 08:56:38,273 [INFO] IPUIPlugin:80 - create IPUIPlugin
2023-11-23 08:56:38,273 [INFO] PluginManager:220 - loadIPPluginJar : add adc
2023-11-23 08:56:38,341 [INFO] IPUIPlugin:80 - create IPUIPlugin
2023-11-23 08:56:38,342 [INFO] PluginManager:220 - loadIPPluginJar : add aes
2023-11-23 08:56:38,416 [INFO] IPUIPlugin:80 - create IPUIPlugin
2023-11-23 08:56:38,416 [INFO] PluginManager:220 - loadIPPluginJar : add can
2023-11-23 08:56:38,467 [INFO] IPUIPlugin:80 - create IPUIPlugin
2023-11-23 08:56:38,468 [INFO] PluginManager:220 - loadIPPluginJar : add comp
2023-11-23 08:56:38,527 [INFO] IPUIPlugin:80 - create IPUIPlugin
2023-11-23 08:56:38,528 [INFO] PluginManager:220 - loadIPPluginJar : add cryp
2023-11-23 08:56:38,584 [INFO] IPUIPlugin:80 - create IPUIPlugin
2023-11-23 08:56:38,584 [INFO] PluginManager:220 - loadIPPluginJar : add dfsdm
2023-11-23 08:56:38,610 [INFO] IPUIPlugin:80 - create IPUIPlugin
2023-11-23 08:56:38,611 [INFO] PluginManager:220 - loadIPPluginJar : add dma
2023-11-23 08:56:38,668 [INFO] IPUIPlugin:80 - create IPUIPlugin
2023-11-23 08:56:38,668 [INFO] PluginManager:220 - loadIPPluginJar : add dma3
2023-11-23 08:56:38,698 [INFO] IPUIPlugin:80 - create IPUIPlugin
2023-11-23 08:56:38,698 [INFO] PluginManager:220 - loadIPPluginJar : add fatfs
2023-11-23 08:56:38,758 [INFO] IPUIPlugin:80 - create IPUIPlugin
2023-11-23 08:56:38,758 [INFO] PluginManager:220 - loadIPPluginJar : add fmc
2023-11-23 08:56:38,801 [INFO] IPUIPlugin:80 - create IPUIPlugin
2023-11-23 08:56:38,802 [INFO] PluginManager:220 - loadIPPluginJar : add freertos
2023-11-23 08:56:38,843 [INFO] IPUIPlugin:80 - create IPUIPlugin
2023-11-23 08:56:38,843 [INFO] PluginManager:220 - loadIPPluginJar : add genericplugin
2023-11-23 08:56:38,972 [INFO] IPUIPlugin:80 - create IPUIPlugin
2023-11-23 08:56:38,972 [INFO] PluginManager:220 - loadIPPluginJar : add gfxmmu
2023-11-23 08:56:39,138 [INFO] IPUIPlugin:80 - create IPUIPlugin
2023-11-23 08:56:39,139 [INFO] PluginManager:220 - loadIPPluginJar : add gic
2023-11-23 08:56:39,159 [INFO] IPUIPlugin:80 - create IPUIPlugin
2023-11-23 08:56:39,159 [INFO] PluginManager:220 - loadIPPluginJar : add gpio
2023-11-23 08:56:39,270 [INFO] IPUIPlugin:80 - create IPUIPlugin
2023-11-23 08:56:39,270 [INFO] PluginManager:220 - loadIPPluginJar : add gtzc
2023-11-23 08:56:39,317 [INFO] IPUIPlugin:80 - create IPUIPlugin
2023-11-23 08:56:39,317 [INFO] PluginManager:220 - loadIPPluginJar : add hash
2023-11-23 08:56:39,399 [INFO] IPUIPlugin:80 - create IPUIPlugin
2023-11-23 08:56:39,400 [INFO] PluginManager:220 - loadIPPluginJar : add i2c
2023-11-23 08:56:39,456 [INFO] IPUIPlugin:80 - create IPUIPlugin
2023-11-23 08:56:39,457 [INFO] PluginManager:220 - loadIPPluginJar : add i2s
2023-11-23 08:56:39,514 [INFO] IPUIPlugin:80 - create IPUIPlugin
2023-11-23 08:56:39,514 [INFO] PluginManager:220 - loadIPPluginJar : add i3c
2023-11-23 08:56:39,660 [INFO] IPUIPlugin:80 - create IPUIPlugin
2023-11-23 08:56:39,660 [INFO] PluginManager:220 - loadIPPluginJar : add ipddr
2023-11-23 08:56:39,785 [INFO] IPUIPlugin:80 - create IPUIPlugin
2023-11-23 08:56:39,786 [INFO] PluginManager:220 - loadIPPluginJar : add linkedlist
2023-11-23 08:56:39,836 [INFO] IPUIPlugin:80 - create IPUIPlugin
2023-11-23 08:56:39,837 [INFO] PluginManager:220 - loadIPPluginJar : add lorawan
2023-11-23 08:56:39,838 [INFO] ThirdPartyUpdaterWithRetryManager:70 - Updater plugin not ready yet. [2/15]
2023-11-23 08:56:39,887 [INFO] IPUIPlugin:80 - create IPUIPlugin
2023-11-23 08:56:39,887 [INFO] PluginManager:220 - loadIPPluginJar : add ltdc
2023-11-23 08:56:39,911 [INFO] IPUIPlugin:80 - create IPUIPlugin
2023-11-23 08:56:39,911 [INFO] PluginManager:220 - loadIPPluginJar : add mdma
2023-11-23 08:56:39,934 [INFO] IPUIPlugin:80 - create IPUIPlugin
2023-11-23 08:56:39,934 [INFO] PluginManager:220 - loadIPPluginJar : add nvic
2023-11-23 08:56:39,991 [INFO] IPUIPlugin:80 - create IPUIPlugin
2023-11-23 08:56:39,991 [INFO] PluginManager:220 - loadIPPluginJar : add opamp
2023-11-23 08:56:40,079 [INFO] IPUIPlugin:80 - create IPUIPlugin
2023-11-23 08:56:40,079 [INFO] PluginManager:220 - loadIPPluginJar : add openamp
2023-11-23 08:56:40,136 [INFO] IPUIPlugin:80 - create IPUIPlugin
2023-11-23 08:56:40,136 [INFO] PluginManager:220 - loadIPPluginJar : add pdm2pcm
2023-11-23 08:56:40,165 [INFO] IPUIPlugin:80 - create IPUIPlugin
2023-11-23 08:56:40,168 [INFO] PluginManager:220 - loadIPPluginJar : add plateformsettings
2023-11-23 08:56:40,196 [INFO] IPUIPlugin:80 - create IPUIPlugin
2023-11-23 08:56:40,196 [INFO] PluginManager:220 - loadIPPluginJar : add quadspi
2023-11-23 08:56:40,223 [INFO] IPUIPlugin:80 - create IPUIPlugin
2023-11-23 08:56:40,224 [INFO] PluginManager:220 - loadIPPluginJar : add resmgrutility
2023-11-23 08:56:40,291 [INFO] IPUIPlugin:80 - create IPUIPlugin
2023-11-23 08:56:40,291 [INFO] PluginManager:220 - loadIPPluginJar : add sai
2023-11-23 08:56:40,339 [INFO] IPUIPlugin:80 - create IPUIPlugin
2023-11-23 08:56:40,339 [INFO] PluginManager:220 - loadIPPluginJar : add spi
2023-11-23 08:56:40,418 [INFO] IPUIPlugin:80 - create IPUIPlugin
2023-11-23 08:56:40,418 [INFO] PluginManager:220 - loadIPPluginJar : add stm32_wpan
2023-11-23 08:56:40,446 [INFO] IPUIPlugin:80 - create IPUIPlugin
2023-11-23 08:56:40,446 [INFO] PluginManager:220 - loadIPPluginJar : add tim
2023-11-23 08:56:40,518 [INFO] IPUIPlugin:80 - create IPUIPlugin
2023-11-23 08:56:40,518 [INFO] PluginManager:220 - loadIPPluginJar : add touchsensing
2023-11-23 08:56:40,551 [INFO] IPUIPlugin:80 - create IPUIPlugin
2023-11-23 08:56:40,552 [INFO] PluginManager:220 - loadIPPluginJar : add tracer_emb
2023-11-23 08:56:40,585 [INFO] IPUIPlugin:80 - create IPUIPlugin
2023-11-23 08:56:40,585 [INFO] PluginManager:220 - loadIPPluginJar : add ts
2023-11-23 08:56:40,615 [INFO] IPUIPlugin:80 - create IPUIPlugin
2023-11-23 08:56:40,615 [INFO] PluginManager:220 - loadIPPluginJar : add tsc
2023-11-23 08:56:40,644 [INFO] IPUIPlugin:80 - create IPUIPlugin
2023-11-23 08:56:40,644 [INFO] PluginManager:220 - loadIPPluginJar : add ucpd
2023-11-23 08:56:40,693 [INFO] IPUIPlugin:80 - create IPUIPlugin
2023-11-23 08:56:40,693 [INFO] PluginManager:220 - loadIPPluginJar : add usart
2023-11-23 08:56:40,766 [INFO] IPUIPlugin:80 - create IPUIPlugin
2023-11-23 08:56:40,767 [INFO] PluginManager:220 - loadIPPluginJar : add usbx
2023-11-23 08:56:40,940 [INFO] CADModel:165 - CPN selected for project level
2023-11-23 08:56:40,940 [INFO] CADModel:114 - Register for checkConnection events
2023-11-23 08:56:40,940 [FATAL] Updater:308 - Updater called before beeing initialized
2023-11-23 08:56:40,941 [ERROR] CADModel:125 - Updater not yet initialized, retry later 
2023-11-23 08:56:41,263 [INFO] CADModel:165 - CPN selected for project level
2023-11-23 08:56:41,264 [INFO] CADModel:114 - Register for checkConnection events
2023-11-23 08:56:41,264 [FATAL] Updater:308 - Updater called before beeing initialized
2023-11-23 08:56:41,264 [ERROR] CADModel:125 - Updater not yet initialized, retry later 
2023-11-23 08:56:41,273 [FATAL] Updater:308 - Updater called before beeing initialized
2023-11-23 08:56:41,473 [FATAL] Updater:308 - Updater called before beeing initialized
2023-11-23 08:56:41,517 [INFO] DbMcusAds:53 - JSON generation date=Tue Mar 07 15:50:55 ICT 2023 (1678179055335)
2023-11-23 08:56:41,517 [FATAL] Updater:308 - Updater called before beeing initialized
2023-11-23 08:56:41,653 [WARN] DetailPanel:346 - Failed to get advertising image, set to default
2023-11-23 08:56:41,791 [FATAL] Updater:308 - Updater called before beeing initialized
2023-11-23 08:56:41,793 [FATAL] Updater:308 - Updater called before beeing initialized
2023-11-23 08:56:41,795 [FATAL] Updater:308 - Updater called before beeing initialized
2023-11-23 08:56:41,795 [WARN] DetailPanel:346 - Failed to get advertising image, set to default
2023-11-23 08:56:41,799 [FATAL] Updater:308 - Updater called before beeing initialized
2023-11-23 08:56:41,917 [ERROR] Updater:1120 - MainUpdater not yet initialized. External WinMGr cannot be set.
2023-11-23 08:56:41,937 [INFO] Updater:1056 - Updater Version found : 6.9.2
2023-11-23 08:56:41,974 [INFO] ApplicationProperties:184 - Using Application install path: C:\ST\STM32CubeIDE_1.12.1\STM32CubeIDE\plugins\com.st.stm32cube.common.mx_6.9.2.202309101412
2023-11-23 08:56:42,551 [INFO] MainUpdater:2868 - connection check result : 10
2023-11-23 08:56:42,552 [INFO] MainUpdater:3562 - Updater definition file requires update
2023-11-23 08:56:42,553 [INFO] MainUpdater:285 - Updater Check For Update Now.
2023-11-23 08:56:42,553 [INFO] MicroXplorer:498 - Change Database Version : DB.6.0.92
2023-11-23 08:56:42,594 [INFO] McuFinderGlobals:63 - Set McuFinder mode to 2 (CubeIDE integrated)
2023-11-23 08:56:42,622 [INFO] ServerAccessManage:473 - Download File updaters.zip
2023-11-23 08:56:42,763 [INFO] FileExtend:240 - Unzip File : updaters.zip
2023-11-23 08:56:42,763 [INFO] FileExtend:255 - Standard Zip Deflate
2023-11-23 08:56:42,846 [WARN] MainUpdater:1189 - Updater busy. Cannot search thirdparties
2023-11-23 08:56:42,846 [INFO] ThirdPartyUpdaterWithRetryManager:96 - Updater plugin is busy. [1/15]
2023-11-23 08:56:43,379 [INFO] ServerAccessManage:473 - Download File PacksControlFlags.xml
2023-11-23 08:56:43,533 [INFO] ServerAccessManage:473 - Download File cubemx.pidx
2023-11-23 08:56:45,637 [INFO] ServerAccessManage:473 - Download File STMicroelectronics.X-CUBE-TOF1.pdsc
2023-11-23 08:56:45,849 [WARN] MainUpdater:1189 - Updater busy. Cannot search thirdparties
2023-11-23 08:56:45,849 [INFO] ThirdPartyUpdaterWithRetryManager:96 - Updater plugin is busy. [2/15]
2023-11-23 08:56:47,065 [ERROR] ServerAccessManage:1089 - Problem, file not found on Server
2023-11-23 08:56:48,851 [WARN] MainUpdater:1189 - Updater busy. Cannot search thirdparties
2023-11-23 08:56:48,851 [INFO] ThirdPartyUpdaterWithRetryManager:96 - Updater plugin is busy. [3/15]
2023-11-23 08:56:49,400 [ERROR] ServerAccessManage:1096 - Problem, Http access forbiden
2023-11-23 08:56:49,412 [ERROR] ServerAccessManage:651 - Problem, Http access forbiden : RoweBots.I-CUBE-UNISONRTOS.pdsc.
2023-11-23 08:56:49,803 [WARN] PackLoader:240 - Cannot read IP mode file for STMicroelectronics.X-CUBE-TOF1.3.4.0
2023-11-23 08:56:49,825 [INFO] PopulateThirdPartyThread:66 - Ending populate Thread
2023-11-23 08:56:49,826 [INFO] ThirdParty:1030 - CMSIS Pack Vendor :STMicroelectronics X-CUBE-TOF1 3.4.0
2023-11-23 08:56:49,826 [INFO] LoadServerUpdatesThread:373 - End of LoadServerUpdate Thread
2023-11-23 08:56:50,016 [INFO] CheckServerUpdateThread:120 - End of CheckServer Thread
2023-11-23 08:56:52,077 [WARN] PackLoader:240 - Cannot read IP mode file for STMicroelectronics.X-CUBE-SMBUS.2.1.0
2023-11-23 08:56:52,143 [WARN] PackLoader:240 - Cannot read IP mode file for STMicroelectronics.X-CUBE-AZRTOS-F7.1.1.0
2023-11-23 08:56:52,177 [WARN] PackLoader:240 - Cannot read IP mode file for STMicroelectronics.FP-SNS-MOTENV1.4.3.2
2023-11-23 08:56:52,215 [WARN] PackLoader:240 - Cannot read IP mode file for STMicroelectronics.FP-SNS-FLIGHT1.5.0.2
2023-11-23 08:56:52,239 [WARN] PackLoader:240 - Cannot read IP mode file for STMicroelectronics.X-CUBE-DISPLAY.3.0.0
2023-11-23 08:56:52,279 [WARN] PackLoader:240 - Cannot read IP mode file for STMicroelectronics.X-CUBE-BLE1.7.0.0
2023-11-23 08:56:52,308 [WARN] PackLoader:240 - Cannot read IP mode file for emotas.I-CUBE-CANOPEN.1.3.0
2023-11-23 08:56:52,331 [WARN] PackLoader:240 - Cannot read IP mode file for STMicroelectronics.X-CUBE-TOUCHGFX.4.22.0
2023-11-23 08:56:52,357 [WARN] PackLoader:240 - Cannot read IP mode file for STMicroelectronics.X-CUBE-TOUCHGFX.4.22.1
2023-11-23 08:56:52,387 [WARN] PackLoader:240 - Cannot read IP mode file for STMicroelectronics.FP-SNS-SMARTAG2.1.2.0
2023-11-23 08:56:52,425 [INFO] LogOutputStream:77 - [STDOUT_REDIRECT] 1 : Invalid condition id : UX_CORESTACK_Condition cause : null
2023-11-23 08:56:52,425 [INFO] LogOutputStream:77 - [STDOUT_REDIRECT] 1 : Invalid condition id : UX_CORESTACK_Condition cause : null
2023-11-23 08:56:52,426 [INFO] LogOutputStream:77 - [STDOUT_REDIRECT] 1 : Invalid condition id : UX_CORESTACK_Condition cause : null
2023-11-23 08:56:52,427 [INFO] LogOutputStream:77 - [STDOUT_REDIRECT] 1 : Invalid condition id : UX_CORESTACK_Condition cause : null
2023-11-23 08:56:52,429 [INFO] LogOutputStream:77 - [STDOUT_REDIRECT] 1 : Invalid condition id : UX_CORESTACK_Condition cause : null
2023-11-23 08:56:52,432 [WARN] PackLoader:240 - Cannot read IP mode file for STMicroelectronics.X-CUBE-AZRTOS-WL.2.0.0
2023-11-23 08:56:52,458 [WARN] PackLoader:240 - Cannot read IP mode file for WES.I-CUBE-Cesium.1.3.0
2023-11-23 08:56:52,486 [WARN] PackLoader:240 - Cannot read IP mode file for STMicroelectronics.X-CUBE-BLE2.3.3.0
2023-11-23 08:56:52,547 [WARN] PackLoader:240 - Cannot read IP mode file for STMicroelectronics.X-CUBE-ALGOBUILD.1.3.0
2023-11-23 08:56:52,648 [WARN] PackLoader:240 - Cannot read IP mode file for STMicroelectronics.X-CUBE-AZRTOS-G0.1.1.0
2023-11-23 08:56:52,683 [WARN] PackLoader:240 - Cannot read IP mode file for STMicroelectronics.X-CUBE-NFC4.3.0.0
2023-11-23 08:56:52,728 [WARN] PackLoader:240 - Cannot read IP mode file for STMicroelectronics.X-CUBE-BLEMGR.3.0.0
2023-11-23 08:56:52,756 [WARN] PackLoader:240 - Cannot read IP mode file for STMicroelectronics.FP-ATR-SIGFOX1.3.2.0
2023-11-23 08:56:52,863 [WARN] PackLoader:240 - Cannot read IP mode file for SEGGER.I-CUBE-embOS.1.3.1
2023-11-23 08:56:52,966 [WARN] PackLoader:240 - Cannot read IP mode file for STMicroelectronics.X-CUBE-GNSS1.6.0.0
2023-11-23 08:56:53,035 [WARN] PackLoader:240 - Cannot read IP mode file for STMicroelectronics.X-CUBE-AZRTOS-F4.1.1.0
2023-11-23 08:56:53,066 [WARN] PackLoader:240 - Cannot read IP mode file for wolfSSL.I-CUBE-wolfSSL.5.6.3
2023-11-23 08:56:53,141 [WARN] PackLoader:240 - Cannot read IP mode file for STMicroelectronics.X-CUBE-AZRTOS-L5.2.0.0
2023-11-23 08:56:53,243 [WARN] PackLoader:240 - Cannot read IP mode file for STMicroelectronics.X-CUBE-MEMS1.9.6.0
2023-11-23 08:56:53,411 [WARN] PackLoader:240 - Cannot read IP mode file for STMicroelectronics.X-CUBE-EEPRMA1.4.2.0
2023-11-23 08:56:53,434 [WARN] PackLoader:240 - Cannot read IP mode file for ITTIA_DB.I-CUBE-ITTIADB.8.8.0
2023-11-23 08:56:53,460 [WARN] PackLoader:240 - Cannot read IP mode file for STMicroelectronics.X-CUBE-BLEMGR.2.0.0
2023-11-23 08:56:53,509 [WARN] ConditionMgr:438 - getConditionDescription Invalid condition id : UX DEVICE CLASS RTOS Condition cause : null
2023-11-23 08:56:53,510 [WARN] ConditionMgr:438 - getConditionDescription Invalid condition id : UX DEVICE CLASS RTOS Condition cause : null
2023-11-23 08:56:53,513 [WARN] PackLoader:240 - Cannot read IP mode file for STMicroelectronics.X-CUBE-AZRTOS-H7.3.1.0
2023-11-23 08:56:53,515 [WARN] ConditionMgr:1039 - genDependencies : Invalid condition id : UX DEVICE CLASS RTOS Condition cause : null
2023-11-23 08:56:53,515 [WARN] ConditionMgr:1039 - genDependencies : Invalid condition id : UX DEVICE CLASS RTOS Condition cause : null
2023-11-23 08:56:53,516 [WARN] ConditionMgr:1039 - genDependencies : Invalid condition id : UX DEVICE CLASS RTOS Condition cause : null
2023-11-23 08:56:53,516 [WARN] ConditionMgr:1039 - genDependencies : Invalid condition id : UX DEVICE CLASS RTOS Condition cause : null
2023-11-23 08:56:53,517 [WARN] ConditionMgr:1039 - genDependencies : Invalid condition id : UX DEVICE CLASS RTOS Condition cause : null
2023-11-23 08:56:53,532 [WARN] PackLoader:240 - Cannot read IP mode file for STMicroelectronics.X-CUBE-NFC7.1.0.1
2023-11-23 08:56:53,574 [WARN] PackLoader:240 - Cannot read IP mode file for STMicroelectronics.X-CUBE-NFC6.3.0.0
2023-11-23 08:56:53,598 [WARN] PackLoader:240 - Cannot read IP mode file for STMicroelectronics.X-CUBE-EEPRMA1.4.1.0
2023-11-23 08:56:53,638 [WARN] PackLoader:240 - Cannot read IP mode file for STMicroelectronics.X-CUBE-AI.8.1.0
2023-11-23 08:56:53,678 [WARN] ConditionMgr:438 - getConditionDescription Invalid condition id : LAN8742 Phy interface Condition cause : null
2023-11-23 08:56:53,679 [WARN] PackLoader:240 - Cannot read IP mode file for STMicroelectronics.X-CUBE-AZRTOS-L4.2.0.0
2023-11-23 08:56:53,680 [WARN] ConditionMgr:1039 - genDependencies : Invalid condition id : LAN8742 Phy interface Condition cause : null
2023-11-23 08:56:53,680 [WARN] ConditionMgr:1039 - genDependencies : Invalid condition id : LAN8742 Phy interface Condition cause : null
2023-11-23 08:56:53,681 [WARN] ConditionMgr:1039 - genDependencies : Invalid condition id : LAN8742 Phy interface Condition cause : null
2023-11-23 08:56:53,722 [WARN] PackLoader:240 - Cannot read IP mode file for STMicroelectronics.X-CUBE-SFXS2LP1.4.0.0
2023-11-23 08:56:53,751 [WARN] PackLoader:240 - Cannot read IP mode file for STMicroelectronics.X-CUBE-ISPU.1.1.0
2023-11-23 08:56:53,795 [WARN] ConditionMgr:438 - getConditionDescription Invalid condition id : UX DEVICE CLASS RTOS Condition cause : null
2023-11-23 08:56:53,795 [WARN] ConditionMgr:438 - getConditionDescription Invalid condition id : UX DEVICE CLASS RTOS Condition cause : null
2023-11-23 08:56:53,797 [WARN] PackLoader:240 - Cannot read IP mode file for STMicroelectronics.X-CUBE-AZRTOS-WB.2.0.0
2023-11-23 08:56:53,798 [WARN] ConditionMgr:1039 - genDependencies : Invalid condition id : UX DEVICE CLASS RTOS Condition cause : null
2023-11-23 08:56:53,798 [WARN] ConditionMgr:1039 - genDependencies : Invalid condition id : UX DEVICE CLASS RTOS Condition cause : null
2023-11-23 08:56:53,798 [WARN] ConditionMgr:1039 - genDependencies : Invalid condition id : UX DEVICE CLASS RTOS Condition cause : null
2023-11-23 08:56:53,798 [WARN] ConditionMgr:1039 - genDependencies : Invalid condition id : UX DEVICE CLASS RTOS Condition cause : null
2023-11-23 08:56:53,798 [WARN] ConditionMgr:1039 - genDependencies : Invalid condition id : UX DEVICE CLASS RTOS Condition cause : null
2023-11-23 08:56:53,821 [WARN] PackLoader:240 - Cannot read IP mode file for STMicroelectronics.X-CUBE-SUBG2.5.0.0
2023-11-23 08:56:53,853 [WARN] PackLoader:240 - Cannot read IP mode file for STMicroelectronics.X-CUBE-TOF1.3.3.1
2023-11-23 08:56:53,897 [WARN] PackLoader:240 - Cannot read IP mode file for STMicroelectronics.X-CUBE-AZRTOS-G4.2.0.0
2023-11-23 08:56:53,935 [WARN] PackLoader:240 - Cannot read IP mode file for Infineon.AIROC-Wi-Fi-Bluetooth-STM32.1.5.1
2023-11-23 08:56:53,954 [WARN] PackLoader:240 - Cannot read IP mode file for STMicroelectronics.FP-SNS-MOTENVWB1.1.3.0
2023-11-23 08:56:54,022 [WARN] PackLoader:240 - Cannot read IP mode file for STMicroelectronics.X-CUBE-MEMS1.10.0.0
2023-11-23 08:56:54,175 [WARN] PackLoader:240 - Cannot read IP mode file for STMicroelectronics.X-CUBE-FREERTOS.1.1.0
2023-11-23 08:56:54,192 [WARN] PackLoader:240 - Cannot read IP mode file for portGmbH.I-Cube-SoM-uGOAL.1.1.0
2023-11-23 08:56:54,217 [WARN] PackLoader:240 - Cannot read IP mode file for STMicroelectronics.X-CUBE-ALS.1.0.1
2023-11-23 08:56:54,241 [WARN] PackLoader:240 - Cannot read IP mode file for STMicroelectronics.FP-ATR-ASTRA1.2.0.0
2023-11-23 08:56:54,262 [WARN] PackLoader:240 - Cannot read IP mode file for STMicroelectronics.X-CUBE-TOF1.3.4.0
2023-11-23 08:56:54,272 [INFO] ThirdParty:978 - Integrity check success = true
2023-11-23 08:56:54,272 [INFO] IntegrityCheckThread:100 - exiting critical section [integrity check]
2023-11-23 08:56:54,272 [INFO] IntegrityCheckThread:103 - End integrity checks thread
2023-11-23 08:57:04,943 [ERROR] LogOutputStream:75 - [STDERR_REDIRECT] SLF4J: Failed to load class "org.slf4j.impl.StaticLoggerBinder".
2023-11-23 08:57:04,944 [ERROR] LogOutputStream:75 - [STDERR_REDIRECT] SLF4J: Defaulting to no-operation (NOP) logger implementation
2023-11-23 08:57:04,945 [ERROR] LogOutputStream:75 - [STDERR_REDIRECT] SLF4J: See http://www.slf4j.org/codes.html#StaticLoggerBinder for further details.
