2023-11-16 07:59:43,428 [INFO] Activator:176 - 


2023-11-16 07:59:43,444 [INFO] Activator:177 - !SESSION log4j initialized
2023-11-16 08:00:03,866 [INFO] LogOutputStream:77 - [STDOUT_REDIRECT] 
2023-11-16 08:00:08,989 [INFO] ApplicationProperties:184 - Using Application install path: C:\ST\STM32CubeIDE_1.12.1\STM32CubeIDE\plugins\com.st.stm32cube.common.mx_6.9.2.202309101412
2023-11-16 08:00:09,045 [INFO] DbMcusXml:78 - Set database path to: C:\ST\STM32CubeIDE_1.12.1\STM32CubeIDE\plugins\com.st.stm32cube.common.mx_6.9.2.202309101412\\db\/mcu/
2023-11-16 08:00:09,046 [INFO] ApiDb:274 - Set plugin database path to: C:\ST\STM32CubeIDE_1.12.1\STM32CubeIDE\plugins\com.st.stm32cube.common.mx_6.9.2.202309101412\\db\/plugins/boardmanager/
2023-11-16 08:00:09,054 [WARN] ApiDb:259 - Overriding images path with different value:  => C:\ST\STM32CubeIDE_1.12.1\STM32CubeIDE\plugins\com.st.stm32cube.common.mx_6.9.2.202309101412\\db\/plugins/mcufinder/images/
2023-11-16 08:00:09,151 [INFO] ApiDb:250 - Set database path to: C:\Users\TAMRD\.stmcufinder\plugins\mcufinder//mcu/
2023-11-16 08:00:09,152 [INFO] DbMcusAds:125 - Set database path to: C:\Users\TAMRD\.stmcufinder\plugins\mcufinder//mcu/
2023-11-16 08:00:09,155 [INFO] CrossReferenceDbSqlite:203 - Set database path to: C:\Users\TAMRD\.stmcufinder\plugins\mcufinder//mcu/cs/
2023-11-16 08:00:09,425 [INFO] RulesReader:64 - Compatibility file has been processed (293 Rules)
2023-11-16 08:00:09,713 [INFO] DbMcusXml:78 - Set database path to: C:\ST\STM32CubeIDE_1.12.1\STM32CubeIDE\plugins\com.st.stm32cube.common.mx_6.9.2.202309101412\\db\/mcu/
2023-11-16 08:00:09,713 [INFO] ApiDb:274 - Set plugin database path to: C:\ST\STM32CubeIDE_1.12.1\STM32CubeIDE\plugins\com.st.stm32cube.common.mx_6.9.2.202309101412\\db\/plugins/boardmanager/
2023-11-16 08:00:09,713 [INFO] ApiDb:261 - Set plugin images path to: C:\ST\STM32CubeIDE_1.12.1\STM32CubeIDE\plugins\com.st.stm32cube.common.mx_6.9.2.202309101412\\db\/plugins/mcufinder/images/
2023-11-16 08:00:09,714 [WARN] DbFile:41 - Overriding database path with different value: C:\Users\TAMRD\.stmcufinder\plugins\mcufinder/ => C:\Users\TAMRD\.stmcufinder\plugins\mcufinder
2023-11-16 08:00:09,714 [INFO] ApiDb:250 - Set database path to: C:\Users\TAMRD\.stmcufinder\plugins\mcufinder//mcu/
2023-11-16 08:00:09,714 [WARN] DbFile:41 - Overriding database path with different value: C:\Users\TAMRD\.stmcufinder\plugins\mcufinder/ => C:\Users\TAMRD\.stmcufinder\plugins\mcufinder
2023-11-16 08:00:09,714 [INFO] DbMcusAds:125 - Set database path to: C:\Users\TAMRD\.stmcufinder\plugins\mcufinder//mcu/
2023-11-16 08:00:09,714 [WARN] DbFile:41 - Overriding database path with different value: C:\Users\TAMRD\.stmcufinder\plugins\mcufinder/ => C:\Users\TAMRD\.stmcufinder\plugins\mcufinder
2023-11-16 08:00:09,714 [WARN] DbFile:41 - Overriding database path with different value: C:\Users\TAMRD\.stmcufinder\plugins\mcufinder/ => C:\Users\TAMRD\.stmcufinder\plugins\mcufinder
2023-11-16 08:00:09,715 [INFO] CrossReferenceDbSqlite:203 - Set database path to: C:\Users\TAMRD\.stmcufinder\plugins\mcufinder//mcu/cs/
2023-11-16 08:00:09,992 [INFO] MainPanel:262 - HeapMemory: 268435456
2023-11-16 08:00:10,306 [INFO] DbMcusXml:78 - Set database path to: C:\ST\STM32CubeIDE_1.12.1\STM32CubeIDE\plugins\com.st.stm32cube.common.mx_6.9.2.202309101412\\db\/mcu/
2023-11-16 08:00:10,306 [INFO] ApiDb:274 - Set plugin database path to: C:\ST\STM32CubeIDE_1.12.1\STM32CubeIDE\plugins\com.st.stm32cube.common.mx_6.9.2.202309101412\\db\/plugins/boardmanager/
2023-11-16 08:00:10,307 [INFO] ApiDb:261 - Set plugin images path to: C:\ST\STM32CubeIDE_1.12.1\STM32CubeIDE\plugins\com.st.stm32cube.common.mx_6.9.2.202309101412\\db\/plugins/mcufinder/images/
2023-11-16 08:00:10,307 [WARN] DbFile:41 - Overriding database path with different value: C:\Users\TAMRD\.stmcufinder\plugins\mcufinder/ => C:\Users\TAMRD\.stmcufinder\plugins\mcufinder
2023-11-16 08:00:10,307 [INFO] ApiDb:250 - Set database path to: C:\Users\TAMRD\.stmcufinder\plugins\mcufinder//mcu/
2023-11-16 08:00:10,307 [WARN] DbFile:41 - Overriding database path with different value: C:\Users\TAMRD\.stmcufinder\plugins\mcufinder/ => C:\Users\TAMRD\.stmcufinder\plugins\mcufinder
2023-11-16 08:00:10,307 [INFO] DbMcusAds:125 - Set database path to: C:\Users\TAMRD\.stmcufinder\plugins\mcufinder//mcu/
2023-11-16 08:00:10,308 [WARN] DbFile:41 - Overriding database path with different value: C:\Users\TAMRD\.stmcufinder\plugins\mcufinder/ => C:\Users\TAMRD\.stmcufinder\plugins\mcufinder
2023-11-16 08:00:10,308 [WARN] DbFile:41 - Overriding database path with different value: C:\Users\TAMRD\.stmcufinder\plugins\mcufinder/ => C:\Users\TAMRD\.stmcufinder\plugins\mcufinder
2023-11-16 08:00:10,308 [INFO] CrossReferenceDbSqlite:203 - Set database path to: C:\Users\TAMRD\.stmcufinder\plugins\mcufinder//mcu/cs/
2023-11-16 08:00:10,363 [INFO] ApplicationProperties:184 - Using Application install path: C:\ST\STM32CubeIDE_1.12.1\STM32CubeIDE\plugins\com.st.stm32cube.common.mx_6.9.2.202309101412
2023-11-16 08:00:10,365 [INFO] PluginManage:196 - Search for loadable plugins [exclusion list=, ]
2023-11-16 08:00:10,368 [INFO] PluginManage:310 - Check plugin analytics
2023-11-16 08:00:10,706 [INFO] AnalyticsPlugin:253 - Accepted Software Licenses: 
2023-11-16 08:00:10,706 [INFO] AnalyticsPlugin:255 - Accepted CMSIS Pack Licenses: 
2023-11-16 08:00:10,707 [INFO] AnalyticsPlugin:257 - Accepted Firmware Licenses: 
2023-11-16 08:00:10,713 [INFO] PluginManage:359 - Loaded plugin analytics (category:tool,tabindex:-1)
2023-11-16 08:00:10,714 [INFO] PluginManage:310 - Check plugin cadmodel
2023-11-16 08:00:10,799 [INFO] CADModel:105 - Init CAD model plugin
2023-11-16 08:00:10,799 [INFO] PluginManage:359 - Loaded plugin cadmodel (category:power,tabindex:5)
2023-11-16 08:00:10,799 [INFO] PluginManage:310 - Check plugin clock
2023-11-16 08:00:10,932 [INFO] PluginManage:359 - Loaded plugin clock (category:base,tabindex:2)
2023-11-16 08:00:10,932 [INFO] PluginManage:310 - Check plugin ddr
2023-11-16 08:00:10,981 [INFO] PluginManage:359 - Loaded plugin ddr (category:tool,tabindex:6)
2023-11-16 08:00:10,981 [INFO] PluginManage:310 - Check plugin filemanager
2023-11-16 08:00:11,444 [INFO] PluginManage:359 - Loaded plugin filemanager (category:base,tabindex:10)
2023-11-16 08:00:11,444 [INFO] PluginManage:310 - Check plugin ipmanager
2023-11-16 08:00:11,490 [INFO] PluginManage:359 - Loaded plugin ipmanager (category:base,tabindex:5)
2023-11-16 08:00:11,490 [INFO] PluginManage:310 - Check plugin lpbam
2023-11-16 08:00:11,527 [INFO] PluginManage:359 - Loaded plugin lpbam (category:base,tabindex:0)
2023-11-16 08:00:11,527 [INFO] PluginManage:310 - Check plugin memorymap
2023-11-16 08:00:11,565 [INFO] PluginManage:359 - Loaded plugin memorymap (category:base,tabindex:4)
2023-11-16 08:00:11,565 [INFO] PluginManage:310 - Check plugin pinoutandconfiguration
2023-11-16 08:00:11,607 [INFO] PluginManage:359 - Loaded plugin pinoutandconfiguration (category:base,tabindex:1)
2023-11-16 08:00:11,607 [INFO] PluginManage:310 - Check plugin pinoutconfig
2023-11-16 08:00:11,835 [WARN] SupportedApi:132 - Cannot load RTOS API schema: s4s-elt-must-match.1: The content of 'definitions' must match (annotation?, (simpleType | complexType)?, (unique | key | keyref)*)). A problem was found starting at: attribute.
2023-11-16 08:00:12,047 [INFO] PluginManage:359 - Loaded plugin pinoutconfig (category:base,tabindex:0)
2023-11-16 08:00:12,047 [INFO] PluginManage:310 - Check plugin power
2023-11-16 08:00:12,106 [INFO] PluginManage:359 - Loaded plugin power (category:power,tabindex:4)
2023-11-16 08:00:12,106 [INFO] PluginManage:310 - Check plugin projectmanager
2023-11-16 08:00:12,132 [INFO] PluginManage:359 - Loaded plugin projectmanager (category:projectmanager,tabindex:3)
2023-11-16 08:00:12,133 [INFO] PluginManage:310 - Check plugin thirdparty
2023-11-16 08:00:12,838 [INFO] PluginManage:359 - Loaded plugin thirdparty (category:base,tabindex:-1)
2023-11-16 08:00:12,838 [INFO] PluginManage:310 - Check plugin tools
2023-11-16 08:00:12,840 [WARN] IntegrityCheckThread:84 - waiting for thirdparty lock release [integrity check]
2023-11-16 08:00:12,840 [INFO] IntegrityCheckThread:86 - entering critical section [integrity check]
2023-11-16 08:00:12,841 [INFO] ThirdPartyUpdaterWithRetryManager:70 - Updater plugin not ready yet. [1/15]
2023-11-16 08:00:12,906 [INFO] PluginManage:359 - Loaded plugin tools (category:base,tabindex:7)
2023-11-16 08:00:12,906 [INFO] PluginManage:310 - Check plugin tutovideos
2023-11-16 08:00:13,348 [INFO] PluginManage:359 - Loaded plugin tutovideos (category:base,tabindex:-1)
2023-11-16 08:00:13,348 [INFO] PluginManage:310 - Check plugin updater
2023-11-16 08:00:13,382 [INFO] PluginManage:359 - Loaded plugin updater (category:base,tabindex:12)
2023-11-16 08:00:13,383 [INFO] PluginManage:310 - Check plugin userauth
2023-11-16 08:00:13,419 [INFO] UserAuth:113 - Init User Auth plugin
2023-11-16 08:00:13,420 [INFO] PluginManage:359 - Loaded plugin userauth (category:base,tabindex:14)
2023-11-16 08:00:13,420 [INFO] PluginManage:283 - PluginManage : Loaded plugins [17]
2023-11-16 08:00:14,053 [INFO] PinOutPanel:1499 - setPackage(No Configuration,No Configuration)
2023-11-16 08:00:14,463 [INFO] CADModel:165 - CPN selected for project level
2023-11-16 08:00:14,463 [INFO] CADModel:114 - Register for checkConnection events
2023-11-16 08:00:14,581 [INFO] IPUIPlugin:80 - create IPUIPlugin
2023-11-16 08:00:14,582 [INFO] PluginManager:220 - loadIPPluginJar : add adc
2023-11-16 08:00:14,630 [INFO] IPUIPlugin:80 - create IPUIPlugin
2023-11-16 08:00:14,630 [INFO] PluginManager:220 - loadIPPluginJar : add aes
2023-11-16 08:00:14,684 [INFO] IPUIPlugin:80 - create IPUIPlugin
2023-11-16 08:00:14,684 [INFO] PluginManager:220 - loadIPPluginJar : add can
2023-11-16 08:00:14,727 [INFO] IPUIPlugin:80 - create IPUIPlugin
2023-11-16 08:00:14,728 [INFO] PluginManager:220 - loadIPPluginJar : add comp
2023-11-16 08:00:14,783 [INFO] IPUIPlugin:80 - create IPUIPlugin
2023-11-16 08:00:14,783 [INFO] PluginManager:220 - loadIPPluginJar : add cryp
2023-11-16 08:00:14,835 [INFO] IPUIPlugin:80 - create IPUIPlugin
2023-11-16 08:00:14,835 [INFO] PluginManager:220 - loadIPPluginJar : add dfsdm
2023-11-16 08:00:14,860 [INFO] IPUIPlugin:80 - create IPUIPlugin
2023-11-16 08:00:14,861 [INFO] PluginManager:220 - loadIPPluginJar : add dma
2023-11-16 08:00:14,919 [INFO] IPUIPlugin:80 - create IPUIPlugin
2023-11-16 08:00:14,920 [INFO] PluginManager:220 - loadIPPluginJar : add dma3
2023-11-16 08:00:15,016 [INFO] IPUIPlugin:80 - create IPUIPlugin
2023-11-16 08:00:15,017 [INFO] PluginManager:220 - loadIPPluginJar : add fatfs
2023-11-16 08:00:15,121 [INFO] IPUIPlugin:80 - create IPUIPlugin
2023-11-16 08:00:15,121 [INFO] PluginManager:220 - loadIPPluginJar : add fmc
2023-11-16 08:00:15,155 [INFO] IPUIPlugin:80 - create IPUIPlugin
2023-11-16 08:00:15,155 [INFO] PluginManager:220 - loadIPPluginJar : add freertos
2023-11-16 08:00:15,190 [INFO] IPUIPlugin:80 - create IPUIPlugin
2023-11-16 08:00:15,190 [INFO] PluginManager:220 - loadIPPluginJar : add genericplugin
2023-11-16 08:00:15,334 [INFO] IPUIPlugin:80 - create IPUIPlugin
2023-11-16 08:00:15,334 [INFO] PluginManager:220 - loadIPPluginJar : add gfxmmu
2023-11-16 08:00:15,500 [INFO] IPUIPlugin:80 - create IPUIPlugin
2023-11-16 08:00:15,501 [INFO] PluginManager:220 - loadIPPluginJar : add gic
2023-11-16 08:00:15,533 [INFO] IPUIPlugin:80 - create IPUIPlugin
2023-11-16 08:00:15,533 [INFO] PluginManager:220 - loadIPPluginJar : add gpio
2023-11-16 08:00:15,682 [INFO] IPUIPlugin:80 - create IPUIPlugin
2023-11-16 08:00:15,682 [INFO] PluginManager:220 - loadIPPluginJar : add gtzc
2023-11-16 08:00:15,727 [INFO] IPUIPlugin:80 - create IPUIPlugin
2023-11-16 08:00:15,727 [INFO] PluginManager:220 - loadIPPluginJar : add hash
2023-11-16 08:00:15,798 [INFO] IPUIPlugin:80 - create IPUIPlugin
2023-11-16 08:00:15,798 [INFO] PluginManager:220 - loadIPPluginJar : add i2c
2023-11-16 08:00:15,843 [INFO] ThirdPartyUpdaterWithRetryManager:70 - Updater plugin not ready yet. [2/15]
2023-11-16 08:00:15,867 [INFO] IPUIPlugin:80 - create IPUIPlugin
2023-11-16 08:00:15,867 [INFO] PluginManager:220 - loadIPPluginJar : add i2s
2023-11-16 08:00:15,924 [INFO] IPUIPlugin:80 - create IPUIPlugin
2023-11-16 08:00:15,924 [INFO] PluginManager:220 - loadIPPluginJar : add i3c
2023-11-16 08:00:16,078 [INFO] IPUIPlugin:80 - create IPUIPlugin
2023-11-16 08:00:16,078 [INFO] PluginManager:220 - loadIPPluginJar : add ipddr
2023-11-16 08:00:16,221 [INFO] IPUIPlugin:80 - create IPUIPlugin
2023-11-16 08:00:16,221 [INFO] PluginManager:220 - loadIPPluginJar : add linkedlist
2023-11-16 08:00:16,278 [INFO] IPUIPlugin:80 - create IPUIPlugin
2023-11-16 08:00:16,279 [INFO] PluginManager:220 - loadIPPluginJar : add lorawan
2023-11-16 08:00:16,341 [INFO] IPUIPlugin:80 - create IPUIPlugin
2023-11-16 08:00:16,343 [INFO] PluginManager:220 - loadIPPluginJar : add ltdc
2023-11-16 08:00:16,398 [INFO] IPUIPlugin:80 - create IPUIPlugin
2023-11-16 08:00:16,398 [INFO] PluginManager:220 - loadIPPluginJar : add mdma
2023-11-16 08:00:16,434 [INFO] IPUIPlugin:80 - create IPUIPlugin
2023-11-16 08:00:16,434 [INFO] PluginManager:220 - loadIPPluginJar : add nvic
2023-11-16 08:00:16,493 [INFO] IPUIPlugin:80 - create IPUIPlugin
2023-11-16 08:00:16,494 [INFO] PluginManager:220 - loadIPPluginJar : add opamp
2023-11-16 08:00:16,582 [INFO] IPUIPlugin:80 - create IPUIPlugin
2023-11-16 08:00:16,582 [INFO] PluginManager:220 - loadIPPluginJar : add openamp
2023-11-16 08:00:16,656 [INFO] IPUIPlugin:80 - create IPUIPlugin
2023-11-16 08:00:16,656 [INFO] PluginManager:220 - loadIPPluginJar : add pdm2pcm
2023-11-16 08:00:16,683 [INFO] IPUIPlugin:80 - create IPUIPlugin
2023-11-16 08:00:16,685 [INFO] PluginManager:220 - loadIPPluginJar : add plateformsettings
2023-11-16 08:00:16,739 [INFO] IPUIPlugin:80 - create IPUIPlugin
2023-11-16 08:00:16,739 [INFO] PluginManager:220 - loadIPPluginJar : add quadspi
2023-11-16 08:00:16,778 [INFO] IPUIPlugin:80 - create IPUIPlugin
2023-11-16 08:00:16,778 [INFO] PluginManager:220 - loadIPPluginJar : add resmgrutility
2023-11-16 08:00:16,845 [INFO] IPUIPlugin:80 - create IPUIPlugin
2023-11-16 08:00:16,845 [INFO] PluginManager:220 - loadIPPluginJar : add sai
2023-11-16 08:00:16,908 [INFO] IPUIPlugin:80 - create IPUIPlugin
2023-11-16 08:00:16,908 [INFO] PluginManager:220 - loadIPPluginJar : add spi
2023-11-16 08:00:17,017 [INFO] IPUIPlugin:80 - create IPUIPlugin
2023-11-16 08:00:17,018 [INFO] PluginManager:220 - loadIPPluginJar : add stm32_wpan
2023-11-16 08:00:17,064 [INFO] IPUIPlugin:80 - create IPUIPlugin
2023-11-16 08:00:17,065 [INFO] PluginManager:220 - loadIPPluginJar : add tim
2023-11-16 08:00:17,162 [INFO] IPUIPlugin:80 - create IPUIPlugin
2023-11-16 08:00:17,163 [INFO] PluginManager:220 - loadIPPluginJar : add touchsensing
2023-11-16 08:00:17,219 [INFO] IPUIPlugin:80 - create IPUIPlugin
2023-11-16 08:00:17,220 [INFO] PluginManager:220 - loadIPPluginJar : add tracer_emb
2023-11-16 08:00:17,253 [INFO] IPUIPlugin:80 - create IPUIPlugin
2023-11-16 08:00:17,253 [INFO] PluginManager:220 - loadIPPluginJar : add ts
2023-11-16 08:00:17,292 [INFO] IPUIPlugin:80 - create IPUIPlugin
2023-11-16 08:00:17,292 [INFO] PluginManager:220 - loadIPPluginJar : add tsc
2023-11-16 08:00:17,328 [INFO] IPUIPlugin:80 - create IPUIPlugin
2023-11-16 08:00:17,328 [INFO] PluginManager:220 - loadIPPluginJar : add ucpd
2023-11-16 08:00:17,394 [INFO] IPUIPlugin:80 - create IPUIPlugin
2023-11-16 08:00:17,394 [INFO] PluginManager:220 - loadIPPluginJar : add usart
2023-11-16 08:00:17,456 [INFO] IPUIPlugin:80 - create IPUIPlugin
2023-11-16 08:00:17,456 [INFO] PluginManager:220 - loadIPPluginJar : add usbx
2023-11-16 08:00:17,667 [INFO] CADModel:165 - CPN selected for project level
2023-11-16 08:00:17,668 [INFO] CADModel:114 - Register for checkConnection events
2023-11-16 08:00:17,668 [FATAL] Updater:308 - Updater called before beeing initialized
2023-11-16 08:00:17,668 [ERROR] CADModel:125 - Updater not yet initialized, retry later 
2023-11-16 08:00:18,124 [INFO] CADModel:165 - CPN selected for project level
2023-11-16 08:00:18,124 [INFO] CADModel:114 - Register for checkConnection events
2023-11-16 08:00:18,125 [FATAL] Updater:308 - Updater called before beeing initialized
2023-11-16 08:00:18,125 [ERROR] CADModel:125 - Updater not yet initialized, retry later 
2023-11-16 08:00:18,134 [FATAL] Updater:308 - Updater called before beeing initialized
2023-11-16 08:00:18,362 [FATAL] Updater:308 - Updater called before beeing initialized
2023-11-16 08:00:18,400 [INFO] DbMcusAds:53 - JSON generation date=Tue Mar 07 15:50:55 ICT 2023 (1678179055335)
2023-11-16 08:00:18,401 [FATAL] Updater:308 - Updater called before beeing initialized
2023-11-16 08:00:18,526 [WARN] DetailPanel:346 - Failed to get advertising image, set to default
2023-11-16 08:00:18,646 [FATAL] Updater:308 - Updater called before beeing initialized
2023-11-16 08:00:18,648 [FATAL] Updater:308 - Updater called before beeing initialized
2023-11-16 08:00:18,649 [FATAL] Updater:308 - Updater called before beeing initialized
2023-11-16 08:00:18,649 [WARN] DetailPanel:346 - Failed to get advertising image, set to default
2023-11-16 08:00:18,650 [FATAL] Updater:308 - Updater called before beeing initialized
2023-11-16 08:00:18,768 [ERROR] Updater:1120 - MainUpdater not yet initialized. External WinMGr cannot be set.
2023-11-16 08:00:18,801 [INFO] Updater:1056 - Updater Version found : 6.9.2
2023-11-16 08:00:18,843 [INFO] ApplicationProperties:184 - Using Application install path: C:\ST\STM32CubeIDE_1.12.1\STM32CubeIDE\plugins\com.st.stm32cube.common.mx_6.9.2.202309101412
2023-11-16 08:00:18,846 [INFO] ThirdPartyUpdaterWithRetryManager:70 - Updater plugin not ready yet. [3/15]
2023-11-16 08:00:20,434 [INFO] MainUpdater:2868 - connection check result : 10
2023-11-16 08:00:20,435 [INFO] MainUpdater:285 - Updater Check For Update Now.
2023-11-16 08:00:20,435 [INFO] MicroXplorer:498 - Change Database Version : DB.6.0.92
2023-11-16 08:00:20,493 [INFO] McuFinderGlobals:63 - Set McuFinder mode to 2 (CubeIDE integrated)
2023-11-16 08:00:20,741 [INFO] CheckServerUpdateThread:120 - End of CheckServer Thread
2023-11-16 08:00:22,539 [WARN] PackLoader:240 - Cannot read IP mode file for STMicroelectronics.X-CUBE-SMBUS.2.1.0
2023-11-16 08:00:22,687 [WARN] PackLoader:240 - Cannot read IP mode file for STMicroelectronics.X-CUBE-AZRTOS-F7.1.1.0
2023-11-16 08:00:22,758 [WARN] PackLoader:240 - Cannot read IP mode file for STMicroelectronics.FP-SNS-MOTENV1.4.3.2
2023-11-16 08:00:22,802 [WARN] PackLoader:240 - Cannot read IP mode file for STMicroelectronics.FP-SNS-FLIGHT1.5.0.2
2023-11-16 08:00:22,857 [WARN] PackLoader:240 - Cannot read IP mode file for STMicroelectronics.X-CUBE-DISPLAY.3.0.0
2023-11-16 08:00:22,905 [WARN] PackLoader:240 - Cannot read IP mode file for STMicroelectronics.X-CUBE-BLE1.7.0.0
2023-11-16 08:00:22,948 [WARN] PackLoader:240 - Cannot read IP mode file for emotas.I-CUBE-CANOPEN.1.3.0
2023-11-16 08:00:22,995 [WARN] PackLoader:240 - Cannot read IP mode file for STMicroelectronics.X-CUBE-TOUCHGFX.4.22.0
2023-11-16 08:00:23,023 [WARN] PackLoader:240 - Cannot read IP mode file for STMicroelectronics.X-CUBE-TOUCHGFX.4.22.1
2023-11-16 08:00:23,045 [WARN] PackLoader:240 - Cannot read IP mode file for STMicroelectronics.FP-SNS-SMARTAG2.1.2.0
2023-11-16 08:00:23,090 [INFO] LogOutputStream:77 - [STDOUT_REDIRECT] 1 : Invalid condition id : UX_CORESTACK_Condition cause : null
2023-11-16 08:00:23,091 [INFO] LogOutputStream:77 - [STDOUT_REDIRECT] 1 : Invalid condition id : UX_CORESTACK_Condition cause : null
2023-11-16 08:00:23,092 [INFO] LogOutputStream:77 - [STDOUT_REDIRECT] 1 : Invalid condition id : UX_CORESTACK_Condition cause : null
2023-11-16 08:00:23,095 [INFO] LogOutputStream:77 - [STDOUT_REDIRECT] 1 : Invalid condition id : UX_CORESTACK_Condition cause : null
2023-11-16 08:00:23,096 [INFO] LogOutputStream:77 - [STDOUT_REDIRECT] 1 : Invalid condition id : UX_CORESTACK_Condition cause : null
2023-11-16 08:00:23,103 [WARN] PackLoader:240 - Cannot read IP mode file for STMicroelectronics.X-CUBE-AZRTOS-WL.2.0.0
2023-11-16 08:00:23,147 [WARN] PackLoader:240 - Cannot read IP mode file for WES.I-CUBE-Cesium.1.3.0
2023-11-16 08:00:23,196 [WARN] PackLoader:240 - Cannot read IP mode file for STMicroelectronics.X-CUBE-BLE2.3.3.0
2023-11-16 08:00:23,238 [WARN] PackLoader:240 - Cannot read IP mode file for STMicroelectronics.X-CUBE-ALGOBUILD.1.3.0
2023-11-16 08:00:23,332 [WARN] PackLoader:240 - Cannot read IP mode file for STMicroelectronics.X-CUBE-AZRTOS-G0.1.1.0
2023-11-16 08:00:23,372 [WARN] PackLoader:240 - Cannot read IP mode file for STMicroelectronics.X-CUBE-NFC4.3.0.0
2023-11-16 08:00:23,437 [WARN] PackLoader:240 - Cannot read IP mode file for STMicroelectronics.X-CUBE-BLEMGR.3.0.0
2023-11-16 08:00:23,456 [WARN] PackLoader:240 - Cannot read IP mode file for STMicroelectronics.FP-ATR-SIGFOX1.3.2.0
2023-11-16 08:00:23,521 [WARN] PackLoader:240 - Cannot read IP mode file for SEGGER.I-CUBE-embOS.1.3.1
2023-11-16 08:00:23,603 [WARN] PackLoader:240 - Cannot read IP mode file for STMicroelectronics.X-CUBE-GNSS1.6.0.0
2023-11-16 08:00:23,638 [WARN] PackLoader:240 - Cannot read IP mode file for STMicroelectronics.X-CUBE-AZRTOS-F4.1.1.0
2023-11-16 08:00:23,671 [WARN] PackLoader:240 - Cannot read IP mode file for wolfSSL.I-CUBE-wolfSSL.5.6.3
2023-11-16 08:00:23,732 [WARN] PackLoader:240 - Cannot read IP mode file for STMicroelectronics.X-CUBE-AZRTOS-L5.2.0.0
2023-11-16 08:00:23,900 [WARN] PackLoader:240 - Cannot read IP mode file for STMicroelectronics.X-CUBE-MEMS1.9.6.0
2023-11-16 08:00:24,070 [WARN] PackLoader:240 - Cannot read IP mode file for STMicroelectronics.X-CUBE-EEPRMA1.4.2.0
2023-11-16 08:00:24,095 [WARN] PackLoader:240 - Cannot read IP mode file for ITTIA_DB.I-CUBE-ITTIADB.8.8.0
2023-11-16 08:00:24,116 [WARN] PackLoader:240 - Cannot read IP mode file for STMicroelectronics.X-CUBE-BLEMGR.2.0.0
2023-11-16 08:00:24,163 [WARN] ConditionMgr:438 - getConditionDescription Invalid condition id : UX DEVICE CLASS RTOS Condition cause : null
2023-11-16 08:00:24,163 [WARN] ConditionMgr:438 - getConditionDescription Invalid condition id : UX DEVICE CLASS RTOS Condition cause : null
2023-11-16 08:00:24,166 [WARN] PackLoader:240 - Cannot read IP mode file for STMicroelectronics.X-CUBE-AZRTOS-H7.3.1.0
2023-11-16 08:00:24,167 [WARN] ConditionMgr:1039 - genDependencies : Invalid condition id : UX DEVICE CLASS RTOS Condition cause : null
2023-11-16 08:00:24,167 [WARN] ConditionMgr:1039 - genDependencies : Invalid condition id : UX DEVICE CLASS RTOS Condition cause : null
2023-11-16 08:00:24,167 [WARN] ConditionMgr:1039 - genDependencies : Invalid condition id : UX DEVICE CLASS RTOS Condition cause : null
2023-11-16 08:00:24,168 [WARN] ConditionMgr:1039 - genDependencies : Invalid condition id : UX DEVICE CLASS RTOS Condition cause : null
2023-11-16 08:00:24,168 [WARN] ConditionMgr:1039 - genDependencies : Invalid condition id : UX DEVICE CLASS RTOS Condition cause : null
2023-11-16 08:00:24,182 [WARN] PackLoader:240 - Cannot read IP mode file for STMicroelectronics.X-CUBE-NFC7.1.0.1
2023-11-16 08:00:24,208 [WARN] PackLoader:240 - Cannot read IP mode file for STMicroelectronics.X-CUBE-NFC6.3.0.0
2023-11-16 08:00:24,320 [WARN] PackLoader:240 - Cannot read IP mode file for STMicroelectronics.X-CUBE-EEPRMA1.4.1.0
2023-11-16 08:00:24,554 [WARN] PackLoader:240 - Cannot read IP mode file for STMicroelectronics.X-CUBE-AI.8.1.0
2023-11-16 08:00:24,613 [WARN] ConditionMgr:438 - getConditionDescription Invalid condition id : LAN8742 Phy interface Condition cause : null
2023-11-16 08:00:24,614 [WARN] PackLoader:240 - Cannot read IP mode file for STMicroelectronics.X-CUBE-AZRTOS-L4.2.0.0
2023-11-16 08:00:24,628 [WARN] ConditionMgr:1039 - genDependencies : Invalid condition id : LAN8742 Phy interface Condition cause : null
2023-11-16 08:00:24,628 [WARN] ConditionMgr:1039 - genDependencies : Invalid condition id : LAN8742 Phy interface Condition cause : null
2023-11-16 08:00:24,628 [WARN] ConditionMgr:1039 - genDependencies : Invalid condition id : LAN8742 Phy interface Condition cause : null
2023-11-16 08:00:24,657 [WARN] PackLoader:240 - Cannot read IP mode file for STMicroelectronics.X-CUBE-SFXS2LP1.4.0.0
2023-11-16 08:00:24,677 [WARN] PackLoader:240 - Cannot read IP mode file for STMicroelectronics.X-CUBE-ISPU.1.1.0
2023-11-16 08:00:24,714 [WARN] ConditionMgr:438 - getConditionDescription Invalid condition id : UX DEVICE CLASS RTOS Condition cause : null
2023-11-16 08:00:24,715 [WARN] ConditionMgr:438 - getConditionDescription Invalid condition id : UX DEVICE CLASS RTOS Condition cause : null
2023-11-16 08:00:24,717 [WARN] PackLoader:240 - Cannot read IP mode file for STMicroelectronics.X-CUBE-AZRTOS-WB.2.0.0
2023-11-16 08:00:24,717 [WARN] ConditionMgr:1039 - genDependencies : Invalid condition id : UX DEVICE CLASS RTOS Condition cause : null
2023-11-16 08:00:24,717 [WARN] ConditionMgr:1039 - genDependencies : Invalid condition id : UX DEVICE CLASS RTOS Condition cause : null
2023-11-16 08:00:24,718 [WARN] ConditionMgr:1039 - genDependencies : Invalid condition id : UX DEVICE CLASS RTOS Condition cause : null
2023-11-16 08:00:24,718 [WARN] ConditionMgr:1039 - genDependencies : Invalid condition id : UX DEVICE CLASS RTOS Condition cause : null
2023-11-16 08:00:24,718 [WARN] ConditionMgr:1039 - genDependencies : Invalid condition id : UX DEVICE CLASS RTOS Condition cause : null
2023-11-16 08:00:24,781 [WARN] PackLoader:240 - Cannot read IP mode file for STMicroelectronics.X-CUBE-SUBG2.5.0.0
2023-11-16 08:00:24,806 [WARN] PackLoader:240 - Cannot read IP mode file for STMicroelectronics.X-CUBE-TOF1.3.3.1
2023-11-16 08:00:24,878 [WARN] PackLoader:240 - Cannot read IP mode file for STMicroelectronics.X-CUBE-AZRTOS-G4.2.0.0
2023-11-16 08:00:24,909 [WARN] PackLoader:240 - Cannot read IP mode file for Infineon.AIROC-Wi-Fi-Bluetooth-STM32.1.5.1
2023-11-16 08:00:24,934 [WARN] PackLoader:240 - Cannot read IP mode file for STMicroelectronics.FP-SNS-MOTENVWB1.1.3.0
2023-11-16 08:00:24,988 [WARN] PackLoader:240 - Cannot read IP mode file for STMicroelectronics.X-CUBE-MEMS1.10.0.0
2023-11-16 08:00:25,166 [WARN] PackLoader:240 - Cannot read IP mode file for STMicroelectronics.X-CUBE-FREERTOS.1.1.0
2023-11-16 08:00:25,194 [WARN] PackLoader:240 - Cannot read IP mode file for portGmbH.I-Cube-SoM-uGOAL.1.1.0
2023-11-16 08:00:25,222 [WARN] PackLoader:240 - Cannot read IP mode file for STMicroelectronics.X-CUBE-ALS.1.0.1
2023-11-16 08:00:25,246 [WARN] PackLoader:240 - Cannot read IP mode file for STMicroelectronics.FP-ATR-ASTRA1.2.0.0
2023-11-16 08:00:25,257 [INFO] ThirdParty:978 - Integrity check success = true
2023-11-16 08:00:25,258 [INFO] IntegrityCheckThread:100 - exiting critical section [integrity check]
2023-11-16 08:00:25,258 [INFO] IntegrityCheckThread:103 - End integrity checks thread
2023-11-16 08:00:42,255 [ERROR] LogOutputStream:75 - [STDERR_REDIRECT] SLF4J: Failed to load class "org.slf4j.impl.StaticLoggerBinder".
2023-11-16 08:00:42,256 [ERROR] LogOutputStream:75 - [STDERR_REDIRECT] SLF4J: Defaulting to no-operation (NOP) logger implementation
2023-11-16 08:00:42,257 [ERROR] LogOutputStream:75 - [STDERR_REDIRECT] SLF4J: See http://www.slf4j.org/codes.html#StaticLoggerBinder for further details.
2023-11-16 16:56:15,626 [INFO] Activator:176 - 


2023-11-16 16:56:15,644 [INFO] Activator:177 - !SESSION log4j initialized
2023-11-16 16:56:23,007 [INFO] LogOutputStream:77 - [STDOUT_REDIRECT] 
2023-11-16 16:56:26,719 [INFO] ApplicationProperties:184 - Using Application install path: C:\ST\STM32CubeIDE_1.12.1\STM32CubeIDE\plugins\com.st.stm32cube.common.mx_6.9.2.202309101412
2023-11-16 16:56:26,776 [INFO] DbMcusXml:78 - Set database path to: C:\ST\STM32CubeIDE_1.12.1\STM32CubeIDE\plugins\com.st.stm32cube.common.mx_6.9.2.202309101412\\db\/mcu/
2023-11-16 16:56:26,776 [INFO] ApiDb:274 - Set plugin database path to: C:\ST\STM32CubeIDE_1.12.1\STM32CubeIDE\plugins\com.st.stm32cube.common.mx_6.9.2.202309101412\\db\/plugins/boardmanager/
2023-11-16 16:56:26,777 [WARN] ApiDb:259 - Overriding images path with different value:  => C:\ST\STM32CubeIDE_1.12.1\STM32CubeIDE\plugins\com.st.stm32cube.common.mx_6.9.2.202309101412\\db\/plugins/mcufinder/images/
2023-11-16 16:56:26,864 [INFO] ApiDb:250 - Set database path to: C:\Users\TAMRD\.stmcufinder\plugins\mcufinder//mcu/
2023-11-16 16:56:26,866 [INFO] DbMcusAds:125 - Set database path to: C:\Users\TAMRD\.stmcufinder\plugins\mcufinder//mcu/
2023-11-16 16:56:26,868 [INFO] CrossReferenceDbSqlite:203 - Set database path to: C:\Users\TAMRD\.stmcufinder\plugins\mcufinder//mcu/cs/
2023-11-16 16:56:27,053 [INFO] RulesReader:64 - Compatibility file has been processed (293 Rules)
2023-11-16 16:56:27,285 [INFO] DbMcusXml:78 - Set database path to: C:\ST\STM32CubeIDE_1.12.1\STM32CubeIDE\plugins\com.st.stm32cube.common.mx_6.9.2.202309101412\\db\/mcu/
2023-11-16 16:56:27,285 [INFO] ApiDb:274 - Set plugin database path to: C:\ST\STM32CubeIDE_1.12.1\STM32CubeIDE\plugins\com.st.stm32cube.common.mx_6.9.2.202309101412\\db\/plugins/boardmanager/
2023-11-16 16:56:27,285 [INFO] ApiDb:261 - Set plugin images path to: C:\ST\STM32CubeIDE_1.12.1\STM32CubeIDE\plugins\com.st.stm32cube.common.mx_6.9.2.202309101412\\db\/plugins/mcufinder/images/
2023-11-16 16:56:27,286 [WARN] DbFile:41 - Overriding database path with different value: C:\Users\TAMRD\.stmcufinder\plugins\mcufinder/ => C:\Users\TAMRD\.stmcufinder\plugins\mcufinder
2023-11-16 16:56:27,286 [INFO] ApiDb:250 - Set database path to: C:\Users\TAMRD\.stmcufinder\plugins\mcufinder//mcu/
2023-11-16 16:56:27,286 [WARN] DbFile:41 - Overriding database path with different value: C:\Users\TAMRD\.stmcufinder\plugins\mcufinder/ => C:\Users\TAMRD\.stmcufinder\plugins\mcufinder
2023-11-16 16:56:27,286 [INFO] DbMcusAds:125 - Set database path to: C:\Users\TAMRD\.stmcufinder\plugins\mcufinder//mcu/
2023-11-16 16:56:27,286 [WARN] DbFile:41 - Overriding database path with different value: C:\Users\TAMRD\.stmcufinder\plugins\mcufinder/ => C:\Users\TAMRD\.stmcufinder\plugins\mcufinder
2023-11-16 16:56:27,286 [WARN] DbFile:41 - Overriding database path with different value: C:\Users\TAMRD\.stmcufinder\plugins\mcufinder/ => C:\Users\TAMRD\.stmcufinder\plugins\mcufinder
2023-11-16 16:56:27,287 [INFO] CrossReferenceDbSqlite:203 - Set database path to: C:\Users\TAMRD\.stmcufinder\plugins\mcufinder//mcu/cs/
2023-11-16 16:56:27,431 [INFO] MainPanel:262 - HeapMemory: 268435456
2023-11-16 16:56:27,926 [INFO] DbMcusXml:78 - Set database path to: C:\ST\STM32CubeIDE_1.12.1\STM32CubeIDE\plugins\com.st.stm32cube.common.mx_6.9.2.202309101412\\db\/mcu/
2023-11-16 16:56:27,927 [INFO] ApiDb:274 - Set plugin database path to: C:\ST\STM32CubeIDE_1.12.1\STM32CubeIDE\plugins\com.st.stm32cube.common.mx_6.9.2.202309101412\\db\/plugins/boardmanager/
2023-11-16 16:56:27,927 [INFO] ApiDb:261 - Set plugin images path to: C:\ST\STM32CubeIDE_1.12.1\STM32CubeIDE\plugins\com.st.stm32cube.common.mx_6.9.2.202309101412\\db\/plugins/mcufinder/images/
2023-11-16 16:56:27,929 [WARN] DbFile:41 - Overriding database path with different value: C:\Users\TAMRD\.stmcufinder\plugins\mcufinder/ => C:\Users\TAMRD\.stmcufinder\plugins\mcufinder
2023-11-16 16:56:27,929 [INFO] ApiDb:250 - Set database path to: C:\Users\TAMRD\.stmcufinder\plugins\mcufinder//mcu/
2023-11-16 16:56:27,929 [WARN] DbFile:41 - Overriding database path with different value: C:\Users\TAMRD\.stmcufinder\plugins\mcufinder/ => C:\Users\TAMRD\.stmcufinder\plugins\mcufinder
2023-11-16 16:56:27,929 [INFO] DbMcusAds:125 - Set database path to: C:\Users\TAMRD\.stmcufinder\plugins\mcufinder//mcu/
2023-11-16 16:56:27,929 [WARN] DbFile:41 - Overriding database path with different value: C:\Users\TAMRD\.stmcufinder\plugins\mcufinder/ => C:\Users\TAMRD\.stmcufinder\plugins\mcufinder
2023-11-16 16:56:27,929 [WARN] DbFile:41 - Overriding database path with different value: C:\Users\TAMRD\.stmcufinder\plugins\mcufinder/ => C:\Users\TAMRD\.stmcufinder\plugins\mcufinder
2023-11-16 16:56:27,929 [INFO] CrossReferenceDbSqlite:203 - Set database path to: C:\Users\TAMRD\.stmcufinder\plugins\mcufinder//mcu/cs/
2023-11-16 16:56:28,014 [INFO] ApplicationProperties:184 - Using Application install path: C:\ST\STM32CubeIDE_1.12.1\STM32CubeIDE\plugins\com.st.stm32cube.common.mx_6.9.2.202309101412
2023-11-16 16:56:28,017 [INFO] PluginManage:196 - Search for loadable plugins [exclusion list=, ]
2023-11-16 16:56:28,020 [INFO] PluginManage:310 - Check plugin analytics
2023-11-16 16:56:28,651 [INFO] AnalyticsPlugin:253 - Accepted Software Licenses: 
2023-11-16 16:56:28,651 [INFO] AnalyticsPlugin:255 - Accepted CMSIS Pack Licenses: 
2023-11-16 16:56:28,652 [INFO] AnalyticsPlugin:257 - Accepted Firmware Licenses: 
2023-11-16 16:56:28,663 [INFO] PluginManage:359 - Loaded plugin analytics (category:tool,tabindex:-1)
2023-11-16 16:56:28,666 [INFO] PluginManage:310 - Check plugin cadmodel
2023-11-16 16:56:28,930 [INFO] CADModel:105 - Init CAD model plugin
2023-11-16 16:56:28,930 [INFO] PluginManage:359 - Loaded plugin cadmodel (category:power,tabindex:5)
2023-11-16 16:56:28,930 [INFO] PluginManage:310 - Check plugin clock
2023-11-16 16:56:29,064 [INFO] PluginManage:359 - Loaded plugin clock (category:base,tabindex:2)
2023-11-16 16:56:29,064 [INFO] PluginManage:310 - Check plugin ddr
2023-11-16 16:56:29,111 [INFO] PluginManage:359 - Loaded plugin ddr (category:tool,tabindex:6)
2023-11-16 16:56:29,112 [INFO] PluginManage:310 - Check plugin filemanager
2023-11-16 16:56:29,664 [INFO] PluginManage:359 - Loaded plugin filemanager (category:base,tabindex:10)
2023-11-16 16:56:29,664 [INFO] PluginManage:310 - Check plugin ipmanager
2023-11-16 16:56:29,704 [INFO] PluginManage:359 - Loaded plugin ipmanager (category:base,tabindex:5)
2023-11-16 16:56:29,705 [INFO] PluginManage:310 - Check plugin lpbam
2023-11-16 16:56:29,767 [INFO] PluginManage:359 - Loaded plugin lpbam (category:base,tabindex:0)
2023-11-16 16:56:29,767 [INFO] PluginManage:310 - Check plugin memorymap
2023-11-16 16:56:29,816 [INFO] PluginManage:359 - Loaded plugin memorymap (category:base,tabindex:4)
2023-11-16 16:56:29,816 [INFO] PluginManage:310 - Check plugin pinoutandconfiguration
2023-11-16 16:56:29,867 [INFO] PluginManage:359 - Loaded plugin pinoutandconfiguration (category:base,tabindex:1)
2023-11-16 16:56:29,867 [INFO] PluginManage:310 - Check plugin pinoutconfig
2023-11-16 16:56:30,048 [WARN] SupportedApi:132 - Cannot load RTOS API schema: s4s-elt-must-match.1: The content of 'definitions' must match (annotation?, (simpleType | complexType)?, (unique | key | keyref)*)). A problem was found starting at: attribute.
2023-11-16 16:56:30,271 [INFO] PluginManage:359 - Loaded plugin pinoutconfig (category:base,tabindex:0)
2023-11-16 16:56:30,271 [INFO] PluginManage:310 - Check plugin power
2023-11-16 16:56:30,323 [INFO] PluginManage:359 - Loaded plugin power (category:power,tabindex:4)
2023-11-16 16:56:30,323 [INFO] PluginManage:310 - Check plugin projectmanager
2023-11-16 16:56:30,349 [INFO] PluginManage:359 - Loaded plugin projectmanager (category:projectmanager,tabindex:3)
2023-11-16 16:56:30,349 [INFO] PluginManage:310 - Check plugin thirdparty
2023-11-16 16:56:30,866 [WARN] IntegrityCheckThread:84 - waiting for thirdparty lock release [integrity check]
2023-11-16 16:56:30,867 [INFO] IntegrityCheckThread:86 - entering critical section [integrity check]
2023-11-16 16:56:30,867 [INFO] ThirdPartyUpdaterWithRetryManager:70 - Updater plugin not ready yet. [1/15]
2023-11-16 16:56:30,868 [INFO] PluginManage:359 - Loaded plugin thirdparty (category:base,tabindex:-1)
2023-11-16 16:56:30,868 [INFO] PluginManage:310 - Check plugin tools
2023-11-16 16:56:30,931 [INFO] PluginManage:359 - Loaded plugin tools (category:base,tabindex:7)
2023-11-16 16:56:30,931 [INFO] PluginManage:310 - Check plugin tutovideos
2023-11-16 16:56:31,264 [INFO] PluginManage:359 - Loaded plugin tutovideos (category:base,tabindex:-1)
2023-11-16 16:56:31,265 [INFO] PluginManage:310 - Check plugin updater
2023-11-16 16:56:31,297 [INFO] PluginManage:359 - Loaded plugin updater (category:base,tabindex:12)
2023-11-16 16:56:31,297 [INFO] PluginManage:310 - Check plugin userauth
2023-11-16 16:56:31,317 [INFO] UserAuth:113 - Init User Auth plugin
2023-11-16 16:56:31,317 [INFO] PluginManage:359 - Loaded plugin userauth (category:base,tabindex:14)
2023-11-16 16:56:31,318 [INFO] PluginManage:283 - PluginManage : Loaded plugins [17]
2023-11-16 16:56:31,796 [INFO] PinOutPanel:1499 - setPackage(No Configuration,No Configuration)
2023-11-16 16:56:32,129 [INFO] CADModel:165 - CPN selected for project level
2023-11-16 16:56:32,129 [INFO] CADModel:114 - Register for checkConnection events
2023-11-16 16:56:32,236 [INFO] IPUIPlugin:80 - create IPUIPlugin
2023-11-16 16:56:32,236 [INFO] PluginManager:220 - loadIPPluginJar : add adc
2023-11-16 16:56:32,350 [INFO] IPUIPlugin:80 - create IPUIPlugin
2023-11-16 16:56:32,350 [INFO] PluginManager:220 - loadIPPluginJar : add aes
2023-11-16 16:56:32,438 [INFO] IPUIPlugin:80 - create IPUIPlugin
2023-11-16 16:56:32,438 [INFO] PluginManager:220 - loadIPPluginJar : add can
2023-11-16 16:56:32,479 [INFO] IPUIPlugin:80 - create IPUIPlugin
2023-11-16 16:56:32,479 [INFO] PluginManager:220 - loadIPPluginJar : add comp
2023-11-16 16:56:32,531 [INFO] IPUIPlugin:80 - create IPUIPlugin
2023-11-16 16:56:32,531 [INFO] PluginManager:220 - loadIPPluginJar : add cryp
2023-11-16 16:56:32,571 [INFO] IPUIPlugin:80 - create IPUIPlugin
2023-11-16 16:56:32,572 [INFO] PluginManager:220 - loadIPPluginJar : add dfsdm
2023-11-16 16:56:32,596 [INFO] IPUIPlugin:80 - create IPUIPlugin
2023-11-16 16:56:32,597 [INFO] PluginManager:220 - loadIPPluginJar : add dma
2023-11-16 16:56:32,703 [INFO] IPUIPlugin:80 - create IPUIPlugin
2023-11-16 16:56:32,703 [INFO] PluginManager:220 - loadIPPluginJar : add dma3
2023-11-16 16:56:32,748 [INFO] IPUIPlugin:80 - create IPUIPlugin
2023-11-16 16:56:32,748 [INFO] PluginManager:220 - loadIPPluginJar : add fatfs
2023-11-16 16:56:32,897 [INFO] IPUIPlugin:80 - create IPUIPlugin
2023-11-16 16:56:32,897 [INFO] PluginManager:220 - loadIPPluginJar : add fmc
2023-11-16 16:56:32,978 [INFO] IPUIPlugin:80 - create IPUIPlugin
2023-11-16 16:56:32,978 [INFO] PluginManager:220 - loadIPPluginJar : add freertos
2023-11-16 16:56:33,016 [INFO] IPUIPlugin:80 - create IPUIPlugin
2023-11-16 16:56:33,016 [INFO] PluginManager:220 - loadIPPluginJar : add genericplugin
2023-11-16 16:56:33,150 [INFO] IPUIPlugin:80 - create IPUIPlugin
2023-11-16 16:56:33,150 [INFO] PluginManager:220 - loadIPPluginJar : add gfxmmu
2023-11-16 16:56:33,321 [INFO] IPUIPlugin:80 - create IPUIPlugin
2023-11-16 16:56:33,322 [INFO] PluginManager:220 - loadIPPluginJar : add gic
2023-11-16 16:56:33,350 [INFO] IPUIPlugin:80 - create IPUIPlugin
2023-11-16 16:56:33,350 [INFO] PluginManager:220 - loadIPPluginJar : add gpio
2023-11-16 16:56:33,477 [INFO] IPUIPlugin:80 - create IPUIPlugin
2023-11-16 16:56:33,477 [INFO] PluginManager:220 - loadIPPluginJar : add gtzc
2023-11-16 16:56:33,525 [INFO] IPUIPlugin:80 - create IPUIPlugin
2023-11-16 16:56:33,526 [INFO] PluginManager:220 - loadIPPluginJar : add hash
2023-11-16 16:56:33,595 [INFO] IPUIPlugin:80 - create IPUIPlugin
2023-11-16 16:56:33,595 [INFO] PluginManager:220 - loadIPPluginJar : add i2c
2023-11-16 16:56:33,651 [INFO] IPUIPlugin:80 - create IPUIPlugin
2023-11-16 16:56:33,651 [INFO] PluginManager:220 - loadIPPluginJar : add i2s
2023-11-16 16:56:33,705 [INFO] IPUIPlugin:80 - create IPUIPlugin
2023-11-16 16:56:33,705 [INFO] PluginManager:220 - loadIPPluginJar : add i3c
2023-11-16 16:56:33,851 [INFO] IPUIPlugin:80 - create IPUIPlugin
2023-11-16 16:56:33,852 [INFO] PluginManager:220 - loadIPPluginJar : add ipddr
2023-11-16 16:56:33,873 [INFO] ThirdPartyUpdaterWithRetryManager:70 - Updater plugin not ready yet. [2/15]
2023-11-16 16:56:33,985 [INFO] IPUIPlugin:80 - create IPUIPlugin
2023-11-16 16:56:33,985 [INFO] PluginManager:220 - loadIPPluginJar : add linkedlist
2023-11-16 16:56:34,046 [INFO] IPUIPlugin:80 - create IPUIPlugin
2023-11-16 16:56:34,047 [INFO] PluginManager:220 - loadIPPluginJar : add lorawan
2023-11-16 16:56:34,145 [INFO] IPUIPlugin:80 - create IPUIPlugin
2023-11-16 16:56:34,148 [INFO] PluginManager:220 - loadIPPluginJar : add ltdc
2023-11-16 16:56:34,232 [INFO] IPUIPlugin:80 - create IPUIPlugin
2023-11-16 16:56:34,234 [INFO] PluginManager:220 - loadIPPluginJar : add mdma
2023-11-16 16:56:34,299 [INFO] IPUIPlugin:80 - create IPUIPlugin
2023-11-16 16:56:34,299 [INFO] PluginManager:220 - loadIPPluginJar : add nvic
2023-11-16 16:56:34,384 [INFO] IPUIPlugin:80 - create IPUIPlugin
2023-11-16 16:56:34,385 [INFO] PluginManager:220 - loadIPPluginJar : add opamp
2023-11-16 16:56:34,471 [INFO] IPUIPlugin:80 - create IPUIPlugin
2023-11-16 16:56:34,471 [INFO] PluginManager:220 - loadIPPluginJar : add openamp
2023-11-16 16:56:34,554 [INFO] IPUIPlugin:80 - create IPUIPlugin
2023-11-16 16:56:34,554 [INFO] PluginManager:220 - loadIPPluginJar : add pdm2pcm
2023-11-16 16:56:34,579 [INFO] IPUIPlugin:80 - create IPUIPlugin
2023-11-16 16:56:34,582 [INFO] PluginManager:220 - loadIPPluginJar : add plateformsettings
2023-11-16 16:56:34,628 [INFO] IPUIPlugin:80 - create IPUIPlugin
2023-11-16 16:56:34,628 [INFO] PluginManager:220 - loadIPPluginJar : add quadspi
2023-11-16 16:56:34,653 [INFO] IPUIPlugin:80 - create IPUIPlugin
2023-11-16 16:56:34,653 [INFO] PluginManager:220 - loadIPPluginJar : add resmgrutility
2023-11-16 16:56:34,710 [INFO] IPUIPlugin:80 - create IPUIPlugin
2023-11-16 16:56:34,710 [INFO] PluginManager:220 - loadIPPluginJar : add sai
2023-11-16 16:56:34,774 [INFO] IPUIPlugin:80 - create IPUIPlugin
2023-11-16 16:56:34,774 [INFO] PluginManager:220 - loadIPPluginJar : add spi
2023-11-16 16:56:34,867 [INFO] IPUIPlugin:80 - create IPUIPlugin
2023-11-16 16:56:34,867 [INFO] PluginManager:220 - loadIPPluginJar : add stm32_wpan
2023-11-16 16:56:34,892 [INFO] IPUIPlugin:80 - create IPUIPlugin
2023-11-16 16:56:34,892 [INFO] PluginManager:220 - loadIPPluginJar : add tim
2023-11-16 16:56:34,959 [INFO] IPUIPlugin:80 - create IPUIPlugin
2023-11-16 16:56:34,959 [INFO] PluginManager:220 - loadIPPluginJar : add touchsensing
2023-11-16 16:56:35,002 [INFO] IPUIPlugin:80 - create IPUIPlugin
2023-11-16 16:56:35,002 [INFO] PluginManager:220 - loadIPPluginJar : add tracer_emb
2023-11-16 16:56:35,035 [INFO] IPUIPlugin:80 - create IPUIPlugin
2023-11-16 16:56:35,035 [INFO] PluginManager:220 - loadIPPluginJar : add ts
2023-11-16 16:56:35,066 [INFO] IPUIPlugin:80 - create IPUIPlugin
2023-11-16 16:56:35,066 [INFO] PluginManager:220 - loadIPPluginJar : add tsc
2023-11-16 16:56:35,093 [INFO] IPUIPlugin:80 - create IPUIPlugin
2023-11-16 16:56:35,093 [INFO] PluginManager:220 - loadIPPluginJar : add ucpd
2023-11-16 16:56:35,151 [INFO] IPUIPlugin:80 - create IPUIPlugin
2023-11-16 16:56:35,152 [INFO] PluginManager:220 - loadIPPluginJar : add usart
2023-11-16 16:56:35,213 [INFO] IPUIPlugin:80 - create IPUIPlugin
2023-11-16 16:56:35,213 [INFO] PluginManager:220 - loadIPPluginJar : add usbx
2023-11-16 16:56:35,380 [INFO] CADModel:165 - CPN selected for project level
2023-11-16 16:56:35,380 [INFO] CADModel:114 - Register for checkConnection events
2023-11-16 16:56:35,380 [FATAL] Updater:308 - Updater called before beeing initialized
2023-11-16 16:56:35,380 [ERROR] CADModel:125 - Updater not yet initialized, retry later 
2023-11-16 16:56:35,746 [INFO] CADModel:165 - CPN selected for project level
2023-11-16 16:56:35,747 [INFO] CADModel:114 - Register for checkConnection events
2023-11-16 16:56:35,747 [FATAL] Updater:308 - Updater called before beeing initialized
2023-11-16 16:56:35,747 [ERROR] CADModel:125 - Updater not yet initialized, retry later 
2023-11-16 16:56:35,779 [FATAL] Updater:308 - Updater called before beeing initialized
2023-11-16 16:56:35,966 [FATAL] Updater:308 - Updater called before beeing initialized
2023-11-16 16:56:35,978 [INFO] DbMcusAds:53 - JSON generation date=Tue Mar 07 15:50:55 ICT 2023 (1678179055335)
2023-11-16 16:56:35,978 [FATAL] Updater:308 - Updater called before beeing initialized
2023-11-16 16:56:36,054 [WARN] DetailPanel:346 - Failed to get advertising image, set to default
2023-11-16 16:56:36,177 [FATAL] Updater:308 - Updater called before beeing initialized
2023-11-16 16:56:36,179 [FATAL] Updater:308 - Updater called before beeing initialized
2023-11-16 16:56:36,180 [FATAL] Updater:308 - Updater called before beeing initialized
2023-11-16 16:56:36,180 [WARN] DetailPanel:346 - Failed to get advertising image, set to default
2023-11-16 16:56:36,181 [FATAL] Updater:308 - Updater called before beeing initialized
2023-11-16 16:56:36,315 [ERROR] Updater:1120 - MainUpdater not yet initialized. External WinMGr cannot be set.
2023-11-16 16:56:36,345 [INFO] Updater:1056 - Updater Version found : 6.9.2
2023-11-16 16:56:36,395 [INFO] ApplicationProperties:184 - Using Application install path: C:\ST\STM32CubeIDE_1.12.1\STM32CubeIDE\plugins\com.st.stm32cube.common.mx_6.9.2.202309101412
2023-11-16 16:56:36,875 [INFO] ThirdPartyUpdaterWithRetryManager:70 - Updater plugin not ready yet. [3/15]
2023-11-16 16:56:37,104 [INFO] MainUpdater:2868 - connection check result : 10
2023-11-16 16:56:37,105 [INFO] MainUpdater:285 - Updater Check For Update Now.
2023-11-16 16:56:37,106 [INFO] MicroXplorer:498 - Change Database Version : DB.6.0.92
2023-11-16 16:56:37,156 [INFO] McuFinderGlobals:63 - Set McuFinder mode to 2 (CubeIDE integrated)
2023-11-16 16:56:37,439 [INFO] CheckServerUpdateThread:120 - End of CheckServer Thread
2023-11-16 16:56:40,614 [WARN] PackLoader:240 - Cannot read IP mode file for STMicroelectronics.X-CUBE-SMBUS.2.1.0
2023-11-16 16:56:40,754 [WARN] PackLoader:240 - Cannot read IP mode file for STMicroelectronics.X-CUBE-AZRTOS-F7.1.1.0
2023-11-16 16:56:40,880 [WARN] PackLoader:240 - Cannot read IP mode file for STMicroelectronics.FP-SNS-MOTENV1.4.3.2
2023-11-16 16:56:40,994 [WARN] PackLoader:240 - Cannot read IP mode file for STMicroelectronics.FP-SNS-FLIGHT1.5.0.2
2023-11-16 16:56:41,037 [WARN] PackLoader:240 - Cannot read IP mode file for STMicroelectronics.X-CUBE-DISPLAY.3.0.0
2023-11-16 16:56:41,119 [WARN] PackLoader:240 - Cannot read IP mode file for STMicroelectronics.X-CUBE-BLE1.7.0.0
2023-11-16 16:56:41,163 [WARN] PackLoader:240 - Cannot read IP mode file for emotas.I-CUBE-CANOPEN.1.3.0
2023-11-16 16:56:41,246 [WARN] PackLoader:240 - Cannot read IP mode file for STMicroelectronics.X-CUBE-TOUCHGFX.4.22.0
2023-11-16 16:56:41,273 [WARN] PackLoader:240 - Cannot read IP mode file for STMicroelectronics.X-CUBE-TOUCHGFX.4.22.1
2023-11-16 16:56:41,417 [WARN] PackLoader:240 - Cannot read IP mode file for STMicroelectronics.FP-SNS-SMARTAG2.1.2.0
2023-11-16 16:56:41,456 [INFO] LogOutputStream:77 - [STDOUT_REDIRECT] 1 : Invalid condition id : UX_CORESTACK_Condition cause : null
2023-11-16 16:56:41,457 [INFO] LogOutputStream:77 - [STDOUT_REDIRECT] 1 : Invalid condition id : UX_CORESTACK_Condition cause : null
2023-11-16 16:56:41,458 [INFO] LogOutputStream:77 - [STDOUT_REDIRECT] 1 : Invalid condition id : UX_CORESTACK_Condition cause : null
2023-11-16 16:56:41,461 [INFO] LogOutputStream:77 - [STDOUT_REDIRECT] 1 : Invalid condition id : UX_CORESTACK_Condition cause : null
2023-11-16 16:56:41,463 [INFO] LogOutputStream:77 - [STDOUT_REDIRECT] 1 : Invalid condition id : UX_CORESTACK_Condition cause : null
2023-11-16 16:56:41,469 [WARN] PackLoader:240 - Cannot read IP mode file for STMicroelectronics.X-CUBE-AZRTOS-WL.2.0.0
2023-11-16 16:56:41,501 [WARN] PackLoader:240 - Cannot read IP mode file for WES.I-CUBE-Cesium.1.3.0
2023-11-16 16:56:41,542 [WARN] PackLoader:240 - Cannot read IP mode file for STMicroelectronics.X-CUBE-BLE2.3.3.0
2023-11-16 16:56:41,596 [WARN] PackLoader:240 - Cannot read IP mode file for STMicroelectronics.X-CUBE-ALGOBUILD.1.3.0
2023-11-16 16:56:41,645 [WARN] PackLoader:240 - Cannot read IP mode file for STMicroelectronics.X-CUBE-AZRTOS-G0.1.1.0
2023-11-16 16:56:41,680 [WARN] PackLoader:240 - Cannot read IP mode file for STMicroelectronics.X-CUBE-NFC4.3.0.0
2023-11-16 16:56:41,728 [WARN] PackLoader:240 - Cannot read IP mode file for STMicroelectronics.X-CUBE-BLEMGR.3.0.0
2023-11-16 16:56:41,755 [WARN] PackLoader:240 - Cannot read IP mode file for STMicroelectronics.FP-ATR-SIGFOX1.3.2.0
2023-11-16 16:56:41,840 [WARN] PackLoader:240 - Cannot read IP mode file for SEGGER.I-CUBE-embOS.1.3.1
2023-11-16 16:56:41,931 [WARN] PackLoader:240 - Cannot read IP mode file for STMicroelectronics.X-CUBE-GNSS1.6.0.0
2023-11-16 16:56:41,966 [WARN] PackLoader:240 - Cannot read IP mode file for STMicroelectronics.X-CUBE-AZRTOS-F4.1.1.0
2023-11-16 16:56:41,994 [WARN] PackLoader:240 - Cannot read IP mode file for wolfSSL.I-CUBE-wolfSSL.5.6.3
2023-11-16 16:56:42,048 [WARN] PackLoader:240 - Cannot read IP mode file for STMicroelectronics.X-CUBE-AZRTOS-L5.2.0.0
2023-11-16 16:56:42,217 [WARN] PackLoader:240 - Cannot read IP mode file for STMicroelectronics.X-CUBE-MEMS1.9.6.0
2023-11-16 16:56:42,404 [WARN] PackLoader:240 - Cannot read IP mode file for STMicroelectronics.X-CUBE-EEPRMA1.4.2.0
2023-11-16 16:56:42,442 [WARN] PackLoader:240 - Cannot read IP mode file for ITTIA_DB.I-CUBE-ITTIADB.8.8.0
2023-11-16 16:56:42,467 [WARN] PackLoader:240 - Cannot read IP mode file for STMicroelectronics.X-CUBE-BLEMGR.2.0.0
2023-11-16 16:56:42,519 [WARN] ConditionMgr:438 - getConditionDescription Invalid condition id : UX DEVICE CLASS RTOS Condition cause : null
2023-11-16 16:56:42,519 [WARN] ConditionMgr:438 - getConditionDescription Invalid condition id : UX DEVICE CLASS RTOS Condition cause : null
2023-11-16 16:56:42,522 [WARN] PackLoader:240 - Cannot read IP mode file for STMicroelectronics.X-CUBE-AZRTOS-H7.3.1.0
2023-11-16 16:56:42,523 [WARN] ConditionMgr:1039 - genDependencies : Invalid condition id : UX DEVICE CLASS RTOS Condition cause : null
2023-11-16 16:56:42,523 [WARN] ConditionMgr:1039 - genDependencies : Invalid condition id : UX DEVICE CLASS RTOS Condition cause : null
2023-11-16 16:56:42,524 [WARN] ConditionMgr:1039 - genDependencies : Invalid condition id : UX DEVICE CLASS RTOS Condition cause : null
2023-11-16 16:56:42,524 [WARN] ConditionMgr:1039 - genDependencies : Invalid condition id : UX DEVICE CLASS RTOS Condition cause : null
2023-11-16 16:56:42,524 [WARN] ConditionMgr:1039 - genDependencies : Invalid condition id : UX DEVICE CLASS RTOS Condition cause : null
2023-11-16 16:56:42,558 [WARN] PackLoader:240 - Cannot read IP mode file for STMicroelectronics.X-CUBE-NFC7.1.0.1
2023-11-16 16:56:42,599 [WARN] PackLoader:240 - Cannot read IP mode file for STMicroelectronics.X-CUBE-NFC6.3.0.0
2023-11-16 16:56:42,641 [WARN] PackLoader:240 - Cannot read IP mode file for STMicroelectronics.X-CUBE-EEPRMA1.4.1.0
2023-11-16 16:56:42,666 [WARN] PackLoader:240 - Cannot read IP mode file for STMicroelectronics.X-CUBE-AI.8.1.0
2023-11-16 16:56:42,726 [WARN] ConditionMgr:438 - getConditionDescription Invalid condition id : LAN8742 Phy interface Condition cause : null
2023-11-16 16:56:42,727 [WARN] PackLoader:240 - Cannot read IP mode file for STMicroelectronics.X-CUBE-AZRTOS-L4.2.0.0
2023-11-16 16:56:42,735 [WARN] ConditionMgr:1039 - genDependencies : Invalid condition id : LAN8742 Phy interface Condition cause : null
2023-11-16 16:56:42,735 [WARN] ConditionMgr:1039 - genDependencies : Invalid condition id : LAN8742 Phy interface Condition cause : null
2023-11-16 16:56:42,736 [WARN] ConditionMgr:1039 - genDependencies : Invalid condition id : LAN8742 Phy interface Condition cause : null
2023-11-16 16:56:42,763 [WARN] PackLoader:240 - Cannot read IP mode file for STMicroelectronics.X-CUBE-SFXS2LP1.4.0.0
2023-11-16 16:56:42,784 [WARN] PackLoader:240 - Cannot read IP mode file for STMicroelectronics.X-CUBE-ISPU.1.1.0
2023-11-16 16:56:42,821 [WARN] ConditionMgr:438 - getConditionDescription Invalid condition id : UX DEVICE CLASS RTOS Condition cause : null
2023-11-16 16:56:42,821 [WARN] ConditionMgr:438 - getConditionDescription Invalid condition id : UX DEVICE CLASS RTOS Condition cause : null
2023-11-16 16:56:42,823 [WARN] PackLoader:240 - Cannot read IP mode file for STMicroelectronics.X-CUBE-AZRTOS-WB.2.0.0
2023-11-16 16:56:42,823 [WARN] ConditionMgr:1039 - genDependencies : Invalid condition id : UX DEVICE CLASS RTOS Condition cause : null
2023-11-16 16:56:42,824 [WARN] ConditionMgr:1039 - genDependencies : Invalid condition id : UX DEVICE CLASS RTOS Condition cause : null
2023-11-16 16:56:42,824 [WARN] ConditionMgr:1039 - genDependencies : Invalid condition id : UX DEVICE CLASS RTOS Condition cause : null
2023-11-16 16:56:42,824 [WARN] ConditionMgr:1039 - genDependencies : Invalid condition id : UX DEVICE CLASS RTOS Condition cause : null
2023-11-16 16:56:42,824 [WARN] ConditionMgr:1039 - genDependencies : Invalid condition id : UX DEVICE CLASS RTOS Condition cause : null
2023-11-16 16:56:42,843 [WARN] PackLoader:240 - Cannot read IP mode file for STMicroelectronics.X-CUBE-SUBG2.5.0.0
2023-11-16 16:56:42,870 [WARN] PackLoader:240 - Cannot read IP mode file for STMicroelectronics.X-CUBE-TOF1.3.3.1
2023-11-16 16:56:42,906 [WARN] PackLoader:240 - Cannot read IP mode file for STMicroelectronics.X-CUBE-AZRTOS-G4.2.0.0
2023-11-16 16:56:42,940 [WARN] PackLoader:240 - Cannot read IP mode file for Infineon.AIROC-Wi-Fi-Bluetooth-STM32.1.5.1
2023-11-16 16:56:42,977 [WARN] PackLoader:240 - Cannot read IP mode file for STMicroelectronics.FP-SNS-MOTENVWB1.1.3.0
2023-11-16 16:56:43,040 [WARN] PackLoader:240 - Cannot read IP mode file for STMicroelectronics.X-CUBE-MEMS1.10.0.0
2023-11-16 16:56:43,197 [WARN] PackLoader:240 - Cannot read IP mode file for STMicroelectronics.X-CUBE-FREERTOS.1.1.0
2023-11-16 16:56:43,211 [WARN] PackLoader:240 - Cannot read IP mode file for portGmbH.I-Cube-SoM-uGOAL.1.1.0
2023-11-16 16:56:43,253 [WARN] PackLoader:240 - Cannot read IP mode file for STMicroelectronics.X-CUBE-ALS.1.0.1
2023-11-16 16:56:43,285 [WARN] PackLoader:240 - Cannot read IP mode file for STMicroelectronics.FP-ATR-ASTRA1.2.0.0
2023-11-16 16:56:43,296 [INFO] ThirdParty:978 - Integrity check success = true
2023-11-16 16:56:43,296 [INFO] IntegrityCheckThread:100 - exiting critical section [integrity check]
2023-11-16 16:56:43,296 [INFO] IntegrityCheckThread:103 - End integrity checks thread
2023-11-16 16:56:58,762 [ERROR] LogOutputStream:75 - [STDERR_REDIRECT] SLF4J: Failed to load class "org.slf4j.impl.StaticLoggerBinder".
2023-11-16 16:56:58,762 [ERROR] LogOutputStream:75 - [STDERR_REDIRECT] SLF4J: Defaulting to no-operation (NOP) logger implementation
2023-11-16 16:56:58,764 [ERROR] LogOutputStream:75 - [STDERR_REDIRECT] SLF4J: See http://www.slf4j.org/codes.html#StaticLoggerBinder for further details.
