2023-12-04 14:58:28,734 [INFO] Activator:176 - 


2023-12-04 14:58:28,753 [INFO] Activator:177 - !SESSION log4j initialized
2023-12-04 14:58:43,271 [INFO] LogOutputStream:77 - [STDOUT_REDIRECT] 
2023-12-04 14:58:47,602 [INFO] ApplicationProperties:184 - Using Application install path: C:\ST\STM32CubeIDE_1.12.1\STM32CubeIDE\plugins\com.st.stm32cube.common.mx_6.9.2.202309101412
2023-12-04 14:58:47,653 [INFO] DbMcusXml:78 - Set database path to: C:\ST\STM32CubeIDE_1.12.1\STM32CubeIDE\plugins\com.st.stm32cube.common.mx_6.9.2.202309101412\\db\/mcu/
2023-12-04 14:58:47,654 [INFO] ApiDb:274 - Set plugin database path to: C:\ST\STM32CubeIDE_1.12.1\STM32CubeIDE\plugins\com.st.stm32cube.common.mx_6.9.2.202309101412\\db\/plugins/boardmanager/
2023-12-04 14:58:47,655 [WARN] ApiDb:259 - Overriding images path with different value:  => C:\ST\STM32CubeIDE_1.12.1\STM32CubeIDE\plugins\com.st.stm32cube.common.mx_6.9.2.202309101412\\db\/plugins/mcufinder/images/
2023-12-04 14:58:47,800 [INFO] ApiDb:250 - Set database path to: C:\Users\TAMRD\.stmcufinder\plugins\mcufinder//mcu/
2023-12-04 14:58:47,802 [INFO] DbMcusAds:125 - Set database path to: C:\Users\TAMRD\.stmcufinder\plugins\mcufinder//mcu/
2023-12-04 14:58:47,804 [INFO] CrossReferenceDbSqlite:203 - Set database path to: C:\Users\TAMRD\.stmcufinder\plugins\mcufinder//mcu/cs/
2023-12-04 14:58:48,041 [INFO] RulesReader:64 - Compatibility file has been processed (293 Rules)
2023-12-04 14:58:48,286 [INFO] DbMcusXml:78 - Set database path to: C:\ST\STM32CubeIDE_1.12.1\STM32CubeIDE\plugins\com.st.stm32cube.common.mx_6.9.2.202309101412\\db\/mcu/
2023-12-04 14:58:48,286 [INFO] ApiDb:274 - Set plugin database path to: C:\ST\STM32CubeIDE_1.12.1\STM32CubeIDE\plugins\com.st.stm32cube.common.mx_6.9.2.202309101412\\db\/plugins/boardmanager/
2023-12-04 14:58:48,286 [INFO] ApiDb:261 - Set plugin images path to: C:\ST\STM32CubeIDE_1.12.1\STM32CubeIDE\plugins\com.st.stm32cube.common.mx_6.9.2.202309101412\\db\/plugins/mcufinder/images/
2023-12-04 14:58:48,287 [WARN] DbFile:41 - Overriding database path with different value: C:\Users\TAMRD\.stmcufinder\plugins\mcufinder/ => C:\Users\TAMRD\.stmcufinder\plugins\mcufinder
2023-12-04 14:58:48,287 [INFO] ApiDb:250 - Set database path to: C:\Users\TAMRD\.stmcufinder\plugins\mcufinder//mcu/
2023-12-04 14:58:48,287 [WARN] DbFile:41 - Overriding database path with different value: C:\Users\TAMRD\.stmcufinder\plugins\mcufinder/ => C:\Users\TAMRD\.stmcufinder\plugins\mcufinder
2023-12-04 14:58:48,287 [INFO] DbMcusAds:125 - Set database path to: C:\Users\TAMRD\.stmcufinder\plugins\mcufinder//mcu/
2023-12-04 14:58:48,288 [WARN] DbFile:41 - Overriding database path with different value: C:\Users\TAMRD\.stmcufinder\plugins\mcufinder/ => C:\Users\TAMRD\.stmcufinder\plugins\mcufinder
2023-12-04 14:58:48,289 [WARN] DbFile:41 - Overriding database path with different value: C:\Users\TAMRD\.stmcufinder\plugins\mcufinder/ => C:\Users\TAMRD\.stmcufinder\plugins\mcufinder
2023-12-04 14:58:48,289 [INFO] CrossReferenceDbSqlite:203 - Set database path to: C:\Users\TAMRD\.stmcufinder\plugins\mcufinder//mcu/cs/
2023-12-04 14:58:48,483 [INFO] MainPanel:262 - HeapMemory: 268435456
2023-12-04 14:58:48,666 [INFO] DbMcusXml:78 - Set database path to: C:\ST\STM32CubeIDE_1.12.1\STM32CubeIDE\plugins\com.st.stm32cube.common.mx_6.9.2.202309101412\\db\/mcu/
2023-12-04 14:58:48,667 [INFO] ApiDb:274 - Set plugin database path to: C:\ST\STM32CubeIDE_1.12.1\STM32CubeIDE\plugins\com.st.stm32cube.common.mx_6.9.2.202309101412\\db\/plugins/boardmanager/
2023-12-04 14:58:48,667 [INFO] ApiDb:261 - Set plugin images path to: C:\ST\STM32CubeIDE_1.12.1\STM32CubeIDE\plugins\com.st.stm32cube.common.mx_6.9.2.202309101412\\db\/plugins/mcufinder/images/
2023-12-04 14:58:48,668 [WARN] DbFile:41 - Overriding database path with different value: C:\Users\TAMRD\.stmcufinder\plugins\mcufinder/ => C:\Users\TAMRD\.stmcufinder\plugins\mcufinder
2023-12-04 14:58:48,668 [INFO] ApiDb:250 - Set database path to: C:\Users\TAMRD\.stmcufinder\plugins\mcufinder//mcu/
2023-12-04 14:58:48,668 [WARN] DbFile:41 - Overriding database path with different value: C:\Users\TAMRD\.stmcufinder\plugins\mcufinder/ => C:\Users\TAMRD\.stmcufinder\plugins\mcufinder
2023-12-04 14:58:48,668 [INFO] DbMcusAds:125 - Set database path to: C:\Users\TAMRD\.stmcufinder\plugins\mcufinder//mcu/
2023-12-04 14:58:48,668 [WARN] DbFile:41 - Overriding database path with different value: C:\Users\TAMRD\.stmcufinder\plugins\mcufinder/ => C:\Users\TAMRD\.stmcufinder\plugins\mcufinder
2023-12-04 14:58:48,668 [WARN] DbFile:41 - Overriding database path with different value: C:\Users\TAMRD\.stmcufinder\plugins\mcufinder/ => C:\Users\TAMRD\.stmcufinder\plugins\mcufinder
2023-12-04 14:58:48,668 [INFO] CrossReferenceDbSqlite:203 - Set database path to: C:\Users\TAMRD\.stmcufinder\plugins\mcufinder//mcu/cs/
2023-12-04 14:58:48,697 [INFO] ApplicationProperties:184 - Using Application install path: C:\ST\STM32CubeIDE_1.12.1\STM32CubeIDE\plugins\com.st.stm32cube.common.mx_6.9.2.202309101412
2023-12-04 14:58:48,700 [INFO] PluginManage:196 - Search for loadable plugins [exclusion list=, ]
2023-12-04 14:58:48,702 [INFO] PluginManage:310 - Check plugin analytics
2023-12-04 14:58:49,031 [INFO] AnalyticsPlugin:253 - Accepted Software Licenses: 
2023-12-04 14:58:49,031 [INFO] AnalyticsPlugin:255 - Accepted CMSIS Pack Licenses: 
2023-12-04 14:58:49,031 [INFO] AnalyticsPlugin:257 - Accepted Firmware Licenses: 
2023-12-04 14:58:49,036 [INFO] PluginManage:359 - Loaded plugin analytics (category:tool,tabindex:-1)
2023-12-04 14:58:49,037 [INFO] PluginManage:310 - Check plugin cadmodel
2023-12-04 14:58:49,096 [INFO] CADModel:105 - Init CAD model plugin
2023-12-04 14:58:49,097 [INFO] PluginManage:359 - Loaded plugin cadmodel (category:power,tabindex:5)
2023-12-04 14:58:49,097 [INFO] PluginManage:310 - Check plugin clock
2023-12-04 14:58:49,162 [INFO] PluginManage:359 - Loaded plugin clock (category:base,tabindex:2)
2023-12-04 14:58:49,163 [INFO] PluginManage:310 - Check plugin ddr
2023-12-04 14:58:49,171 [INFO] PluginManage:359 - Loaded plugin ddr (category:tool,tabindex:6)
2023-12-04 14:58:49,171 [INFO] PluginManage:310 - Check plugin filemanager
2023-12-04 14:58:49,402 [INFO] PluginManage:359 - Loaded plugin filemanager (category:base,tabindex:10)
2023-12-04 14:58:49,402 [INFO] PluginManage:310 - Check plugin ipmanager
2023-12-04 14:58:49,419 [INFO] PluginManage:359 - Loaded plugin ipmanager (category:base,tabindex:5)
2023-12-04 14:58:49,419 [INFO] PluginManage:310 - Check plugin lpbam
2023-12-04 14:58:49,440 [INFO] PluginManage:359 - Loaded plugin lpbam (category:base,tabindex:0)
2023-12-04 14:58:49,441 [INFO] PluginManage:310 - Check plugin memorymap
2023-12-04 14:58:49,478 [INFO] PluginManage:359 - Loaded plugin memorymap (category:base,tabindex:4)
2023-12-04 14:58:49,478 [INFO] PluginManage:310 - Check plugin pinoutandconfiguration
2023-12-04 14:58:49,529 [INFO] PluginManage:359 - Loaded plugin pinoutandconfiguration (category:base,tabindex:1)
2023-12-04 14:58:49,530 [INFO] PluginManage:310 - Check plugin pinoutconfig
2023-12-04 14:58:49,683 [WARN] SupportedApi:132 - Cannot load RTOS API schema: s4s-elt-must-match.1: The content of 'definitions' must match (annotation?, (simpleType | complexType)?, (unique | key | keyref)*)). A problem was found starting at: attribute.
2023-12-04 14:58:49,890 [INFO] PluginManage:359 - Loaded plugin pinoutconfig (category:base,tabindex:0)
2023-12-04 14:58:49,890 [INFO] PluginManage:310 - Check plugin power
2023-12-04 14:58:49,943 [INFO] PluginManage:359 - Loaded plugin power (category:power,tabindex:4)
2023-12-04 14:58:49,943 [INFO] PluginManage:310 - Check plugin projectmanager
2023-12-04 14:58:49,967 [INFO] PluginManage:359 - Loaded plugin projectmanager (category:projectmanager,tabindex:3)
2023-12-04 14:58:49,968 [INFO] PluginManage:310 - Check plugin thirdparty
2023-12-04 14:58:50,524 [INFO] PluginManage:359 - Loaded plugin thirdparty (category:base,tabindex:-1)
2023-12-04 14:58:50,524 [INFO] PluginManage:310 - Check plugin tools
2023-12-04 14:58:50,525 [WARN] IntegrityCheckThread:84 - waiting for thirdparty lock release [integrity check]
2023-12-04 14:58:50,526 [INFO] IntegrityCheckThread:86 - entering critical section [integrity check]
2023-12-04 14:58:50,527 [INFO] ThirdPartyUpdaterWithRetryManager:70 - Updater plugin not ready yet. [1/15]
2023-12-04 14:58:50,571 [INFO] PluginManage:359 - Loaded plugin tools (category:base,tabindex:7)
2023-12-04 14:58:50,571 [INFO] PluginManage:310 - Check plugin tutovideos
2023-12-04 14:58:50,870 [INFO] PluginManage:359 - Loaded plugin tutovideos (category:base,tabindex:-1)
2023-12-04 14:58:50,871 [INFO] PluginManage:310 - Check plugin updater
2023-12-04 14:58:50,903 [INFO] PluginManage:359 - Loaded plugin updater (category:base,tabindex:12)
2023-12-04 14:58:50,904 [INFO] PluginManage:310 - Check plugin userauth
2023-12-04 14:58:50,925 [INFO] UserAuth:113 - Init User Auth plugin
2023-12-04 14:58:50,925 [INFO] PluginManage:359 - Loaded plugin userauth (category:base,tabindex:14)
2023-12-04 14:58:50,928 [INFO] PluginManage:283 - PluginManage : Loaded plugins [17]
2023-12-04 14:58:51,522 [INFO] PinOutPanel:1499 - setPackage(No Configuration,No Configuration)
2023-12-04 14:58:51,852 [INFO] CADModel:165 - CPN selected for project level
2023-12-04 14:58:51,853 [INFO] CADModel:114 - Register for checkConnection events
2023-12-04 14:58:51,939 [INFO] IPUIPlugin:80 - create IPUIPlugin
2023-12-04 14:58:51,939 [INFO] PluginManager:220 - loadIPPluginJar : add adc
2023-12-04 14:58:52,006 [INFO] IPUIPlugin:80 - create IPUIPlugin
2023-12-04 14:58:52,006 [INFO] PluginManager:220 - loadIPPluginJar : add aes
2023-12-04 14:58:52,083 [INFO] IPUIPlugin:80 - create IPUIPlugin
2023-12-04 14:58:52,083 [INFO] PluginManager:220 - loadIPPluginJar : add can
2023-12-04 14:58:52,122 [INFO] IPUIPlugin:80 - create IPUIPlugin
2023-12-04 14:58:52,123 [INFO] PluginManager:220 - loadIPPluginJar : add comp
2023-12-04 14:58:52,171 [INFO] IPUIPlugin:80 - create IPUIPlugin
2023-12-04 14:58:52,171 [INFO] PluginManager:220 - loadIPPluginJar : add cryp
2023-12-04 14:58:52,208 [INFO] IPUIPlugin:80 - create IPUIPlugin
2023-12-04 14:58:52,208 [INFO] PluginManager:220 - loadIPPluginJar : add dfsdm
2023-12-04 14:58:52,227 [INFO] IPUIPlugin:80 - create IPUIPlugin
2023-12-04 14:58:52,228 [INFO] PluginManager:220 - loadIPPluginJar : add dma
2023-12-04 14:58:52,284 [INFO] IPUIPlugin:80 - create IPUIPlugin
2023-12-04 14:58:52,284 [INFO] PluginManager:220 - loadIPPluginJar : add dma3
2023-12-04 14:58:52,325 [INFO] IPUIPlugin:80 - create IPUIPlugin
2023-12-04 14:58:52,325 [INFO] PluginManager:220 - loadIPPluginJar : add fatfs
2023-12-04 14:58:52,391 [INFO] IPUIPlugin:80 - create IPUIPlugin
2023-12-04 14:58:52,392 [INFO] PluginManager:220 - loadIPPluginJar : add fmc
2023-12-04 14:58:52,427 [INFO] IPUIPlugin:80 - create IPUIPlugin
2023-12-04 14:58:52,427 [INFO] PluginManager:220 - loadIPPluginJar : add freertos
2023-12-04 14:58:52,461 [INFO] IPUIPlugin:80 - create IPUIPlugin
2023-12-04 14:58:52,461 [INFO] PluginManager:220 - loadIPPluginJar : add genericplugin
2023-12-04 14:58:52,583 [INFO] IPUIPlugin:80 - create IPUIPlugin
2023-12-04 14:58:52,584 [INFO] PluginManager:220 - loadIPPluginJar : add gfxmmu
2023-12-04 14:58:52,740 [INFO] IPUIPlugin:80 - create IPUIPlugin
2023-12-04 14:58:52,741 [INFO] PluginManager:220 - loadIPPluginJar : add gic
2023-12-04 14:58:52,766 [INFO] IPUIPlugin:80 - create IPUIPlugin
2023-12-04 14:58:52,766 [INFO] PluginManager:220 - loadIPPluginJar : add gpio
2023-12-04 14:58:52,885 [INFO] IPUIPlugin:80 - create IPUIPlugin
2023-12-04 14:58:52,885 [INFO] PluginManager:220 - loadIPPluginJar : add gtzc
2023-12-04 14:58:52,934 [INFO] IPUIPlugin:80 - create IPUIPlugin
2023-12-04 14:58:52,934 [INFO] PluginManager:220 - loadIPPluginJar : add hash
2023-12-04 14:58:53,011 [INFO] IPUIPlugin:80 - create IPUIPlugin
2023-12-04 14:58:53,011 [INFO] PluginManager:220 - loadIPPluginJar : add i2c
2023-12-04 14:58:53,082 [INFO] IPUIPlugin:80 - create IPUIPlugin
2023-12-04 14:58:53,083 [INFO] PluginManager:220 - loadIPPluginJar : add i2s
2023-12-04 14:58:53,140 [INFO] IPUIPlugin:80 - create IPUIPlugin
2023-12-04 14:58:53,140 [INFO] PluginManager:220 - loadIPPluginJar : add i3c
2023-12-04 14:58:53,277 [INFO] IPUIPlugin:80 - create IPUIPlugin
2023-12-04 14:58:53,277 [INFO] PluginManager:220 - loadIPPluginJar : add ipddr
2023-12-04 14:58:53,419 [INFO] IPUIPlugin:80 - create IPUIPlugin
2023-12-04 14:58:53,419 [INFO] PluginManager:220 - loadIPPluginJar : add linkedlist
2023-12-04 14:58:53,472 [INFO] IPUIPlugin:80 - create IPUIPlugin
2023-12-04 14:58:53,472 [INFO] PluginManager:220 - loadIPPluginJar : add lorawan
2023-12-04 14:58:53,521 [INFO] IPUIPlugin:80 - create IPUIPlugin
2023-12-04 14:58:53,521 [INFO] PluginManager:220 - loadIPPluginJar : add ltdc
2023-12-04 14:58:53,528 [INFO] ThirdPartyUpdaterWithRetryManager:70 - Updater plugin not ready yet. [2/15]
2023-12-04 14:58:53,543 [INFO] IPUIPlugin:80 - create IPUIPlugin
2023-12-04 14:58:53,544 [INFO] PluginManager:220 - loadIPPluginJar : add mdma
2023-12-04 14:58:53,566 [INFO] IPUIPlugin:80 - create IPUIPlugin
2023-12-04 14:58:53,566 [INFO] PluginManager:220 - loadIPPluginJar : add nvic
2023-12-04 14:58:53,617 [INFO] IPUIPlugin:80 - create IPUIPlugin
2023-12-04 14:58:53,617 [INFO] PluginManager:220 - loadIPPluginJar : add opamp
2023-12-04 14:58:53,694 [INFO] IPUIPlugin:80 - create IPUIPlugin
2023-12-04 14:58:53,695 [INFO] PluginManager:220 - loadIPPluginJar : add openamp
2023-12-04 14:58:53,763 [INFO] IPUIPlugin:80 - create IPUIPlugin
2023-12-04 14:58:53,763 [INFO] PluginManager:220 - loadIPPluginJar : add pdm2pcm
2023-12-04 14:58:53,789 [INFO] IPUIPlugin:80 - create IPUIPlugin
2023-12-04 14:58:53,792 [INFO] PluginManager:220 - loadIPPluginJar : add plateformsettings
2023-12-04 14:58:53,824 [INFO] IPUIPlugin:80 - create IPUIPlugin
2023-12-04 14:58:53,824 [INFO] PluginManager:220 - loadIPPluginJar : add quadspi
2023-12-04 14:58:53,846 [INFO] IPUIPlugin:80 - create IPUIPlugin
2023-12-04 14:58:53,846 [INFO] PluginManager:220 - loadIPPluginJar : add resmgrutility
2023-12-04 14:58:53,912 [INFO] IPUIPlugin:80 - create IPUIPlugin
2023-12-04 14:58:53,912 [INFO] PluginManager:220 - loadIPPluginJar : add sai
2023-12-04 14:58:53,965 [INFO] IPUIPlugin:80 - create IPUIPlugin
2023-12-04 14:58:53,966 [INFO] PluginManager:220 - loadIPPluginJar : add spi
2023-12-04 14:58:54,041 [INFO] IPUIPlugin:80 - create IPUIPlugin
2023-12-04 14:58:54,041 [INFO] PluginManager:220 - loadIPPluginJar : add stm32_wpan
2023-12-04 14:58:54,067 [INFO] IPUIPlugin:80 - create IPUIPlugin
2023-12-04 14:58:54,067 [INFO] PluginManager:220 - loadIPPluginJar : add tim
2023-12-04 14:58:54,136 [INFO] IPUIPlugin:80 - create IPUIPlugin
2023-12-04 14:58:54,136 [INFO] PluginManager:220 - loadIPPluginJar : add touchsensing
2023-12-04 14:58:54,168 [INFO] IPUIPlugin:80 - create IPUIPlugin
2023-12-04 14:58:54,168 [INFO] PluginManager:220 - loadIPPluginJar : add tracer_emb
2023-12-04 14:58:54,201 [INFO] IPUIPlugin:80 - create IPUIPlugin
2023-12-04 14:58:54,201 [INFO] PluginManager:220 - loadIPPluginJar : add ts
2023-12-04 14:58:54,231 [INFO] IPUIPlugin:80 - create IPUIPlugin
2023-12-04 14:58:54,231 [INFO] PluginManager:220 - loadIPPluginJar : add tsc
2023-12-04 14:58:54,268 [INFO] IPUIPlugin:80 - create IPUIPlugin
2023-12-04 14:58:54,268 [INFO] PluginManager:220 - loadIPPluginJar : add ucpd
2023-12-04 14:58:54,337 [INFO] IPUIPlugin:80 - create IPUIPlugin
2023-12-04 14:58:54,337 [INFO] PluginManager:220 - loadIPPluginJar : add usart
2023-12-04 14:58:54,396 [INFO] IPUIPlugin:80 - create IPUIPlugin
2023-12-04 14:58:54,396 [INFO] PluginManager:220 - loadIPPluginJar : add usbx
2023-12-04 14:58:54,568 [INFO] CADModel:165 - CPN selected for project level
2023-12-04 14:58:54,568 [INFO] CADModel:114 - Register for checkConnection events
2023-12-04 14:58:54,569 [FATAL] Updater:308 - Updater called before beeing initialized
2023-12-04 14:58:54,569 [ERROR] CADModel:125 - Updater not yet initialized, retry later 
2023-12-04 14:58:54,939 [INFO] CADModel:165 - CPN selected for project level
2023-12-04 14:58:54,939 [INFO] CADModel:114 - Register for checkConnection events
2023-12-04 14:58:54,952 [FATAL] Updater:308 - Updater called before beeing initialized
2023-12-04 14:58:54,952 [ERROR] CADModel:125 - Updater not yet initialized, retry later 
2023-12-04 14:58:54,965 [FATAL] Updater:308 - Updater called before beeing initialized
2023-12-04 14:58:55,175 [FATAL] Updater:308 - Updater called before beeing initialized
2023-12-04 14:58:55,199 [INFO] DbMcusAds:53 - JSON generation date=Tue Mar 07 15:50:55 ICT 2023 (1678179055335)
2023-12-04 14:58:55,200 [FATAL] Updater:308 - Updater called before beeing initialized
2023-12-04 14:58:55,305 [WARN] DetailPanel:346 - Failed to get advertising image, set to default
2023-12-04 14:58:55,416 [FATAL] Updater:308 - Updater called before beeing initialized
2023-12-04 14:58:55,418 [FATAL] Updater:308 - Updater called before beeing initialized
2023-12-04 14:58:55,418 [FATAL] Updater:308 - Updater called before beeing initialized
2023-12-04 14:58:55,418 [WARN] DetailPanel:346 - Failed to get advertising image, set to default
2023-12-04 14:58:55,422 [FATAL] Updater:308 - Updater called before beeing initialized
2023-12-04 14:58:55,559 [ERROR] Updater:1120 - MainUpdater not yet initialized. External WinMGr cannot be set.
2023-12-04 14:58:55,578 [INFO] Updater:1056 - Updater Version found : 6.9.2
2023-12-04 14:58:55,648 [INFO] ApplicationProperties:184 - Using Application install path: C:\ST\STM32CubeIDE_1.12.1\STM32CubeIDE\plugins\com.st.stm32cube.common.mx_6.9.2.202309101412
2023-12-04 14:58:56,530 [INFO] ThirdPartyUpdaterWithRetryManager:70 - Updater plugin not ready yet. [3/15]
2023-12-04 14:58:56,625 [INFO] MainUpdater:2868 - connection check result : 10
2023-12-04 14:58:56,625 [INFO] MainUpdater:3562 - Updater definition file requires update
2023-12-04 14:58:56,626 [INFO] MainUpdater:285 - Updater Check For Update Now.
2023-12-04 14:58:56,626 [INFO] MicroXplorer:498 - Change Database Version : DB.6.0.92
2023-12-04 14:58:56,677 [INFO] McuFinderGlobals:63 - Set McuFinder mode to 2 (CubeIDE integrated)
2023-12-04 14:58:56,739 [INFO] ServerAccessManage:473 - Download File updaters.zip
2023-12-04 14:58:56,991 [INFO] FileExtend:240 - Unzip File : updaters.zip
2023-12-04 14:58:56,992 [INFO] FileExtend:255 - Standard Zip Deflate
2023-12-04 14:58:58,067 [INFO] ServerAccessManage:473 - Download File PacksControlFlags.xml
2023-12-04 14:58:58,298 [INFO] ServerAccessManage:473 - Download File cubemx.pidx
2023-12-04 14:58:59,531 [WARN] MainUpdater:1189 - Updater busy. Cannot search thirdparties
2023-12-04 14:58:59,532 [INFO] ThirdPartyUpdaterWithRetryManager:96 - Updater plugin is busy. [1/15]
2023-12-04 14:58:59,579 [INFO] ServerAccessManage:473 - Download File STMicroelectronics.FP-SNS-MOTENVWB1.pdsc
2023-12-04 14:59:02,535 [WARN] MainUpdater:1189 - Updater busy. Cannot search thirdparties
2023-12-04 14:59:02,535 [INFO] ThirdPartyUpdaterWithRetryManager:96 - Updater plugin is busy. [2/15]
2023-12-04 14:59:03,862 [ERROR] ServerAccessManage:1096 - Problem, Http access forbiden
2023-12-04 14:59:03,929 [ERROR] ServerAccessManage:651 - Problem, Http access forbiden : RoweBots.I-CUBE-UNISONRTOS.pdsc.
2023-12-04 14:59:04,951 [INFO] CheckServerUpdateThread:120 - End of CheckServer Thread
2023-12-04 14:59:05,576 [WARN] PackLoader:240 - Cannot read IP mode file for STMicroelectronics.FP-SNS-MOTENVWB1.1.3.1
2023-12-04 14:59:05,585 [INFO] PopulateThirdPartyThread:66 - Ending populate Thread
2023-12-04 14:59:05,586 [INFO] ThirdParty:1030 - CMSIS Pack Vendor :STMicroelectronics FP-SNS-MOTENVWB1 1.3.1
2023-12-04 14:59:05,587 [INFO] LoadServerUpdatesThread:373 - End of LoadServerUpdate Thread
2023-12-04 14:59:06,869 [WARN] PackLoader:240 - Cannot read IP mode file for STMicroelectronics.X-CUBE-SMBUS.2.1.0
2023-12-04 14:59:07,006 [WARN] PackLoader:240 - Cannot read IP mode file for STMicroelectronics.X-CUBE-AZRTOS-F7.1.1.0
2023-12-04 14:59:07,064 [WARN] PackLoader:240 - Cannot read IP mode file for STMicroelectronics.FP-SNS-MOTENV1.4.3.2
2023-12-04 14:59:07,119 [WARN] PackLoader:240 - Cannot read IP mode file for STMicroelectronics.FP-SNS-FLIGHT1.5.0.2
2023-12-04 14:59:07,150 [WARN] PackLoader:240 - Cannot read IP mode file for STMicroelectronics.X-CUBE-DISPLAY.3.0.0
2023-12-04 14:59:07,198 [WARN] PackLoader:240 - Cannot read IP mode file for STMicroelectronics.X-CUBE-BLE1.7.0.0
2023-12-04 14:59:07,238 [WARN] PackLoader:240 - Cannot read IP mode file for emotas.I-CUBE-CANOPEN.1.3.0
2023-12-04 14:59:07,268 [WARN] PackLoader:240 - Cannot read IP mode file for STMicroelectronics.X-CUBE-TOUCHGFX.4.22.0
2023-12-04 14:59:07,287 [WARN] PackLoader:240 - Cannot read IP mode file for STMicroelectronics.X-CUBE-TOUCHGFX.4.22.1
2023-12-04 14:59:07,321 [WARN] PackLoader:240 - Cannot read IP mode file for STMicroelectronics.FP-SNS-SMARTAG2.1.2.0
2023-12-04 14:59:07,357 [INFO] LogOutputStream:77 - [STDOUT_REDIRECT] 1 : Invalid condition id : UX_CORESTACK_Condition cause : null
2023-12-04 14:59:07,358 [INFO] LogOutputStream:77 - [STDOUT_REDIRECT] 1 : Invalid condition id : UX_CORESTACK_Condition cause : null
2023-12-04 14:59:07,359 [INFO] LogOutputStream:77 - [STDOUT_REDIRECT] 1 : Invalid condition id : UX_CORESTACK_Condition cause : null
2023-12-04 14:59:07,362 [INFO] LogOutputStream:77 - [STDOUT_REDIRECT] 1 : Invalid condition id : UX_CORESTACK_Condition cause : null
2023-12-04 14:59:07,363 [INFO] LogOutputStream:77 - [STDOUT_REDIRECT] 1 : Invalid condition id : UX_CORESTACK_Condition cause : null
2023-12-04 14:59:07,367 [WARN] PackLoader:240 - Cannot read IP mode file for STMicroelectronics.X-CUBE-AZRTOS-WL.2.0.0
2023-12-04 14:59:07,397 [WARN] PackLoader:240 - Cannot read IP mode file for WES.I-CUBE-Cesium.1.3.0
2023-12-04 14:59:07,449 [WARN] PackLoader:240 - Cannot read IP mode file for STMicroelectronics.X-CUBE-BLE2.3.3.0
2023-12-04 14:59:07,543 [WARN] PackLoader:240 - Cannot read IP mode file for STMicroelectronics.X-CUBE-ALGOBUILD.1.3.0
2023-12-04 14:59:07,619 [WARN] PackLoader:240 - Cannot read IP mode file for STMicroelectronics.X-CUBE-AZRTOS-G0.1.1.0
2023-12-04 14:59:07,661 [WARN] PackLoader:240 - Cannot read IP mode file for STMicroelectronics.X-CUBE-NFC4.3.0.0
2023-12-04 14:59:07,701 [WARN] PackLoader:240 - Cannot read IP mode file for STMicroelectronics.X-CUBE-BLEMGR.3.0.0
2023-12-04 14:59:07,722 [WARN] PackLoader:240 - Cannot read IP mode file for STMicroelectronics.FP-ATR-SIGFOX1.3.2.0
2023-12-04 14:59:07,811 [WARN] PackLoader:240 - Cannot read IP mode file for SEGGER.I-CUBE-embOS.1.3.1
2023-12-04 14:59:07,908 [WARN] PackLoader:240 - Cannot read IP mode file for STMicroelectronics.X-CUBE-GNSS1.6.0.0
2023-12-04 14:59:07,988 [WARN] PackLoader:240 - Cannot read IP mode file for STMicroelectronics.X-CUBE-AZRTOS-F4.1.1.0
2023-12-04 14:59:08,018 [WARN] PackLoader:240 - Cannot read IP mode file for wolfSSL.I-CUBE-wolfSSL.5.6.3
2023-12-04 14:59:08,104 [WARN] PackLoader:240 - Cannot read IP mode file for STMicroelectronics.X-CUBE-AZRTOS-L5.2.0.0
2023-12-04 14:59:08,191 [WARN] PackLoader:240 - Cannot read IP mode file for STMicroelectronics.X-CUBE-MEMS1.9.6.0
2023-12-04 14:59:08,382 [WARN] PackLoader:240 - Cannot read IP mode file for STMicroelectronics.X-CUBE-EEPRMA1.4.2.0
2023-12-04 14:59:08,415 [WARN] PackLoader:240 - Cannot read IP mode file for ITTIA_DB.I-CUBE-ITTIADB.8.8.0
2023-12-04 14:59:08,461 [WARN] PackLoader:240 - Cannot read IP mode file for STMicroelectronics.X-CUBE-BLEMGR.2.0.0
2023-12-04 14:59:08,546 [WARN] ConditionMgr:438 - getConditionDescription Invalid condition id : UX DEVICE CLASS RTOS Condition cause : null
2023-12-04 14:59:08,547 [WARN] ConditionMgr:438 - getConditionDescription Invalid condition id : UX DEVICE CLASS RTOS Condition cause : null
2023-12-04 14:59:08,551 [WARN] PackLoader:240 - Cannot read IP mode file for STMicroelectronics.X-CUBE-AZRTOS-H7.3.1.0
2023-12-04 14:59:08,553 [WARN] ConditionMgr:1039 - genDependencies : Invalid condition id : UX DEVICE CLASS RTOS Condition cause : null
2023-12-04 14:59:08,553 [WARN] ConditionMgr:1039 - genDependencies : Invalid condition id : UX DEVICE CLASS RTOS Condition cause : null
2023-12-04 14:59:08,553 [WARN] ConditionMgr:1039 - genDependencies : Invalid condition id : UX DEVICE CLASS RTOS Condition cause : null
2023-12-04 14:59:08,554 [WARN] ConditionMgr:1039 - genDependencies : Invalid condition id : UX DEVICE CLASS RTOS Condition cause : null
2023-12-04 14:59:08,554 [WARN] ConditionMgr:1039 - genDependencies : Invalid condition id : UX DEVICE CLASS RTOS Condition cause : null
2023-12-04 14:59:08,576 [WARN] PackLoader:240 - Cannot read IP mode file for STMicroelectronics.X-CUBE-NFC7.1.0.1
2023-12-04 14:59:08,620 [WARN] PackLoader:240 - Cannot read IP mode file for STMicroelectronics.X-CUBE-NFC6.3.0.0
2023-12-04 14:59:08,654 [WARN] PackLoader:240 - Cannot read IP mode file for STMicroelectronics.X-CUBE-EEPRMA1.4.1.0
2023-12-04 14:59:08,700 [WARN] PackLoader:240 - Cannot read IP mode file for STMicroelectronics.X-CUBE-AI.8.1.0
2023-12-04 14:59:08,886 [WARN] ConditionMgr:438 - getConditionDescription Invalid condition id : LAN8742 Phy interface Condition cause : null
2023-12-04 14:59:08,915 [WARN] PackLoader:240 - Cannot read IP mode file for STMicroelectronics.X-CUBE-AZRTOS-L4.2.0.0
2023-12-04 14:59:08,921 [WARN] ConditionMgr:1039 - genDependencies : Invalid condition id : LAN8742 Phy interface Condition cause : null
2023-12-04 14:59:08,922 [WARN] ConditionMgr:1039 - genDependencies : Invalid condition id : LAN8742 Phy interface Condition cause : null
2023-12-04 14:59:08,922 [WARN] ConditionMgr:1039 - genDependencies : Invalid condition id : LAN8742 Phy interface Condition cause : null
2023-12-04 14:59:08,994 [WARN] PackLoader:240 - Cannot read IP mode file for STMicroelectronics.X-CUBE-SFXS2LP1.4.0.0
2023-12-04 14:59:09,042 [WARN] PackLoader:240 - Cannot read IP mode file for STMicroelectronics.X-CUBE-ISPU.1.1.0
2023-12-04 14:59:09,175 [WARN] ConditionMgr:438 - getConditionDescription Invalid condition id : UX DEVICE CLASS RTOS Condition cause : null
2023-12-04 14:59:09,182 [WARN] ConditionMgr:438 - getConditionDescription Invalid condition id : UX DEVICE CLASS RTOS Condition cause : null
2023-12-04 14:59:09,184 [WARN] PackLoader:240 - Cannot read IP mode file for STMicroelectronics.X-CUBE-AZRTOS-WB.2.0.0
2023-12-04 14:59:09,185 [WARN] ConditionMgr:1039 - genDependencies : Invalid condition id : UX DEVICE CLASS RTOS Condition cause : null
2023-12-04 14:59:09,185 [WARN] ConditionMgr:1039 - genDependencies : Invalid condition id : UX DEVICE CLASS RTOS Condition cause : null
2023-12-04 14:59:09,186 [WARN] ConditionMgr:1039 - genDependencies : Invalid condition id : UX DEVICE CLASS RTOS Condition cause : null
2023-12-04 14:59:09,186 [WARN] ConditionMgr:1039 - genDependencies : Invalid condition id : UX DEVICE CLASS RTOS Condition cause : null
2023-12-04 14:59:09,186 [WARN] ConditionMgr:1039 - genDependencies : Invalid condition id : UX DEVICE CLASS RTOS Condition cause : null
2023-12-04 14:59:09,268 [WARN] PackLoader:240 - Cannot read IP mode file for STMicroelectronics.X-CUBE-SUBG2.5.0.0
2023-12-04 14:59:09,367 [WARN] PackLoader:240 - Cannot read IP mode file for STMicroelectronics.X-CUBE-TOF1.3.3.1
2023-12-04 14:59:09,528 [WARN] PackLoader:240 - Cannot read IP mode file for STMicroelectronics.X-CUBE-AZRTOS-G4.2.0.0
2023-12-04 14:59:09,638 [WARN] PackLoader:240 - Cannot read IP mode file for Infineon.AIROC-Wi-Fi-Bluetooth-STM32.1.5.1
2023-12-04 14:59:09,667 [WARN] PackLoader:240 - Cannot read IP mode file for STMicroelectronics.FP-SNS-MOTENVWB1.1.3.0
2023-12-04 14:59:09,672 [WARN] PackLoader:240 - Cannot read IP mode file for STMicroelectronics.FP-SNS-MOTENVWB1.1.3.1
2023-12-04 14:59:09,827 [WARN] PackLoader:240 - Cannot read IP mode file for STMicroelectronics.X-CUBE-MEMS1.10.0.0
2023-12-04 14:59:10,010 [WARN] PackLoader:240 - Cannot read IP mode file for STMicroelectronics.X-CUBE-FREERTOS.1.1.0
2023-12-04 14:59:10,081 [WARN] PackLoader:240 - Cannot read IP mode file for portGmbH.I-Cube-SoM-uGOAL.1.1.0
2023-12-04 14:59:10,183 [WARN] PackLoader:240 - Cannot read IP mode file for STMicroelectronics.X-CUBE-ALS.1.0.1
2023-12-04 14:59:10,198 [WARN] PackLoader:240 - Cannot read IP mode file for STMicroelectronics.FP-ATR-ASTRA1.2.0.0
2023-12-04 14:59:10,289 [WARN] PackLoader:240 - Cannot read IP mode file for STMicroelectronics.X-CUBE-TOF1.3.4.0
2023-12-04 14:59:10,298 [INFO] ThirdParty:978 - Integrity check success = true
2023-12-04 14:59:10,298 [INFO] IntegrityCheckThread:100 - exiting critical section [integrity check]
2023-12-04 14:59:10,299 [INFO] IntegrityCheckThread:103 - End integrity checks thread
2023-12-04 14:59:19,823 [ERROR] LogOutputStream:75 - [STDERR_REDIRECT] SLF4J: Failed to load class "org.slf4j.impl.StaticLoggerBinder".
2023-12-04 14:59:19,824 [ERROR] LogOutputStream:75 - [STDERR_REDIRECT] SLF4J: Defaulting to no-operation (NOP) logger implementation
2023-12-04 14:59:19,827 [ERROR] LogOutputStream:75 - [STDERR_REDIRECT] SLF4J: See http://www.slf4j.org/codes.html#StaticLoggerBinder for further details.
