2023-12-23 09:18:06,335 [INFO] Activator:176 - 


2023-12-23 09:18:06,352 [INFO] Activator:177 - !SESSION log4j initialized
2023-12-23 09:18:16,852 [INFO] LogOutputStream:77 - [STDOUT_REDIRECT] 
2023-12-23 09:18:19,591 [INFO] ApplicationProperties:184 - Using Application install path: C:\ST\STM32CubeIDE_1.12.1\STM32CubeIDE\plugins\com.st.stm32cube.common.mx_6.9.2.202309101412
2023-12-23 09:18:19,642 [INFO] DbMcusXml:78 - Set database path to: C:\ST\STM32CubeIDE_1.12.1\STM32CubeIDE\plugins\com.st.stm32cube.common.mx_6.9.2.202309101412\\db\/mcu/
2023-12-23 09:18:19,643 [INFO] ApiDb:274 - Set plugin database path to: C:\ST\STM32CubeIDE_1.12.1\STM32CubeIDE\plugins\com.st.stm32cube.common.mx_6.9.2.202309101412\\db\/plugins/boardmanager/
2023-12-23 09:18:19,643 [WARN] ApiDb:259 - Overriding images path with different value:  => C:\ST\STM32CubeIDE_1.12.1\STM32CubeIDE\plugins\com.st.stm32cube.common.mx_6.9.2.202309101412\\db\/plugins/mcufinder/images/
2023-12-23 09:18:19,711 [INFO] ApiDb:250 - Set database path to: C:\Users\TAMRD\.stmcufinder\plugins\mcufinder//mcu/
2023-12-23 09:18:19,712 [INFO] DbMcusAds:125 - Set database path to: C:\Users\TAMRD\.stmcufinder\plugins\mcufinder//mcu/
2023-12-23 09:18:19,714 [INFO] CrossReferenceDbSqlite:203 - Set database path to: C:\Users\TAMRD\.stmcufinder\plugins\mcufinder//mcu/cs/
2023-12-23 09:18:19,880 [INFO] RulesReader:64 - Compatibility file has been processed (293 Rules)
2023-12-23 09:18:20,110 [INFO] DbMcusXml:78 - Set database path to: C:\ST\STM32CubeIDE_1.12.1\STM32CubeIDE\plugins\com.st.stm32cube.common.mx_6.9.2.202309101412\\db\/mcu/
2023-12-23 09:18:20,110 [INFO] ApiDb:274 - Set plugin database path to: C:\ST\STM32CubeIDE_1.12.1\STM32CubeIDE\plugins\com.st.stm32cube.common.mx_6.9.2.202309101412\\db\/plugins/boardmanager/
2023-12-23 09:18:20,110 [INFO] ApiDb:261 - Set plugin images path to: C:\ST\STM32CubeIDE_1.12.1\STM32CubeIDE\plugins\com.st.stm32cube.common.mx_6.9.2.202309101412\\db\/plugins/mcufinder/images/
2023-12-23 09:18:20,111 [WARN] DbFile:41 - Overriding database path with different value: C:\Users\TAMRD\.stmcufinder\plugins\mcufinder/ => C:\Users\TAMRD\.stmcufinder\plugins\mcufinder
2023-12-23 09:18:20,111 [INFO] ApiDb:250 - Set database path to: C:\Users\TAMRD\.stmcufinder\plugins\mcufinder//mcu/
2023-12-23 09:18:20,111 [WARN] DbFile:41 - Overriding database path with different value: C:\Users\TAMRD\.stmcufinder\plugins\mcufinder/ => C:\Users\TAMRD\.stmcufinder\plugins\mcufinder
2023-12-23 09:18:20,111 [INFO] DbMcusAds:125 - Set database path to: C:\Users\TAMRD\.stmcufinder\plugins\mcufinder//mcu/
2023-12-23 09:18:20,112 [WARN] DbFile:41 - Overriding database path with different value: C:\Users\TAMRD\.stmcufinder\plugins\mcufinder/ => C:\Users\TAMRD\.stmcufinder\plugins\mcufinder
2023-12-23 09:18:20,112 [WARN] DbFile:41 - Overriding database path with different value: C:\Users\TAMRD\.stmcufinder\plugins\mcufinder/ => C:\Users\TAMRD\.stmcufinder\plugins\mcufinder
2023-12-23 09:18:20,112 [INFO] CrossReferenceDbSqlite:203 - Set database path to: C:\Users\TAMRD\.stmcufinder\plugins\mcufinder//mcu/cs/
2023-12-23 09:18:20,289 [INFO] MainPanel:262 - HeapMemory: 268435456
2023-12-23 09:18:20,514 [INFO] DbMcusXml:78 - Set database path to: C:\ST\STM32CubeIDE_1.12.1\STM32CubeIDE\plugins\com.st.stm32cube.common.mx_6.9.2.202309101412\\db\/mcu/
2023-12-23 09:18:20,514 [INFO] ApiDb:274 - Set plugin database path to: C:\ST\STM32CubeIDE_1.12.1\STM32CubeIDE\plugins\com.st.stm32cube.common.mx_6.9.2.202309101412\\db\/plugins/boardmanager/
2023-12-23 09:18:20,514 [INFO] ApiDb:261 - Set plugin images path to: C:\ST\STM32CubeIDE_1.12.1\STM32CubeIDE\plugins\com.st.stm32cube.common.mx_6.9.2.202309101412\\db\/plugins/mcufinder/images/
2023-12-23 09:18:20,515 [WARN] DbFile:41 - Overriding database path with different value: C:\Users\TAMRD\.stmcufinder\plugins\mcufinder/ => C:\Users\TAMRD\.stmcufinder\plugins\mcufinder
2023-12-23 09:18:20,515 [INFO] ApiDb:250 - Set database path to: C:\Users\TAMRD\.stmcufinder\plugins\mcufinder//mcu/
2023-12-23 09:18:20,515 [WARN] DbFile:41 - Overriding database path with different value: C:\Users\TAMRD\.stmcufinder\plugins\mcufinder/ => C:\Users\TAMRD\.stmcufinder\plugins\mcufinder
2023-12-23 09:18:20,515 [INFO] DbMcusAds:125 - Set database path to: C:\Users\TAMRD\.stmcufinder\plugins\mcufinder//mcu/
2023-12-23 09:18:20,515 [WARN] DbFile:41 - Overriding database path with different value: C:\Users\TAMRD\.stmcufinder\plugins\mcufinder/ => C:\Users\TAMRD\.stmcufinder\plugins\mcufinder
2023-12-23 09:18:20,516 [WARN] DbFile:41 - Overriding database path with different value: C:\Users\TAMRD\.stmcufinder\plugins\mcufinder/ => C:\Users\TAMRD\.stmcufinder\plugins\mcufinder
2023-12-23 09:18:20,516 [INFO] CrossReferenceDbSqlite:203 - Set database path to: C:\Users\TAMRD\.stmcufinder\plugins\mcufinder//mcu/cs/
2023-12-23 09:18:20,537 [INFO] ApplicationProperties:184 - Using Application install path: C:\ST\STM32CubeIDE_1.12.1\STM32CubeIDE\plugins\com.st.stm32cube.common.mx_6.9.2.202309101412
2023-12-23 09:18:20,539 [INFO] PluginManage:196 - Search for loadable plugins [exclusion list=, ]
2023-12-23 09:18:20,541 [INFO] PluginManage:310 - Check plugin analytics
2023-12-23 09:18:20,836 [INFO] AnalyticsPlugin:253 - Accepted Software Licenses: 
2023-12-23 09:18:20,836 [INFO] AnalyticsPlugin:255 - Accepted CMSIS Pack Licenses: 
2023-12-23 09:18:20,837 [INFO] AnalyticsPlugin:257 - Accepted Firmware Licenses: 
2023-12-23 09:18:20,843 [INFO] PluginManage:359 - Loaded plugin analytics (category:tool,tabindex:-1)
2023-12-23 09:18:20,844 [INFO] PluginManage:310 - Check plugin cadmodel
2023-12-23 09:18:20,887 [INFO] CADModel:105 - Init CAD model plugin
2023-12-23 09:18:20,888 [INFO] PluginManage:359 - Loaded plugin cadmodel (category:power,tabindex:5)
2023-12-23 09:18:20,888 [INFO] PluginManage:310 - Check plugin clock
2023-12-23 09:18:20,926 [INFO] PluginManage:359 - Loaded plugin clock (category:base,tabindex:2)
2023-12-23 09:18:20,926 [INFO] PluginManage:310 - Check plugin ddr
2023-12-23 09:18:20,939 [INFO] PluginManage:359 - Loaded plugin ddr (category:tool,tabindex:6)
2023-12-23 09:18:20,939 [INFO] PluginManage:310 - Check plugin filemanager
2023-12-23 09:18:21,146 [INFO] PluginManage:359 - Loaded plugin filemanager (category:base,tabindex:10)
2023-12-23 09:18:21,146 [INFO] PluginManage:310 - Check plugin ipmanager
2023-12-23 09:18:21,179 [INFO] PluginManage:359 - Loaded plugin ipmanager (category:base,tabindex:5)
2023-12-23 09:18:21,180 [INFO] PluginManage:310 - Check plugin lpbam
2023-12-23 09:18:21,196 [INFO] PluginManage:359 - Loaded plugin lpbam (category:base,tabindex:0)
2023-12-23 09:18:21,196 [INFO] PluginManage:310 - Check plugin memorymap
2023-12-23 09:18:21,229 [INFO] PluginManage:359 - Loaded plugin memorymap (category:base,tabindex:4)
2023-12-23 09:18:21,229 [INFO] PluginManage:310 - Check plugin pinoutandconfiguration
2023-12-23 09:18:21,267 [INFO] PluginManage:359 - Loaded plugin pinoutandconfiguration (category:base,tabindex:1)
2023-12-23 09:18:21,267 [INFO] PluginManage:310 - Check plugin pinoutconfig
2023-12-23 09:18:21,391 [WARN] SupportedApi:132 - Cannot load RTOS API schema: s4s-elt-must-match.1: The content of 'definitions' must match (annotation?, (simpleType | complexType)?, (unique | key | keyref)*)). A problem was found starting at: attribute.
2023-12-23 09:18:21,573 [INFO] PluginManage:359 - Loaded plugin pinoutconfig (category:base,tabindex:0)
2023-12-23 09:18:21,574 [INFO] PluginManage:310 - Check plugin power
2023-12-23 09:18:21,616 [INFO] PluginManage:359 - Loaded plugin power (category:power,tabindex:4)
2023-12-23 09:18:21,616 [INFO] PluginManage:310 - Check plugin projectmanager
2023-12-23 09:18:21,646 [INFO] PluginManage:359 - Loaded plugin projectmanager (category:projectmanager,tabindex:3)
2023-12-23 09:18:21,647 [INFO] PluginManage:310 - Check plugin thirdparty
2023-12-23 09:18:21,953 [INFO] PluginManage:359 - Loaded plugin thirdparty (category:base,tabindex:-1)
2023-12-23 09:18:21,953 [INFO] PluginManage:310 - Check plugin tools
2023-12-23 09:18:21,954 [WARN] IntegrityCheckThread:84 - waiting for thirdparty lock release [integrity check]
2023-12-23 09:18:21,955 [INFO] IntegrityCheckThread:86 - entering critical section [integrity check]
2023-12-23 09:18:21,955 [INFO] ThirdPartyUpdaterWithRetryManager:70 - Updater plugin not ready yet. [1/15]
2023-12-23 09:18:21,966 [INFO] PluginManage:359 - Loaded plugin tools (category:base,tabindex:7)
2023-12-23 09:18:21,967 [INFO] PluginManage:310 - Check plugin tutovideos
2023-12-23 09:18:22,278 [INFO] PluginManage:359 - Loaded plugin tutovideos (category:base,tabindex:-1)
2023-12-23 09:18:22,279 [INFO] PluginManage:310 - Check plugin updater
2023-12-23 09:18:22,310 [INFO] PluginManage:359 - Loaded plugin updater (category:base,tabindex:12)
2023-12-23 09:18:22,310 [INFO] PluginManage:310 - Check plugin userauth
2023-12-23 09:18:22,334 [INFO] UserAuth:113 - Init User Auth plugin
2023-12-23 09:18:22,334 [INFO] PluginManage:359 - Loaded plugin userauth (category:base,tabindex:14)
2023-12-23 09:18:22,335 [INFO] PluginManage:283 - PluginManage : Loaded plugins [17]
2023-12-23 09:18:22,786 [INFO] PinOutPanel:1499 - setPackage(No Configuration,No Configuration)
2023-12-23 09:18:23,080 [INFO] CADModel:165 - CPN selected for project level
2023-12-23 09:18:23,080 [INFO] CADModel:114 - Register for checkConnection events
2023-12-23 09:18:23,129 [INFO] IPUIPlugin:80 - create IPUIPlugin
2023-12-23 09:18:23,129 [INFO] PluginManager:220 - loadIPPluginJar : add adc
2023-12-23 09:18:23,142 [INFO] IPUIPlugin:80 - create IPUIPlugin
2023-12-23 09:18:23,142 [INFO] PluginManager:220 - loadIPPluginJar : add aes
2023-12-23 09:18:23,160 [INFO] IPUIPlugin:80 - create IPUIPlugin
2023-12-23 09:18:23,160 [INFO] PluginManager:220 - loadIPPluginJar : add can
2023-12-23 09:18:23,171 [INFO] IPUIPlugin:80 - create IPUIPlugin
2023-12-23 09:18:23,173 [INFO] PluginManager:220 - loadIPPluginJar : add comp
2023-12-23 09:18:23,188 [INFO] IPUIPlugin:80 - create IPUIPlugin
2023-12-23 09:18:23,189 [INFO] PluginManager:220 - loadIPPluginJar : add cryp
2023-12-23 09:18:23,196 [INFO] IPUIPlugin:80 - create IPUIPlugin
2023-12-23 09:18:23,196 [INFO] PluginManager:220 - loadIPPluginJar : add dfsdm
2023-12-23 09:18:23,217 [INFO] IPUIPlugin:80 - create IPUIPlugin
2023-12-23 09:18:23,217 [INFO] PluginManager:220 - loadIPPluginJar : add dma
2023-12-23 09:18:23,233 [INFO] IPUIPlugin:80 - create IPUIPlugin
2023-12-23 09:18:23,234 [INFO] PluginManager:220 - loadIPPluginJar : add dma3
2023-12-23 09:18:23,245 [INFO] IPUIPlugin:80 - create IPUIPlugin
2023-12-23 09:18:23,245 [INFO] PluginManager:220 - loadIPPluginJar : add fatfs
2023-12-23 09:18:23,261 [INFO] IPUIPlugin:80 - create IPUIPlugin
2023-12-23 09:18:23,261 [INFO] PluginManager:220 - loadIPPluginJar : add fmc
2023-12-23 09:18:23,284 [INFO] IPUIPlugin:80 - create IPUIPlugin
2023-12-23 09:18:23,285 [INFO] PluginManager:220 - loadIPPluginJar : add freertos
2023-12-23 09:18:23,301 [INFO] IPUIPlugin:80 - create IPUIPlugin
2023-12-23 09:18:23,301 [INFO] PluginManager:220 - loadIPPluginJar : add genericplugin
2023-12-23 09:18:23,310 [INFO] IPUIPlugin:80 - create IPUIPlugin
2023-12-23 09:18:23,310 [INFO] PluginManager:220 - loadIPPluginJar : add gfxmmu
2023-12-23 09:18:23,326 [INFO] IPUIPlugin:80 - create IPUIPlugin
2023-12-23 09:18:23,327 [INFO] PluginManager:220 - loadIPPluginJar : add gic
2023-12-23 09:18:23,342 [INFO] IPUIPlugin:80 - create IPUIPlugin
2023-12-23 09:18:23,342 [INFO] PluginManager:220 - loadIPPluginJar : add gpio
2023-12-23 09:18:23,357 [INFO] IPUIPlugin:80 - create IPUIPlugin
2023-12-23 09:18:23,357 [INFO] PluginManager:220 - loadIPPluginJar : add gtzc
2023-12-23 09:18:23,368 [INFO] IPUIPlugin:80 - create IPUIPlugin
2023-12-23 09:18:23,368 [INFO] PluginManager:220 - loadIPPluginJar : add hash
2023-12-23 09:18:23,377 [INFO] IPUIPlugin:80 - create IPUIPlugin
2023-12-23 09:18:23,377 [INFO] PluginManager:220 - loadIPPluginJar : add i2c
2023-12-23 09:18:23,393 [INFO] IPUIPlugin:80 - create IPUIPlugin
2023-12-23 09:18:23,393 [INFO] PluginManager:220 - loadIPPluginJar : add i2s
2023-12-23 09:18:23,408 [INFO] IPUIPlugin:80 - create IPUIPlugin
2023-12-23 09:18:23,408 [INFO] PluginManager:220 - loadIPPluginJar : add i3c
2023-12-23 09:18:23,442 [INFO] IPUIPlugin:80 - create IPUIPlugin
2023-12-23 09:18:23,443 [INFO] PluginManager:220 - loadIPPluginJar : add ipddr
2023-12-23 09:18:23,470 [INFO] IPUIPlugin:80 - create IPUIPlugin
2023-12-23 09:18:23,470 [INFO] PluginManager:220 - loadIPPluginJar : add linkedlist
2023-12-23 09:18:23,485 [INFO] IPUIPlugin:80 - create IPUIPlugin
2023-12-23 09:18:23,486 [INFO] PluginManager:220 - loadIPPluginJar : add lorawan
2023-12-23 09:18:23,491 [INFO] IPUIPlugin:80 - create IPUIPlugin
2023-12-23 09:18:23,491 [INFO] PluginManager:220 - loadIPPluginJar : add ltdc
2023-12-23 09:18:23,510 [INFO] IPUIPlugin:80 - create IPUIPlugin
2023-12-23 09:18:23,511 [INFO] PluginManager:220 - loadIPPluginJar : add mdma
2023-12-23 09:18:23,543 [INFO] IPUIPlugin:80 - create IPUIPlugin
2023-12-23 09:18:23,543 [INFO] PluginManager:220 - loadIPPluginJar : add nvic
2023-12-23 09:18:23,555 [INFO] IPUIPlugin:80 - create IPUIPlugin
2023-12-23 09:18:23,555 [INFO] PluginManager:220 - loadIPPluginJar : add opamp
2023-12-23 09:18:23,572 [INFO] IPUIPlugin:80 - create IPUIPlugin
2023-12-23 09:18:23,572 [INFO] PluginManager:220 - loadIPPluginJar : add openamp
2023-12-23 09:18:23,584 [INFO] IPUIPlugin:80 - create IPUIPlugin
2023-12-23 09:18:23,585 [INFO] PluginManager:220 - loadIPPluginJar : add pdm2pcm
2023-12-23 09:18:23,602 [INFO] IPUIPlugin:80 - create IPUIPlugin
2023-12-23 09:18:23,605 [INFO] PluginManager:220 - loadIPPluginJar : add plateformsettings
2023-12-23 09:18:23,616 [INFO] IPUIPlugin:80 - create IPUIPlugin
2023-12-23 09:18:23,616 [INFO] PluginManager:220 - loadIPPluginJar : add quadspi
2023-12-23 09:18:23,636 [INFO] IPUIPlugin:80 - create IPUIPlugin
2023-12-23 09:18:23,636 [INFO] PluginManager:220 - loadIPPluginJar : add resmgrutility
2023-12-23 09:18:23,645 [INFO] IPUIPlugin:80 - create IPUIPlugin
2023-12-23 09:18:23,645 [INFO] PluginManager:220 - loadIPPluginJar : add sai
2023-12-23 09:18:23,660 [INFO] IPUIPlugin:80 - create IPUIPlugin
2023-12-23 09:18:23,660 [INFO] PluginManager:220 - loadIPPluginJar : add spi
2023-12-23 09:18:23,675 [INFO] IPUIPlugin:80 - create IPUIPlugin
2023-12-23 09:18:23,675 [INFO] PluginManager:220 - loadIPPluginJar : add stm32_wpan
2023-12-23 09:18:23,677 [INFO] IPUIPlugin:80 - create IPUIPlugin
2023-12-23 09:18:23,677 [INFO] PluginManager:220 - loadIPPluginJar : add tim
2023-12-23 09:18:23,686 [INFO] IPUIPlugin:80 - create IPUIPlugin
2023-12-23 09:18:23,686 [INFO] PluginManager:220 - loadIPPluginJar : add touchsensing
2023-12-23 09:18:23,697 [INFO] IPUIPlugin:80 - create IPUIPlugin
2023-12-23 09:18:23,697 [INFO] PluginManager:220 - loadIPPluginJar : add tracer_emb
2023-12-23 09:18:23,704 [INFO] IPUIPlugin:80 - create IPUIPlugin
2023-12-23 09:18:23,705 [INFO] PluginManager:220 - loadIPPluginJar : add ts
2023-12-23 09:18:23,710 [INFO] IPUIPlugin:80 - create IPUIPlugin
2023-12-23 09:18:23,711 [INFO] PluginManager:220 - loadIPPluginJar : add tsc
2023-12-23 09:18:23,722 [INFO] IPUIPlugin:80 - create IPUIPlugin
2023-12-23 09:18:23,722 [INFO] PluginManager:220 - loadIPPluginJar : add ucpd
2023-12-23 09:18:23,815 [INFO] IPUIPlugin:80 - create IPUIPlugin
2023-12-23 09:18:23,815 [INFO] PluginManager:220 - loadIPPluginJar : add usart
2023-12-23 09:18:23,828 [INFO] IPUIPlugin:80 - create IPUIPlugin
2023-12-23 09:18:23,828 [INFO] PluginManager:220 - loadIPPluginJar : add usbx
2023-12-23 09:18:23,996 [INFO] CADModel:165 - CPN selected for project level
2023-12-23 09:18:23,996 [INFO] CADModel:114 - Register for checkConnection events
2023-12-23 09:18:23,997 [FATAL] Updater:308 - Updater called before beeing initialized
2023-12-23 09:18:23,997 [ERROR] CADModel:125 - Updater not yet initialized, retry later 
2023-12-23 09:18:24,297 [INFO] CADModel:165 - CPN selected for project level
2023-12-23 09:18:24,298 [INFO] CADModel:114 - Register for checkConnection events
2023-12-23 09:18:24,298 [FATAL] Updater:308 - Updater called before beeing initialized
2023-12-23 09:18:24,298 [ERROR] CADModel:125 - Updater not yet initialized, retry later 
2023-12-23 09:18:24,307 [FATAL] Updater:308 - Updater called before beeing initialized
2023-12-23 09:18:24,488 [FATAL] Updater:308 - Updater called before beeing initialized
2023-12-23 09:18:24,495 [INFO] DbMcusAds:53 - JSON generation date=Wed Nov 29 17:52:27 ICT 2023 (1701255147349)
2023-12-23 09:18:24,495 [FATAL] Updater:308 - Updater called before beeing initialized
2023-12-23 09:18:24,605 [WARN] DetailPanel:346 - Failed to get advertising image, set to default
2023-12-23 09:18:24,743 [FATAL] Updater:308 - Updater called before beeing initialized
2023-12-23 09:18:24,745 [FATAL] Updater:308 - Updater called before beeing initialized
2023-12-23 09:18:24,745 [FATAL] Updater:308 - Updater called before beeing initialized
2023-12-23 09:18:24,745 [WARN] DetailPanel:346 - Failed to get advertising image, set to default
2023-12-23 09:18:24,746 [FATAL] Updater:308 - Updater called before beeing initialized
2023-12-23 09:18:24,878 [ERROR] Updater:1120 - MainUpdater not yet initialized. External WinMGr cannot be set.
2023-12-23 09:18:24,887 [INFO] Updater:1056 - Updater Version found : 6.9.2
2023-12-23 09:18:24,926 [INFO] ApplicationProperties:184 - Using Application install path: C:\ST\STM32CubeIDE_1.12.1\STM32CubeIDE\plugins\com.st.stm32cube.common.mx_6.9.2.202309101412
2023-12-23 09:18:24,958 [INFO] ThirdPartyUpdaterWithRetryManager:70 - Updater plugin not ready yet. [2/15]
2023-12-23 09:18:25,467 [INFO] MainUpdater:2868 - connection check result : 10
2023-12-23 09:18:25,468 [INFO] MainUpdater:285 - Updater Check For Update Now.
2023-12-23 09:18:25,468 [INFO] MicroXplorer:498 - Change Database Version : DB.6.0.92
2023-12-23 09:18:25,528 [INFO] McuFinderGlobals:63 - Set McuFinder mode to 2 (CubeIDE integrated)
2023-12-23 09:18:25,818 [INFO] CheckServerUpdateThread:120 - End of CheckServer Thread
2023-12-23 09:18:28,285 [WARN] PackLoader:240 - Cannot read IP mode file for STMicroelectronics.X-CUBE-SMBUS.2.1.0
2023-12-23 09:18:28,303 [WARN] PackLoader:240 - Cannot read IP mode file for STMicroelectronics.X-CUBE-TOUCHGFX.4.23.0
2023-12-23 09:18:28,357 [WARN] PackLoader:240 - Cannot read IP mode file for STMicroelectronics.X-CUBE-AZRTOS-F7.1.1.0
2023-12-23 09:18:28,389 [WARN] PackLoader:240 - Cannot read IP mode file for STMicroelectronics.FP-SNS-MOTENV1.4.3.2
2023-12-23 09:18:28,407 [WARN] PackLoader:240 - Cannot read IP mode file for STMicroelectronics.FP-SNS-FLIGHT1.5.0.2
2023-12-23 09:18:28,429 [WARN] PackLoader:240 - Cannot read IP mode file for STMicroelectronics.X-CUBE-DISPLAY.3.0.0
2023-12-23 09:18:28,454 [WARN] PackLoader:240 - Cannot read IP mode file for STMicroelectronics.X-CUBE-BLE1.7.0.0
2023-12-23 09:18:28,472 [WARN] PackLoader:240 - Cannot read IP mode file for emotas.I-CUBE-CANOPEN.1.3.0
2023-12-23 09:18:28,481 [WARN] PackLoader:240 - Cannot read IP mode file for STMicroelectronics.X-CUBE-TOUCHGFX.4.22.0
2023-12-23 09:18:28,489 [WARN] PackLoader:240 - Cannot read IP mode file for STMicroelectronics.X-CUBE-TOUCHGFX.4.22.1
2023-12-23 09:18:28,505 [WARN] PackLoader:240 - Cannot read IP mode file for STMicroelectronics.FP-SNS-SMARTAG2.1.2.0
2023-12-23 09:18:28,528 [INFO] LogOutputStream:77 - [STDOUT_REDIRECT] 1 : Invalid condition id : UX_CORESTACK_Condition cause : null
2023-12-23 09:18:28,528 [INFO] LogOutputStream:77 - [STDOUT_REDIRECT] 1 : Invalid condition id : UX_CORESTACK_Condition cause : null
2023-12-23 09:18:28,530 [INFO] LogOutputStream:77 - [STDOUT_REDIRECT] 1 : Invalid condition id : UX_CORESTACK_Condition cause : null
2023-12-23 09:18:28,531 [INFO] LogOutputStream:77 - [STDOUT_REDIRECT] 1 : Invalid condition id : UX_CORESTACK_Condition cause : null
2023-12-23 09:18:28,532 [INFO] LogOutputStream:77 - [STDOUT_REDIRECT] 1 : Invalid condition id : UX_CORESTACK_Condition cause : null
2023-12-23 09:18:28,536 [WARN] PackLoader:240 - Cannot read IP mode file for STMicroelectronics.X-CUBE-AZRTOS-WL.2.0.0
2023-12-23 09:18:28,564 [WARN] PackLoader:240 - Cannot read IP mode file for WES.I-CUBE-Cesium.1.3.0
2023-12-23 09:18:28,584 [WARN] PackLoader:240 - Cannot read IP mode file for STMicroelectronics.X-CUBE-BLE2.3.3.0
2023-12-23 09:18:28,608 [WARN] PackLoader:240 - Cannot read IP mode file for STMicroelectronics.X-CUBE-ALGOBUILD.1.3.0
2023-12-23 09:18:28,639 [WARN] PackLoader:240 - Cannot read IP mode file for STMicroelectronics.X-CUBE-AZRTOS-G0.1.1.0
2023-12-23 09:18:28,657 [WARN] PackLoader:240 - Cannot read IP mode file for STMicroelectronics.X-CUBE-NFC4.3.0.0
2023-12-23 09:18:28,697 [WARN] PackLoader:240 - Cannot read IP mode file for STMicroelectronics.X-CUBE-BLEMGR.3.0.0
2023-12-23 09:18:28,720 [WARN] PackLoader:240 - Cannot read IP mode file for STMicroelectronics.FP-ATR-SIGFOX1.3.2.0
2023-12-23 09:18:28,773 [WARN] PackLoader:240 - Cannot read IP mode file for SEGGER.I-CUBE-embOS.1.3.1
2023-12-23 09:18:28,881 [WARN] PackLoader:240 - Cannot read IP mode file for STMicroelectronics.X-CUBE-GNSS1.6.0.0
2023-12-23 09:18:28,919 [WARN] PackLoader:240 - Cannot read IP mode file for STMicroelectronics.X-CUBE-AZRTOS-F4.1.1.0
2023-12-23 09:18:28,929 [WARN] PackLoader:240 - Cannot read IP mode file for wolfSSL.I-CUBE-wolfSSL.5.6.3
2023-12-23 09:18:28,970 [WARN] PackLoader:240 - Cannot read IP mode file for STMicroelectronics.X-CUBE-AZRTOS-L5.2.0.0
2023-12-23 09:18:29,044 [WARN] PackLoader:240 - Cannot read IP mode file for STMicroelectronics.X-CUBE-MEMS1.9.6.0
2023-12-23 09:18:29,288 [WARN] PackLoader:240 - Cannot read IP mode file for STMicroelectronics.X-CUBE-EEPRMA1.4.2.0
2023-12-23 09:18:29,302 [WARN] PackLoader:240 - Cannot read IP mode file for ITTIA_DB.I-CUBE-ITTIADB.8.8.0
2023-12-23 09:18:29,317 [WARN] PackLoader:240 - Cannot read IP mode file for STMicroelectronics.X-CUBE-BLEMGR.2.0.0
2023-12-23 09:18:29,350 [WARN] ConditionMgr:438 - getConditionDescription Invalid condition id : UX DEVICE CLASS RTOS Condition cause : null
2023-12-23 09:18:29,351 [WARN] ConditionMgr:438 - getConditionDescription Invalid condition id : UX DEVICE CLASS RTOS Condition cause : null
2023-12-23 09:18:29,353 [WARN] PackLoader:240 - Cannot read IP mode file for STMicroelectronics.X-CUBE-AZRTOS-H7.3.1.0
2023-12-23 09:18:29,354 [WARN] ConditionMgr:1039 - genDependencies : Invalid condition id : UX DEVICE CLASS RTOS Condition cause : null
2023-12-23 09:18:29,355 [WARN] ConditionMgr:1039 - genDependencies : Invalid condition id : UX DEVICE CLASS RTOS Condition cause : null
2023-12-23 09:18:29,355 [WARN] ConditionMgr:1039 - genDependencies : Invalid condition id : UX DEVICE CLASS RTOS Condition cause : null
2023-12-23 09:18:29,356 [WARN] ConditionMgr:1039 - genDependencies : Invalid condition id : UX DEVICE CLASS RTOS Condition cause : null
2023-12-23 09:18:29,356 [WARN] ConditionMgr:1039 - genDependencies : Invalid condition id : UX DEVICE CLASS RTOS Condition cause : null
2023-12-23 09:18:29,363 [WARN] PackLoader:240 - Cannot read IP mode file for STMicroelectronics.X-CUBE-NFC7.1.0.1
2023-12-23 09:18:29,384 [WARN] PackLoader:240 - Cannot read IP mode file for STMicroelectronics.X-CUBE-NFC6.3.0.0
2023-12-23 09:18:29,399 [WARN] PackLoader:240 - Cannot read IP mode file for STMicroelectronics.X-CUBE-EEPRMA1.4.1.0
2023-12-23 09:18:29,418 [WARN] PackLoader:240 - Cannot read IP mode file for STMicroelectronics.X-CUBE-AI.8.1.0
2023-12-23 09:18:29,447 [WARN] ConditionMgr:438 - getConditionDescription Invalid condition id : LAN8742 Phy interface Condition cause : null
2023-12-23 09:18:29,448 [WARN] PackLoader:240 - Cannot read IP mode file for STMicroelectronics.X-CUBE-AZRTOS-L4.2.0.0
2023-12-23 09:18:29,449 [WARN] ConditionMgr:1039 - genDependencies : Invalid condition id : LAN8742 Phy interface Condition cause : null
2023-12-23 09:18:29,449 [WARN] ConditionMgr:1039 - genDependencies : Invalid condition id : LAN8742 Phy interface Condition cause : null
2023-12-23 09:18:29,450 [WARN] ConditionMgr:1039 - genDependencies : Invalid condition id : LAN8742 Phy interface Condition cause : null
2023-12-23 09:18:29,474 [WARN] PackLoader:240 - Cannot read IP mode file for STMicroelectronics.X-CUBE-SFXS2LP1.4.0.0
2023-12-23 09:18:29,486 [WARN] PackLoader:240 - Cannot read IP mode file for STMicroelectronics.X-CUBE-ISPU.1.1.0
2023-12-23 09:18:29,509 [WARN] ConditionMgr:438 - getConditionDescription Invalid condition id : UX DEVICE CLASS RTOS Condition cause : null
2023-12-23 09:18:29,510 [WARN] ConditionMgr:438 - getConditionDescription Invalid condition id : UX DEVICE CLASS RTOS Condition cause : null
2023-12-23 09:18:29,512 [WARN] PackLoader:240 - Cannot read IP mode file for STMicroelectronics.X-CUBE-AZRTOS-WB.2.0.0
2023-12-23 09:18:29,512 [WARN] ConditionMgr:1039 - genDependencies : Invalid condition id : UX DEVICE CLASS RTOS Condition cause : null
2023-12-23 09:18:29,513 [WARN] ConditionMgr:1039 - genDependencies : Invalid condition id : UX DEVICE CLASS RTOS Condition cause : null
2023-12-23 09:18:29,513 [WARN] ConditionMgr:1039 - genDependencies : Invalid condition id : UX DEVICE CLASS RTOS Condition cause : null
2023-12-23 09:18:29,513 [WARN] ConditionMgr:1039 - genDependencies : Invalid condition id : UX DEVICE CLASS RTOS Condition cause : null
2023-12-23 09:18:29,513 [WARN] ConditionMgr:1039 - genDependencies : Invalid condition id : UX DEVICE CLASS RTOS Condition cause : null
2023-12-23 09:18:29,524 [WARN] PackLoader:240 - Cannot read IP mode file for STMicroelectronics.X-CUBE-SUBG2.5.0.0
2023-12-23 09:18:29,539 [WARN] PackLoader:240 - Cannot read IP mode file for STMicroelectronics.X-CUBE-TOF1.3.3.1
2023-12-23 09:18:29,587 [WARN] PackLoader:240 - Cannot read IP mode file for STMicroelectronics.X-CUBE-AZRTOS-G4.2.0.0
2023-12-23 09:18:29,607 [WARN] PackLoader:240 - Cannot read IP mode file for Infineon.AIROC-Wi-Fi-Bluetooth-STM32.1.5.1
2023-12-23 09:18:29,622 [WARN] PackLoader:240 - Cannot read IP mode file for STMicroelectronics.FP-SNS-MOTENVWB1.1.3.0
2023-12-23 09:18:29,639 [WARN] PackLoader:240 - Cannot read IP mode file for STMicroelectronics.FP-SNS-MOTENVWB1.1.3.1
2023-12-23 09:18:29,689 [WARN] PackLoader:240 - Cannot read IP mode file for STMicroelectronics.X-CUBE-MEMS1.10.0.0
2023-12-23 09:18:29,800 [WARN] PackLoader:240 - Cannot read IP mode file for STMicroelectronics.X-CUBE-FREERTOS.1.1.0
2023-12-23 09:18:29,836 [WARN] PackLoader:240 - Cannot read IP mode file for portGmbH.I-Cube-SoM-uGOAL.1.1.0
2023-12-23 09:18:29,958 [WARN] PackLoader:240 - Cannot read IP mode file for STMicroelectronics.X-CUBE-ALS.1.0.1
2023-12-23 09:18:30,066 [WARN] PackLoader:240 - Cannot read IP mode file for STMicroelectronics.FP-ATR-ASTRA1.2.0.0
2023-12-23 09:18:30,109 [WARN] PackLoader:240 - Cannot read IP mode file for STMicroelectronics.X-CUBE-TOF1.3.4.0
2023-12-23 09:18:30,118 [INFO] ThirdParty:978 - Integrity check success = true
2023-12-23 09:18:30,119 [INFO] IntegrityCheckThread:100 - exiting critical section [integrity check]
2023-12-23 09:18:30,119 [INFO] IntegrityCheckThread:103 - End integrity checks thread
2023-12-23 09:18:46,775 [ERROR] LogOutputStream:75 - [STDERR_REDIRECT] SLF4J: Failed to load class "org.slf4j.impl.StaticLoggerBinder".
2023-12-23 09:18:46,777 [ERROR] LogOutputStream:75 - [STDERR_REDIRECT] SLF4J: Defaulting to no-operation (NOP) logger implementation
2023-12-23 09:18:46,778 [ERROR] LogOutputStream:75 - [STDERR_REDIRECT] SLF4J: See http://www.slf4j.org/codes.html#StaticLoggerBinder for further details.
