2023-12-20 11:39:24,601 [INFO] Activator:176 - 


2023-12-20 11:39:24,617 [INFO] Activator:177 - !SESSION log4j initialized
2023-12-20 11:39:52,449 [INFO] LogOutputStream:77 - [STDOUT_REDIRECT] 
2023-12-20 11:39:58,477 [INFO] ApplicationProperties:184 - Using Application install path: C:\ST\STM32CubeIDE_1.12.1\STM32CubeIDE\plugins\com.st.stm32cube.common.mx_6.9.2.202309101412
2023-12-20 11:39:58,527 [INFO] DbMcusXml:78 - Set database path to: C:\ST\STM32CubeIDE_1.12.1\STM32CubeIDE\plugins\com.st.stm32cube.common.mx_6.9.2.202309101412\\db\/mcu/
2023-12-20 11:39:58,528 [INFO] ApiDb:274 - Set plugin database path to: C:\ST\STM32CubeIDE_1.12.1\STM32CubeIDE\plugins\com.st.stm32cube.common.mx_6.9.2.202309101412\\db\/plugins/boardmanager/
2023-12-20 11:39:58,540 [WARN] ApiDb:259 - Overriding images path with different value:  => C:\ST\STM32CubeIDE_1.12.1\STM32CubeIDE\plugins\com.st.stm32cube.common.mx_6.9.2.202309101412\\db\/plugins/mcufinder/images/
2023-12-20 11:39:58,661 [INFO] ApiDb:250 - Set database path to: C:\Users\TAMRD\.stmcufinder\plugins\mcufinder//mcu/
2023-12-20 11:39:58,663 [INFO] DbMcusAds:125 - Set database path to: C:\Users\TAMRD\.stmcufinder\plugins\mcufinder//mcu/
2023-12-20 11:39:58,665 [INFO] CrossReferenceDbSqlite:203 - Set database path to: C:\Users\TAMRD\.stmcufinder\plugins\mcufinder//mcu/cs/
2023-12-20 11:39:58,869 [INFO] RulesReader:64 - Compatibility file has been processed (293 Rules)
2023-12-20 11:40:03,849 [INFO] DbMcusXml:78 - Set database path to: C:\ST\STM32CubeIDE_1.12.1\STM32CubeIDE\plugins\com.st.stm32cube.common.mx_6.9.2.202309101412\\db\/mcu/
2023-12-20 11:40:03,849 [INFO] ApiDb:274 - Set plugin database path to: C:\ST\STM32CubeIDE_1.12.1\STM32CubeIDE\plugins\com.st.stm32cube.common.mx_6.9.2.202309101412\\db\/plugins/boardmanager/
2023-12-20 11:40:03,850 [INFO] ApiDb:261 - Set plugin images path to: C:\ST\STM32CubeIDE_1.12.1\STM32CubeIDE\plugins\com.st.stm32cube.common.mx_6.9.2.202309101412\\db\/plugins/mcufinder/images/
2023-12-20 11:40:03,850 [WARN] DbFile:41 - Overriding database path with different value: C:\Users\TAMRD\.stmcufinder\plugins\mcufinder/ => C:\Users\TAMRD\.stmcufinder\plugins\mcufinder
2023-12-20 11:40:03,850 [INFO] ApiDb:250 - Set database path to: C:\Users\TAMRD\.stmcufinder\plugins\mcufinder//mcu/
2023-12-20 11:40:03,850 [WARN] DbFile:41 - Overriding database path with different value: C:\Users\TAMRD\.stmcufinder\plugins\mcufinder/ => C:\Users\TAMRD\.stmcufinder\plugins\mcufinder
2023-12-20 11:40:03,850 [INFO] DbMcusAds:125 - Set database path to: C:\Users\TAMRD\.stmcufinder\plugins\mcufinder//mcu/
2023-12-20 11:40:03,851 [WARN] DbFile:41 - Overriding database path with different value: C:\Users\TAMRD\.stmcufinder\plugins\mcufinder/ => C:\Users\TAMRD\.stmcufinder\plugins\mcufinder
2023-12-20 11:40:03,851 [WARN] DbFile:41 - Overriding database path with different value: C:\Users\TAMRD\.stmcufinder\plugins\mcufinder/ => C:\Users\TAMRD\.stmcufinder\plugins\mcufinder
2023-12-20 11:40:03,856 [INFO] CrossReferenceDbSqlite:203 - Set database path to: C:\Users\TAMRD\.stmcufinder\plugins\mcufinder//mcu/cs/
2023-12-20 11:40:05,237 [INFO] MainPanel:262 - HeapMemory: 268435456
2023-12-20 11:40:06,055 [INFO] DbMcusXml:78 - Set database path to: C:\ST\STM32CubeIDE_1.12.1\STM32CubeIDE\plugins\com.st.stm32cube.common.mx_6.9.2.202309101412\\db\/mcu/
2023-12-20 11:40:06,055 [INFO] ApiDb:274 - Set plugin database path to: C:\ST\STM32CubeIDE_1.12.1\STM32CubeIDE\plugins\com.st.stm32cube.common.mx_6.9.2.202309101412\\db\/plugins/boardmanager/
2023-12-20 11:40:06,055 [INFO] ApiDb:261 - Set plugin images path to: C:\ST\STM32CubeIDE_1.12.1\STM32CubeIDE\plugins\com.st.stm32cube.common.mx_6.9.2.202309101412\\db\/plugins/mcufinder/images/
2023-12-20 11:40:06,056 [WARN] DbFile:41 - Overriding database path with different value: C:\Users\TAMRD\.stmcufinder\plugins\mcufinder/ => C:\Users\TAMRD\.stmcufinder\plugins\mcufinder
2023-12-20 11:40:06,056 [INFO] ApiDb:250 - Set database path to: C:\Users\TAMRD\.stmcufinder\plugins\mcufinder//mcu/
2023-12-20 11:40:06,056 [WARN] DbFile:41 - Overriding database path with different value: C:\Users\TAMRD\.stmcufinder\plugins\mcufinder/ => C:\Users\TAMRD\.stmcufinder\plugins\mcufinder
2023-12-20 11:40:06,056 [INFO] DbMcusAds:125 - Set database path to: C:\Users\TAMRD\.stmcufinder\plugins\mcufinder//mcu/
2023-12-20 11:40:06,057 [WARN] DbFile:41 - Overriding database path with different value: C:\Users\TAMRD\.stmcufinder\plugins\mcufinder/ => C:\Users\TAMRD\.stmcufinder\plugins\mcufinder
2023-12-20 11:40:06,057 [WARN] DbFile:41 - Overriding database path with different value: C:\Users\TAMRD\.stmcufinder\plugins\mcufinder/ => C:\Users\TAMRD\.stmcufinder\plugins\mcufinder
2023-12-20 11:40:06,057 [INFO] CrossReferenceDbSqlite:203 - Set database path to: C:\Users\TAMRD\.stmcufinder\plugins\mcufinder//mcu/cs/
2023-12-20 11:40:06,169 [INFO] ApplicationProperties:184 - Using Application install path: C:\ST\STM32CubeIDE_1.12.1\STM32CubeIDE\plugins\com.st.stm32cube.common.mx_6.9.2.202309101412
2023-12-20 11:40:06,188 [INFO] PluginManage:196 - Search for loadable plugins [exclusion list=, ]
2023-12-20 11:40:06,236 [INFO] PluginManage:310 - Check plugin analytics
2023-12-20 11:40:07,795 [INFO] AnalyticsPlugin:253 - Accepted Software Licenses: 
2023-12-20 11:40:07,796 [INFO] AnalyticsPlugin:255 - Accepted CMSIS Pack Licenses: 
2023-12-20 11:40:07,796 [INFO] AnalyticsPlugin:257 - Accepted Firmware Licenses: 
2023-12-20 11:40:07,801 [INFO] PluginManage:359 - Loaded plugin analytics (category:tool,tabindex:-1)
2023-12-20 11:40:07,814 [INFO] PluginManage:310 - Check plugin cadmodel
2023-12-20 11:40:07,979 [INFO] CADModel:105 - Init CAD model plugin
2023-12-20 11:40:07,979 [INFO] PluginManage:359 - Loaded plugin cadmodel (category:power,tabindex:5)
2023-12-20 11:40:07,980 [INFO] PluginManage:310 - Check plugin clock
2023-12-20 11:40:08,071 [INFO] PluginManage:359 - Loaded plugin clock (category:base,tabindex:2)
2023-12-20 11:40:08,071 [INFO] PluginManage:310 - Check plugin ddr
2023-12-20 11:40:08,111 [INFO] PluginManage:359 - Loaded plugin ddr (category:tool,tabindex:6)
2023-12-20 11:40:08,112 [INFO] PluginManage:310 - Check plugin filemanager
2023-12-20 11:40:08,747 [INFO] PluginManage:359 - Loaded plugin filemanager (category:base,tabindex:10)
2023-12-20 11:40:08,748 [INFO] PluginManage:310 - Check plugin ipmanager
2023-12-20 11:40:08,813 [INFO] PluginManage:359 - Loaded plugin ipmanager (category:base,tabindex:5)
2023-12-20 11:40:08,814 [INFO] PluginManage:310 - Check plugin lpbam
2023-12-20 11:40:08,883 [INFO] PluginManage:359 - Loaded plugin lpbam (category:base,tabindex:0)
2023-12-20 11:40:08,884 [INFO] PluginManage:310 - Check plugin memorymap
2023-12-20 11:40:08,999 [INFO] PluginManage:359 - Loaded plugin memorymap (category:base,tabindex:4)
2023-12-20 11:40:08,999 [INFO] PluginManage:310 - Check plugin pinoutandconfiguration
2023-12-20 11:40:09,064 [INFO] PluginManage:359 - Loaded plugin pinoutandconfiguration (category:base,tabindex:1)
2023-12-20 11:40:09,065 [INFO] PluginManage:310 - Check plugin pinoutconfig
2023-12-20 11:40:09,510 [WARN] SupportedApi:132 - Cannot load RTOS API schema: s4s-elt-must-match.1: The content of 'definitions' must match (annotation?, (simpleType | complexType)?, (unique | key | keyref)*)). A problem was found starting at: attribute.
2023-12-20 11:40:09,913 [INFO] PluginManage:359 - Loaded plugin pinoutconfig (category:base,tabindex:0)
2023-12-20 11:40:09,913 [INFO] PluginManage:310 - Check plugin power
2023-12-20 11:40:10,035 [INFO] PluginManage:359 - Loaded plugin power (category:power,tabindex:4)
2023-12-20 11:40:10,035 [INFO] PluginManage:310 - Check plugin projectmanager
2023-12-20 11:40:10,305 [INFO] PluginManage:359 - Loaded plugin projectmanager (category:projectmanager,tabindex:3)
2023-12-20 11:40:10,305 [INFO] PluginManage:310 - Check plugin thirdparty
2023-12-20 11:40:11,119 [INFO] PluginManage:359 - Loaded plugin thirdparty (category:base,tabindex:-1)
2023-12-20 11:40:11,119 [INFO] PluginManage:310 - Check plugin tools
2023-12-20 11:40:11,119 [WARN] IntegrityCheckThread:84 - waiting for thirdparty lock release [integrity check]
2023-12-20 11:40:11,120 [INFO] IntegrityCheckThread:86 - entering critical section [integrity check]
2023-12-20 11:40:11,121 [INFO] ThirdPartyUpdaterWithRetryManager:70 - Updater plugin not ready yet. [1/15]
2023-12-20 11:40:11,241 [INFO] PluginManage:359 - Loaded plugin tools (category:base,tabindex:7)
2023-12-20 11:40:11,241 [INFO] PluginManage:310 - Check plugin tutovideos
2023-12-20 11:40:11,676 [INFO] PluginManage:359 - Loaded plugin tutovideos (category:base,tabindex:-1)
2023-12-20 11:40:11,676 [INFO] PluginManage:310 - Check plugin updater
2023-12-20 11:40:11,708 [INFO] PluginManage:359 - Loaded plugin updater (category:base,tabindex:12)
2023-12-20 11:40:11,708 [INFO] PluginManage:310 - Check plugin userauth
2023-12-20 11:40:11,741 [INFO] UserAuth:113 - Init User Auth plugin
2023-12-20 11:40:11,741 [INFO] PluginManage:359 - Loaded plugin userauth (category:base,tabindex:14)
2023-12-20 11:40:11,742 [INFO] PluginManage:283 - PluginManage : Loaded plugins [17]
2023-12-20 11:40:12,555 [INFO] PinOutPanel:1499 - setPackage(No Configuration,No Configuration)
2023-12-20 11:40:12,941 [INFO] CADModel:165 - CPN selected for project level
2023-12-20 11:40:12,941 [INFO] CADModel:114 - Register for checkConnection events
2023-12-20 11:40:13,017 [INFO] IPUIPlugin:80 - create IPUIPlugin
2023-12-20 11:40:13,017 [INFO] PluginManager:220 - loadIPPluginJar : add adc
2023-12-20 11:40:13,164 [INFO] IPUIPlugin:80 - create IPUIPlugin
2023-12-20 11:40:13,164 [INFO] PluginManager:220 - loadIPPluginJar : add aes
2023-12-20 11:40:13,227 [INFO] IPUIPlugin:80 - create IPUIPlugin
2023-12-20 11:40:13,227 [INFO] PluginManager:220 - loadIPPluginJar : add can
2023-12-20 11:40:13,305 [INFO] IPUIPlugin:80 - create IPUIPlugin
2023-12-20 11:40:13,306 [INFO] PluginManager:220 - loadIPPluginJar : add comp
2023-12-20 11:40:13,402 [INFO] IPUIPlugin:80 - create IPUIPlugin
2023-12-20 11:40:13,402 [INFO] PluginManager:220 - loadIPPluginJar : add cryp
2023-12-20 11:40:13,461 [INFO] IPUIPlugin:80 - create IPUIPlugin
2023-12-20 11:40:13,461 [INFO] PluginManager:220 - loadIPPluginJar : add dfsdm
2023-12-20 11:40:13,481 [INFO] IPUIPlugin:80 - create IPUIPlugin
2023-12-20 11:40:13,482 [INFO] PluginManager:220 - loadIPPluginJar : add dma
2023-12-20 11:40:13,583 [INFO] IPUIPlugin:80 - create IPUIPlugin
2023-12-20 11:40:13,584 [INFO] PluginManager:220 - loadIPPluginJar : add dma3
2023-12-20 11:40:13,632 [INFO] IPUIPlugin:80 - create IPUIPlugin
2023-12-20 11:40:13,632 [INFO] PluginManager:220 - loadIPPluginJar : add fatfs
2023-12-20 11:40:13,702 [INFO] IPUIPlugin:80 - create IPUIPlugin
2023-12-20 11:40:13,702 [INFO] PluginManager:220 - loadIPPluginJar : add fmc
2023-12-20 11:40:13,760 [INFO] IPUIPlugin:80 - create IPUIPlugin
2023-12-20 11:40:13,760 [INFO] PluginManager:220 - loadIPPluginJar : add freertos
2023-12-20 11:40:13,820 [INFO] IPUIPlugin:80 - create IPUIPlugin
2023-12-20 11:40:13,820 [INFO] PluginManager:220 - loadIPPluginJar : add genericplugin
2023-12-20 11:40:13,973 [INFO] IPUIPlugin:80 - create IPUIPlugin
2023-12-20 11:40:13,973 [INFO] PluginManager:220 - loadIPPluginJar : add gfxmmu
2023-12-20 11:40:14,121 [INFO] ThirdPartyUpdaterWithRetryManager:70 - Updater plugin not ready yet. [2/15]
2023-12-20 11:40:14,192 [INFO] IPUIPlugin:80 - create IPUIPlugin
2023-12-20 11:40:14,192 [INFO] PluginManager:220 - loadIPPluginJar : add gic
2023-12-20 11:40:14,225 [INFO] IPUIPlugin:80 - create IPUIPlugin
2023-12-20 11:40:14,225 [INFO] PluginManager:220 - loadIPPluginJar : add gpio
2023-12-20 11:40:14,378 [INFO] IPUIPlugin:80 - create IPUIPlugin
2023-12-20 11:40:14,378 [INFO] PluginManager:220 - loadIPPluginJar : add gtzc
2023-12-20 11:40:14,425 [INFO] IPUIPlugin:80 - create IPUIPlugin
2023-12-20 11:40:14,425 [INFO] PluginManager:220 - loadIPPluginJar : add hash
2023-12-20 11:40:14,516 [INFO] IPUIPlugin:80 - create IPUIPlugin
2023-12-20 11:40:14,517 [INFO] PluginManager:220 - loadIPPluginJar : add i2c
2023-12-20 11:40:15,117 [INFO] IPUIPlugin:80 - create IPUIPlugin
2023-12-20 11:40:15,118 [INFO] PluginManager:220 - loadIPPluginJar : add i2s
2023-12-20 11:40:15,439 [INFO] IPUIPlugin:80 - create IPUIPlugin
2023-12-20 11:40:15,440 [INFO] PluginManager:220 - loadIPPluginJar : add i3c
2023-12-20 11:40:16,130 [INFO] IPUIPlugin:80 - create IPUIPlugin
2023-12-20 11:40:16,130 [INFO] PluginManager:220 - loadIPPluginJar : add ipddr
2023-12-20 11:40:16,594 [INFO] IPUIPlugin:80 - create IPUIPlugin
2023-12-20 11:40:16,594 [INFO] PluginManager:220 - loadIPPluginJar : add linkedlist
2023-12-20 11:40:16,659 [INFO] IPUIPlugin:80 - create IPUIPlugin
2023-12-20 11:40:16,660 [INFO] PluginManager:220 - loadIPPluginJar : add lorawan
2023-12-20 11:40:16,835 [INFO] IPUIPlugin:80 - create IPUIPlugin
2023-12-20 11:40:16,835 [INFO] PluginManager:220 - loadIPPluginJar : add ltdc
2023-12-20 11:40:16,953 [INFO] IPUIPlugin:80 - create IPUIPlugin
2023-12-20 11:40:16,955 [INFO] PluginManager:220 - loadIPPluginJar : add mdma
2023-12-20 11:40:17,100 [INFO] IPUIPlugin:80 - create IPUIPlugin
2023-12-20 11:40:17,101 [INFO] PluginManager:220 - loadIPPluginJar : add nvic
2023-12-20 11:40:17,127 [INFO] ThirdPartyUpdaterWithRetryManager:70 - Updater plugin not ready yet. [3/15]
2023-12-20 11:40:17,240 [INFO] IPUIPlugin:80 - create IPUIPlugin
2023-12-20 11:40:17,240 [INFO] PluginManager:220 - loadIPPluginJar : add opamp
2023-12-20 11:40:17,374 [INFO] IPUIPlugin:80 - create IPUIPlugin
2023-12-20 11:40:17,374 [INFO] PluginManager:220 - loadIPPluginJar : add openamp
2023-12-20 11:40:17,476 [INFO] IPUIPlugin:80 - create IPUIPlugin
2023-12-20 11:40:17,476 [INFO] PluginManager:220 - loadIPPluginJar : add pdm2pcm
2023-12-20 11:40:17,541 [INFO] IPUIPlugin:80 - create IPUIPlugin
2023-12-20 11:40:17,544 [INFO] PluginManager:220 - loadIPPluginJar : add plateformsettings
2023-12-20 11:40:17,604 [INFO] IPUIPlugin:80 - create IPUIPlugin
2023-12-20 11:40:17,604 [INFO] PluginManager:220 - loadIPPluginJar : add quadspi
2023-12-20 11:40:17,632 [INFO] IPUIPlugin:80 - create IPUIPlugin
2023-12-20 11:40:17,632 [INFO] PluginManager:220 - loadIPPluginJar : add resmgrutility
2023-12-20 11:40:17,713 [INFO] IPUIPlugin:80 - create IPUIPlugin
2023-12-20 11:40:17,713 [INFO] PluginManager:220 - loadIPPluginJar : add sai
2023-12-20 11:40:17,777 [INFO] IPUIPlugin:80 - create IPUIPlugin
2023-12-20 11:40:17,778 [INFO] PluginManager:220 - loadIPPluginJar : add spi
2023-12-20 11:40:17,870 [INFO] IPUIPlugin:80 - create IPUIPlugin
2023-12-20 11:40:17,870 [INFO] PluginManager:220 - loadIPPluginJar : add stm32_wpan
2023-12-20 11:40:17,932 [INFO] IPUIPlugin:80 - create IPUIPlugin
2023-12-20 11:40:17,932 [INFO] PluginManager:220 - loadIPPluginJar : add tim
2023-12-20 11:40:18,020 [INFO] IPUIPlugin:80 - create IPUIPlugin
2023-12-20 11:40:18,020 [INFO] PluginManager:220 - loadIPPluginJar : add touchsensing
2023-12-20 11:40:18,060 [INFO] IPUIPlugin:80 - create IPUIPlugin
2023-12-20 11:40:18,061 [INFO] PluginManager:220 - loadIPPluginJar : add tracer_emb
2023-12-20 11:40:18,104 [INFO] IPUIPlugin:80 - create IPUIPlugin
2023-12-20 11:40:18,104 [INFO] PluginManager:220 - loadIPPluginJar : add ts
2023-12-20 11:40:18,361 [INFO] IPUIPlugin:80 - create IPUIPlugin
2023-12-20 11:40:18,361 [INFO] PluginManager:220 - loadIPPluginJar : add tsc
2023-12-20 11:40:18,419 [INFO] IPUIPlugin:80 - create IPUIPlugin
2023-12-20 11:40:18,419 [INFO] PluginManager:220 - loadIPPluginJar : add ucpd
2023-12-20 11:40:18,526 [INFO] IPUIPlugin:80 - create IPUIPlugin
2023-12-20 11:40:18,526 [INFO] PluginManager:220 - loadIPPluginJar : add usart
2023-12-20 11:40:18,645 [INFO] IPUIPlugin:80 - create IPUIPlugin
2023-12-20 11:40:18,645 [INFO] PluginManager:220 - loadIPPluginJar : add usbx
2023-12-20 11:40:18,992 [INFO] CADModel:165 - CPN selected for project level
2023-12-20 11:40:18,992 [INFO] CADModel:114 - Register for checkConnection events
2023-12-20 11:40:18,993 [FATAL] Updater:308 - Updater called before beeing initialized
2023-12-20 11:40:18,993 [ERROR] CADModel:125 - Updater not yet initialized, retry later 
2023-12-20 11:40:20,129 [INFO] ThirdPartyUpdaterWithRetryManager:70 - Updater plugin not ready yet. [4/15]
2023-12-20 11:40:20,305 [INFO] CADModel:165 - CPN selected for project level
2023-12-20 11:40:20,305 [INFO] CADModel:114 - Register for checkConnection events
2023-12-20 11:40:20,305 [FATAL] Updater:308 - Updater called before beeing initialized
2023-12-20 11:40:20,305 [ERROR] CADModel:125 - Updater not yet initialized, retry later 
2023-12-20 11:40:20,317 [FATAL] Updater:308 - Updater called before beeing initialized
2023-12-20 11:40:20,994 [FATAL] Updater:308 - Updater called before beeing initialized
2023-12-20 11:40:21,104 [INFO] DbMcusAds:53 - JSON generation date=Wed Nov 29 17:52:27 ICT 2023 (1701255147349)
2023-12-20 11:40:21,104 [FATAL] Updater:308 - Updater called before beeing initialized
2023-12-20 11:40:21,238 [WARN] DetailPanel:346 - Failed to get advertising image, set to default
2023-12-20 11:40:21,391 [FATAL] Updater:308 - Updater called before beeing initialized
2023-12-20 11:40:21,401 [FATAL] Updater:308 - Updater called before beeing initialized
2023-12-20 11:40:21,402 [FATAL] Updater:308 - Updater called before beeing initialized
2023-12-20 11:40:21,402 [WARN] DetailPanel:346 - Failed to get advertising image, set to default
2023-12-20 11:40:21,403 [FATAL] Updater:308 - Updater called before beeing initialized
2023-12-20 11:40:21,535 [ERROR] Updater:1120 - MainUpdater not yet initialized. External WinMGr cannot be set.
2023-12-20 11:40:21,601 [INFO] Updater:1056 - Updater Version found : 6.9.2
2023-12-20 11:40:21,705 [INFO] ApplicationProperties:184 - Using Application install path: C:\ST\STM32CubeIDE_1.12.1\STM32CubeIDE\plugins\com.st.stm32cube.common.mx_6.9.2.202309101412
2023-12-20 11:40:22,901 [INFO] MainUpdater:2868 - connection check result : 10
2023-12-20 11:40:22,902 [INFO] MainUpdater:285 - Updater Check For Update Now.
2023-12-20 11:40:22,902 [INFO] MicroXplorer:498 - Change Database Version : DB.6.0.92
2023-12-20 11:40:22,977 [INFO] McuFinderGlobals:63 - Set McuFinder mode to 2 (CubeIDE integrated)
2023-12-20 11:40:23,132 [WARN] MainUpdater:1189 - Updater busy. Cannot search thirdparties
2023-12-20 11:40:23,132 [INFO] ThirdPartyUpdaterWithRetryManager:96 - Updater plugin is busy. [1/15]
2023-12-20 11:40:23,298 [INFO] CheckServerUpdateThread:120 - End of CheckServer Thread
2023-12-20 11:40:27,525 [WARN] PackLoader:240 - Cannot read IP mode file for STMicroelectronics.X-CUBE-SMBUS.2.1.0
2023-12-20 11:40:27,596 [WARN] PackLoader:240 - Cannot read IP mode file for STMicroelectronics.X-CUBE-TOUCHGFX.4.23.0
2023-12-20 11:40:27,804 [WARN] PackLoader:240 - Cannot read IP mode file for STMicroelectronics.X-CUBE-AZRTOS-F7.1.1.0
2023-12-20 11:40:27,851 [WARN] PackLoader:240 - Cannot read IP mode file for STMicroelectronics.FP-SNS-MOTENV1.4.3.2
2023-12-20 11:40:27,889 [WARN] PackLoader:240 - Cannot read IP mode file for STMicroelectronics.FP-SNS-FLIGHT1.5.0.2
2023-12-20 11:40:27,936 [WARN] PackLoader:240 - Cannot read IP mode file for STMicroelectronics.X-CUBE-DISPLAY.3.0.0
2023-12-20 11:40:27,971 [WARN] PackLoader:240 - Cannot read IP mode file for STMicroelectronics.X-CUBE-BLE1.7.0.0
2023-12-20 11:40:28,018 [WARN] PackLoader:240 - Cannot read IP mode file for emotas.I-CUBE-CANOPEN.1.3.0
2023-12-20 11:40:28,056 [WARN] PackLoader:240 - Cannot read IP mode file for STMicroelectronics.X-CUBE-TOUCHGFX.4.22.0
2023-12-20 11:40:28,093 [WARN] PackLoader:240 - Cannot read IP mode file for STMicroelectronics.X-CUBE-TOUCHGFX.4.22.1
2023-12-20 11:40:28,120 [WARN] PackLoader:240 - Cannot read IP mode file for STMicroelectronics.FP-SNS-SMARTAG2.1.2.0
2023-12-20 11:40:28,212 [INFO] LogOutputStream:77 - [STDOUT_REDIRECT] 1 : Invalid condition id : UX_CORESTACK_Condition cause : null
2023-12-20 11:40:28,213 [INFO] LogOutputStream:77 - [STDOUT_REDIRECT] 1 : Invalid condition id : UX_CORESTACK_Condition cause : null
2023-12-20 11:40:28,214 [INFO] LogOutputStream:77 - [STDOUT_REDIRECT] 1 : Invalid condition id : UX_CORESTACK_Condition cause : null
2023-12-20 11:40:28,224 [INFO] LogOutputStream:77 - [STDOUT_REDIRECT] 1 : Invalid condition id : UX_CORESTACK_Condition cause : null
2023-12-20 11:40:28,225 [INFO] LogOutputStream:77 - [STDOUT_REDIRECT] 1 : Invalid condition id : UX_CORESTACK_Condition cause : null
2023-12-20 11:40:28,233 [WARN] PackLoader:240 - Cannot read IP mode file for STMicroelectronics.X-CUBE-AZRTOS-WL.2.0.0
2023-12-20 11:40:28,440 [WARN] PackLoader:240 - Cannot read IP mode file for WES.I-CUBE-Cesium.1.3.0
2023-12-20 11:40:28,512 [WARN] PackLoader:240 - Cannot read IP mode file for STMicroelectronics.X-CUBE-BLE2.3.3.0
2023-12-20 11:40:28,547 [WARN] PackLoader:240 - Cannot read IP mode file for STMicroelectronics.X-CUBE-ALGOBUILD.1.3.0
2023-12-20 11:40:28,668 [WARN] PackLoader:240 - Cannot read IP mode file for STMicroelectronics.X-CUBE-AZRTOS-G0.1.1.0
2023-12-20 11:40:28,713 [WARN] PackLoader:240 - Cannot read IP mode file for STMicroelectronics.X-CUBE-NFC4.3.0.0
2023-12-20 11:40:28,752 [WARN] PackLoader:240 - Cannot read IP mode file for STMicroelectronics.X-CUBE-BLEMGR.3.0.0
2023-12-20 11:40:28,821 [WARN] PackLoader:240 - Cannot read IP mode file for STMicroelectronics.FP-ATR-SIGFOX1.3.2.0
2023-12-20 11:40:28,902 [WARN] PackLoader:240 - Cannot read IP mode file for SEGGER.I-CUBE-embOS.1.3.1
2023-12-20 11:40:29,044 [WARN] PackLoader:240 - Cannot read IP mode file for STMicroelectronics.X-CUBE-GNSS1.6.0.0
2023-12-20 11:40:29,113 [WARN] PackLoader:240 - Cannot read IP mode file for STMicroelectronics.X-CUBE-AZRTOS-F4.1.1.0
2023-12-20 11:40:29,152 [WARN] PackLoader:240 - Cannot read IP mode file for wolfSSL.I-CUBE-wolfSSL.5.6.3
2023-12-20 11:40:29,386 [WARN] PackLoader:240 - Cannot read IP mode file for STMicroelectronics.X-CUBE-AZRTOS-L5.2.0.0
2023-12-20 11:40:29,540 [WARN] PackLoader:240 - Cannot read IP mode file for STMicroelectronics.X-CUBE-MEMS1.9.6.0
2023-12-20 11:40:29,777 [WARN] PackLoader:240 - Cannot read IP mode file for STMicroelectronics.X-CUBE-EEPRMA1.4.2.0
2023-12-20 11:40:29,807 [WARN] PackLoader:240 - Cannot read IP mode file for ITTIA_DB.I-CUBE-ITTIADB.8.8.0
2023-12-20 11:40:29,891 [WARN] PackLoader:240 - Cannot read IP mode file for STMicroelectronics.X-CUBE-BLEMGR.2.0.0
2023-12-20 11:40:30,027 [WARN] ConditionMgr:438 - getConditionDescription Invalid condition id : UX DEVICE CLASS RTOS Condition cause : null
2023-12-20 11:40:30,027 [WARN] ConditionMgr:438 - getConditionDescription Invalid condition id : UX DEVICE CLASS RTOS Condition cause : null
2023-12-20 11:40:30,030 [WARN] PackLoader:240 - Cannot read IP mode file for STMicroelectronics.X-CUBE-AZRTOS-H7.3.1.0
2023-12-20 11:40:30,031 [WARN] ConditionMgr:1039 - genDependencies : Invalid condition id : UX DEVICE CLASS RTOS Condition cause : null
2023-12-20 11:40:30,031 [WARN] ConditionMgr:1039 - genDependencies : Invalid condition id : UX DEVICE CLASS RTOS Condition cause : null
2023-12-20 11:40:30,031 [WARN] ConditionMgr:1039 - genDependencies : Invalid condition id : UX DEVICE CLASS RTOS Condition cause : null
2023-12-20 11:40:30,032 [WARN] ConditionMgr:1039 - genDependencies : Invalid condition id : UX DEVICE CLASS RTOS Condition cause : null
2023-12-20 11:40:30,032 [WARN] ConditionMgr:1039 - genDependencies : Invalid condition id : UX DEVICE CLASS RTOS Condition cause : null
2023-12-20 11:40:30,071 [WARN] PackLoader:240 - Cannot read IP mode file for STMicroelectronics.X-CUBE-NFC7.1.0.1
2023-12-20 11:40:30,136 [WARN] PackLoader:240 - Cannot read IP mode file for STMicroelectronics.X-CUBE-NFC6.3.0.0
2023-12-20 11:40:30,174 [WARN] PackLoader:240 - Cannot read IP mode file for STMicroelectronics.X-CUBE-EEPRMA1.4.1.0
2023-12-20 11:40:30,236 [WARN] PackLoader:240 - Cannot read IP mode file for STMicroelectronics.X-CUBE-AI.8.1.0
2023-12-20 11:40:30,333 [WARN] ConditionMgr:438 - getConditionDescription Invalid condition id : LAN8742 Phy interface Condition cause : null
2023-12-20 11:40:30,334 [WARN] PackLoader:240 - Cannot read IP mode file for STMicroelectronics.X-CUBE-AZRTOS-L4.2.0.0
2023-12-20 11:40:30,336 [WARN] ConditionMgr:1039 - genDependencies : Invalid condition id : LAN8742 Phy interface Condition cause : null
2023-12-20 11:40:30,336 [WARN] ConditionMgr:1039 - genDependencies : Invalid condition id : LAN8742 Phy interface Condition cause : null
2023-12-20 11:40:30,337 [WARN] ConditionMgr:1039 - genDependencies : Invalid condition id : LAN8742 Phy interface Condition cause : null
2023-12-20 11:40:30,374 [WARN] PackLoader:240 - Cannot read IP mode file for STMicroelectronics.X-CUBE-SFXS2LP1.4.0.0
2023-12-20 11:40:30,414 [WARN] PackLoader:240 - Cannot read IP mode file for STMicroelectronics.X-CUBE-ISPU.1.1.0
2023-12-20 11:40:30,544 [WARN] ConditionMgr:438 - getConditionDescription Invalid condition id : UX DEVICE CLASS RTOS Condition cause : null
2023-12-20 11:40:30,544 [WARN] ConditionMgr:438 - getConditionDescription Invalid condition id : UX DEVICE CLASS RTOS Condition cause : null
2023-12-20 11:40:30,625 [WARN] PackLoader:240 - Cannot read IP mode file for STMicroelectronics.X-CUBE-AZRTOS-WB.2.0.0
2023-12-20 11:40:30,625 [WARN] ConditionMgr:1039 - genDependencies : Invalid condition id : UX DEVICE CLASS RTOS Condition cause : null
2023-12-20 11:40:30,625 [WARN] ConditionMgr:1039 - genDependencies : Invalid condition id : UX DEVICE CLASS RTOS Condition cause : null
2023-12-20 11:40:30,626 [WARN] ConditionMgr:1039 - genDependencies : Invalid condition id : UX DEVICE CLASS RTOS Condition cause : null
2023-12-20 11:40:30,626 [WARN] ConditionMgr:1039 - genDependencies : Invalid condition id : UX DEVICE CLASS RTOS Condition cause : null
2023-12-20 11:40:30,626 [WARN] ConditionMgr:1039 - genDependencies : Invalid condition id : UX DEVICE CLASS RTOS Condition cause : null
2023-12-20 11:40:30,892 [WARN] PackLoader:240 - Cannot read IP mode file for STMicroelectronics.X-CUBE-SUBG2.5.0.0
2023-12-20 11:40:31,011 [WARN] PackLoader:240 - Cannot read IP mode file for STMicroelectronics.X-CUBE-TOF1.3.3.1
2023-12-20 11:40:31,104 [WARN] PackLoader:240 - Cannot read IP mode file for STMicroelectronics.X-CUBE-AZRTOS-G4.2.0.0
2023-12-20 11:40:31,213 [WARN] PackLoader:240 - Cannot read IP mode file for Infineon.AIROC-Wi-Fi-Bluetooth-STM32.1.5.1
2023-12-20 11:40:31,236 [WARN] PackLoader:240 - Cannot read IP mode file for STMicroelectronics.FP-SNS-MOTENVWB1.1.3.0
2023-12-20 11:40:31,266 [WARN] PackLoader:240 - Cannot read IP mode file for STMicroelectronics.FP-SNS-MOTENVWB1.1.3.1
2023-12-20 11:40:31,337 [WARN] PackLoader:240 - Cannot read IP mode file for STMicroelectronics.X-CUBE-MEMS1.10.0.0
2023-12-20 11:40:31,603 [WARN] PackLoader:240 - Cannot read IP mode file for STMicroelectronics.X-CUBE-FREERTOS.1.1.0
2023-12-20 11:40:32,127 [WARN] PackLoader:240 - Cannot read IP mode file for portGmbH.I-Cube-SoM-uGOAL.1.1.0
2023-12-20 11:40:32,182 [WARN] PackLoader:240 - Cannot read IP mode file for STMicroelectronics.X-CUBE-ALS.1.0.1
2023-12-20 11:40:32,210 [WARN] PackLoader:240 - Cannot read IP mode file for STMicroelectronics.FP-ATR-ASTRA1.2.0.0
2023-12-20 11:40:32,271 [WARN] PackLoader:240 - Cannot read IP mode file for STMicroelectronics.X-CUBE-TOF1.3.4.0
2023-12-20 11:40:32,279 [INFO] ThirdParty:978 - Integrity check success = true
2023-12-20 11:40:32,279 [INFO] IntegrityCheckThread:100 - exiting critical section [integrity check]
2023-12-20 11:40:32,279 [INFO] IntegrityCheckThread:103 - End integrity checks thread
2023-12-20 11:40:48,624 [ERROR] LogOutputStream:75 - [STDERR_REDIRECT] SLF4J: Failed to load class "org.slf4j.impl.StaticLoggerBinder".
2023-12-20 11:40:48,624 [ERROR] LogOutputStream:75 - [STDERR_REDIRECT] SLF4J: Defaulting to no-operation (NOP) logger implementation
2023-12-20 11:40:48,626 [ERROR] LogOutputStream:75 - [STDERR_REDIRECT] SLF4J: See http://www.slf4j.org/codes.html#StaticLoggerBinder for further details.
2023-12-20 16:34:27,036 [INFO] McuFinderGlobals:63 - Set McuFinder mode to 2 (CubeIDE integrated)
2023-12-20 16:34:27,240 [INFO] MainUpdater:2868 - connection check result : 10
2023-12-20 16:34:27,374 [INFO] McuFinderGlobals:76 - Set McuFinderConnectedMode to true
2023-12-20 16:34:28,428 [INFO] ServerAccessManage:473 - Download File mcusAds.json._tmp_
2023-12-20 16:34:28,587 [INFO] LoadUrlFilesThread:156 - End of LoadUrlFiles Thread
2023-12-20 16:34:28,972 [INFO] ServerAccessManage:473 - Download File cube-finder-db.zip
2023-12-20 16:34:33,878 [INFO] FileExtend:240 - Unzip File : cube-finder-db.zip
2023-12-20 16:34:33,879 [INFO] FileExtend:255 - Standard Zip Deflate
2023-12-20 16:34:39,971 [INFO] LoadUrlFilesThread:156 - End of LoadUrlFiles Thread
2023-12-20 16:34:41,788 [INFO] ServerAccessManage:473 - Download File crdb.zip
2023-12-20 16:34:43,485 [INFO] FileExtend:240 - Unzip File : crdb.zip
2023-12-20 16:34:43,485 [INFO] FileExtend:255 - Standard Zip Deflate
2023-12-20 16:34:43,707 [INFO] LoadUrlFilesThread:156 - End of LoadUrlFiles Thread
2023-12-20 16:34:43,817 [INFO] ServerAccessManage:473 - Download File tutoVideoDB.zip
2023-12-20 16:34:43,902 [INFO] FileExtend:240 - Unzip File : tutoVideoDB.zip
2023-12-20 16:34:43,903 [INFO] FileExtend:255 - Standard Zip Deflate
2023-12-20 16:34:44,046 [INFO] LoadUrlFilesThread:156 - End of LoadUrlFiles Thread
2023-12-20 16:34:44,277 [WARN] DbFile:41 - Overriding database path with different value: C:\Users\TAMRD\.stmcufinder\plugins\mcufinder/ => C:\Users\TAMRD\.stmcufinder\plugins\mcufinder
2023-12-20 16:34:44,328 [INFO] ServerAccessManage:473 - Download File api_config.json
2023-12-20 16:34:44,434 [INFO] LoadUrlFilesThread:156 - End of LoadUrlFiles Thread
2023-12-20 16:34:44,450 [INFO] DbMcusAds:53 - JSON generation date=Wed Nov 29 17:52:27 ICT 2023 (1701255147349)
2023-12-20 16:34:44,753 [INFO] LoadUrlFilesThread:185 - End of LoadServerUrlFiles without Thread
2023-12-20 16:34:44,753 [INFO] TargetSelectorAdapter:259 - Refresh data is successful
2023-12-20 16:34:46,764 [INFO] ApiDb:581 - Connected to CubeFinder SQLite database (C:\Users\TAMRD\.stmcufinder\plugins\mcufinder\mcu\cube-finder-db.db)
2023-12-20 16:34:46,853 [INFO] ApiDb:668 - CubeFinder database Data Model version=2.1
2023-12-20 16:34:46,853 [INFO] ApiDb:669 - CubeFinder database Configuration version=3.0.39
2023-12-20 16:34:46,855 [INFO] ApiDb:670 - CubeFinder database generation date=2023-11-06 (1699269565)
2023-12-20 16:34:46,855 [INFO] ApiDb:671 - CubeFinder database FW Pack versions=[FP-ATR-ASTRA1_V2.0.0, FP-SNS-FLIGHT1_V5.0.1, FP-SNS-FLIGHT1_V5.0.2, FP-SNS-MOTENV1_V4.3.1, FP-SNS-MOTENV1_V4.3.2, FP-SNS-MOTENVWB1_V1.3.0, FP-SNS-SMARTAG2_V1.2.0, STM32Cube_FW_C0_V1.1.0, STM32Cube_FW_F4_V1.28.0, STM32Cube_FW_F7_V1.17.0, STM32Cube_FW_G0_V1.6.1, STM32Cube_FW_G4_V1.5.1, STM32Cube_FW_H5_V0.5.1, STM32Cube_FW_H5_V1.1.1, STM32Cube_FW_H5_V1.2.0RC2, STM32Cube_FW_H7_V1.11.0, STM32Cube_FW_L0_V1.12.2, STM32Cube_FW_L5_V1.5.0, STM32Cube_FW_U5_V1.3.0RC4, STM32Cube_FW_U5_V1.4.0, STM32Cube_FW_WBA_V1.0.0RC1, STM32Cube_FW_WBA_V1.1.0RC1, STM32Cube_FW_WBA_V1.2.0, STM32Cube_FW_WBA_V1.2.0RC2, STM32Cube_FW_WB_V1.15.0RC1, STM32Cube_FW_WB_V1.16.0, STM32Cube_FW_WB_V1.16.0RC2, STM32Cube_FW_WB_V1.18.0, STM32Cube_FW_WL_V1.3.0, X-CUBE-ALGOBUILD_V1.3.0, X-CUBE-ALS_V1.0.1, X-CUBE-AZRTOS-F4_V1.1.0, X-CUBE-AZRTOS-F7_V1.1.0, X-CUBE-AZRTOS-G0_V1.1.0, X-CUBE-AZRTOS-G4_V2.0.0, X-CUBE-AZRTOS-H7_V3.1.0, X-CUBE-AZRTOS-L4_V1.0.0, X-CUBE-AZRTOS-L4_V2.0.0, X-CUBE-AZRTOS-L5_V1.1.0, X-CUBE-AZRTOS-WB_V2.0.0, X-CUBE-AZRTOS-WL_V2.0.0, X-CUBE-BLE1_V7.0.0, X-CUBE-BLE2_V3.3.0, X-CUBE-BLEMGR_V2.0.0, X-CUBE-EEPRMA1_V4.1.0, X-CUBE-EEPRMA1_V4.2.0, X-CUBE-FREERTOS_V1.1.0, X-CUBE-GNSS1_V6.0.0, X-CUBE-MEMS1_V10.0.0, X-CUBE-MEMS1_V9.1.0, X-CUBE-MEMS1_V9.4.0, X-CUBE-MEMS1_V9.6.0, X-CUBE-NFC4_V3.0.0, X-CUBE-NFC7_V1.0.1, X-CUBE-SFXS2LP1_V4.0.0, X-CUBE-SUBG2_V5.0.0, X-CUBE-TOF1_V3.3.1]
2023-12-20 16:34:49,514 [INFO] ApiDb:240 - Found 323 in-development CPN: [B-G473E-ZEST1S, B-WB1M-WPAN1, B-WL5M-SUBG1, NUCLEO-C031C6, NUCLEO-H503RB, NUCLEO-H563ZI, NUCLEO-U545RE-Q, NUCLEO-U5A5ZJ-Q, NUCLEO-WBA52CG, STEVAL-PROTEUS1, STEVAL-SMARTAG2, STEVAL-STWINBX1, STM320518-EVAL, STM32C0116-DK, STM32C011D6Y3TR, STM32C011D6Y6TR, STM32C011F4P3, STM32C011F4P6, STM32C011F4U3, STM32C011F4U6TR, STM32C011F6P3, STM32C011F6P6, STM32C011F6U3, STM32C011F6U6TR, STM32C011J4M3, STM32C011J4M6, STM32C011J6M3, STM32C011J6M6, STM32C0316-DK, STM32C031C4T3, STM32C031C4T6, STM32C031C4U3, STM32C031C4U6, STM32C031C6T3, STM32C031C6T6, STM32C031C6U3, STM32C031C6U6, STM32C031F4P3, STM32C031F4P6, STM32C031F6P3, STM32C031F6P6, STM32C031G4U3, STM32C031G4U6, STM32C031G6U3, STM32C031G6U6, STM32C031K4T3, STM32C031K4T6, STM32C031K4U3, STM32C031K4U6, STM32C031K6T3, STM32C031K6T6, STM32C031K6U3, STM32C031K6U6, STM32G071K8TXN, STM32G071K8UXN, STM32G081GBU6N, STM32G081KBT6N, STM32G081KBUXN, STM32G0B1CCT6N, STM32G0B1KCT6, STM32G0B1NEY6TR, STM32G0B1RCT6N, STM32G0C1CCT6, STM32G0C1CCT6N, STM32G0C1CCU6N, STM32G0C1CET6N, STM32G0C1CEU6N, STM32G0C1KCT6, STM32G0C1NEY6TR, STM32G0C1RCI6N, STM32G0C1RCT6N, STM32G0C1REI6N, STM32G0C1RET6N, STM32G0C1VCI6, STM32G0C1VEI6, STM32G471CCT6, STM32G471CCU6, STM32G471CET3, STM32G471CET6, STM32G471CEU3, STM32G471CEU6, STM32G471MCT6, STM32G471MET3, STM32G471MET6, STM32G471MEY6TR, STM32G471QCT6, STM32G471QET3, STM32G471RCT6, STM32G471RET3, STM32G471RET6, STM32G471VCH6, STM32G471VCI6, STM32G471VCT6, STM32G471VEH3, STM32G471VEH6, STM32G471VEI3, STM32G471VEI6, STM32G471VET3, STM32G471VET6, STM32G474CCT6, STM32H503CBT6, STM32H503CBU6, STM32H503EBY6TR, STM32H503KBU6, STM32H503RBT6, STM32H562AGI6, STM32H562AII6, STM32H562IGK6, STM32H562IGT6, STM32H562IIK6, STM32H562IIT6, STM32H562RGT6, STM32H562RGV6, STM32H562RIT6, STM32H562RIV6, STM32H562VGT6, STM32H562VIT6, STM32H562ZGT6, STM32H562ZIT6, STM32H563AGI6, STM32H563AII3Q, STM32H563AII6, STM32H563IGK6, STM32H563IGT6, STM32H563IIK3Q, STM32H563IIK6, STM32H563IIT3Q, STM32H563IIT6, STM32H563MIY3QTR, STM32H563RGT6, STM32H563RGV6, STM32H563RIT6, STM32H563RIV6, STM32H563VGT6, STM32H563VIT3Q, STM32H563VIT6, STM32H563ZGT6, STM32H563ZIT3Q, STM32H563ZIT6, STM32H573AII3Q, STM32H573AII6, STM32H573I-DK, STM32H573IIK3Q, STM32H573IIK6, STM32H573IIT3Q, STM32H573IIT6, STM32H573MIY3QTR, STM32H573RIT6, STM32H573RIV6, STM32H573VIT3Q, STM32H573VIT6, STM32H573ZIT3Q, STM32H573ZIT6, STM32L4R5QGI6STR, STM32MP131AAE3, STM32MP131AAF3, STM32MP131AAG3, STM32MP131CAE3, STM32MP131CAF3, STM32MP131CAG3, STM32MP131DAE7, STM32MP131DAF7, STM32MP131DAG7, STM32MP131FAE7, STM32MP131FAF7, STM32MP131FAG7, STM32MP133AAE3, STM32MP133AAF3, STM32MP133AAG3, STM32MP133CAE3, STM32MP133CAF3, STM32MP133CAG3, STM32MP133DAE7, STM32MP133DAF7, STM32MP133DAG7, STM32MP133FAE7, STM32MP133FAF7, STM32MP133FAG7, STM32MP135AAE3, STM32MP135AAF3, STM32MP135AAG3, STM32MP135CAE3, STM32MP135CAF3, STM32MP135CAG3, STM32MP135DAE7, STM32MP135DAF7, STM32MP135DAG7, STM32MP135F-DK, STM32MP135FAE7, STM32MP135FAF7, STM32MP135FAF7T, STM32MP135FAF7U, STM32MP135FAG7, STM32U535CBT6, STM32U535CBT6Q, STM32U535CBU6, STM32U535CBU6Q, STM32U535CCT6, STM32U535CCT6Q, STM32U535CCU6, STM32U535CCU6Q, STM32U535CET6, STM32U535CET6Q, STM32U535CEU6, STM32U535CEU6Q, STM32U535JEY6QTR, STM32U535NCY6QTR, STM32U535NEY6QTR, STM32U535RBI6, STM32U535RBI6Q, STM32U535RBT6, STM32U535RBT6Q, STM32U535RCI6, STM32U535RCI6Q, STM32U535RCT6, STM32U535RCT6Q, STM32U535REI6, STM32U535REI6Q, STM32U535RET6, STM32U535RET6Q, STM32U535VCI6, STM32U535VCI6Q, STM32U535VCT6, STM32U535VCT6Q, STM32U535VEI6, STM32U535VEI6Q, STM32U535VET6, STM32U535VET6Q, STM32U545CET6, STM32U545CET6Q, STM32U545CEU6, STM32U545CEU6Q, STM32U545JEY6QTR, STM32U545NEY6QTR, STM32U545REI6, STM32U545REI6Q, STM32U545RET6, STM32U545RET6Q, STM32U545VEI6, STM32U545VEI6Q, STM32U545VET6, STM32U545VET6Q, STM32U595AIH6, STM32U595AIH6Q, STM32U595AJH6, STM32U595AJH6Q, STM32U595QII6, STM32U595QII6Q, STM32U595QJI6, STM32U595QJI6Q, STM32U595RIT6, STM32U595RIT6Q, STM32U595RJT6, STM32U595RJT6Q, STM32U595VIT6, STM32U595VIT6Q, STM32U595VJT6, STM32U595VJT6Q, STM32U595ZIT6, STM32U595ZIT6Q, STM32U595ZIY6QTR, STM32U595ZJT6, STM32U595ZJT6Q, STM32U595ZJY6QTR, STM32U599BJY6QTR, STM32U599NIH6Q, STM32U599NJH6Q, STM32U599VIT6Q, STM32U599VJT6, STM32U599VJT6Q, STM32U599ZIT6Q, STM32U599ZIY6QTR, STM32U599ZJT6Q, STM32U599ZJY6QTR, STM32U5A5AJH6, STM32U5A5AJH6Q, STM32U5A5QJI6, STM32U5A5QJI6Q, STM32U5A5RJT6, STM32U5A5RJT6Q, STM32U5A5VJT6, STM32U5A5VJT6Q, STM32U5A5ZJT6, STM32U5A5ZJT6Q, STM32U5A5ZJY6QTR, STM32U5A9BJY6QTR, STM32U5A9J-DK, STM32U5A9NJH6Q, STM32U5A9VJT6Q, STM32U5A9ZJT6Q, STM32U5A9ZJY6QTR, STM32U5F7VIT6, STM32U5F7VIT6Q, STM32U5F7VJT6, STM32U5F7VJT6Q, STM32U5F9BJY6QTR, STM32U5F9NJH6Q, STM32U5F9VIT6Q, STM32U5F9VJT6Q, STM32U5F9ZIJ6QTR, STM32U5F9ZIT6Q, STM32U5F9ZJJ6QTR, STM32U5F9ZJT6Q, STM32U5G7VJT6, STM32U5G7VJT6Q, STM32U5G9BJY6QTR, STM32U5G9J-DK1, STM32U5G9J-DK2, STM32U5G9NJH6Q, STM32U5G9VJT6Q, STM32U5G9ZJJ6QTR, STM32U5G9ZJT6Q, STM32WB1MMCH6, STM32WBA52CEU6, STM32WBA52CEU6T, STM32WBA52CGU6, STM32WBA52CGU6T, STM32WBA52KEU6, STM32WBA52KEU6T, STM32WBA52KGU6, STM32WBA52KGU6T, STM32WL5MOCH6, STM32WL5MOCH6TR]
2023-12-20 16:34:49,519 [INFO] DbMcus:217 - Found 3882 MCUs, 3882 are supported
2023-12-20 16:34:49,544 [INFO] ApiDb:423 - Load user favorites file C:\Users\TAMRD/.stm32cubeide/favorites.mcus.txt: 0 item(s)
2023-12-20 16:34:49,544 [INFO] ApiDb:427 - User favorites MCUs=[]
2023-12-20 16:34:49,544 [INFO] DbMcus:223 - Set 0 / 0 favorites MCUs
2023-12-20 16:34:49,829 [INFO] ApiDb:668 - CubeFinder database Data Model version=2.1
2023-12-20 16:34:49,829 [INFO] ApiDb:669 - CubeFinder database Configuration version=3.0.39
2023-12-20 16:34:49,829 [INFO] ApiDb:670 - CubeFinder database generation date=2023-11-06 (1699269565)
2023-12-20 16:34:49,829 [INFO] ApiDb:671 - CubeFinder database FW Pack versions=[FP-ATR-ASTRA1_V2.0.0, FP-SNS-FLIGHT1_V5.0.1, FP-SNS-FLIGHT1_V5.0.2, FP-SNS-MOTENV1_V4.3.1, FP-SNS-MOTENV1_V4.3.2, FP-SNS-MOTENVWB1_V1.3.0, FP-SNS-SMARTAG2_V1.2.0, STM32Cube_FW_C0_V1.1.0, STM32Cube_FW_F4_V1.28.0, STM32Cube_FW_F7_V1.17.0, STM32Cube_FW_G0_V1.6.1, STM32Cube_FW_G4_V1.5.1, STM32Cube_FW_H5_V0.5.1, STM32Cube_FW_H5_V1.1.1, STM32Cube_FW_H5_V1.2.0RC2, STM32Cube_FW_H7_V1.11.0, STM32Cube_FW_L0_V1.12.2, STM32Cube_FW_L5_V1.5.0, STM32Cube_FW_U5_V1.3.0RC4, STM32Cube_FW_U5_V1.4.0, STM32Cube_FW_WBA_V1.0.0RC1, STM32Cube_FW_WBA_V1.1.0RC1, STM32Cube_FW_WBA_V1.2.0, STM32Cube_FW_WBA_V1.2.0RC2, STM32Cube_FW_WB_V1.15.0RC1, STM32Cube_FW_WB_V1.16.0, STM32Cube_FW_WB_V1.16.0RC2, STM32Cube_FW_WB_V1.18.0, STM32Cube_FW_WL_V1.3.0, X-CUBE-ALGOBUILD_V1.3.0, X-CUBE-ALS_V1.0.1, X-CUBE-AZRTOS-F4_V1.1.0, X-CUBE-AZRTOS-F7_V1.1.0, X-CUBE-AZRTOS-G0_V1.1.0, X-CUBE-AZRTOS-G4_V2.0.0, X-CUBE-AZRTOS-H7_V3.1.0, X-CUBE-AZRTOS-L4_V1.0.0, X-CUBE-AZRTOS-L4_V2.0.0, X-CUBE-AZRTOS-L5_V1.1.0, X-CUBE-AZRTOS-WB_V2.0.0, X-CUBE-AZRTOS-WL_V2.0.0, X-CUBE-BLE1_V7.0.0, X-CUBE-BLE2_V3.3.0, X-CUBE-BLEMGR_V2.0.0, X-CUBE-EEPRMA1_V4.1.0, X-CUBE-EEPRMA1_V4.2.0, X-CUBE-FREERTOS_V1.1.0, X-CUBE-GNSS1_V6.0.0, X-CUBE-MEMS1_V10.0.0, X-CUBE-MEMS1_V9.1.0, X-CUBE-MEMS1_V9.4.0, X-CUBE-MEMS1_V9.6.0, X-CUBE-NFC4_V3.0.0, X-CUBE-NFC7_V1.0.1, X-CUBE-SFXS2LP1_V4.0.0, X-CUBE-SUBG2_V5.0.0, X-CUBE-TOF1_V3.3.1]
2023-12-20 16:34:49,897 [INFO] DbBoardsSqlite:226 - include board P-NUCLEO-WB55-NUCLEO as a kit item of type 'Nucleo-64'
2023-12-20 16:34:49,897 [INFO] DbBoardsSqlite:226 - include board P-NUCLEO-WB55-USBDONGLE as a kit item of type 'Nucleo USB Dongle'
2023-12-20 16:34:49,897 [INFO] DbBoardsSqlite:226 - include board STEVAL-IDP005V1 as a kit item of type 'Evaluation Board'
2023-12-20 16:34:49,898 [INFO] DbBoardsSqlite:226 - include board STEVAL-IDP005V2 as a kit item of type 'Evaluation Board'
2023-12-20 16:34:49,957 [INFO] ApiDb:240 - Found 323 in-development CPN: [B-G473E-ZEST1S, B-WB1M-WPAN1, B-WL5M-SUBG1, NUCLEO-C031C6, NUCLEO-H503RB, NUCLEO-H563ZI, NUCLEO-U545RE-Q, NUCLEO-U5A5ZJ-Q, NUCLEO-WBA52CG, STEVAL-PROTEUS1, STEVAL-SMARTAG2, STEVAL-STWINBX1, STM320518-EVAL, STM32C0116-DK, STM32C011D6Y3TR, STM32C011D6Y6TR, STM32C011F4P3, STM32C011F4P6, STM32C011F4U3, STM32C011F4U6TR, STM32C011F6P3, STM32C011F6P6, STM32C011F6U3, STM32C011F6U6TR, STM32C011J4M3, STM32C011J4M6, STM32C011J6M3, STM32C011J6M6, STM32C0316-DK, STM32C031C4T3, STM32C031C4T6, STM32C031C4U3, STM32C031C4U6, STM32C031C6T3, STM32C031C6T6, STM32C031C6U3, STM32C031C6U6, STM32C031F4P3, STM32C031F4P6, STM32C031F6P3, STM32C031F6P6, STM32C031G4U3, STM32C031G4U6, STM32C031G6U3, STM32C031G6U6, STM32C031K4T3, STM32C031K4T6, STM32C031K4U3, STM32C031K4U6, STM32C031K6T3, STM32C031K6T6, STM32C031K6U3, STM32C031K6U6, STM32G071K8TXN, STM32G071K8UXN, STM32G081GBU6N, STM32G081KBT6N, STM32G081KBUXN, STM32G0B1CCT6N, STM32G0B1KCT6, STM32G0B1NEY6TR, STM32G0B1RCT6N, STM32G0C1CCT6, STM32G0C1CCT6N, STM32G0C1CCU6N, STM32G0C1CET6N, STM32G0C1CEU6N, STM32G0C1KCT6, STM32G0C1NEY6TR, STM32G0C1RCI6N, STM32G0C1RCT6N, STM32G0C1REI6N, STM32G0C1RET6N, STM32G0C1VCI6, STM32G0C1VEI6, STM32G471CCT6, STM32G471CCU6, STM32G471CET3, STM32G471CET6, STM32G471CEU3, STM32G471CEU6, STM32G471MCT6, STM32G471MET3, STM32G471MET6, STM32G471MEY6TR, STM32G471QCT6, STM32G471QET3, STM32G471RCT6, STM32G471RET3, STM32G471RET6, STM32G471VCH6, STM32G471VCI6, STM32G471VCT6, STM32G471VEH3, STM32G471VEH6, STM32G471VEI3, STM32G471VEI6, STM32G471VET3, STM32G471VET6, STM32G474CCT6, STM32H503CBT6, STM32H503CBU6, STM32H503EBY6TR, STM32H503KBU6, STM32H503RBT6, STM32H562AGI6, STM32H562AII6, STM32H562IGK6, STM32H562IGT6, STM32H562IIK6, STM32H562IIT6, STM32H562RGT6, STM32H562RGV6, STM32H562RIT6, STM32H562RIV6, STM32H562VGT6, STM32H562VIT6, STM32H562ZGT6, STM32H562ZIT6, STM32H563AGI6, STM32H563AII3Q, STM32H563AII6, STM32H563IGK6, STM32H563IGT6, STM32H563IIK3Q, STM32H563IIK6, STM32H563IIT3Q, STM32H563IIT6, STM32H563MIY3QTR, STM32H563RGT6, STM32H563RGV6, STM32H563RIT6, STM32H563RIV6, STM32H563VGT6, STM32H563VIT3Q, STM32H563VIT6, STM32H563ZGT6, STM32H563ZIT3Q, STM32H563ZIT6, STM32H573AII3Q, STM32H573AII6, STM32H573I-DK, STM32H573IIK3Q, STM32H573IIK6, STM32H573IIT3Q, STM32H573IIT6, STM32H573MIY3QTR, STM32H573RIT6, STM32H573RIV6, STM32H573VIT3Q, STM32H573VIT6, STM32H573ZIT3Q, STM32H573ZIT6, STM32L4R5QGI6STR, STM32MP131AAE3, STM32MP131AAF3, STM32MP131AAG3, STM32MP131CAE3, STM32MP131CAF3, STM32MP131CAG3, STM32MP131DAE7, STM32MP131DAF7, STM32MP131DAG7, STM32MP131FAE7, STM32MP131FAF7, STM32MP131FAG7, STM32MP133AAE3, STM32MP133AAF3, STM32MP133AAG3, STM32MP133CAE3, STM32MP133CAF3, STM32MP133CAG3, STM32MP133DAE7, STM32MP133DAF7, STM32MP133DAG7, STM32MP133FAE7, STM32MP133FAF7, STM32MP133FAG7, STM32MP135AAE3, STM32MP135AAF3, STM32MP135AAG3, STM32MP135CAE3, STM32MP135CAF3, STM32MP135CAG3, STM32MP135DAE7, STM32MP135DAF7, STM32MP135DAG7, STM32MP135F-DK, STM32MP135FAE7, STM32MP135FAF7, STM32MP135FAF7T, STM32MP135FAF7U, STM32MP135FAG7, STM32U535CBT6, STM32U535CBT6Q, STM32U535CBU6, STM32U535CBU6Q, STM32U535CCT6, STM32U535CCT6Q, STM32U535CCU6, STM32U535CCU6Q, STM32U535CET6, STM32U535CET6Q, STM32U535CEU6, STM32U535CEU6Q, STM32U535JEY6QTR, STM32U535NCY6QTR, STM32U535NEY6QTR, STM32U535RBI6, STM32U535RBI6Q, STM32U535RBT6, STM32U535RBT6Q, STM32U535RCI6, STM32U535RCI6Q, STM32U535RCT6, STM32U535RCT6Q, STM32U535REI6, STM32U535REI6Q, STM32U535RET6, STM32U535RET6Q, STM32U535VCI6, STM32U535VCI6Q, STM32U535VCT6, STM32U535VCT6Q, STM32U535VEI6, STM32U535VEI6Q, STM32U535VET6, STM32U535VET6Q, STM32U545CET6, STM32U545CET6Q, STM32U545CEU6, STM32U545CEU6Q, STM32U545JEY6QTR, STM32U545NEY6QTR, STM32U545REI6, STM32U545REI6Q, STM32U545RET6, STM32U545RET6Q, STM32U545VEI6, STM32U545VEI6Q, STM32U545VET6, STM32U545VET6Q, STM32U595AIH6, STM32U595AIH6Q, STM32U595AJH6, STM32U595AJH6Q, STM32U595QII6, STM32U595QII6Q, STM32U595QJI6, STM32U595QJI6Q, STM32U595RIT6, STM32U595RIT6Q, STM32U595RJT6, STM32U595RJT6Q, STM32U595VIT6, STM32U595VIT6Q, STM32U595VJT6, STM32U595VJT6Q, STM32U595ZIT6, STM32U595ZIT6Q, STM32U595ZIY6QTR, STM32U595ZJT6, STM32U595ZJT6Q, STM32U595ZJY6QTR, STM32U599BJY6QTR, STM32U599NIH6Q, STM32U599NJH6Q, STM32U599VIT6Q, STM32U599VJT6, STM32U599VJT6Q, STM32U599ZIT6Q, STM32U599ZIY6QTR, STM32U599ZJT6Q, STM32U599ZJY6QTR, STM32U5A5AJH6, STM32U5A5AJH6Q, STM32U5A5QJI6, STM32U5A5QJI6Q, STM32U5A5RJT6, STM32U5A5RJT6Q, STM32U5A5VJT6, STM32U5A5VJT6Q, STM32U5A5ZJT6, STM32U5A5ZJT6Q, STM32U5A5ZJY6QTR, STM32U5A9BJY6QTR, STM32U5A9J-DK, STM32U5A9NJH6Q, STM32U5A9VJT6Q, STM32U5A9ZJT6Q, STM32U5A9ZJY6QTR, STM32U5F7VIT6, STM32U5F7VIT6Q, STM32U5F7VJT6, STM32U5F7VJT6Q, STM32U5F9BJY6QTR, STM32U5F9NJH6Q, STM32U5F9VIT6Q, STM32U5F9VJT6Q, STM32U5F9ZIJ6QTR, STM32U5F9ZIT6Q, STM32U5F9ZJJ6QTR, STM32U5F9ZJT6Q, STM32U5G7VJT6, STM32U5G7VJT6Q, STM32U5G9BJY6QTR, STM32U5G9J-DK1, STM32U5G9J-DK2, STM32U5G9NJH6Q, STM32U5G9VJT6Q, STM32U5G9ZJJ6QTR, STM32U5G9ZJT6Q, STM32WB1MMCH6, STM32WBA52CEU6, STM32WBA52CEU6T, STM32WBA52CGU6, STM32WBA52CGU6T, STM32WBA52KEU6, STM32WBA52KEU6T, STM32WBA52KGU6, STM32WBA52KGU6T, STM32WL5MOCH6, STM32WL5MOCH6TR]
2023-12-20 16:34:50,151 [INFO] BoardInfo:880 - No configuration file found for board P-NUCLEO-WB55
2023-12-20 16:34:50,151 [INFO] DbBoards:157 - Kit is not supported: P-NUCLEO-WB55
2023-12-20 16:34:50,157 [INFO] BoardInfo:880 - No configuration file found for board STEVAL-BFA001V1B
2023-12-20 16:34:50,157 [INFO] DbBoards:157 - Kit is not supported: STEVAL-BFA001V1B
2023-12-20 16:34:50,159 [INFO] BoardInfo:880 - No configuration file found for board STEVAL-BFA001V2B
2023-12-20 16:34:50,159 [INFO] DbBoards:157 - Kit is not supported: STEVAL-BFA001V2B
2023-12-20 16:34:50,163 [INFO] BoardInfo:880 - No configuration file found for board STEVAL-MKBOXPRO
2023-12-20 16:34:50,163 [INFO] DbBoards:157 - Board is not supported: STEVAL-MKBOXPRO
2023-12-20 16:34:50,284 [INFO] DbBoards:161 - Found 191 boards, 187 are supported
2023-12-20 16:34:50,298 [INFO] ApiDb:423 - Load user favorites file C:\Users\TAMRD/.stm32cubeide/favorites.boards.txt: 0 item(s)
2023-12-20 16:34:50,298 [INFO] ApiDb:427 - User favorites Boards=[]
2023-12-20 16:34:50,299 [INFO] DbBoards:190 - Set 0 / 0 favorites Boards
2023-12-20 16:34:50,302 [INFO] ApiDb:668 - CubeFinder database Data Model version=2.1
2023-12-20 16:34:50,302 [INFO] ApiDb:669 - CubeFinder database Configuration version=3.0.39
2023-12-20 16:34:50,302 [INFO] ApiDb:670 - CubeFinder database generation date=2023-11-06 (1699269565)
2023-12-20 16:34:50,302 [INFO] ApiDb:671 - CubeFinder database FW Pack versions=[FP-ATR-ASTRA1_V2.0.0, FP-SNS-FLIGHT1_V5.0.1, FP-SNS-FLIGHT1_V5.0.2, FP-SNS-MOTENV1_V4.3.1, FP-SNS-MOTENV1_V4.3.2, FP-SNS-MOTENVWB1_V1.3.0, FP-SNS-SMARTAG2_V1.2.0, STM32Cube_FW_C0_V1.1.0, STM32Cube_FW_F4_V1.28.0, STM32Cube_FW_F7_V1.17.0, STM32Cube_FW_G0_V1.6.1, STM32Cube_FW_G4_V1.5.1, STM32Cube_FW_H5_V0.5.1, STM32Cube_FW_H5_V1.1.1, STM32Cube_FW_H5_V1.2.0RC2, STM32Cube_FW_H7_V1.11.0, STM32Cube_FW_L0_V1.12.2, STM32Cube_FW_L5_V1.5.0, STM32Cube_FW_U5_V1.3.0RC4, STM32Cube_FW_U5_V1.4.0, STM32Cube_FW_WBA_V1.0.0RC1, STM32Cube_FW_WBA_V1.1.0RC1, STM32Cube_FW_WBA_V1.2.0, STM32Cube_FW_WBA_V1.2.0RC2, STM32Cube_FW_WB_V1.15.0RC1, STM32Cube_FW_WB_V1.16.0, STM32Cube_FW_WB_V1.16.0RC2, STM32Cube_FW_WB_V1.18.0, STM32Cube_FW_WL_V1.3.0, X-CUBE-ALGOBUILD_V1.3.0, X-CUBE-ALS_V1.0.1, X-CUBE-AZRTOS-F4_V1.1.0, X-CUBE-AZRTOS-F7_V1.1.0, X-CUBE-AZRTOS-G0_V1.1.0, X-CUBE-AZRTOS-G4_V2.0.0, X-CUBE-AZRTOS-H7_V3.1.0, X-CUBE-AZRTOS-L4_V1.0.0, X-CUBE-AZRTOS-L4_V2.0.0, X-CUBE-AZRTOS-L5_V1.1.0, X-CUBE-AZRTOS-WB_V2.0.0, X-CUBE-AZRTOS-WL_V2.0.0, X-CUBE-BLE1_V7.0.0, X-CUBE-BLE2_V3.3.0, X-CUBE-BLEMGR_V2.0.0, X-CUBE-EEPRMA1_V4.1.0, X-CUBE-EEPRMA1_V4.2.0, X-CUBE-FREERTOS_V1.1.0, X-CUBE-GNSS1_V6.0.0, X-CUBE-MEMS1_V10.0.0, X-CUBE-MEMS1_V9.1.0, X-CUBE-MEMS1_V9.4.0, X-CUBE-MEMS1_V9.6.0, X-CUBE-NFC4_V3.0.0, X-CUBE-NFC7_V1.0.1, X-CUBE-SFXS2LP1_V4.0.0, X-CUBE-SUBG2_V5.0.0, X-CUBE-TOF1_V3.3.1]
2023-12-20 16:34:52,271 [ERROR] DbExamplesSqlite:437 - Missing JSON key: board_cpn
2023-12-20 16:34:52,272 [ERROR] DbExamplesSqlite:437 - Missing JSON key: board_cpn
2023-12-20 16:34:52,272 [ERROR] DbExamplesSqlite:437 - Missing JSON key: board_cpn
2023-12-20 16:34:52,272 [ERROR] DbExamplesSqlite:437 - Missing JSON key: board_cpn
2023-12-20 16:34:52,380 [INFO] DbExamplesSqlite:395 - Ignored 55 examples not supported by CubeIDE
2023-12-20 16:34:52,380 [INFO] DbExamplesSqlite:396 - Found 7548 examples active
2023-12-20 16:34:52,380 [INFO] DbExamplesSqlite:397 - Found 848 examples obsolete
2023-12-20 16:34:52,381 [INFO] DbExamplesSqlite:398 - Found 0 examples under development
2023-12-20 16:34:52,381 [INFO] DbExamplesSqlite:399 - Found 8 examples not building
2023-12-20 16:34:52,383 [INFO] DbExamples:125 - Found 7501 examples
2023-12-20 16:34:52,522 [ERROR] DbExamples:208 - Found 247 examples with invalid data (board or MCU)
2023-12-20 16:34:52,523 [INFO] DbExamples:222 - Found 93 boards with related examples
2023-12-20 16:34:52,524 [INFO] DbExamples:235 - Found 79 MCUs with related examples
2023-12-20 16:34:52,570 [INFO] ApiDb:423 - Load user favorites file C:\Users\TAMRD/.stm32cubeide/favorites.examples.txt: 0 item(s)
2023-12-20 16:34:52,570 [INFO] ApiDb:427 - User favorites Examples=[]
2023-12-20 16:34:52,572 [INFO] DbExamples:250 - Set 0 / 0 favorites Examples
2023-12-20 16:34:55,948 [INFO] McuFinderGlobals:76 - Set McuFinderConnectedMode to true
2023-12-20 16:34:56,012 [INFO] MultiScanPanel:200 - Auto-refresh data requested => check proxy status ongoing
2023-12-20 16:34:56,037 [INFO] FinderPluginLoader:95 - Searching for filters in installed packs
2023-12-20 16:35:05,309 [INFO] LoadUrlFilesThread:185 - End of LoadServerUrlFiles without Thread
2023-12-20 16:35:05,711 [INFO] DetailPanel:341 - Set advertising image to C:/Users/TAMRD/STM32Cube/Repository/\en.prom-stm32wl3-mcu-finder.jpg
2023-12-20 16:35:55,081 [INFO] MainUpdater:2868 - connection check result : 10
2023-12-20 16:35:55,081 [INFO] MainUpdater:2868 - connection check result : 10
2023-12-20 16:35:55,256 [INFO] MicroXplorer:468 - Change Database Path : 
2023-12-20 16:35:55,256 [INFO] MicroXplorer:498 - Change Database Version : DB.6.0.92
2023-12-20 16:35:55,292 [WARN] ThirdParty:871 - waiting for thirdparty lock release [close project]
2023-12-20 16:35:55,293 [INFO] ThirdParty:873 - entering critical section [close project]
2023-12-20 16:35:55,336 [INFO] ThirdParty:883 - exiting critical section [close project]
2023-12-20 16:35:55,338 [INFO] PinOutPanel:1499 - setPackage(No Configuration,No Configuration)
2023-12-20 16:35:55,343 [INFO] UtilMem:75 - Begin LoadConfig() Used Memory: 677531952 Bytes (996147200)
2023-12-20 16:35:55,355 [INFO] MicroXplorer:468 - Change Database Path : 
2023-12-20 16:35:55,355 [INFO] MicroXplorer:498 - Change Database Version : DB.6.0.92
2023-12-20 16:35:55,355 [INFO] OpenFileManager:308 - Change cursor
2023-12-20 16:35:56,264 [INFO] Mcu:1946 - Initializing MCU STM32F103C8Tx STM32F103C8Tx STM32F103C8T6
2023-12-20 16:35:58,516 [INFO] Context:659 - Trying to add GPIOservice into a context  which must be forbidden
2023-12-20 16:35:59,564 [INFO] ImportTextPane:194 - (OptionalMessage_ERROR) Unable to find key (Mcu.ThirdPartyNb) in loaded IOC file
2023-12-20 16:35:59,564 [INFO] ImportTextPane:194 - (OptionalMessage_ERROR) Unable to find key (Mcu.PinsNb) in loaded IOC file
2023-12-20 16:35:59,565 [INFO] ImportTextPane:194 - (OptionalMessage_ERROR) Unable to find key (Mcu.IPNb) in loaded IOC file
2023-12-20 16:36:00,067 [INFO] RtosManager:555 - Registered RTOS mode: class=CMSIS, group=RTOS, mode=CMSIS_V1, owner=FREERTOS
2023-12-20 16:36:00,068 [INFO] RtosManager:555 - Registered RTOS mode: class=CMSIS, group=RTOS2, mode=CMSIS_V2, owner=FREERTOS
2023-12-20 16:36:00,069 [INFO] RtosManager:555 - Registered RTOS mode: class=RTOS, group=Core, mode=CMSIS_V1, owner=FREERTOS
2023-12-20 16:36:00,069 [INFO] RtosManager:555 - Registered RTOS mode: class=RTOS, group=Core, mode=CMSIS_V2, owner=FREERTOS
2023-12-20 16:36:00,069 [WARN] ModelIntegratedComponent:184 - Missing modes for component STMicroelectronics:FreeRTOS:0.0.1:STMicroelectronics:RTOS:FreeRTOS:Core:::10.2.0:
2023-12-20 16:36:00,167 [WARN] ModelIntegratedComponent:63 - No mode defined for component null
2023-12-20 16:36:00,168 [WARN] ModelIntegratedComponent:63 - No mode defined for component null
2023-12-20 16:36:00,168 [WARN] ModelIntegratedComponent:63 - No mode defined for component null
2023-12-20 16:36:00,168 [WARN] ModelIntegratedComponent:63 - No mode defined for component null
2023-12-20 16:36:00,168 [WARN] ModelIntegratedComponent:63 - No mode defined for component null
2023-12-20 16:36:00,168 [WARN] ModelIntegratedComponent:63 - No mode defined for component null
2023-12-20 16:36:00,168 [WARN] ModelIntegratedComponent:63 - No mode defined for component null
2023-12-20 16:36:00,169 [WARN] ModelIntegratedComponent:63 - No mode defined for component null
2023-12-20 16:36:00,169 [WARN] ModelIntegratedComponent:63 - No mode defined for component null
2023-12-20 16:36:00,169 [WARN] ModelIntegratedComponent:63 - No mode defined for component null
2023-12-20 16:36:00,169 [WARN] ModelIntegratedComponent:63 - No mode defined for component null
2023-12-20 16:36:00,169 [WARN] ModelIntegratedComponent:63 - No mode defined for component null
2023-12-20 16:36:00,169 [WARN] ModelIntegratedComponent:63 - No mode defined for component null
2023-12-20 16:36:00,169 [WARN] ModelIntegratedComponent:63 - No mode defined for component null
2023-12-20 16:36:00,169 [WARN] ModelIntegratedComponent:63 - No mode defined for component null
2023-12-20 16:36:00,171 [WARN] ModelIntegratedComponent:63 - No mode defined for component null
2023-12-20 16:36:00,172 [WARN] ModelIntegratedComponent:63 - No mode defined for component null
2023-12-20 16:36:00,174 [WARN] ModelIntegratedComponent:63 - No mode defined for component null
2023-12-20 16:36:00,175 [WARN] ModelIntegratedComponent:63 - No mode defined for component null
2023-12-20 16:36:00,175 [WARN] ModelIntegratedComponent:63 - No mode defined for component null
2023-12-20 16:36:00,175 [WARN] ModelIntegratedComponent:63 - No mode defined for component null
2023-12-20 16:36:00,175 [WARN] ModelIntegratedComponent:63 - No mode defined for component null
2023-12-20 16:36:00,175 [WARN] ModelIntegratedComponent:63 - No mode defined for component null
2023-12-20 16:36:00,175 [WARN] ModelIntegratedComponent:63 - No mode defined for component null
2023-12-20 16:36:00,175 [WARN] ModelIntegratedComponent:63 - No mode defined for component null
2023-12-20 16:36:00,175 [WARN] ModelIntegratedComponent:63 - No mode defined for component null
2023-12-20 16:36:00,175 [WARN] ModelIntegratedComponent:63 - No mode defined for component null
2023-12-20 16:36:00,175 [WARN] ModelIntegratedComponent:63 - No mode defined for component null
2023-12-20 16:36:00,175 [WARN] ModelIntegratedComponent:63 - No mode defined for component null
2023-12-20 16:36:00,175 [WARN] ModelIntegratedComponent:63 - No mode defined for component null
2023-12-20 16:36:00,176 [WARN] ModelIntegratedComponent:63 - No mode defined for component null
2023-12-20 16:36:00,176 [WARN] ModelIntegratedComponent:63 - No mode defined for component null
2023-12-20 16:36:00,176 [WARN] ModelIntegratedComponent:63 - No mode defined for component null
2023-12-20 16:36:00,343 [INFO] ThirdPartyModel:298 - Start build external matchings
2023-12-20 16:36:01,177 [INFO] ThirdPartyModel:316 - End build external matchings
2023-12-20 16:36:02,718 [INFO] UtilMem:75 - End LoadConfig() Used Memory: 557491136 Bytes (1073741824)
2023-12-20 16:36:02,832 [WARN] ThirdParty:833 - waiting for thirdparty lock release [change project]
2023-12-20 16:36:02,832 [INFO] ThirdParty:835 - entering critical section [change project]
2023-12-20 16:36:02,832 [INFO] ThirdParty:1030 - CMSIS Pack Vendor :STMicroelectronics X-CUBE-ISPU 1.1.0
2023-12-20 16:36:02,832 [INFO] ThirdParty:1030 - CMSIS Pack Vendor :STMicroelectronics USBPD 4.1
2023-12-20 16:36:02,832 [INFO] ThirdParty:1030 - CMSIS Pack Vendor :STMicroelectronics X-CUBE-GNSS1 6.0.0
2023-12-20 16:36:02,833 [INFO] ThirdParty:1030 - CMSIS Pack Vendor :STMicroelectronics USB_HOST 2.0.0
2023-12-20 16:36:02,833 [INFO] ThirdParty:1030 - CMSIS Pack Vendor :STMicroelectronics X-CUBE-AZRTOS-F4 1.1.0
2023-12-20 16:36:02,833 [INFO] ThirdParty:1030 - CMSIS Pack Vendor :STMicroelectronics LIBJPEG 8.0.0
2023-12-20 16:36:02,833 [INFO] ThirdParty:1030 - CMSIS Pack Vendor :wolfSSL I-CUBE-wolfSSL 5.6.3
2023-12-20 16:36:02,833 [INFO] ThirdParty:1030 - CMSIS Pack Vendor :STMicroelectronics X-CUBE-SMBUS 2.1.0
2023-12-20 16:36:02,833 [INFO] ThirdParty:1030 - CMSIS Pack Vendor :STMicroelectronics USB_DEVICE 3.0.0
2023-12-20 16:36:02,833 [INFO] ThirdParty:1030 - CMSIS Pack Vendor :STMicroelectronics X-CUBE-AZRTOS-WB 2.0.0
2023-12-20 16:36:02,833 [INFO] ThirdParty:1030 - CMSIS Pack Vendor :STMicroelectronics X-CUBE-TOUCHGFX 4.23.0
2023-12-20 16:36:02,833 [INFO] ThirdParty:1030 - CMSIS Pack Vendor :STMicroelectronics X-CUBE-AZRTOS-F7 1.1.0
2023-12-20 16:36:02,833 [INFO] ThirdParty:1030 - CMSIS Pack Vendor :STMicroelectronics X-CUBE-AZRTOS-L5 2.0.0
2023-12-20 16:36:02,833 [INFO] ThirdParty:1030 - CMSIS Pack Vendor :STMicroelectronics USB_DEVICE 2.0.0
2023-12-20 16:36:02,833 [INFO] ThirdParty:1030 - CMSIS Pack Vendor :STMicroelectronics X-CUBE-MEMS1 9.6.0
2023-12-20 16:36:02,833 [INFO] ThirdParty:1030 - CMSIS Pack Vendor :STMicroelectronics X-CUBE-EEPRMA1 4.2.0
2023-12-20 16:36:02,833 [INFO] ThirdParty:1030 - CMSIS Pack Vendor :ITTIA_DB I-CUBE-ITTIADB 8.8.0
2023-12-20 16:36:02,833 [INFO] ThirdParty:1030 - CMSIS Pack Vendor :STMicroelectronics FP-SNS-MOTENV1 4.3.2
2023-12-20 16:36:02,833 [INFO] ThirdParty:1030 - CMSIS Pack Vendor :STMicroelectronics X-CUBE-ALGOBUILD 1.3.0
2023-12-20 16:36:02,833 [INFO] ThirdParty:1030 - CMSIS Pack Vendor :STMicroelectronics FreeRTOS 0.0.1
2023-12-20 16:36:02,833 [INFO] ThirdParty:1030 - CMSIS Pack Vendor :STMicroelectronics X-CUBE-AZRTOS-G0 1.1.0
2023-12-20 16:36:02,833 [INFO] ThirdParty:1030 - CMSIS Pack Vendor :STMicroelectronics X-CUBE-BLEMGR 2.0.0
2023-12-20 16:36:02,833 [INFO] ThirdParty:1030 - CMSIS Pack Vendor :STMicroelectronics X-CUBE-NFC4 3.0.0
2023-12-20 16:36:02,833 [INFO] ThirdParty:1030 - CMSIS Pack Vendor :STMicroelectronics X-CUBE-SUBG2 5.0.0
2023-12-20 16:36:02,834 [INFO] ThirdParty:1030 - CMSIS Pack Vendor :STMicroelectronics STM32_WPAN 1.0.0
2023-12-20 16:36:02,834 [INFO] ThirdParty:1030 - CMSIS Pack Vendor :STMicroelectronics lwIP 2.0.3
2023-12-20 16:36:02,834 [INFO] ThirdParty:1030 - CMSIS Pack Vendor :STMicroelectronics FP-SNS-FLIGHT1 5.0.2
2023-12-20 16:36:02,834 [INFO] ThirdParty:1030 - CMSIS Pack Vendor :STMicroelectronics USB_HOST 1.0.0
2023-12-20 16:36:02,834 [INFO] ThirdParty:1030 - CMSIS Pack Vendor :STMicroelectronics X-CUBE-TOF1 3.3.1
2023-12-20 16:36:02,834 [INFO] ThirdParty:1030 - CMSIS Pack Vendor :STMicroelectronics X-CUBE-AZRTOS-G4 2.0.0
2023-12-20 16:36:02,834 [INFO] ThirdParty:1030 - CMSIS Pack Vendor :STMicroelectronics PDM2PCM 3.1.0
2023-12-20 16:36:02,834 [INFO] ThirdParty:1030 - CMSIS Pack Vendor :STMicroelectronics X-CUBE-AZRTOS-H7 3.1.0
2023-12-20 16:36:02,834 [INFO] ThirdParty:1030 - CMSIS Pack Vendor :Infineon AIROC-Wi-Fi-Bluetooth-STM32 1.5.1
2023-12-20 16:36:02,834 [INFO] ThirdParty:1030 - CMSIS Pack Vendor :STMicroelectronics X-CUBE-BLEMGR 3.0.0
2023-12-20 16:36:02,834 [INFO] ThirdParty:1030 - CMSIS Pack Vendor :STMicroelectronics PDM2PCM 3.3.0
2023-12-20 16:36:02,834 [INFO] ThirdParty:1030 - CMSIS Pack Vendor :STMicroelectronics X-CUBE-DISPLAY 3.0.0
2023-12-20 16:36:02,834 [INFO] ThirdParty:1030 - CMSIS Pack Vendor :STMicroelectronics FP-SNS-MOTENVWB1 1.3.0
2023-12-20 16:36:02,834 [INFO] ThirdParty:1030 - CMSIS Pack Vendor :STMicroelectronics FP-SNS-MOTENVWB1 1.3.1
2023-12-20 16:36:02,834 [INFO] ThirdParty:1030 - CMSIS Pack Vendor :STMicroelectronics X-CUBE-BLE1 7.0.0
2023-12-20 16:36:02,834 [INFO] ThirdParty:1030 - CMSIS Pack Vendor :STMicroelectronics FP-ATR-SIGFOX1 3.2.0
2023-12-20 16:36:02,834 [INFO] ThirdParty:1030 - CMSIS Pack Vendor :STMicroelectronics HAL Drivers 0.0.0
2023-12-20 16:36:02,834 [INFO] ThirdParty:1030 - CMSIS Pack Vendor :STMicroelectronics MBEDTLS 2.16.2
2023-12-20 16:36:02,834 [INFO] ThirdParty:1030 - CMSIS Pack Vendor :emotas I-CUBE-CANOPEN 1.3.0
2023-12-20 16:36:02,834 [INFO] ThirdParty:1030 - CMSIS Pack Vendor :STMicroelectronics X-CUBE-MEMS1 10.0.0
2023-12-20 16:36:02,834 [INFO] ThirdParty:1030 - CMSIS Pack Vendor :STMicroelectronics X-CUBE-FREERTOS 1.1.0
2023-12-20 16:36:02,834 [INFO] ThirdParty:1030 - CMSIS Pack Vendor :STMicroelectronics X-CUBE-TOUCHGFX 4.22.0
2023-12-20 16:36:02,834 [INFO] ThirdParty:1030 - CMSIS Pack Vendor :STMicroelectronics X-CUBE-NFC7 1.0.1
2023-12-20 16:36:02,835 [INFO] ThirdParty:1030 - CMSIS Pack Vendor :STMicroelectronics MBEDTLS 2.14.1
2023-12-20 16:36:02,835 [INFO] ThirdParty:1030 - CMSIS Pack Vendor :STMicroelectronics X-CUBE-TOUCHGFX 4.22.1
2023-12-20 16:36:02,835 [INFO] ThirdParty:1030 - CMSIS Pack Vendor :STMicroelectronics X-CUBE-NFC6 3.0.0
2023-12-20 16:36:02,835 [INFO] ThirdParty:1030 - CMSIS Pack Vendor :STMicroelectronics X-CUBE-EEPRMA1 4.1.0
2023-12-20 16:36:02,835 [INFO] ThirdParty:1030 - CMSIS Pack Vendor :portGmbH I-Cube-SoM-uGOAL 1.1.0
2023-12-20 16:36:02,835 [INFO] ThirdParty:1030 - CMSIS Pack Vendor :STMicroelectronics X-CUBE-ALS 1.0.1
2023-12-20 16:36:02,835 [INFO] ThirdParty:1030 - CMSIS Pack Vendor :STMicroelectronics ThreadX 1.0.0
2023-12-20 16:36:02,835 [INFO] ThirdParty:1030 - CMSIS Pack Vendor :STMicroelectronics FP-SNS-SMARTAG2 1.2.0
2023-12-20 16:36:02,835 [INFO] ThirdParty:1030 - CMSIS Pack Vendor :STMicroelectronics X-CUBE-AZRTOS-WL 2.0.0
2023-12-20 16:36:02,835 [INFO] ThirdParty:1030 - CMSIS Pack Vendor :SEGGER I-CUBE-embOS 1.3.1
2023-12-20 16:36:02,835 [INFO] ThirdParty:1030 - CMSIS Pack Vendor :STMicroelectronics USB_DEVICE 1.0.0
2023-12-20 16:36:02,835 [INFO] ThirdParty:1030 - CMSIS Pack Vendor :STMicroelectronics X-CUBE-AI 8.1.0
2023-12-20 16:36:02,835 [INFO] ThirdParty:1030 - CMSIS Pack Vendor :STMicroelectronics X-CUBE-AZRTOS-L4 2.0.0
2023-12-20 16:36:02,835 [INFO] ThirdParty:1030 - CMSIS Pack Vendor :STMicroelectronics ThreadX 0.0.2
2023-12-20 16:36:02,835 [INFO] ThirdParty:1030 - CMSIS Pack Vendor :WES I-CUBE-Cesium 1.3.0
2023-12-20 16:36:02,835 [INFO] ThirdParty:1030 - CMSIS Pack Vendor :STMicroelectronics FP-ATR-ASTRA1 2.0.0
2023-12-20 16:36:02,835 [INFO] ThirdParty:1030 - CMSIS Pack Vendor :STMicroelectronics lwIP 2.1.2
2023-12-20 16:36:02,835 [INFO] ThirdParty:1030 - CMSIS Pack Vendor :STMicroelectronics X-CUBE-SFXS2LP1 4.0.0
2023-12-20 16:36:02,835 [INFO] ThirdParty:1030 - CMSIS Pack Vendor :STMicroelectronics X-CUBE-BLE2 3.3.0
2023-12-20 16:36:02,835 [INFO] ThirdParty:1030 - CMSIS Pack Vendor :STMicroelectronics X-CUBE-TOF1 3.4.0
2023-12-20 16:36:02,835 [INFO] ThirdParty:1030 - CMSIS Pack Vendor :STMicroelectronics PDM2PCM 3.2.0
2023-12-20 16:36:02,836 [INFO] ThirdParty:841 - exiting critical section [change project]
2023-12-20 16:36:03,550 [INFO] PinOutPanel:1499 - setPackage(No Configuration,No Configuration)
2023-12-20 16:36:03,562 [INFO] PinOutPanel:1499 - setPackage(STM32F103C8Tx,LQFP48)
2023-12-20 16:36:05,885 [INFO] UtilMem:75 - Before build in PCC Used Memory: 561612328 Bytes (1073741824)
2023-12-20 16:36:09,585 [INFO] UtilMem:75 - After build in PCC Used Memory: 752453160 Bytes (1073741824)
2023-12-20 16:36:09,628 [INFO] IPUIPlugin:80 - create IPUIPlugin
2023-12-20 16:36:09,628 [INFO] IPUIPlugin:80 - create IPUIPlugin
2023-12-20 16:36:09,644 [INFO] IPUIPlugin:80 - create IPUIPlugin
2023-12-20 16:36:09,644 [INFO] IPUIPlugin:80 - create IPUIPlugin
2023-12-20 16:36:09,644 [INFO] IPUIPlugin:80 - create IPUIPlugin
2023-12-20 16:36:09,644 [INFO] IPUIPlugin:80 - create IPUIPlugin
2023-12-20 16:36:09,644 [INFO] IPUIPlugin:80 - create IPUIPlugin
2023-12-20 16:36:09,645 [INFO] IPUIPlugin:80 - create IPUIPlugin
2023-12-20 16:36:09,645 [INFO] IPUIPlugin:80 - create IPUIPlugin
2023-12-20 16:36:09,645 [INFO] IPUIPlugin:80 - create IPUIPlugin
2023-12-20 16:36:09,645 [INFO] IPUIPlugin:80 - create IPUIPlugin
2023-12-20 16:36:09,645 [INFO] IPUIPlugin:80 - create IPUIPlugin
2023-12-20 16:36:09,645 [INFO] IPUIPlugin:80 - create IPUIPlugin
2023-12-20 16:36:09,647 [INFO] IPUIPlugin:80 - create IPUIPlugin
2023-12-20 16:36:09,647 [INFO] IPUIPlugin:80 - create IPUIPlugin
2023-12-20 16:36:09,647 [INFO] IPUIPlugin:80 - create IPUIPlugin
2023-12-20 16:36:09,647 [INFO] IPUIPlugin:80 - create IPUIPlugin
2023-12-20 16:36:09,647 [INFO] IPUIPlugin:80 - create IPUIPlugin
2023-12-20 16:36:09,648 [INFO] IPUIPlugin:80 - create IPUIPlugin
2023-12-20 16:36:09,648 [INFO] IPUIPlugin:80 - create IPUIPlugin
2023-12-20 16:36:09,648 [INFO] IPUIPlugin:80 - create IPUIPlugin
2023-12-20 16:36:09,648 [INFO] IPUIPlugin:80 - create IPUIPlugin
2023-12-20 16:36:09,648 [INFO] IPUIPlugin:80 - create IPUIPlugin
2023-12-20 16:36:09,648 [INFO] IPUIPlugin:80 - create IPUIPlugin
2023-12-20 16:36:09,649 [INFO] IPUIPlugin:80 - create IPUIPlugin
2023-12-20 16:36:09,649 [INFO] IPUIPlugin:80 - create IPUIPlugin
2023-12-20 16:36:09,649 [INFO] IPUIPlugin:80 - create IPUIPlugin
2023-12-20 16:36:10,878 [INFO] CADModel:165 - CPN selected for project levelSTM32F103C8T6
2023-12-20 16:36:10,878 [INFO] CADModel:114 - Register for checkConnection events
2023-12-20 16:36:10,954 [INFO] OpenFileManager:328 - Restore cursor
2023-12-20 16:36:14,303 [INFO] UtilMem:75 - End SaveConfig() Used Memory: 879857192 Bytes (1073741824)
2023-12-20 16:36:14,495 [INFO] UtilMem:75 - End SaveConfig() Used Memory: 892962344 Bytes (1073741824)
2023-12-20 16:36:15,622 [INFO] BlockDiagram:2759 - set Specific Code input for plugin: NVIC
2023-12-20 16:36:15,714 [INFO] BlockDiagram:2759 - set Specific Code input for plugin: RCC
2023-12-20 16:36:15,715 [INFO] CodeGenerator:799 - code generatio: config db path: C:\ST\STM32CubeIDE_1.12.1\STM32CubeIDE\plugins\com.st.stm32cube.common.mx_6.9.2.202309101412\\db\
2023-12-20 16:36:17,265 [INFO] CodeEngine:255 - oldGeneratedFile, C:\Users\TAMRD\Documents\STM32_HAL\i2c\MXTmpFiles\license.tmp_save
2023-12-20 16:36:18,256 [INFO] CodeEngine:279 - Generated code: C:\Users\TAMRD\Documents\STM32_HAL\i2c\MXTmpFiles\license.tmp
2023-12-20 16:36:18,434 [INFO] CodeEngine:255 - oldGeneratedFile, C:\Users\TAMRD\Documents\STM32_HAL\i2c\Core\Src\stm32f1xx_it.c_save
2023-12-20 16:36:18,813 [INFO] CodeEngine:279 - Generated code: C:\Users\TAMRD\Documents\STM32_HAL\i2c\Core\Src\stm32f1xx_it.c
2023-12-20 16:36:18,857 [INFO] CodeEngine:255 - oldGeneratedFile, C:\Users\TAMRD\Documents\STM32_HAL\i2c\Core\Inc\stm32f1xx_it.h_save
2023-12-20 16:36:19,006 [INFO] CodeEngine:279 - Generated code: C:\Users\TAMRD\Documents\STM32_HAL\i2c\Core\Inc\stm32f1xx_it.h
2023-12-20 16:36:19,509 [INFO] CodeEngine:255 - oldGeneratedFile, C:\Users\TAMRD\Documents\STM32_HAL\i2c\Core\Src\stm32f1xx_hal_msp.c_save
2023-12-20 16:36:19,742 [INFO] CodeEngine:279 - Generated code: C:\Users\TAMRD\Documents\STM32_HAL\i2c\Core\Src\stm32f1xx_hal_msp.c
2023-12-20 16:36:19,783 [INFO] CodeEngine:255 - oldGeneratedFile, C:\Users\TAMRD\Documents\STM32_HAL\i2c\MXTmpFiles\system.tmp_save
2023-12-20 16:36:19,909 [INFO] CodeEngine:279 - Generated code: C:\Users\TAMRD\Documents\STM32_HAL\i2c\MXTmpFiles\system.tmp
2023-12-20 16:36:19,982 [INFO] CodeEngine:311 - oldGeneratedFile, C:\Users\TAMRD\Documents\STM32_HAL\i2c\Core\Inc\stm32f1xx_hal_conf.h_save
2023-12-20 16:36:20,224 [INFO] CodeEngine:335 - Generated code: C:\Users\TAMRD\Documents\STM32_HAL\i2c\Core\Inc\stm32f1xx_hal_conf.h
2023-12-20 16:36:20,384 [INFO] CodeEngine:255 - oldGeneratedFile, C:\Users\TAMRD\Documents\STM32_HAL\i2c\Core\Inc\main.h_save
2023-12-20 16:36:20,637 [INFO] CodeEngine:279 - Generated code: C:\Users\TAMRD\Documents\STM32_HAL\i2c\Core\Inc\main.h
2023-12-20 16:36:20,692 [INFO] CodeEngine:255 - oldGeneratedFile, C:\Users\TAMRD\Documents\STM32_HAL\i2c\Core\Src\main.c_save
2023-12-20 16:36:20,904 [INFO] CodeEngine:279 - Generated code: C:\Users\TAMRD\Documents\STM32_HAL\i2c\Core\Src\main.c
2023-12-20 16:36:23,600 [INFO] ProjectBuilder:3064 - Time for Copy HAL[1] : 1527mS.
2023-12-20 16:36:23,613 [INFO] ProjectBuilder:4404 - Project Generator version: 4.1.0
2023-12-20 16:36:24,065 [INFO] ConfigFileManager:1457 - The Die is : DIE410
2023-12-20 16:36:24,130 [INFO] ApiDbMcu:507 - Load IP Config File for FATFS
2023-12-20 16:36:24,180 [INFO] ApiDbMcu:507 - Load IP Config File for FREERTOS
2023-12-20 16:36:24,213 [INFO] ApiDbMcu:507 - Load IP Config File for USB_DEVICE
2023-12-20 16:36:27,843 [INFO] LogOutputStream:77 - [STDOUT_REDIRECT] 
2023-12-20 16:36:39,996 [INFO] ProjectBuilder:4626 - Time for Generating toolchain IDE Files: 16382mS.
2023-12-20 16:36:39,997 [INFO] ProjectBuilder:2935 - Time for Copy CMSIS : 0mS.
2023-12-20 16:36:40,000 [INFO] ProjectBuilder:2935 - Time for Copy CMSIS : 1mS.
2023-12-20 16:36:44,292 [INFO] McuFinderGlobals:76 - Set McuFinderConnectedMode to true
2023-12-20 16:36:44,299 [INFO] ApiDb:448 - Save user favorites file C:\Users\TAMRD/.stm32cubeide/favorites.mcus.txt: 0 item(s)
2023-12-20 16:36:44,299 [INFO] ApiDb:452 - User favorites MCUs=[]
2023-12-20 16:38:46,444 [WARN] IP:2114 - I2C_Coeff_DF not found: check if there is a RefParameter without a condition.
2023-12-20 16:38:46,444 [WARN] IP:2114 - Analog_Filter not found: check if there is a RefParameter without a condition.
2023-12-20 16:38:46,511 [WARN] IP:2114 - I2C_Coeff_DF not found: check if there is a RefParameter without a condition.
2023-12-20 16:38:46,511 [WARN] IP:2114 - Analog_Filter not found: check if there is a RefParameter without a condition.
2023-12-20 16:38:46,512 [WARN] IP:2114 - I2C_Coeff_DF not found: check if there is a RefParameter without a condition.
2023-12-20 16:38:46,512 [WARN] IP:2114 - Analog_Filter not found: check if there is a RefParameter without a condition.
2023-12-20 16:38:46,709 [WARN] IP:2114 - I2C_Coeff_DF not found: check if there is a RefParameter without a condition.
2023-12-20 16:38:46,709 [WARN] IP:2114 - Analog_Filter not found: check if there is a RefParameter without a condition.
2023-12-20 16:38:46,710 [WARN] IP:2114 - I2C_Coeff_DF not found: check if there is a RefParameter without a condition.
2023-12-20 16:38:46,710 [WARN] IP:2114 - Analog_Filter not found: check if there is a RefParameter without a condition.
2023-12-20 16:38:46,807 [WARN] IP:2114 - I2C_Coeff_DF not found: check if there is a RefParameter without a condition.
2023-12-20 16:38:46,807 [WARN] IP:2114 - Analog_Filter not found: check if there is a RefParameter without a condition.
2023-12-20 16:38:55,662 [INFO] NvicIntPanel:101 - NVIC parent = com.st.microxplorer.plugins.ip.nvic.MultiNvicIntPanel[,0,0,483x275,layout=javax.swing.BoxLayout,alignmentX=0.0,alignmentY=0.0,border=,flags=9,maximumSize=,minimumSize=,preferredSize=]
2023-12-20 16:38:58,087 [WARN] IP:2114 - I2C_Coeff_DF not found: check if there is a RefParameter without a condition.
2023-12-20 16:38:58,087 [WARN] IP:2114 - Analog_Filter not found: check if there is a RefParameter without a condition.
2023-12-20 16:38:58,108 [INFO] NvicIntPanel:101 - NVIC parent = com.st.microxplorer.plugins.ip.nvic.MultiNvicIntPanel[,0,0,0x0,invalid,layout=javax.swing.BoxLayout,alignmentX=0.0,alignmentY=0.0,border=,flags=9,maximumSize=,minimumSize=,preferredSize=]
2023-12-20 16:38:59,535 [INFO] NvicIntPanel:101 - NVIC parent = com.st.microxplorer.plugins.ip.nvic.MultiNvicIntPanel[,0,0,0x0,invalid,layout=javax.swing.BoxLayout,alignmentX=0.0,alignmentY=0.0,border=,flags=9,maximumSize=,minimumSize=,preferredSize=]
2023-12-20 16:39:04,498 [WARN] IP:2114 - I2C_Coeff_DF not found: check if there is a RefParameter without a condition.
2023-12-20 16:39:04,498 [WARN] IP:2114 - Analog_Filter not found: check if there is a RefParameter without a condition.
2023-12-20 16:39:04,498 [WARN] IP:2114 - I2C_Coeff_DF not found: check if there is a RefParameter without a condition.
2023-12-20 16:39:04,498 [WARN] IP:2114 - Analog_Filter not found: check if there is a RefParameter without a condition.
2023-12-20 16:39:05,565 [WARN] IP:2114 - I2C_Coeff_DF not found: check if there is a RefParameter without a condition.
2023-12-20 16:39:05,565 [WARN] IP:2114 - Analog_Filter not found: check if there is a RefParameter without a condition.
2023-12-20 16:39:05,566 [WARN] IP:2114 - I2C_Coeff_DF not found: check if there is a RefParameter without a condition.
2023-12-20 16:39:05,566 [WARN] IP:2114 - Analog_Filter not found: check if there is a RefParameter without a condition.
2023-12-20 16:39:09,757 [WARN] IP:2114 - I2C_Coeff_DF not found: check if there is a RefParameter without a condition.
2023-12-20 16:39:09,758 [WARN] IP:2114 - Analog_Filter not found: check if there is a RefParameter without a condition.
2023-12-20 16:39:09,758 [WARN] IP:2114 - I2C_Coeff_DF not found: check if there is a RefParameter without a condition.
2023-12-20 16:39:09,758 [WARN] IP:2114 - Analog_Filter not found: check if there is a RefParameter without a condition.
2023-12-20 16:39:13,720 [INFO] NvicIntPanel:101 - NVIC parent = com.st.microxplorer.plugins.ip.nvic.MultiNvicIntPanel[,0,0,483x275,layout=javax.swing.BoxLayout,alignmentX=0.0,alignmentY=0.0,border=,flags=9,maximumSize=,minimumSize=,preferredSize=]
2023-12-20 16:39:23,575 [INFO] UtilMem:75 - End SaveConfig() Used Memory: 634551536 Bytes (1073741824)
2023-12-20 16:39:25,051 [INFO] UtilMem:75 - End SaveConfig() Used Memory: 651708240 Bytes (1073741824)
2023-12-20 16:39:25,376 [INFO] UtilMem:75 - End SaveConfig() Used Memory: 670060368 Bytes (1073741824)
2023-12-20 16:39:25,714 [INFO] BlockDiagram:2759 - set Specific Code input for plugin: NVIC
2023-12-20 16:39:25,714 [INFO] BlockDiagram:2759 - set Specific Code input for plugin: SYS
2023-12-20 16:39:25,714 [INFO] BlockDiagram:2759 - set Specific Code input for plugin: GPIO
2023-12-20 16:39:25,714 [INFO] BlockDiagram:2759 - set Specific Code input for plugin: RCC
2023-12-20 16:39:25,714 [INFO] BlockDiagram:2759 - set Specific Code input for plugin: I2C
2023-12-20 16:39:25,715 [INFO] CodeGenerator:799 - code generatio: config db path: C:\ST\STM32CubeIDE_1.12.1\STM32CubeIDE\plugins\com.st.stm32cube.common.mx_6.9.2.202309101412\\db\
2023-12-20 16:39:25,716 [WARN] IP:2114 - I2C_Coeff_DF not found: check if there is a RefParameter without a condition.
2023-12-20 16:39:25,716 [WARN] IP:2114 - Analog_Filter not found: check if there is a RefParameter without a condition.
2023-12-20 16:39:25,841 [INFO] CodeEngine:255 - oldGeneratedFile, C:\Users\TAMRD\Documents\STM32_HAL\i2c\MXTmpFiles\license.tmp_save
2023-12-20 16:39:26,000 [INFO] CodeEngine:279 - Generated code: C:\Users\TAMRD\Documents\STM32_HAL\i2c\MXTmpFiles\license.tmp
2023-12-20 16:39:26,159 [INFO] CodeEngine:255 - oldGeneratedFile, C:\Users\TAMRD\Documents\STM32_HAL\i2c\MXTmpFiles\gpio.tmp_save
2023-12-20 16:39:26,314 [INFO] CodeEngine:279 - Generated code: C:\Users\TAMRD\Documents\STM32_HAL\i2c\MXTmpFiles\gpio.tmp
2023-12-20 16:39:26,544 [INFO] CodeEngine:255 - oldGeneratedFile, C:\Users\TAMRD\Documents\STM32_HAL\i2c\Core\Src\stm32f1xx_it.c_save
2023-12-20 16:39:26,702 [INFO] CodeEngine:279 - Generated code: C:\Users\TAMRD\Documents\STM32_HAL\i2c\Core\Src\stm32f1xx_it.c
2023-12-20 16:39:26,713 [INFO] CodeEngine:255 - oldGeneratedFile, C:\Users\TAMRD\Documents\STM32_HAL\i2c\Core\Inc\stm32f1xx_it.h_save
2023-12-20 16:39:26,851 [INFO] CodeEngine:279 - Generated code: C:\Users\TAMRD\Documents\STM32_HAL\i2c\Core\Inc\stm32f1xx_it.h
2023-12-20 16:39:26,878 [INFO] CodeEngine:255 - oldGeneratedFile, C:\Users\TAMRD\Documents\STM32_HAL\i2c\Core\Src\stm32f1xx_hal_msp.c_save
2023-12-20 16:39:27,100 [INFO] CodeEngine:279 - Generated code: C:\Users\TAMRD\Documents\STM32_HAL\i2c\Core\Src\stm32f1xx_hal_msp.c
2023-12-20 16:39:27,107 [INFO] CodeEngine:255 - oldGeneratedFile, C:\Users\TAMRD\Documents\STM32_HAL\i2c\MXTmpFiles\system.tmp_save
2023-12-20 16:39:27,181 [INFO] CodeEngine:279 - Generated code: C:\Users\TAMRD\Documents\STM32_HAL\i2c\MXTmpFiles\system.tmp
2023-12-20 16:39:27,198 [INFO] CodeEngine:311 - oldGeneratedFile, C:\Users\TAMRD\Documents\STM32_HAL\i2c\Core\Inc\stm32f1xx_hal_conf.h_save
2023-12-20 16:39:27,330 [INFO] CodeEngine:335 - Generated code: C:\Users\TAMRD\Documents\STM32_HAL\i2c\Core\Inc\stm32f1xx_hal_conf.h
2023-12-20 16:39:27,418 [INFO] CodeEngine:255 - oldGeneratedFile, C:\Users\TAMRD\Documents\STM32_HAL\i2c\Core\Inc\main.h_save
2023-12-20 16:39:27,583 [INFO] CodeEngine:279 - Generated code: C:\Users\TAMRD\Documents\STM32_HAL\i2c\Core\Inc\main.h
2023-12-20 16:39:27,610 [INFO] CodeEngine:255 - oldGeneratedFile, C:\Users\TAMRD\Documents\STM32_HAL\i2c\Core\Src\main.c_save
2023-12-20 16:39:27,766 [INFO] CodeEngine:279 - Generated code: C:\Users\TAMRD\Documents\STM32_HAL\i2c\Core\Src\main.c
2023-12-20 16:39:30,135 [INFO] ProjectBuilder:3064 - Time for Copy HAL[1] : 1320mS.
2023-12-20 16:39:30,138 [INFO] ProjectBuilder:4404 - Project Generator version: 4.1.0
2023-12-20 16:39:30,674 [INFO] ConfigFileManager:1457 - The Die is : DIE410
2023-12-20 16:39:36,753 [INFO] ProjectBuilder:4626 - Time for Generating toolchain IDE Files: 6615mS.
2023-12-20 16:39:36,754 [INFO] ProjectBuilder:2935 - Time for Copy CMSIS : 0mS.
2023-12-20 16:39:36,756 [INFO] ProjectBuilder:2935 - Time for Copy CMSIS : 0mS.
2023-12-20 16:41:20,175 [INFO] UtilMem:75 - End SaveConfig() Used Memory: 814586952 Bytes (1073741824)
2023-12-20 16:41:20,606 [INFO] BlockDiagram:2759 - set Specific Code input for plugin: NVIC
2023-12-20 16:41:20,607 [INFO] BlockDiagram:2759 - set Specific Code input for plugin: SYS
2023-12-20 16:41:20,607 [INFO] BlockDiagram:2759 - set Specific Code input for plugin: GPIO
2023-12-20 16:41:20,607 [INFO] BlockDiagram:2759 - set Specific Code input for plugin: RCC
2023-12-20 16:41:20,607 [INFO] BlockDiagram:2759 - set Specific Code input for plugin: I2C
2023-12-20 16:41:20,608 [INFO] CodeGenerator:799 - code generatio: config db path: C:\ST\STM32CubeIDE_1.12.1\STM32CubeIDE\plugins\com.st.stm32cube.common.mx_6.9.2.202309101412\\db\
2023-12-20 16:41:20,609 [WARN] IP:2114 - I2C_Coeff_DF not found: check if there is a RefParameter without a condition.
2023-12-20 16:41:20,609 [WARN] IP:2114 - Analog_Filter not found: check if there is a RefParameter without a condition.
2023-12-20 16:41:20,786 [INFO] CodeEngine:255 - oldGeneratedFile, C:\Users\TAMRD\Documents\STM32_HAL\i2c\MXTmpFiles\license.tmp_save
2023-12-20 16:41:21,026 [INFO] CodeEngine:279 - Generated code: C:\Users\TAMRD\Documents\STM32_HAL\i2c\MXTmpFiles\license.tmp
2023-12-20 16:41:21,053 [INFO] CodeEngine:255 - oldGeneratedFile, C:\Users\TAMRD\Documents\STM32_HAL\i2c\MXTmpFiles\gpio.tmp_save
2023-12-20 16:41:21,675 [INFO] CodeEngine:279 - Generated code: C:\Users\TAMRD\Documents\STM32_HAL\i2c\MXTmpFiles\gpio.tmp
2023-12-20 16:41:21,821 [INFO] CodeEngine:255 - oldGeneratedFile, C:\Users\TAMRD\Documents\STM32_HAL\i2c\Core\Src\stm32f1xx_it.c_save
2023-12-20 16:41:22,031 [INFO] CodeEngine:279 - Generated code: C:\Users\TAMRD\Documents\STM32_HAL\i2c\Core\Src\stm32f1xx_it.c
2023-12-20 16:41:22,038 [INFO] CodeEngine:255 - oldGeneratedFile, C:\Users\TAMRD\Documents\STM32_HAL\i2c\Core\Inc\stm32f1xx_it.h_save
2023-12-20 16:41:22,148 [INFO] CodeEngine:279 - Generated code: C:\Users\TAMRD\Documents\STM32_HAL\i2c\Core\Inc\stm32f1xx_it.h
2023-12-20 16:41:22,192 [INFO] CodeEngine:255 - oldGeneratedFile, C:\Users\TAMRD\Documents\STM32_HAL\i2c\Core\Src\stm32f1xx_hal_msp.c_save
2023-12-20 16:41:22,392 [INFO] CodeEngine:279 - Generated code: C:\Users\TAMRD\Documents\STM32_HAL\i2c\Core\Src\stm32f1xx_hal_msp.c
2023-12-20 16:41:22,397 [INFO] CodeEngine:255 - oldGeneratedFile, C:\Users\TAMRD\Documents\STM32_HAL\i2c\MXTmpFiles\system.tmp_save
2023-12-20 16:41:22,491 [INFO] CodeEngine:279 - Generated code: C:\Users\TAMRD\Documents\STM32_HAL\i2c\MXTmpFiles\system.tmp
2023-12-20 16:41:22,522 [INFO] CodeEngine:311 - oldGeneratedFile, C:\Users\TAMRD\Documents\STM32_HAL\i2c\Core\Inc\stm32f1xx_hal_conf.h_save
2023-12-20 16:41:22,763 [INFO] CodeEngine:335 - Generated code: C:\Users\TAMRD\Documents\STM32_HAL\i2c\Core\Inc\stm32f1xx_hal_conf.h
2023-12-20 16:41:22,818 [INFO] CodeEngine:255 - oldGeneratedFile, C:\Users\TAMRD\Documents\STM32_HAL\i2c\Core\Inc\main.h_save
2023-12-20 16:41:22,954 [INFO] CodeEngine:279 - Generated code: C:\Users\TAMRD\Documents\STM32_HAL\i2c\Core\Inc\main.h
2023-12-20 16:41:22,979 [INFO] CodeEngine:255 - oldGeneratedFile, C:\Users\TAMRD\Documents\STM32_HAL\i2c\Core\Src\main.c_save
2023-12-20 16:41:23,084 [INFO] CodeEngine:279 - Generated code: C:\Users\TAMRD\Documents\STM32_HAL\i2c\Core\Src\main.c
2023-12-20 16:41:24,135 [INFO] ProjectBuilder:3064 - Time for Copy HAL[1] : 178mS.
2023-12-20 16:41:24,140 [INFO] ProjectBuilder:4404 - Project Generator version: 4.1.0
2023-12-20 16:41:24,573 [INFO] ConfigFileManager:1457 - The Die is : DIE410
2023-12-20 16:41:27,958 [INFO] ProjectBuilder:4626 - Time for Generating toolchain IDE Files: 3819mS.
2023-12-20 16:41:27,959 [INFO] ProjectBuilder:2935 - Time for Copy CMSIS : 1mS.
2023-12-20 16:41:27,961 [INFO] ProjectBuilder:2935 - Time for Copy CMSIS : 0mS.
