2024-01-03 10:22:08,997 [INFO] Activator:176 - 


2024-01-03 10:22:09,017 [INFO] Activator:177 - !SESSION log4j initialized
2024-01-03 10:22:24,340 [INFO] LogOutputStream:77 - [STDOUT_REDIRECT] 
2024-01-03 10:22:30,532 [INFO] ApplicationProperties:184 - Using Application install path: C:\ST\STM32CubeIDE_1.12.1\STM32CubeIDE\plugins\com.st.stm32cube.common.mx_6.9.2.202309101412
2024-01-03 10:22:30,580 [INFO] DbMcusXml:78 - Set database path to: C:\ST\STM32CubeIDE_1.12.1\STM32CubeIDE\plugins\com.st.stm32cube.common.mx_6.9.2.202309101412\\db\/mcu/
2024-01-03 10:22:30,581 [INFO] ApiDb:274 - Set plugin database path to: C:\ST\STM32CubeIDE_1.12.1\STM32CubeIDE\plugins\com.st.stm32cube.common.mx_6.9.2.202309101412\\db\/plugins/boardmanager/
2024-01-03 10:22:30,581 [WARN] ApiDb:259 - Overriding images path with different value:  => C:\ST\STM32CubeIDE_1.12.1\STM32CubeIDE\plugins\com.st.stm32cube.common.mx_6.9.2.202309101412\\db\/plugins/mcufinder/images/
2024-01-03 10:22:30,758 [INFO] ApiDb:250 - Set database path to: C:\Users\TAMRD\.stmcufinder\plugins\mcufinder//mcu/
2024-01-03 10:22:30,760 [INFO] DbMcusAds:125 - Set database path to: C:\Users\TAMRD\.stmcufinder\plugins\mcufinder//mcu/
2024-01-03 10:22:30,762 [INFO] CrossReferenceDbSqlite:203 - Set database path to: C:\Users\TAMRD\.stmcufinder\plugins\mcufinder//mcu/cs/
2024-01-03 10:22:31,037 [INFO] RulesReader:64 - Compatibility file has been processed (293 Rules)
2024-01-03 10:22:31,281 [INFO] DbMcusXml:78 - Set database path to: C:\ST\STM32CubeIDE_1.12.1\STM32CubeIDE\plugins\com.st.stm32cube.common.mx_6.9.2.202309101412\\db\/mcu/
2024-01-03 10:22:31,281 [INFO] ApiDb:274 - Set plugin database path to: C:\ST\STM32CubeIDE_1.12.1\STM32CubeIDE\plugins\com.st.stm32cube.common.mx_6.9.2.202309101412\\db\/plugins/boardmanager/
2024-01-03 10:22:31,281 [INFO] ApiDb:261 - Set plugin images path to: C:\ST\STM32CubeIDE_1.12.1\STM32CubeIDE\plugins\com.st.stm32cube.common.mx_6.9.2.202309101412\\db\/plugins/mcufinder/images/
2024-01-03 10:22:31,282 [WARN] DbFile:41 - Overriding database path with different value: C:\Users\TAMRD\.stmcufinder\plugins\mcufinder/ => C:\Users\TAMRD\.stmcufinder\plugins\mcufinder
2024-01-03 10:22:31,282 [INFO] ApiDb:250 - Set database path to: C:\Users\TAMRD\.stmcufinder\plugins\mcufinder//mcu/
2024-01-03 10:22:31,282 [WARN] DbFile:41 - Overriding database path with different value: C:\Users\TAMRD\.stmcufinder\plugins\mcufinder/ => C:\Users\TAMRD\.stmcufinder\plugins\mcufinder
2024-01-03 10:22:31,282 [INFO] DbMcusAds:125 - Set database path to: C:\Users\TAMRD\.stmcufinder\plugins\mcufinder//mcu/
2024-01-03 10:22:31,282 [WARN] DbFile:41 - Overriding database path with different value: C:\Users\TAMRD\.stmcufinder\plugins\mcufinder/ => C:\Users\TAMRD\.stmcufinder\plugins\mcufinder
2024-01-03 10:22:31,282 [WARN] DbFile:41 - Overriding database path with different value: C:\Users\TAMRD\.stmcufinder\plugins\mcufinder/ => C:\Users\TAMRD\.stmcufinder\plugins\mcufinder
2024-01-03 10:22:31,282 [INFO] CrossReferenceDbSqlite:203 - Set database path to: C:\Users\TAMRD\.stmcufinder\plugins\mcufinder//mcu/cs/
2024-01-03 10:22:31,467 [INFO] MainPanel:262 - HeapMemory: 268435456
2024-01-03 10:22:31,699 [INFO] DbMcusXml:78 - Set database path to: C:\ST\STM32CubeIDE_1.12.1\STM32CubeIDE\plugins\com.st.stm32cube.common.mx_6.9.2.202309101412\\db\/mcu/
2024-01-03 10:22:31,699 [INFO] ApiDb:274 - Set plugin database path to: C:\ST\STM32CubeIDE_1.12.1\STM32CubeIDE\plugins\com.st.stm32cube.common.mx_6.9.2.202309101412\\db\/plugins/boardmanager/
2024-01-03 10:22:31,699 [INFO] ApiDb:261 - Set plugin images path to: C:\ST\STM32CubeIDE_1.12.1\STM32CubeIDE\plugins\com.st.stm32cube.common.mx_6.9.2.202309101412\\db\/plugins/mcufinder/images/
2024-01-03 10:22:31,700 [WARN] DbFile:41 - Overriding database path with different value: C:\Users\TAMRD\.stmcufinder\plugins\mcufinder/ => C:\Users\TAMRD\.stmcufinder\plugins\mcufinder
2024-01-03 10:22:31,700 [INFO] ApiDb:250 - Set database path to: C:\Users\TAMRD\.stmcufinder\plugins\mcufinder//mcu/
2024-01-03 10:22:31,700 [WARN] DbFile:41 - Overriding database path with different value: C:\Users\TAMRD\.stmcufinder\plugins\mcufinder/ => C:\Users\TAMRD\.stmcufinder\plugins\mcufinder
2024-01-03 10:22:31,700 [INFO] DbMcusAds:125 - Set database path to: C:\Users\TAMRD\.stmcufinder\plugins\mcufinder//mcu/
2024-01-03 10:22:31,700 [WARN] DbFile:41 - Overriding database path with different value: C:\Users\TAMRD\.stmcufinder\plugins\mcufinder/ => C:\Users\TAMRD\.stmcufinder\plugins\mcufinder
2024-01-03 10:22:31,700 [WARN] DbFile:41 - Overriding database path with different value: C:\Users\TAMRD\.stmcufinder\plugins\mcufinder/ => C:\Users\TAMRD\.stmcufinder\plugins\mcufinder
2024-01-03 10:22:31,701 [INFO] CrossReferenceDbSqlite:203 - Set database path to: C:\Users\TAMRD\.stmcufinder\plugins\mcufinder//mcu/cs/
2024-01-03 10:22:31,723 [INFO] ApplicationProperties:184 - Using Application install path: C:\ST\STM32CubeIDE_1.12.1\STM32CubeIDE\plugins\com.st.stm32cube.common.mx_6.9.2.202309101412
2024-01-03 10:22:31,724 [INFO] PluginManage:196 - Search for loadable plugins [exclusion list=, ]
2024-01-03 10:22:31,744 [INFO] PluginManage:310 - Check plugin analytics
2024-01-03 10:22:32,208 [INFO] AnalyticsPlugin:253 - Accepted Software Licenses: 
2024-01-03 10:22:32,208 [INFO] AnalyticsPlugin:255 - Accepted CMSIS Pack Licenses: 
2024-01-03 10:22:32,209 [INFO] AnalyticsPlugin:257 - Accepted Firmware Licenses: 
2024-01-03 10:22:32,214 [INFO] PluginManage:359 - Loaded plugin analytics (category:tool,tabindex:-1)
2024-01-03 10:22:32,215 [INFO] PluginManage:310 - Check plugin cadmodel
2024-01-03 10:22:32,301 [INFO] CADModel:105 - Init CAD model plugin
2024-01-03 10:22:32,302 [INFO] PluginManage:359 - Loaded plugin cadmodel (category:power,tabindex:5)
2024-01-03 10:22:32,302 [INFO] PluginManage:310 - Check plugin clock
2024-01-03 10:22:32,356 [INFO] PluginManage:359 - Loaded plugin clock (category:base,tabindex:2)
2024-01-03 10:22:32,356 [INFO] PluginManage:310 - Check plugin ddr
2024-01-03 10:22:32,377 [INFO] PluginManage:359 - Loaded plugin ddr (category:tool,tabindex:6)
2024-01-03 10:22:32,377 [INFO] PluginManage:310 - Check plugin filemanager
2024-01-03 10:22:32,731 [INFO] PluginManage:359 - Loaded plugin filemanager (category:base,tabindex:10)
2024-01-03 10:22:32,731 [INFO] PluginManage:310 - Check plugin ipmanager
2024-01-03 10:22:32,750 [INFO] PluginManage:359 - Loaded plugin ipmanager (category:base,tabindex:5)
2024-01-03 10:22:32,751 [INFO] PluginManage:310 - Check plugin lpbam
2024-01-03 10:22:32,782 [INFO] PluginManage:359 - Loaded plugin lpbam (category:base,tabindex:0)
2024-01-03 10:22:32,782 [INFO] PluginManage:310 - Check plugin memorymap
2024-01-03 10:22:32,831 [INFO] PluginManage:359 - Loaded plugin memorymap (category:base,tabindex:4)
2024-01-03 10:22:32,832 [INFO] PluginManage:310 - Check plugin pinoutandconfiguration
2024-01-03 10:22:32,868 [INFO] PluginManage:359 - Loaded plugin pinoutandconfiguration (category:base,tabindex:1)
2024-01-03 10:22:32,868 [INFO] PluginManage:310 - Check plugin pinoutconfig
2024-01-03 10:22:33,017 [WARN] SupportedApi:132 - Cannot load RTOS API schema: s4s-elt-must-match.1: The content of 'definitions' must match (annotation?, (simpleType | complexType)?, (unique | key | keyref)*)). A problem was found starting at: attribute.
2024-01-03 10:22:33,199 [INFO] PluginManage:359 - Loaded plugin pinoutconfig (category:base,tabindex:0)
2024-01-03 10:22:33,199 [INFO] PluginManage:310 - Check plugin power
2024-01-03 10:22:33,246 [INFO] PluginManage:359 - Loaded plugin power (category:power,tabindex:4)
2024-01-03 10:22:33,246 [INFO] PluginManage:310 - Check plugin projectmanager
2024-01-03 10:22:33,285 [INFO] PluginManage:359 - Loaded plugin projectmanager (category:projectmanager,tabindex:3)
2024-01-03 10:22:33,285 [INFO] PluginManage:310 - Check plugin thirdparty
2024-01-03 10:22:33,818 [INFO] PluginManage:359 - Loaded plugin thirdparty (category:base,tabindex:-1)
2024-01-03 10:22:33,818 [INFO] PluginManage:310 - Check plugin tools
2024-01-03 10:22:33,831 [WARN] IntegrityCheckThread:84 - waiting for thirdparty lock release [integrity check]
2024-01-03 10:22:33,832 [INFO] IntegrityCheckThread:86 - entering critical section [integrity check]
2024-01-03 10:22:33,833 [INFO] ThirdPartyUpdaterWithRetryManager:70 - Updater plugin not ready yet. [1/15]
2024-01-03 10:22:33,876 [INFO] PluginManage:359 - Loaded plugin tools (category:base,tabindex:7)
2024-01-03 10:22:33,876 [INFO] PluginManage:310 - Check plugin tutovideos
2024-01-03 10:22:34,185 [INFO] PluginManage:359 - Loaded plugin tutovideos (category:base,tabindex:-1)
2024-01-03 10:22:34,186 [INFO] PluginManage:310 - Check plugin updater
2024-01-03 10:22:34,221 [INFO] PluginManage:359 - Loaded plugin updater (category:base,tabindex:12)
2024-01-03 10:22:34,221 [INFO] PluginManage:310 - Check plugin userauth
2024-01-03 10:22:34,247 [INFO] UserAuth:113 - Init User Auth plugin
2024-01-03 10:22:34,247 [INFO] PluginManage:359 - Loaded plugin userauth (category:base,tabindex:14)
2024-01-03 10:22:34,247 [INFO] PluginManage:283 - PluginManage : Loaded plugins [17]
2024-01-03 10:22:34,855 [INFO] PinOutPanel:1499 - setPackage(No Configuration,No Configuration)
2024-01-03 10:22:35,318 [INFO] CADModel:165 - CPN selected for project level
2024-01-03 10:22:35,319 [INFO] CADModel:114 - Register for checkConnection events
2024-01-03 10:22:35,399 [INFO] IPUIPlugin:80 - create IPUIPlugin
2024-01-03 10:22:35,399 [INFO] PluginManager:220 - loadIPPluginJar : add adc
2024-01-03 10:22:35,465 [INFO] IPUIPlugin:80 - create IPUIPlugin
2024-01-03 10:22:35,465 [INFO] PluginManager:220 - loadIPPluginJar : add aes
2024-01-03 10:22:35,528 [INFO] IPUIPlugin:80 - create IPUIPlugin
2024-01-03 10:22:35,528 [INFO] PluginManager:220 - loadIPPluginJar : add can
2024-01-03 10:22:35,578 [INFO] IPUIPlugin:80 - create IPUIPlugin
2024-01-03 10:22:35,578 [INFO] PluginManager:220 - loadIPPluginJar : add comp
2024-01-03 10:22:35,633 [INFO] IPUIPlugin:80 - create IPUIPlugin
2024-01-03 10:22:35,634 [INFO] PluginManager:220 - loadIPPluginJar : add cryp
2024-01-03 10:22:35,671 [INFO] IPUIPlugin:80 - create IPUIPlugin
2024-01-03 10:22:35,672 [INFO] PluginManager:220 - loadIPPluginJar : add dfsdm
2024-01-03 10:22:35,694 [INFO] IPUIPlugin:80 - create IPUIPlugin
2024-01-03 10:22:35,694 [INFO] PluginManager:220 - loadIPPluginJar : add dma
2024-01-03 10:22:35,752 [INFO] IPUIPlugin:80 - create IPUIPlugin
2024-01-03 10:22:35,752 [INFO] PluginManager:220 - loadIPPluginJar : add dma3
2024-01-03 10:22:35,787 [INFO] IPUIPlugin:80 - create IPUIPlugin
2024-01-03 10:22:35,787 [INFO] PluginManager:220 - loadIPPluginJar : add fatfs
2024-01-03 10:22:35,855 [INFO] IPUIPlugin:80 - create IPUIPlugin
2024-01-03 10:22:35,856 [INFO] PluginManager:220 - loadIPPluginJar : add fmc
2024-01-03 10:22:35,883 [INFO] IPUIPlugin:80 - create IPUIPlugin
2024-01-03 10:22:35,883 [INFO] PluginManager:220 - loadIPPluginJar : add freertos
2024-01-03 10:22:35,918 [INFO] IPUIPlugin:80 - create IPUIPlugin
2024-01-03 10:22:35,918 [INFO] PluginManager:220 - loadIPPluginJar : add genericplugin
2024-01-03 10:22:36,027 [INFO] IPUIPlugin:80 - create IPUIPlugin
2024-01-03 10:22:36,027 [INFO] PluginManager:220 - loadIPPluginJar : add gfxmmu
2024-01-03 10:22:36,187 [INFO] IPUIPlugin:80 - create IPUIPlugin
2024-01-03 10:22:36,187 [INFO] PluginManager:220 - loadIPPluginJar : add gic
2024-01-03 10:22:36,208 [INFO] IPUIPlugin:80 - create IPUIPlugin
2024-01-03 10:22:36,208 [INFO] PluginManager:220 - loadIPPluginJar : add gpio
2024-01-03 10:22:36,337 [INFO] IPUIPlugin:80 - create IPUIPlugin
2024-01-03 10:22:36,337 [INFO] PluginManager:220 - loadIPPluginJar : add gtzc
2024-01-03 10:22:36,388 [INFO] IPUIPlugin:80 - create IPUIPlugin
2024-01-03 10:22:36,388 [INFO] PluginManager:220 - loadIPPluginJar : add hash
2024-01-03 10:22:36,460 [INFO] IPUIPlugin:80 - create IPUIPlugin
2024-01-03 10:22:36,460 [INFO] PluginManager:220 - loadIPPluginJar : add i2c
2024-01-03 10:22:36,509 [INFO] IPUIPlugin:80 - create IPUIPlugin
2024-01-03 10:22:36,510 [INFO] PluginManager:220 - loadIPPluginJar : add i2s
2024-01-03 10:22:36,566 [INFO] IPUIPlugin:80 - create IPUIPlugin
2024-01-03 10:22:36,567 [INFO] PluginManager:220 - loadIPPluginJar : add i3c
2024-01-03 10:22:36,712 [INFO] IPUIPlugin:80 - create IPUIPlugin
2024-01-03 10:22:36,713 [INFO] PluginManager:220 - loadIPPluginJar : add ipddr
2024-01-03 10:22:36,832 [INFO] IPUIPlugin:80 - create IPUIPlugin
2024-01-03 10:22:36,832 [INFO] PluginManager:220 - loadIPPluginJar : add linkedlist
2024-01-03 10:22:36,833 [INFO] ThirdPartyUpdaterWithRetryManager:70 - Updater plugin not ready yet. [2/15]
2024-01-03 10:22:36,881 [INFO] IPUIPlugin:80 - create IPUIPlugin
2024-01-03 10:22:36,881 [INFO] PluginManager:220 - loadIPPluginJar : add lorawan
2024-01-03 10:22:36,923 [INFO] IPUIPlugin:80 - create IPUIPlugin
2024-01-03 10:22:36,923 [INFO] PluginManager:220 - loadIPPluginJar : add ltdc
2024-01-03 10:22:36,947 [INFO] IPUIPlugin:80 - create IPUIPlugin
2024-01-03 10:22:36,948 [INFO] PluginManager:220 - loadIPPluginJar : add mdma
2024-01-03 10:22:36,970 [INFO] IPUIPlugin:80 - create IPUIPlugin
2024-01-03 10:22:36,970 [INFO] PluginManager:220 - loadIPPluginJar : add nvic
2024-01-03 10:22:37,019 [INFO] IPUIPlugin:80 - create IPUIPlugin
2024-01-03 10:22:37,019 [INFO] PluginManager:220 - loadIPPluginJar : add opamp
2024-01-03 10:22:37,097 [INFO] IPUIPlugin:80 - create IPUIPlugin
2024-01-03 10:22:37,097 [INFO] PluginManager:220 - loadIPPluginJar : add openamp
2024-01-03 10:22:37,165 [INFO] IPUIPlugin:80 - create IPUIPlugin
2024-01-03 10:22:37,165 [INFO] PluginManager:220 - loadIPPluginJar : add pdm2pcm
2024-01-03 10:22:37,186 [INFO] IPUIPlugin:80 - create IPUIPlugin
2024-01-03 10:22:37,189 [INFO] PluginManager:220 - loadIPPluginJar : add plateformsettings
2024-01-03 10:22:37,212 [INFO] IPUIPlugin:80 - create IPUIPlugin
2024-01-03 10:22:37,212 [INFO] PluginManager:220 - loadIPPluginJar : add quadspi
2024-01-03 10:22:37,234 [INFO] IPUIPlugin:80 - create IPUIPlugin
2024-01-03 10:22:37,234 [INFO] PluginManager:220 - loadIPPluginJar : add resmgrutility
2024-01-03 10:22:37,310 [INFO] IPUIPlugin:80 - create IPUIPlugin
2024-01-03 10:22:37,311 [INFO] PluginManager:220 - loadIPPluginJar : add sai
2024-01-03 10:22:37,358 [INFO] IPUIPlugin:80 - create IPUIPlugin
2024-01-03 10:22:37,359 [INFO] PluginManager:220 - loadIPPluginJar : add spi
2024-01-03 10:22:37,428 [INFO] IPUIPlugin:80 - create IPUIPlugin
2024-01-03 10:22:37,428 [INFO] PluginManager:220 - loadIPPluginJar : add stm32_wpan
2024-01-03 10:22:37,457 [INFO] IPUIPlugin:80 - create IPUIPlugin
2024-01-03 10:22:37,457 [INFO] PluginManager:220 - loadIPPluginJar : add tim
2024-01-03 10:22:37,530 [INFO] IPUIPlugin:80 - create IPUIPlugin
2024-01-03 10:22:37,530 [INFO] PluginManager:220 - loadIPPluginJar : add touchsensing
2024-01-03 10:22:37,560 [INFO] IPUIPlugin:80 - create IPUIPlugin
2024-01-03 10:22:37,560 [INFO] PluginManager:220 - loadIPPluginJar : add tracer_emb
2024-01-03 10:22:37,597 [INFO] IPUIPlugin:80 - create IPUIPlugin
2024-01-03 10:22:37,598 [INFO] PluginManager:220 - loadIPPluginJar : add ts
2024-01-03 10:22:37,627 [INFO] IPUIPlugin:80 - create IPUIPlugin
2024-01-03 10:22:37,627 [INFO] PluginManager:220 - loadIPPluginJar : add tsc
2024-01-03 10:22:37,672 [INFO] IPUIPlugin:80 - create IPUIPlugin
2024-01-03 10:22:37,672 [INFO] PluginManager:220 - loadIPPluginJar : add ucpd
2024-01-03 10:22:37,745 [INFO] IPUIPlugin:80 - create IPUIPlugin
2024-01-03 10:22:37,745 [INFO] PluginManager:220 - loadIPPluginJar : add usart
2024-01-03 10:22:37,817 [INFO] IPUIPlugin:80 - create IPUIPlugin
2024-01-03 10:22:37,817 [INFO] PluginManager:220 - loadIPPluginJar : add usbx
2024-01-03 10:22:37,970 [INFO] CADModel:165 - CPN selected for project level
2024-01-03 10:22:37,970 [INFO] CADModel:114 - Register for checkConnection events
2024-01-03 10:22:37,971 [FATAL] Updater:308 - Updater called before beeing initialized
2024-01-03 10:22:37,971 [ERROR] CADModel:125 - Updater not yet initialized, retry later 
2024-01-03 10:22:38,524 [INFO] CADModel:165 - CPN selected for project level
2024-01-03 10:22:38,524 [INFO] CADModel:114 - Register for checkConnection events
2024-01-03 10:22:38,525 [FATAL] Updater:308 - Updater called before beeing initialized
2024-01-03 10:22:38,525 [ERROR] CADModel:125 - Updater not yet initialized, retry later 
2024-01-03 10:22:38,543 [FATAL] Updater:308 - Updater called before beeing initialized
2024-01-03 10:22:38,759 [FATAL] Updater:308 - Updater called before beeing initialized
2024-01-03 10:22:38,778 [INFO] DbMcusAds:53 - JSON generation date=Wed Nov 29 17:52:27 ICT 2023 (1701255147349)
2024-01-03 10:22:38,778 [FATAL] Updater:308 - Updater called before beeing initialized
2024-01-03 10:22:38,867 [WARN] DetailPanel:346 - Failed to get advertising image, set to default
2024-01-03 10:22:38,973 [FATAL] Updater:308 - Updater called before beeing initialized
2024-01-03 10:22:38,975 [FATAL] Updater:308 - Updater called before beeing initialized
2024-01-03 10:22:38,975 [FATAL] Updater:308 - Updater called before beeing initialized
2024-01-03 10:22:38,976 [WARN] DetailPanel:346 - Failed to get advertising image, set to default
2024-01-03 10:22:38,977 [FATAL] Updater:308 - Updater called before beeing initialized
2024-01-03 10:22:39,237 [ERROR] Updater:1120 - MainUpdater not yet initialized. External WinMGr cannot be set.
2024-01-03 10:22:39,266 [INFO] Updater:1056 - Updater Version found : 6.9.2
2024-01-03 10:22:39,376 [INFO] ApplicationProperties:184 - Using Application install path: C:\ST\STM32CubeIDE_1.12.1\STM32CubeIDE\plugins\com.st.stm32cube.common.mx_6.9.2.202309101412
2024-01-03 10:22:39,835 [INFO] ThirdPartyUpdaterWithRetryManager:70 - Updater plugin not ready yet. [3/15]
2024-01-03 10:22:42,837 [FATAL] Updater:308 - Updater called before beeing initialized
2024-01-03 10:22:42,837 [ERROR] IntegrityCheckThread:130 - Cannot retrieve database content from updater: error 21
2024-01-03 10:22:42,837 [INFO] ThirdParty:978 - Integrity check success = false
2024-01-03 10:22:42,837 [INFO] IntegrityCheckThread:100 - exiting critical section [integrity check]
2024-01-03 10:22:42,838 [INFO] IntegrityCheckThread:103 - End integrity checks thread
2024-01-03 10:22:43,030 [INFO] MainUpdater:2868 - connection check result : 10
2024-01-03 10:22:43,031 [INFO] MainUpdater:3562 - Updater definition file requires update
2024-01-03 10:22:43,032 [INFO] MainUpdater:285 - Updater Check For Update Now.
2024-01-03 10:22:43,032 [INFO] MicroXplorer:498 - Change Database Version : DB.6.0.92
2024-01-03 10:22:43,095 [INFO] McuFinderGlobals:63 - Set McuFinder mode to 2 (CubeIDE integrated)
2024-01-03 10:22:43,112 [INFO] ServerAccessManage:473 - Download File updaters.zip
2024-01-03 10:22:43,282 [INFO] FileExtend:240 - Unzip File : updaters.zip
2024-01-03 10:22:43,282 [INFO] FileExtend:255 - Standard Zip Deflate
2024-01-03 10:22:44,688 [INFO] ServerAccessManage:473 - Download File PacksControlFlags.xml
2024-01-03 10:22:44,816 [INFO] ServerAccessManage:473 - Download File cubemx.pidx
2024-01-03 10:22:45,115 [INFO] LoadServerUpdatesThread:373 - End of LoadServerUpdate Thread
2024-01-03 10:22:45,474 [INFO] CheckServerUpdateThread:120 - End of CheckServer Thread
2024-01-03 10:23:05,293 [ERROR] LogOutputStream:75 - [STDERR_REDIRECT] SLF4J: Failed to load class "org.slf4j.impl.StaticLoggerBinder".
2024-01-03 10:23:05,293 [ERROR] LogOutputStream:75 - [STDERR_REDIRECT] SLF4J: Defaulting to no-operation (NOP) logger implementation
2024-01-03 10:23:05,295 [ERROR] LogOutputStream:75 - [STDERR_REDIRECT] SLF4J: See http://www.slf4j.org/codes.html#StaticLoggerBinder for further details.
