2024-01-24 08:07:00,084 [INFO] Activator:176 - 


2024-01-24 08:07:00,099 [INFO] Activator:177 - !SESSION log4j initialized
2024-01-24 08:07:13,631 [INFO] LogOutputStream:77 - [STDOUT_REDIRECT] 
2024-01-24 08:07:16,525 [INFO] ApplicationProperties:184 - Using Application install path: C:\ST\STM32CubeIDE_1.12.1\STM32CubeIDE\plugins\com.st.stm32cube.common.mx_6.9.2.202309101412
2024-01-24 08:07:16,581 [INFO] DbMcusXml:78 - Set database path to: C:\ST\STM32CubeIDE_1.12.1\STM32CubeIDE\plugins\com.st.stm32cube.common.mx_6.9.2.202309101412\\db\/mcu/
2024-01-24 08:07:16,581 [INFO] ApiDb:274 - Set plugin database path to: C:\ST\STM32CubeIDE_1.12.1\STM32CubeIDE\plugins\com.st.stm32cube.common.mx_6.9.2.202309101412\\db\/plugins/boardmanager/
2024-01-24 08:07:16,592 [WARN] ApiDb:259 - Overriding images path with different value:  => C:\ST\STM32CubeIDE_1.12.1\STM32CubeIDE\plugins\com.st.stm32cube.common.mx_6.9.2.202309101412\\db\/plugins/mcufinder/images/
2024-01-24 08:07:16,666 [INFO] ApiDb:250 - Set database path to: C:\Users\TAMRD\.stmcufinder\plugins\mcufinder//mcu/
2024-01-24 08:07:16,667 [INFO] DbMcusAds:125 - Set database path to: C:\Users\TAMRD\.stmcufinder\plugins\mcufinder//mcu/
2024-01-24 08:07:16,669 [INFO] CrossReferenceDbSqlite:203 - Set database path to: C:\Users\TAMRD\.stmcufinder\plugins\mcufinder//mcu/cs/
2024-01-24 08:07:16,963 [INFO] RulesReader:64 - Compatibility file has been processed (293 Rules)
2024-01-24 08:07:17,181 [INFO] DbMcusXml:78 - Set database path to: C:\ST\STM32CubeIDE_1.12.1\STM32CubeIDE\plugins\com.st.stm32cube.common.mx_6.9.2.202309101412\\db\/mcu/
2024-01-24 08:07:17,181 [INFO] ApiDb:274 - Set plugin database path to: C:\ST\STM32CubeIDE_1.12.1\STM32CubeIDE\plugins\com.st.stm32cube.common.mx_6.9.2.202309101412\\db\/plugins/boardmanager/
2024-01-24 08:07:17,181 [INFO] ApiDb:261 - Set plugin images path to: C:\ST\STM32CubeIDE_1.12.1\STM32CubeIDE\plugins\com.st.stm32cube.common.mx_6.9.2.202309101412\\db\/plugins/mcufinder/images/
2024-01-24 08:07:17,182 [WARN] DbFile:41 - Overriding database path with different value: C:\Users\TAMRD\.stmcufinder\plugins\mcufinder/ => C:\Users\TAMRD\.stmcufinder\plugins\mcufinder
2024-01-24 08:07:17,182 [INFO] ApiDb:250 - Set database path to: C:\Users\TAMRD\.stmcufinder\plugins\mcufinder//mcu/
2024-01-24 08:07:17,182 [WARN] DbFile:41 - Overriding database path with different value: C:\Users\TAMRD\.stmcufinder\plugins\mcufinder/ => C:\Users\TAMRD\.stmcufinder\plugins\mcufinder
2024-01-24 08:07:17,182 [INFO] DbMcusAds:125 - Set database path to: C:\Users\TAMRD\.stmcufinder\plugins\mcufinder//mcu/
2024-01-24 08:07:17,182 [WARN] DbFile:41 - Overriding database path with different value: C:\Users\TAMRD\.stmcufinder\plugins\mcufinder/ => C:\Users\TAMRD\.stmcufinder\plugins\mcufinder
2024-01-24 08:07:17,183 [WARN] DbFile:41 - Overriding database path with different value: C:\Users\TAMRD\.stmcufinder\plugins\mcufinder/ => C:\Users\TAMRD\.stmcufinder\plugins\mcufinder
2024-01-24 08:07:17,183 [INFO] CrossReferenceDbSqlite:203 - Set database path to: C:\Users\TAMRD\.stmcufinder\plugins\mcufinder//mcu/cs/
2024-01-24 08:07:17,425 [INFO] MainPanel:262 - HeapMemory: 268435456
2024-01-24 08:07:17,715 [INFO] DbMcusXml:78 - Set database path to: C:\ST\STM32CubeIDE_1.12.1\STM32CubeIDE\plugins\com.st.stm32cube.common.mx_6.9.2.202309101412\\db\/mcu/
2024-01-24 08:07:17,715 [INFO] ApiDb:274 - Set plugin database path to: C:\ST\STM32CubeIDE_1.12.1\STM32CubeIDE\plugins\com.st.stm32cube.common.mx_6.9.2.202309101412\\db\/plugins/boardmanager/
2024-01-24 08:07:17,715 [INFO] ApiDb:261 - Set plugin images path to: C:\ST\STM32CubeIDE_1.12.1\STM32CubeIDE\plugins\com.st.stm32cube.common.mx_6.9.2.202309101412\\db\/plugins/mcufinder/images/
2024-01-24 08:07:17,716 [WARN] DbFile:41 - Overriding database path with different value: C:\Users\TAMRD\.stmcufinder\plugins\mcufinder/ => C:\Users\TAMRD\.stmcufinder\plugins\mcufinder
2024-01-24 08:07:17,716 [INFO] ApiDb:250 - Set database path to: C:\Users\TAMRD\.stmcufinder\plugins\mcufinder//mcu/
2024-01-24 08:07:17,716 [WARN] DbFile:41 - Overriding database path with different value: C:\Users\TAMRD\.stmcufinder\plugins\mcufinder/ => C:\Users\TAMRD\.stmcufinder\plugins\mcufinder
2024-01-24 08:07:17,716 [INFO] DbMcusAds:125 - Set database path to: C:\Users\TAMRD\.stmcufinder\plugins\mcufinder//mcu/
2024-01-24 08:07:17,716 [WARN] DbFile:41 - Overriding database path with different value: C:\Users\TAMRD\.stmcufinder\plugins\mcufinder/ => C:\Users\TAMRD\.stmcufinder\plugins\mcufinder
2024-01-24 08:07:17,716 [WARN] DbFile:41 - Overriding database path with different value: C:\Users\TAMRD\.stmcufinder\plugins\mcufinder/ => C:\Users\TAMRD\.stmcufinder\plugins\mcufinder
2024-01-24 08:07:17,716 [INFO] CrossReferenceDbSqlite:203 - Set database path to: C:\Users\TAMRD\.stmcufinder\plugins\mcufinder//mcu/cs/
2024-01-24 08:07:17,738 [INFO] ApplicationProperties:184 - Using Application install path: C:\ST\STM32CubeIDE_1.12.1\STM32CubeIDE\plugins\com.st.stm32cube.common.mx_6.9.2.202309101412
2024-01-24 08:07:17,740 [INFO] PluginManage:196 - Search for loadable plugins [exclusion list=, ]
2024-01-24 08:07:17,742 [INFO] PluginManage:310 - Check plugin analytics
2024-01-24 08:07:18,084 [INFO] AnalyticsPlugin:253 - Accepted Software Licenses: 
2024-01-24 08:07:18,084 [INFO] AnalyticsPlugin:255 - Accepted CMSIS Pack Licenses: 
2024-01-24 08:07:18,084 [INFO] AnalyticsPlugin:257 - Accepted Firmware Licenses: 
2024-01-24 08:07:18,095 [INFO] PluginManage:359 - Loaded plugin analytics (category:tool,tabindex:-1)
2024-01-24 08:07:18,096 [INFO] PluginManage:310 - Check plugin cadmodel
2024-01-24 08:07:18,142 [INFO] CADModel:105 - Init CAD model plugin
2024-01-24 08:07:18,142 [INFO] PluginManage:359 - Loaded plugin cadmodel (category:power,tabindex:5)
2024-01-24 08:07:18,143 [INFO] PluginManage:310 - Check plugin clock
2024-01-24 08:07:18,207 [INFO] PluginManage:359 - Loaded plugin clock (category:base,tabindex:2)
2024-01-24 08:07:18,207 [INFO] PluginManage:310 - Check plugin ddr
2024-01-24 08:07:18,226 [INFO] PluginManage:359 - Loaded plugin ddr (category:tool,tabindex:6)
2024-01-24 08:07:18,226 [INFO] PluginManage:310 - Check plugin filemanager
2024-01-24 08:07:18,651 [INFO] PluginManage:359 - Loaded plugin filemanager (category:base,tabindex:10)
2024-01-24 08:07:18,651 [INFO] PluginManage:310 - Check plugin ipmanager
2024-01-24 08:07:20,200 [INFO] PluginManage:359 - Loaded plugin ipmanager (category:base,tabindex:5)
2024-01-24 08:07:20,201 [INFO] PluginManage:310 - Check plugin lpbam
2024-01-24 08:07:20,250 [INFO] PluginManage:359 - Loaded plugin lpbam (category:base,tabindex:0)
2024-01-24 08:07:20,250 [INFO] PluginManage:310 - Check plugin memorymap
2024-01-24 08:07:20,308 [INFO] PluginManage:359 - Loaded plugin memorymap (category:base,tabindex:4)
2024-01-24 08:07:20,309 [INFO] PluginManage:310 - Check plugin pinoutandconfiguration
2024-01-24 08:07:20,332 [INFO] PluginManage:359 - Loaded plugin pinoutandconfiguration (category:base,tabindex:1)
2024-01-24 08:07:20,332 [INFO] PluginManage:310 - Check plugin pinoutconfig
2024-01-24 08:07:20,581 [WARN] SupportedApi:132 - Cannot load RTOS API schema: s4s-elt-must-match.1: The content of 'definitions' must match (annotation?, (simpleType | complexType)?, (unique | key | keyref)*)). A problem was found starting at: attribute.
2024-01-24 08:07:20,813 [INFO] PluginManage:359 - Loaded plugin pinoutconfig (category:base,tabindex:0)
2024-01-24 08:07:20,813 [INFO] PluginManage:310 - Check plugin power
2024-01-24 08:07:20,861 [INFO] PluginManage:359 - Loaded plugin power (category:power,tabindex:4)
2024-01-24 08:07:20,861 [INFO] PluginManage:310 - Check plugin projectmanager
2024-01-24 08:07:21,011 [INFO] PluginManage:359 - Loaded plugin projectmanager (category:projectmanager,tabindex:3)
2024-01-24 08:07:21,012 [INFO] PluginManage:310 - Check plugin thirdparty
2024-01-24 08:07:21,434 [INFO] PluginManage:359 - Loaded plugin thirdparty (category:base,tabindex:-1)
2024-01-24 08:07:21,434 [INFO] PluginManage:310 - Check plugin tools
2024-01-24 08:07:21,435 [WARN] IntegrityCheckThread:84 - waiting for thirdparty lock release [integrity check]
2024-01-24 08:07:21,436 [INFO] IntegrityCheckThread:86 - entering critical section [integrity check]
2024-01-24 08:07:21,436 [INFO] ThirdPartyUpdaterWithRetryManager:70 - Updater plugin not ready yet. [1/15]
2024-01-24 08:07:21,446 [INFO] PluginManage:359 - Loaded plugin tools (category:base,tabindex:7)
2024-01-24 08:07:21,446 [INFO] PluginManage:310 - Check plugin tutovideos
2024-01-24 08:07:21,865 [INFO] PluginManage:359 - Loaded plugin tutovideos (category:base,tabindex:-1)
2024-01-24 08:07:21,869 [INFO] PluginManage:310 - Check plugin updater
2024-01-24 08:07:21,921 [INFO] PluginManage:359 - Loaded plugin updater (category:base,tabindex:12)
2024-01-24 08:07:21,921 [INFO] PluginManage:310 - Check plugin userauth
2024-01-24 08:07:21,946 [INFO] UserAuth:113 - Init User Auth plugin
2024-01-24 08:07:21,946 [INFO] PluginManage:359 - Loaded plugin userauth (category:base,tabindex:14)
2024-01-24 08:07:21,947 [INFO] PluginManage:283 - PluginManage : Loaded plugins [17]
2024-01-24 08:07:22,756 [INFO] PinOutPanel:1499 - setPackage(No Configuration,No Configuration)
2024-01-24 08:07:23,114 [INFO] CADModel:165 - CPN selected for project level
2024-01-24 08:07:23,114 [INFO] CADModel:114 - Register for checkConnection events
2024-01-24 08:07:23,166 [INFO] IPUIPlugin:80 - create IPUIPlugin
2024-01-24 08:07:23,167 [INFO] PluginManager:220 - loadIPPluginJar : add adc
2024-01-24 08:07:23,179 [INFO] IPUIPlugin:80 - create IPUIPlugin
2024-01-24 08:07:23,180 [INFO] PluginManager:220 - loadIPPluginJar : add aes
2024-01-24 08:07:23,196 [INFO] IPUIPlugin:80 - create IPUIPlugin
2024-01-24 08:07:23,196 [INFO] PluginManager:220 - loadIPPluginJar : add can
2024-01-24 08:07:23,208 [INFO] IPUIPlugin:80 - create IPUIPlugin
2024-01-24 08:07:23,209 [INFO] PluginManager:220 - loadIPPluginJar : add comp
2024-01-24 08:07:23,218 [INFO] IPUIPlugin:80 - create IPUIPlugin
2024-01-24 08:07:23,218 [INFO] PluginManager:220 - loadIPPluginJar : add cryp
2024-01-24 08:07:23,226 [INFO] IPUIPlugin:80 - create IPUIPlugin
2024-01-24 08:07:23,226 [INFO] PluginManager:220 - loadIPPluginJar : add dfsdm
2024-01-24 08:07:23,252 [INFO] IPUIPlugin:80 - create IPUIPlugin
2024-01-24 08:07:23,253 [INFO] PluginManager:220 - loadIPPluginJar : add dma
2024-01-24 08:07:23,271 [INFO] IPUIPlugin:80 - create IPUIPlugin
2024-01-24 08:07:23,271 [INFO] PluginManager:220 - loadIPPluginJar : add dma3
2024-01-24 08:07:23,283 [INFO] IPUIPlugin:80 - create IPUIPlugin
2024-01-24 08:07:23,283 [INFO] PluginManager:220 - loadIPPluginJar : add fatfs
2024-01-24 08:07:23,298 [INFO] IPUIPlugin:80 - create IPUIPlugin
2024-01-24 08:07:23,298 [INFO] PluginManager:220 - loadIPPluginJar : add fmc
2024-01-24 08:07:23,348 [INFO] IPUIPlugin:80 - create IPUIPlugin
2024-01-24 08:07:23,348 [INFO] PluginManager:220 - loadIPPluginJar : add freertos
2024-01-24 08:07:23,363 [INFO] IPUIPlugin:80 - create IPUIPlugin
2024-01-24 08:07:23,364 [INFO] PluginManager:220 - loadIPPluginJar : add genericplugin
2024-01-24 08:07:23,377 [INFO] IPUIPlugin:80 - create IPUIPlugin
2024-01-24 08:07:23,377 [INFO] PluginManager:220 - loadIPPluginJar : add gfxmmu
2024-01-24 08:07:23,389 [INFO] IPUIPlugin:80 - create IPUIPlugin
2024-01-24 08:07:23,389 [INFO] PluginManager:220 - loadIPPluginJar : add gic
2024-01-24 08:07:23,407 [INFO] IPUIPlugin:80 - create IPUIPlugin
2024-01-24 08:07:23,407 [INFO] PluginManager:220 - loadIPPluginJar : add gpio
2024-01-24 08:07:23,463 [INFO] IPUIPlugin:80 - create IPUIPlugin
2024-01-24 08:07:23,463 [INFO] PluginManager:220 - loadIPPluginJar : add gtzc
2024-01-24 08:07:23,472 [INFO] IPUIPlugin:80 - create IPUIPlugin
2024-01-24 08:07:23,472 [INFO] PluginManager:220 - loadIPPluginJar : add hash
2024-01-24 08:07:23,482 [INFO] IPUIPlugin:80 - create IPUIPlugin
2024-01-24 08:07:23,483 [INFO] PluginManager:220 - loadIPPluginJar : add i2c
2024-01-24 08:07:23,497 [INFO] IPUIPlugin:80 - create IPUIPlugin
2024-01-24 08:07:23,497 [INFO] PluginManager:220 - loadIPPluginJar : add i2s
2024-01-24 08:07:23,508 [INFO] IPUIPlugin:80 - create IPUIPlugin
2024-01-24 08:07:23,508 [INFO] PluginManager:220 - loadIPPluginJar : add i3c
2024-01-24 08:07:23,522 [INFO] IPUIPlugin:80 - create IPUIPlugin
2024-01-24 08:07:23,522 [INFO] PluginManager:220 - loadIPPluginJar : add ipddr
2024-01-24 08:07:23,557 [INFO] IPUIPlugin:80 - create IPUIPlugin
2024-01-24 08:07:23,558 [INFO] PluginManager:220 - loadIPPluginJar : add linkedlist
2024-01-24 08:07:23,590 [INFO] IPUIPlugin:80 - create IPUIPlugin
2024-01-24 08:07:23,590 [INFO] PluginManager:220 - loadIPPluginJar : add lorawan
2024-01-24 08:07:23,595 [INFO] IPUIPlugin:80 - create IPUIPlugin
2024-01-24 08:07:23,595 [INFO] PluginManager:220 - loadIPPluginJar : add ltdc
2024-01-24 08:07:23,624 [INFO] IPUIPlugin:80 - create IPUIPlugin
2024-01-24 08:07:23,626 [INFO] PluginManager:220 - loadIPPluginJar : add mdma
2024-01-24 08:07:23,646 [INFO] IPUIPlugin:80 - create IPUIPlugin
2024-01-24 08:07:23,647 [INFO] PluginManager:220 - loadIPPluginJar : add nvic
2024-01-24 08:07:23,659 [INFO] IPUIPlugin:80 - create IPUIPlugin
2024-01-24 08:07:23,660 [INFO] PluginManager:220 - loadIPPluginJar : add opamp
2024-01-24 08:07:23,669 [INFO] IPUIPlugin:80 - create IPUIPlugin
2024-01-24 08:07:23,670 [INFO] PluginManager:220 - loadIPPluginJar : add openamp
2024-01-24 08:07:23,681 [INFO] IPUIPlugin:80 - create IPUIPlugin
2024-01-24 08:07:23,681 [INFO] PluginManager:220 - loadIPPluginJar : add pdm2pcm
2024-01-24 08:07:23,695 [INFO] IPUIPlugin:80 - create IPUIPlugin
2024-01-24 08:07:23,697 [INFO] PluginManager:220 - loadIPPluginJar : add plateformsettings
2024-01-24 08:07:23,712 [INFO] IPUIPlugin:80 - create IPUIPlugin
2024-01-24 08:07:23,712 [INFO] PluginManager:220 - loadIPPluginJar : add quadspi
2024-01-24 08:07:23,732 [INFO] IPUIPlugin:80 - create IPUIPlugin
2024-01-24 08:07:23,732 [INFO] PluginManager:220 - loadIPPluginJar : add resmgrutility
2024-01-24 08:07:23,745 [INFO] IPUIPlugin:80 - create IPUIPlugin
2024-01-24 08:07:23,745 [INFO] PluginManager:220 - loadIPPluginJar : add sai
2024-01-24 08:07:23,756 [INFO] IPUIPlugin:80 - create IPUIPlugin
2024-01-24 08:07:23,756 [INFO] PluginManager:220 - loadIPPluginJar : add spi
2024-01-24 08:07:23,770 [INFO] IPUIPlugin:80 - create IPUIPlugin
2024-01-24 08:07:23,770 [INFO] PluginManager:220 - loadIPPluginJar : add stm32_wpan
2024-01-24 08:07:23,775 [INFO] IPUIPlugin:80 - create IPUIPlugin
2024-01-24 08:07:23,775 [INFO] PluginManager:220 - loadIPPluginJar : add tim
2024-01-24 08:07:23,785 [INFO] IPUIPlugin:80 - create IPUIPlugin
2024-01-24 08:07:23,785 [INFO] PluginManager:220 - loadIPPluginJar : add touchsensing
2024-01-24 08:07:23,798 [INFO] IPUIPlugin:80 - create IPUIPlugin
2024-01-24 08:07:23,798 [INFO] PluginManager:220 - loadIPPluginJar : add tracer_emb
2024-01-24 08:07:23,825 [INFO] IPUIPlugin:80 - create IPUIPlugin
2024-01-24 08:07:23,825 [INFO] PluginManager:220 - loadIPPluginJar : add ts
2024-01-24 08:07:23,831 [INFO] IPUIPlugin:80 - create IPUIPlugin
2024-01-24 08:07:23,831 [INFO] PluginManager:220 - loadIPPluginJar : add tsc
2024-01-24 08:07:23,843 [INFO] IPUIPlugin:80 - create IPUIPlugin
2024-01-24 08:07:23,843 [INFO] PluginManager:220 - loadIPPluginJar : add ucpd
2024-01-24 08:07:23,848 [INFO] IPUIPlugin:80 - create IPUIPlugin
2024-01-24 08:07:23,848 [INFO] PluginManager:220 - loadIPPluginJar : add usart
2024-01-24 08:07:23,865 [INFO] IPUIPlugin:80 - create IPUIPlugin
2024-01-24 08:07:23,865 [INFO] PluginManager:220 - loadIPPluginJar : add usbx
2024-01-24 08:07:24,025 [INFO] CADModel:165 - CPN selected for project level
2024-01-24 08:07:24,025 [INFO] CADModel:114 - Register for checkConnection events
2024-01-24 08:07:24,026 [FATAL] Updater:308 - Updater called before beeing initialized
2024-01-24 08:07:24,026 [ERROR] CADModel:125 - Updater not yet initialized, retry later 
2024-01-24 08:07:24,437 [INFO] ThirdPartyUpdaterWithRetryManager:70 - Updater plugin not ready yet. [2/15]
2024-01-24 08:07:24,526 [INFO] CADModel:165 - CPN selected for project level
2024-01-24 08:07:24,527 [INFO] CADModel:114 - Register for checkConnection events
2024-01-24 08:07:24,527 [FATAL] Updater:308 - Updater called before beeing initialized
2024-01-24 08:07:24,527 [ERROR] CADModel:125 - Updater not yet initialized, retry later 
2024-01-24 08:07:24,536 [FATAL] Updater:308 - Updater called before beeing initialized
2024-01-24 08:07:24,847 [FATAL] Updater:308 - Updater called before beeing initialized
2024-01-24 08:07:24,868 [INFO] DbMcusAds:53 - JSON generation date=Wed Nov 29 17:52:27 ICT 2023 (1701255147200)
2024-01-24 08:07:24,869 [FATAL] Updater:308 - Updater called before beeing initialized
2024-01-24 08:07:24,973 [WARN] DetailPanel:346 - Failed to get advertising image, set to default
2024-01-24 08:07:25,150 [FATAL] Updater:308 - Updater called before beeing initialized
2024-01-24 08:07:25,176 [FATAL] Updater:308 - Updater called before beeing initialized
2024-01-24 08:07:25,176 [FATAL] Updater:308 - Updater called before beeing initialized
2024-01-24 08:07:25,176 [WARN] DetailPanel:346 - Failed to get advertising image, set to default
2024-01-24 08:07:25,177 [FATAL] Updater:308 - Updater called before beeing initialized
2024-01-24 08:07:25,340 [ERROR] Updater:1120 - MainUpdater not yet initialized. External WinMGr cannot be set.
2024-01-24 08:07:25,366 [INFO] Updater:1056 - Updater Version found : 6.9.2
2024-01-24 08:07:25,398 [INFO] ApplicationProperties:184 - Using Application install path: C:\ST\STM32CubeIDE_1.12.1\STM32CubeIDE\plugins\com.st.stm32cube.common.mx_6.9.2.202309101412
2024-01-24 08:07:26,354 [INFO] MainUpdater:2868 - connection check result : 10
2024-01-24 08:07:26,356 [INFO] MainUpdater:285 - Updater Check For Update Now.
2024-01-24 08:07:26,356 [INFO] MicroXplorer:498 - Change Database Version : DB.6.0.92
2024-01-24 08:07:26,379 [INFO] McuFinderGlobals:63 - Set McuFinder mode to 2 (CubeIDE integrated)
2024-01-24 08:07:26,688 [INFO] CheckServerUpdateThread:120 - End of CheckServer Thread
2024-01-24 08:07:27,872 [WARN] PackLoader:240 - Cannot read IP mode file for STMicroelectronics.X-CUBE-SMBUS.2.1.0
2024-01-24 08:07:27,889 [WARN] PackLoader:240 - Cannot read IP mode file for STMicroelectronics.X-CUBE-TOUCHGFX.4.23.0
2024-01-24 08:07:27,937 [WARN] PackLoader:240 - Cannot read IP mode file for STMicroelectronics.X-CUBE-AZRTOS-F7.1.1.0
2024-01-24 08:07:27,977 [WARN] PackLoader:240 - Cannot read IP mode file for STMicroelectronics.FP-SNS-MOTENV1.4.3.2
2024-01-24 08:07:27,995 [WARN] PackLoader:240 - Cannot read IP mode file for STMicroelectronics.FP-SNS-FLIGHT1.5.0.2
2024-01-24 08:07:28,017 [WARN] PackLoader:240 - Cannot read IP mode file for STMicroelectronics.X-CUBE-DISPLAY.3.0.0
2024-01-24 08:07:28,041 [WARN] PackLoader:240 - Cannot read IP mode file for STMicroelectronics.X-CUBE-BLE1.7.0.0
2024-01-24 08:07:28,059 [WARN] PackLoader:240 - Cannot read IP mode file for emotas.I-CUBE-CANOPEN.1.3.0
2024-01-24 08:07:28,085 [WARN] PackLoader:240 - Cannot read IP mode file for STMicroelectronics.X-CUBE-TOUCHGFX.4.22.0
2024-01-24 08:07:28,093 [WARN] PackLoader:240 - Cannot read IP mode file for STMicroelectronics.X-CUBE-TOUCHGFX.4.22.1
2024-01-24 08:07:28,108 [WARN] PackLoader:240 - Cannot read IP mode file for STMicroelectronics.FP-SNS-SMARTAG2.1.2.0
2024-01-24 08:07:28,139 [INFO] LogOutputStream:77 - [STDOUT_REDIRECT] 1 : Invalid condition id : UX_CORESTACK_Condition cause : null
2024-01-24 08:07:28,139 [INFO] LogOutputStream:77 - [STDOUT_REDIRECT] 1 : Invalid condition id : UX_CORESTACK_Condition cause : null
2024-01-24 08:07:28,140 [INFO] LogOutputStream:77 - [STDOUT_REDIRECT] 1 : Invalid condition id : UX_CORESTACK_Condition cause : null
2024-01-24 08:07:28,144 [INFO] LogOutputStream:77 - [STDOUT_REDIRECT] 1 : Invalid condition id : UX_CORESTACK_Condition cause : null
2024-01-24 08:07:28,145 [INFO] LogOutputStream:77 - [STDOUT_REDIRECT] 1 : Invalid condition id : UX_CORESTACK_Condition cause : null
2024-01-24 08:07:28,151 [WARN] PackLoader:240 - Cannot read IP mode file for STMicroelectronics.X-CUBE-AZRTOS-WL.2.0.0
2024-01-24 08:07:28,182 [WARN] PackLoader:240 - Cannot read IP mode file for WES.I-CUBE-Cesium.1.3.0
2024-01-24 08:07:28,204 [WARN] PackLoader:240 - Cannot read IP mode file for STMicroelectronics.X-CUBE-BLE2.3.3.0
2024-01-24 08:07:28,239 [WARN] PackLoader:240 - Cannot read IP mode file for STMicroelectronics.X-CUBE-ALGOBUILD.1.3.0
2024-01-24 08:07:28,278 [WARN] PackLoader:240 - Cannot read IP mode file for STMicroelectronics.X-CUBE-AZRTOS-G0.1.1.0
2024-01-24 08:07:28,310 [WARN] PackLoader:240 - Cannot read IP mode file for STMicroelectronics.X-CUBE-NFC4.3.0.0
2024-01-24 08:07:28,355 [WARN] PackLoader:240 - Cannot read IP mode file for STMicroelectronics.X-CUBE-BLEMGR.3.0.0
2024-01-24 08:07:28,369 [WARN] PackLoader:240 - Cannot read IP mode file for STMicroelectronics.FP-ATR-SIGFOX1.3.2.0
2024-01-24 08:07:28,411 [WARN] PackLoader:240 - Cannot read IP mode file for SEGGER.I-CUBE-embOS.1.3.1
2024-01-24 08:07:28,502 [WARN] PackLoader:240 - Cannot read IP mode file for STMicroelectronics.X-CUBE-GNSS1.6.0.0
2024-01-24 08:07:28,534 [WARN] PackLoader:240 - Cannot read IP mode file for STMicroelectronics.X-CUBE-AZRTOS-F4.1.1.0
2024-01-24 08:07:28,543 [WARN] PackLoader:240 - Cannot read IP mode file for wolfSSL.I-CUBE-wolfSSL.5.6.3
2024-01-24 08:07:28,580 [WARN] PackLoader:240 - Cannot read IP mode file for STMicroelectronics.X-CUBE-AZRTOS-L5.2.0.0
2024-01-24 08:07:28,628 [WARN] PackLoader:240 - Cannot read IP mode file for STMicroelectronics.X-CUBE-MEMS1.9.6.0
2024-01-24 08:07:28,824 [WARN] PackLoader:240 - Cannot read IP mode file for STMicroelectronics.X-CUBE-EEPRMA1.4.2.0
2024-01-24 08:07:28,856 [WARN] PackLoader:240 - Cannot read IP mode file for ITTIA_DB.I-CUBE-ITTIADB.8.8.0
2024-01-24 08:07:28,878 [WARN] PackLoader:240 - Cannot read IP mode file for STMicroelectronics.X-CUBE-BLEMGR.2.0.0
2024-01-24 08:07:28,908 [WARN] ConditionMgr:438 - getConditionDescription Invalid condition id : UX DEVICE CLASS RTOS Condition cause : null
2024-01-24 08:07:28,909 [WARN] ConditionMgr:438 - getConditionDescription Invalid condition id : UX DEVICE CLASS RTOS Condition cause : null
2024-01-24 08:07:28,911 [WARN] PackLoader:240 - Cannot read IP mode file for STMicroelectronics.X-CUBE-AZRTOS-H7.3.1.0
2024-01-24 08:07:28,912 [WARN] ConditionMgr:1039 - genDependencies : Invalid condition id : UX DEVICE CLASS RTOS Condition cause : null
2024-01-24 08:07:28,912 [WARN] ConditionMgr:1039 - genDependencies : Invalid condition id : UX DEVICE CLASS RTOS Condition cause : null
2024-01-24 08:07:28,913 [WARN] ConditionMgr:1039 - genDependencies : Invalid condition id : UX DEVICE CLASS RTOS Condition cause : null
2024-01-24 08:07:28,914 [WARN] ConditionMgr:1039 - genDependencies : Invalid condition id : UX DEVICE CLASS RTOS Condition cause : null
2024-01-24 08:07:28,914 [WARN] ConditionMgr:1039 - genDependencies : Invalid condition id : UX DEVICE CLASS RTOS Condition cause : null
2024-01-24 08:07:28,927 [WARN] PackLoader:240 - Cannot read IP mode file for STMicroelectronics.X-CUBE-NFC7.1.0.1
2024-01-24 08:07:28,964 [WARN] PackLoader:240 - Cannot read IP mode file for STMicroelectronics.X-CUBE-NFC6.3.0.0
2024-01-24 08:07:28,978 [WARN] PackLoader:240 - Cannot read IP mode file for STMicroelectronics.X-CUBE-EEPRMA1.4.1.0
2024-01-24 08:07:28,998 [WARN] PackLoader:240 - Cannot read IP mode file for STMicroelectronics.X-CUBE-AI.8.1.0
2024-01-24 08:07:29,052 [WARN] ConditionMgr:438 - getConditionDescription Invalid condition id : LAN8742 Phy interface Condition cause : null
2024-01-24 08:07:29,053 [WARN] PackLoader:240 - Cannot read IP mode file for STMicroelectronics.X-CUBE-AZRTOS-L4.2.0.0
2024-01-24 08:07:29,060 [WARN] ConditionMgr:1039 - genDependencies : Invalid condition id : LAN8742 Phy interface Condition cause : null
2024-01-24 08:07:29,061 [WARN] ConditionMgr:1039 - genDependencies : Invalid condition id : LAN8742 Phy interface Condition cause : null
2024-01-24 08:07:29,061 [WARN] ConditionMgr:1039 - genDependencies : Invalid condition id : LAN8742 Phy interface Condition cause : null
2024-01-24 08:07:29,086 [WARN] PackLoader:240 - Cannot read IP mode file for STMicroelectronics.X-CUBE-SFXS2LP1.4.0.0
2024-01-24 08:07:29,098 [WARN] PackLoader:240 - Cannot read IP mode file for STMicroelectronics.X-CUBE-ISPU.1.1.0
2024-01-24 08:07:29,120 [WARN] ConditionMgr:438 - getConditionDescription Invalid condition id : UX DEVICE CLASS RTOS Condition cause : null
2024-01-24 08:07:29,120 [WARN] ConditionMgr:438 - getConditionDescription Invalid condition id : UX DEVICE CLASS RTOS Condition cause : null
2024-01-24 08:07:29,122 [WARN] PackLoader:240 - Cannot read IP mode file for STMicroelectronics.X-CUBE-AZRTOS-WB.2.0.0
2024-01-24 08:07:29,123 [WARN] ConditionMgr:1039 - genDependencies : Invalid condition id : UX DEVICE CLASS RTOS Condition cause : null
2024-01-24 08:07:29,123 [WARN] ConditionMgr:1039 - genDependencies : Invalid condition id : UX DEVICE CLASS RTOS Condition cause : null
2024-01-24 08:07:29,123 [WARN] ConditionMgr:1039 - genDependencies : Invalid condition id : UX DEVICE CLASS RTOS Condition cause : null
2024-01-24 08:07:29,123 [WARN] ConditionMgr:1039 - genDependencies : Invalid condition id : UX DEVICE CLASS RTOS Condition cause : null
2024-01-24 08:07:29,123 [WARN] ConditionMgr:1039 - genDependencies : Invalid condition id : UX DEVICE CLASS RTOS Condition cause : null
2024-01-24 08:07:29,143 [WARN] PackLoader:240 - Cannot read IP mode file for STMicroelectronics.X-CUBE-SUBG2.5.0.0
2024-01-24 08:07:29,157 [WARN] PackLoader:240 - Cannot read IP mode file for STMicroelectronics.X-CUBE-TOF1.3.3.1
2024-01-24 08:07:29,198 [WARN] PackLoader:240 - Cannot read IP mode file for STMicroelectronics.X-CUBE-AZRTOS-G4.2.0.0
2024-01-24 08:07:29,221 [WARN] PackLoader:240 - Cannot read IP mode file for Infineon.AIROC-Wi-Fi-Bluetooth-STM32.1.5.1
2024-01-24 08:07:29,237 [WARN] PackLoader:240 - Cannot read IP mode file for STMicroelectronics.FP-SNS-MOTENVWB1.1.3.0
2024-01-24 08:07:29,252 [WARN] PackLoader:240 - Cannot read IP mode file for STMicroelectronics.FP-SNS-MOTENVWB1.1.3.1
2024-01-24 08:07:29,303 [WARN] PackLoader:240 - Cannot read IP mode file for STMicroelectronics.X-CUBE-MEMS1.10.0.0
2024-01-24 08:07:29,445 [WARN] PackLoader:240 - Cannot read IP mode file for STMicroelectronics.X-CUBE-FREERTOS.1.1.0
2024-01-24 08:07:29,461 [WARN] PackLoader:240 - Cannot read IP mode file for portGmbH.I-Cube-SoM-uGOAL.1.1.0
2024-01-24 08:07:29,480 [WARN] PackLoader:240 - Cannot read IP mode file for STMicroelectronics.X-CUBE-ALS.1.0.1
2024-01-24 08:07:29,520 [WARN] PackLoader:240 - Cannot read IP mode file for STMicroelectronics.FP-ATR-ASTRA1.2.0.0
2024-01-24 08:07:29,536 [WARN] PackLoader:240 - Cannot read IP mode file for STMicroelectronics.X-CUBE-TOF1.3.4.0
2024-01-24 08:07:29,546 [INFO] ThirdParty:978 - Integrity check success = true
2024-01-24 08:07:29,546 [INFO] IntegrityCheckThread:100 - exiting critical section [integrity check]
2024-01-24 08:07:29,546 [INFO] IntegrityCheckThread:103 - End integrity checks thread
2024-01-24 08:07:47,795 [ERROR] LogOutputStream:75 - [STDERR_REDIRECT] SLF4J: Failed to load class "org.slf4j.impl.StaticLoggerBinder".
2024-01-24 08:07:47,795 [ERROR] LogOutputStream:75 - [STDERR_REDIRECT] SLF4J: Defaulting to no-operation (NOP) logger implementation
2024-01-24 08:07:47,797 [ERROR] LogOutputStream:75 - [STDERR_REDIRECT] SLF4J: See http://www.slf4j.org/codes.html#StaticLoggerBinder for further details.
