2023-12-19 10:47:32,392 [INFO] Activator:176 - 


2023-12-19 10:47:32,419 [INFO] Activator:177 - !SESSION log4j initialized
2023-12-19 10:47:49,627 [INFO] LogOutputStream:77 - [STDOUT_REDIRECT] 
2023-12-19 10:47:53,851 [INFO] ApplicationProperties:184 - Using Application install path: C:\ST\STM32CubeIDE_1.12.1\STM32CubeIDE\plugins\com.st.stm32cube.common.mx_6.9.2.202309101412
2023-12-19 10:47:53,911 [INFO] DbMcusXml:78 - Set database path to: C:\ST\STM32CubeIDE_1.12.1\STM32CubeIDE\plugins\com.st.stm32cube.common.mx_6.9.2.202309101412\\db\/mcu/
2023-12-19 10:47:53,912 [INFO] ApiDb:274 - Set plugin database path to: C:\ST\STM32CubeIDE_1.12.1\STM32CubeIDE\plugins\com.st.stm32cube.common.mx_6.9.2.202309101412\\db\/plugins/boardmanager/
2023-12-19 10:47:53,913 [WARN] ApiDb:259 - Overriding images path with different value:  => C:\ST\STM32CubeIDE_1.12.1\STM32CubeIDE\plugins\com.st.stm32cube.common.mx_6.9.2.202309101412\\db\/plugins/mcufinder/images/
2023-12-19 10:47:54,030 [INFO] ApiDb:250 - Set database path to: C:\Users\TAMRD\.stmcufinder\plugins\mcufinder//mcu/
2023-12-19 10:47:54,032 [INFO] DbMcusAds:125 - Set database path to: C:\Users\TAMRD\.stmcufinder\plugins\mcufinder//mcu/
2023-12-19 10:47:54,034 [INFO] CrossReferenceDbSqlite:203 - Set database path to: C:\Users\TAMRD\.stmcufinder\plugins\mcufinder//mcu/cs/
2023-12-19 10:47:54,280 [INFO] RulesReader:64 - Compatibility file has been processed (293 Rules)
2023-12-19 10:47:54,533 [INFO] DbMcusXml:78 - Set database path to: C:\ST\STM32CubeIDE_1.12.1\STM32CubeIDE\plugins\com.st.stm32cube.common.mx_6.9.2.202309101412\\db\/mcu/
2023-12-19 10:47:54,533 [INFO] ApiDb:274 - Set plugin database path to: C:\ST\STM32CubeIDE_1.12.1\STM32CubeIDE\plugins\com.st.stm32cube.common.mx_6.9.2.202309101412\\db\/plugins/boardmanager/
2023-12-19 10:47:54,534 [INFO] ApiDb:261 - Set plugin images path to: C:\ST\STM32CubeIDE_1.12.1\STM32CubeIDE\plugins\com.st.stm32cube.common.mx_6.9.2.202309101412\\db\/plugins/mcufinder/images/
2023-12-19 10:47:54,534 [WARN] DbFile:41 - Overriding database path with different value: C:\Users\TAMRD\.stmcufinder\plugins\mcufinder/ => C:\Users\TAMRD\.stmcufinder\plugins\mcufinder
2023-12-19 10:47:54,534 [INFO] ApiDb:250 - Set database path to: C:\Users\TAMRD\.stmcufinder\plugins\mcufinder//mcu/
2023-12-19 10:47:54,534 [WARN] DbFile:41 - Overriding database path with different value: C:\Users\TAMRD\.stmcufinder\plugins\mcufinder/ => C:\Users\TAMRD\.stmcufinder\plugins\mcufinder
2023-12-19 10:47:54,534 [INFO] DbMcusAds:125 - Set database path to: C:\Users\TAMRD\.stmcufinder\plugins\mcufinder//mcu/
2023-12-19 10:47:54,535 [WARN] DbFile:41 - Overriding database path with different value: C:\Users\TAMRD\.stmcufinder\plugins\mcufinder/ => C:\Users\TAMRD\.stmcufinder\plugins\mcufinder
2023-12-19 10:47:54,535 [WARN] DbFile:41 - Overriding database path with different value: C:\Users\TAMRD\.stmcufinder\plugins\mcufinder/ => C:\Users\TAMRD\.stmcufinder\plugins\mcufinder
2023-12-19 10:47:54,535 [INFO] CrossReferenceDbSqlite:203 - Set database path to: C:\Users\TAMRD\.stmcufinder\plugins\mcufinder//mcu/cs/
2023-12-19 10:47:54,673 [INFO] MainPanel:262 - HeapMemory: 268435456
2023-12-19 10:47:54,892 [INFO] DbMcusXml:78 - Set database path to: C:\ST\STM32CubeIDE_1.12.1\STM32CubeIDE\plugins\com.st.stm32cube.common.mx_6.9.2.202309101412\\db\/mcu/
2023-12-19 10:47:54,892 [INFO] ApiDb:274 - Set plugin database path to: C:\ST\STM32CubeIDE_1.12.1\STM32CubeIDE\plugins\com.st.stm32cube.common.mx_6.9.2.202309101412\\db\/plugins/boardmanager/
2023-12-19 10:47:54,892 [INFO] ApiDb:261 - Set plugin images path to: C:\ST\STM32CubeIDE_1.12.1\STM32CubeIDE\plugins\com.st.stm32cube.common.mx_6.9.2.202309101412\\db\/plugins/mcufinder/images/
2023-12-19 10:47:54,893 [WARN] DbFile:41 - Overriding database path with different value: C:\Users\TAMRD\.stmcufinder\plugins\mcufinder/ => C:\Users\TAMRD\.stmcufinder\plugins\mcufinder
2023-12-19 10:47:54,893 [INFO] ApiDb:250 - Set database path to: C:\Users\TAMRD\.stmcufinder\plugins\mcufinder//mcu/
2023-12-19 10:47:54,893 [WARN] DbFile:41 - Overriding database path with different value: C:\Users\TAMRD\.stmcufinder\plugins\mcufinder/ => C:\Users\TAMRD\.stmcufinder\plugins\mcufinder
2023-12-19 10:47:54,894 [INFO] DbMcusAds:125 - Set database path to: C:\Users\TAMRD\.stmcufinder\plugins\mcufinder//mcu/
2023-12-19 10:47:54,894 [WARN] DbFile:41 - Overriding database path with different value: C:\Users\TAMRD\.stmcufinder\plugins\mcufinder/ => C:\Users\TAMRD\.stmcufinder\plugins\mcufinder
2023-12-19 10:47:54,894 [WARN] DbFile:41 - Overriding database path with different value: C:\Users\TAMRD\.stmcufinder\plugins\mcufinder/ => C:\Users\TAMRD\.stmcufinder\plugins\mcufinder
2023-12-19 10:47:54,894 [INFO] CrossReferenceDbSqlite:203 - Set database path to: C:\Users\TAMRD\.stmcufinder\plugins\mcufinder//mcu/cs/
2023-12-19 10:47:54,917 [INFO] ApplicationProperties:184 - Using Application install path: C:\ST\STM32CubeIDE_1.12.1\STM32CubeIDE\plugins\com.st.stm32cube.common.mx_6.9.2.202309101412
2023-12-19 10:47:54,918 [INFO] PluginManage:196 - Search for loadable plugins [exclusion list=, ]
2023-12-19 10:47:54,935 [INFO] PluginManage:310 - Check plugin analytics
2023-12-19 10:47:55,251 [INFO] AnalyticsPlugin:253 - Accepted Software Licenses: 
2023-12-19 10:47:55,251 [INFO] AnalyticsPlugin:255 - Accepted CMSIS Pack Licenses: 
2023-12-19 10:47:55,252 [INFO] AnalyticsPlugin:257 - Accepted Firmware Licenses: 
2023-12-19 10:47:55,257 [INFO] PluginManage:359 - Loaded plugin analytics (category:tool,tabindex:-1)
2023-12-19 10:47:55,258 [INFO] PluginManage:310 - Check plugin cadmodel
2023-12-19 10:47:55,329 [INFO] CADModel:105 - Init CAD model plugin
2023-12-19 10:47:55,329 [INFO] PluginManage:359 - Loaded plugin cadmodel (category:power,tabindex:5)
2023-12-19 10:47:55,329 [INFO] PluginManage:310 - Check plugin clock
2023-12-19 10:47:55,384 [INFO] PluginManage:359 - Loaded plugin clock (category:base,tabindex:2)
2023-12-19 10:47:55,385 [INFO] PluginManage:310 - Check plugin ddr
2023-12-19 10:47:55,396 [INFO] PluginManage:359 - Loaded plugin ddr (category:tool,tabindex:6)
2023-12-19 10:47:55,396 [INFO] PluginManage:310 - Check plugin filemanager
2023-12-19 10:47:55,801 [INFO] PluginManage:359 - Loaded plugin filemanager (category:base,tabindex:10)
2023-12-19 10:47:55,801 [INFO] PluginManage:310 - Check plugin ipmanager
2023-12-19 10:47:55,842 [INFO] PluginManage:359 - Loaded plugin ipmanager (category:base,tabindex:5)
2023-12-19 10:47:55,842 [INFO] PluginManage:310 - Check plugin lpbam
2023-12-19 10:47:55,873 [INFO] PluginManage:359 - Loaded plugin lpbam (category:base,tabindex:0)
2023-12-19 10:47:55,873 [INFO] PluginManage:310 - Check plugin memorymap
2023-12-19 10:47:55,919 [INFO] PluginManage:359 - Loaded plugin memorymap (category:base,tabindex:4)
2023-12-19 10:47:55,919 [INFO] PluginManage:310 - Check plugin pinoutandconfiguration
2023-12-19 10:47:55,975 [INFO] PluginManage:359 - Loaded plugin pinoutandconfiguration (category:base,tabindex:1)
2023-12-19 10:47:55,975 [INFO] PluginManage:310 - Check plugin pinoutconfig
2023-12-19 10:47:56,125 [WARN] SupportedApi:132 - Cannot load RTOS API schema: s4s-elt-must-match.1: The content of 'definitions' must match (annotation?, (simpleType | complexType)?, (unique | key | keyref)*)). A problem was found starting at: attribute.
2023-12-19 10:47:56,303 [INFO] PluginManage:359 - Loaded plugin pinoutconfig (category:base,tabindex:0)
2023-12-19 10:47:56,304 [INFO] PluginManage:310 - Check plugin power
2023-12-19 10:47:56,366 [INFO] PluginManage:359 - Loaded plugin power (category:power,tabindex:4)
2023-12-19 10:47:56,367 [INFO] PluginManage:310 - Check plugin projectmanager
2023-12-19 10:47:56,395 [INFO] PluginManage:359 - Loaded plugin projectmanager (category:projectmanager,tabindex:3)
2023-12-19 10:47:56,396 [INFO] PluginManage:310 - Check plugin thirdparty
2023-12-19 10:47:56,961 [INFO] PluginManage:359 - Loaded plugin thirdparty (category:base,tabindex:-1)
2023-12-19 10:47:56,962 [INFO] PluginManage:310 - Check plugin tools
2023-12-19 10:47:56,964 [WARN] IntegrityCheckThread:84 - waiting for thirdparty lock release [integrity check]
2023-12-19 10:47:56,964 [INFO] IntegrityCheckThread:86 - entering critical section [integrity check]
2023-12-19 10:47:56,965 [INFO] ThirdPartyUpdaterWithRetryManager:70 - Updater plugin not ready yet. [1/15]
2023-12-19 10:47:57,012 [INFO] PluginManage:359 - Loaded plugin tools (category:base,tabindex:7)
2023-12-19 10:47:57,012 [INFO] PluginManage:310 - Check plugin tutovideos
2023-12-19 10:47:57,389 [INFO] PluginManage:359 - Loaded plugin tutovideos (category:base,tabindex:-1)
2023-12-19 10:47:57,390 [INFO] PluginManage:310 - Check plugin updater
2023-12-19 10:47:57,425 [INFO] PluginManage:359 - Loaded plugin updater (category:base,tabindex:12)
2023-12-19 10:47:57,425 [INFO] PluginManage:310 - Check plugin userauth
2023-12-19 10:47:57,450 [INFO] UserAuth:113 - Init User Auth plugin
2023-12-19 10:47:57,450 [INFO] PluginManage:359 - Loaded plugin userauth (category:base,tabindex:14)
2023-12-19 10:47:57,452 [INFO] PluginManage:283 - PluginManage : Loaded plugins [17]
2023-12-19 10:47:57,996 [INFO] PinOutPanel:1499 - setPackage(No Configuration,No Configuration)
2023-12-19 10:47:58,262 [INFO] CADModel:165 - CPN selected for project level
2023-12-19 10:47:58,262 [INFO] CADModel:114 - Register for checkConnection events
2023-12-19 10:47:58,345 [INFO] IPUIPlugin:80 - create IPUIPlugin
2023-12-19 10:47:58,345 [INFO] PluginManager:220 - loadIPPluginJar : add adc
2023-12-19 10:47:58,411 [INFO] IPUIPlugin:80 - create IPUIPlugin
2023-12-19 10:47:58,412 [INFO] PluginManager:220 - loadIPPluginJar : add aes
2023-12-19 10:47:58,485 [INFO] IPUIPlugin:80 - create IPUIPlugin
2023-12-19 10:47:58,486 [INFO] PluginManager:220 - loadIPPluginJar : add can
2023-12-19 10:47:58,532 [INFO] IPUIPlugin:80 - create IPUIPlugin
2023-12-19 10:47:58,533 [INFO] PluginManager:220 - loadIPPluginJar : add comp
2023-12-19 10:47:58,635 [INFO] IPUIPlugin:80 - create IPUIPlugin
2023-12-19 10:47:58,636 [INFO] PluginManager:220 - loadIPPluginJar : add cryp
2023-12-19 10:47:58,682 [INFO] IPUIPlugin:80 - create IPUIPlugin
2023-12-19 10:47:58,682 [INFO] PluginManager:220 - loadIPPluginJar : add dfsdm
2023-12-19 10:47:58,722 [INFO] IPUIPlugin:80 - create IPUIPlugin
2023-12-19 10:47:58,722 [INFO] PluginManager:220 - loadIPPluginJar : add dma
2023-12-19 10:47:58,784 [INFO] IPUIPlugin:80 - create IPUIPlugin
2023-12-19 10:47:58,784 [INFO] PluginManager:220 - loadIPPluginJar : add dma3
2023-12-19 10:47:58,812 [INFO] IPUIPlugin:80 - create IPUIPlugin
2023-12-19 10:47:58,813 [INFO] PluginManager:220 - loadIPPluginJar : add fatfs
2023-12-19 10:47:58,875 [INFO] IPUIPlugin:80 - create IPUIPlugin
2023-12-19 10:47:58,875 [INFO] PluginManager:220 - loadIPPluginJar : add fmc
2023-12-19 10:47:58,904 [INFO] IPUIPlugin:80 - create IPUIPlugin
2023-12-19 10:47:58,904 [INFO] PluginManager:220 - loadIPPluginJar : add freertos
2023-12-19 10:47:58,935 [INFO] IPUIPlugin:80 - create IPUIPlugin
2023-12-19 10:47:58,936 [INFO] PluginManager:220 - loadIPPluginJar : add genericplugin
2023-12-19 10:47:59,050 [INFO] IPUIPlugin:80 - create IPUIPlugin
2023-12-19 10:47:59,050 [INFO] PluginManager:220 - loadIPPluginJar : add gfxmmu
2023-12-19 10:47:59,211 [INFO] IPUIPlugin:80 - create IPUIPlugin
2023-12-19 10:47:59,211 [INFO] PluginManager:220 - loadIPPluginJar : add gic
2023-12-19 10:47:59,233 [INFO] IPUIPlugin:80 - create IPUIPlugin
2023-12-19 10:47:59,233 [INFO] PluginManager:220 - loadIPPluginJar : add gpio
2023-12-19 10:47:59,348 [INFO] IPUIPlugin:80 - create IPUIPlugin
2023-12-19 10:47:59,349 [INFO] PluginManager:220 - loadIPPluginJar : add gtzc
2023-12-19 10:47:59,392 [INFO] IPUIPlugin:80 - create IPUIPlugin
2023-12-19 10:47:59,392 [INFO] PluginManager:220 - loadIPPluginJar : add hash
2023-12-19 10:47:59,463 [INFO] IPUIPlugin:80 - create IPUIPlugin
2023-12-19 10:47:59,463 [INFO] PluginManager:220 - loadIPPluginJar : add i2c
2023-12-19 10:47:59,515 [INFO] IPUIPlugin:80 - create IPUIPlugin
2023-12-19 10:47:59,515 [INFO] PluginManager:220 - loadIPPluginJar : add i2s
2023-12-19 10:47:59,570 [INFO] IPUIPlugin:80 - create IPUIPlugin
2023-12-19 10:47:59,571 [INFO] PluginManager:220 - loadIPPluginJar : add i3c
2023-12-19 10:47:59,708 [INFO] IPUIPlugin:80 - create IPUIPlugin
2023-12-19 10:47:59,708 [INFO] PluginManager:220 - loadIPPluginJar : add ipddr
2023-12-19 10:47:59,834 [INFO] IPUIPlugin:80 - create IPUIPlugin
2023-12-19 10:47:59,835 [INFO] PluginManager:220 - loadIPPluginJar : add linkedlist
2023-12-19 10:47:59,885 [INFO] IPUIPlugin:80 - create IPUIPlugin
2023-12-19 10:47:59,886 [INFO] PluginManager:220 - loadIPPluginJar : add lorawan
2023-12-19 10:47:59,962 [INFO] IPUIPlugin:80 - create IPUIPlugin
2023-12-19 10:47:59,962 [INFO] PluginManager:220 - loadIPPluginJar : add ltdc
2023-12-19 10:47:59,966 [INFO] ThirdPartyUpdaterWithRetryManager:70 - Updater plugin not ready yet. [2/15]
2023-12-19 10:47:59,984 [INFO] IPUIPlugin:80 - create IPUIPlugin
2023-12-19 10:47:59,984 [INFO] PluginManager:220 - loadIPPluginJar : add mdma
2023-12-19 10:48:00,008 [INFO] IPUIPlugin:80 - create IPUIPlugin
2023-12-19 10:48:00,008 [INFO] PluginManager:220 - loadIPPluginJar : add nvic
2023-12-19 10:48:00,081 [INFO] IPUIPlugin:80 - create IPUIPlugin
2023-12-19 10:48:00,082 [INFO] PluginManager:220 - loadIPPluginJar : add opamp
2023-12-19 10:48:00,167 [INFO] IPUIPlugin:80 - create IPUIPlugin
2023-12-19 10:48:00,167 [INFO] PluginManager:220 - loadIPPluginJar : add openamp
2023-12-19 10:48:00,226 [INFO] IPUIPlugin:80 - create IPUIPlugin
2023-12-19 10:48:00,226 [INFO] PluginManager:220 - loadIPPluginJar : add pdm2pcm
2023-12-19 10:48:00,254 [INFO] IPUIPlugin:80 - create IPUIPlugin
2023-12-19 10:48:00,257 [INFO] PluginManager:220 - loadIPPluginJar : add plateformsettings
2023-12-19 10:48:00,280 [INFO] IPUIPlugin:80 - create IPUIPlugin
2023-12-19 10:48:00,281 [INFO] PluginManager:220 - loadIPPluginJar : add quadspi
2023-12-19 10:48:00,312 [INFO] IPUIPlugin:80 - create IPUIPlugin
2023-12-19 10:48:00,312 [INFO] PluginManager:220 - loadIPPluginJar : add resmgrutility
2023-12-19 10:48:00,391 [INFO] IPUIPlugin:80 - create IPUIPlugin
2023-12-19 10:48:00,391 [INFO] PluginManager:220 - loadIPPluginJar : add sai
2023-12-19 10:48:00,453 [INFO] IPUIPlugin:80 - create IPUIPlugin
2023-12-19 10:48:00,454 [INFO] PluginManager:220 - loadIPPluginJar : add spi
2023-12-19 10:48:00,544 [INFO] IPUIPlugin:80 - create IPUIPlugin
2023-12-19 10:48:00,544 [INFO] PluginManager:220 - loadIPPluginJar : add stm32_wpan
2023-12-19 10:48:00,570 [INFO] IPUIPlugin:80 - create IPUIPlugin
2023-12-19 10:48:00,570 [INFO] PluginManager:220 - loadIPPluginJar : add tim
2023-12-19 10:48:00,645 [INFO] IPUIPlugin:80 - create IPUIPlugin
2023-12-19 10:48:00,645 [INFO] PluginManager:220 - loadIPPluginJar : add touchsensing
2023-12-19 10:48:00,677 [INFO] IPUIPlugin:80 - create IPUIPlugin
2023-12-19 10:48:00,677 [INFO] PluginManager:220 - loadIPPluginJar : add tracer_emb
2023-12-19 10:48:00,713 [INFO] IPUIPlugin:80 - create IPUIPlugin
2023-12-19 10:48:00,713 [INFO] PluginManager:220 - loadIPPluginJar : add ts
2023-12-19 10:48:00,745 [INFO] IPUIPlugin:80 - create IPUIPlugin
2023-12-19 10:48:00,745 [INFO] PluginManager:220 - loadIPPluginJar : add tsc
2023-12-19 10:48:00,775 [INFO] IPUIPlugin:80 - create IPUIPlugin
2023-12-19 10:48:00,775 [INFO] PluginManager:220 - loadIPPluginJar : add ucpd
2023-12-19 10:48:00,825 [INFO] IPUIPlugin:80 - create IPUIPlugin
2023-12-19 10:48:00,825 [INFO] PluginManager:220 - loadIPPluginJar : add usart
2023-12-19 10:48:00,879 [INFO] IPUIPlugin:80 - create IPUIPlugin
2023-12-19 10:48:00,879 [INFO] PluginManager:220 - loadIPPluginJar : add usbx
2023-12-19 10:48:01,052 [INFO] CADModel:165 - CPN selected for project level
2023-12-19 10:48:01,052 [INFO] CADModel:114 - Register for checkConnection events
2023-12-19 10:48:01,053 [FATAL] Updater:308 - Updater called before beeing initialized
2023-12-19 10:48:01,053 [ERROR] CADModel:125 - Updater not yet initialized, retry later 
2023-12-19 10:48:01,405 [INFO] CADModel:165 - CPN selected for project level
2023-12-19 10:48:01,405 [INFO] CADModel:114 - Register for checkConnection events
2023-12-19 10:48:01,405 [FATAL] Updater:308 - Updater called before beeing initialized
2023-12-19 10:48:01,406 [ERROR] CADModel:125 - Updater not yet initialized, retry later 
2023-12-19 10:48:01,422 [FATAL] Updater:308 - Updater called before beeing initialized
2023-12-19 10:48:01,622 [FATAL] Updater:308 - Updater called before beeing initialized
2023-12-19 10:48:01,655 [INFO] DbMcusAds:53 - JSON generation date=Wed Nov 29 17:52:27 ICT 2023 (1701255147349)
2023-12-19 10:48:01,655 [FATAL] Updater:308 - Updater called before beeing initialized
2023-12-19 10:48:01,751 [WARN] DetailPanel:346 - Failed to get advertising image, set to default
2023-12-19 10:48:01,916 [FATAL] Updater:308 - Updater called before beeing initialized
2023-12-19 10:48:01,919 [FATAL] Updater:308 - Updater called before beeing initialized
2023-12-19 10:48:01,919 [FATAL] Updater:308 - Updater called before beeing initialized
2023-12-19 10:48:01,919 [WARN] DetailPanel:346 - Failed to get advertising image, set to default
2023-12-19 10:48:01,920 [FATAL] Updater:308 - Updater called before beeing initialized
2023-12-19 10:48:02,055 [ERROR] Updater:1120 - MainUpdater not yet initialized. External WinMGr cannot be set.
2023-12-19 10:48:02,078 [INFO] Updater:1056 - Updater Version found : 6.9.2
2023-12-19 10:48:02,120 [INFO] ApplicationProperties:184 - Using Application install path: C:\ST\STM32CubeIDE_1.12.1\STM32CubeIDE\plugins\com.st.stm32cube.common.mx_6.9.2.202309101412
2023-12-19 10:48:02,965 [INFO] MainUpdater:2868 - connection check result : 10
2023-12-19 10:48:02,965 [INFO] MainUpdater:3562 - Updater definition file requires update
2023-12-19 10:48:02,966 [INFO] MainUpdater:285 - Updater Check For Update Now.
2023-12-19 10:48:02,966 [INFO] MicroXplorer:498 - Change Database Version : DB.6.0.92
2023-12-19 10:48:02,967 [INFO] ThirdPartyUpdaterWithRetryManager:70 - Updater plugin not ready yet. [3/15]
2023-12-19 10:48:03,028 [INFO] McuFinderGlobals:63 - Set McuFinder mode to 2 (CubeIDE integrated)
2023-12-19 10:48:03,060 [INFO] ServerAccessManage:473 - Download File updaters.zip
2023-12-19 10:48:03,194 [INFO] FileExtend:240 - Unzip File : updaters.zip
2023-12-19 10:48:03,194 [INFO] FileExtend:255 - Standard Zip Deflate
2023-12-19 10:48:04,337 [INFO] ServerAccessManage:473 - Download File PacksControlFlags.xml
2023-12-19 10:48:04,484 [INFO] ServerAccessManage:473 - Download File cubemx.pidx
2023-12-19 10:48:04,770 [INFO] LoadServerUpdatesThread:373 - End of LoadServerUpdate Thread
2023-12-19 10:48:04,995 [INFO] CheckServerUpdateThread:120 - End of CheckServer Thread
2023-12-19 10:48:06,604 [WARN] PackLoader:240 - Cannot read IP mode file for STMicroelectronics.X-CUBE-SMBUS.2.1.0
2023-12-19 10:48:06,655 [WARN] PackLoader:240 - Cannot read IP mode file for STMicroelectronics.X-CUBE-TOUCHGFX.4.23.0
2023-12-19 10:48:06,733 [WARN] PackLoader:240 - Cannot read IP mode file for STMicroelectronics.X-CUBE-AZRTOS-F7.1.1.0
2023-12-19 10:48:06,777 [WARN] PackLoader:240 - Cannot read IP mode file for STMicroelectronics.FP-SNS-MOTENV1.4.3.2
2023-12-19 10:48:06,807 [WARN] PackLoader:240 - Cannot read IP mode file for STMicroelectronics.FP-SNS-FLIGHT1.5.0.2
2023-12-19 10:48:06,841 [WARN] PackLoader:240 - Cannot read IP mode file for STMicroelectronics.X-CUBE-DISPLAY.3.0.0
2023-12-19 10:48:06,877 [WARN] PackLoader:240 - Cannot read IP mode file for STMicroelectronics.X-CUBE-BLE1.7.0.0
2023-12-19 10:48:06,913 [WARN] PackLoader:240 - Cannot read IP mode file for emotas.I-CUBE-CANOPEN.1.3.0
2023-12-19 10:48:06,961 [WARN] PackLoader:240 - Cannot read IP mode file for STMicroelectronics.X-CUBE-TOUCHGFX.4.22.0
2023-12-19 10:48:06,987 [WARN] PackLoader:240 - Cannot read IP mode file for STMicroelectronics.X-CUBE-TOUCHGFX.4.22.1
2023-12-19 10:48:07,009 [WARN] PackLoader:240 - Cannot read IP mode file for STMicroelectronics.FP-SNS-SMARTAG2.1.2.0
2023-12-19 10:48:07,093 [INFO] LogOutputStream:77 - [STDOUT_REDIRECT] 1 : Invalid condition id : UX_CORESTACK_Condition cause : null
2023-12-19 10:48:07,093 [INFO] LogOutputStream:77 - [STDOUT_REDIRECT] 1 : Invalid condition id : UX_CORESTACK_Condition cause : null
2023-12-19 10:48:07,095 [INFO] LogOutputStream:77 - [STDOUT_REDIRECT] 1 : Invalid condition id : UX_CORESTACK_Condition cause : null
2023-12-19 10:48:07,098 [INFO] LogOutputStream:77 - [STDOUT_REDIRECT] 1 : Invalid condition id : UX_CORESTACK_Condition cause : null
2023-12-19 10:48:07,099 [INFO] LogOutputStream:77 - [STDOUT_REDIRECT] 1 : Invalid condition id : UX_CORESTACK_Condition cause : null
2023-12-19 10:48:07,113 [WARN] PackLoader:240 - Cannot read IP mode file for STMicroelectronics.X-CUBE-AZRTOS-WL.2.0.0
2023-12-19 10:48:07,147 [WARN] PackLoader:240 - Cannot read IP mode file for WES.I-CUBE-Cesium.1.3.0
2023-12-19 10:48:07,170 [WARN] PackLoader:240 - Cannot read IP mode file for STMicroelectronics.X-CUBE-BLE2.3.3.0
2023-12-19 10:48:07,202 [WARN] PackLoader:240 - Cannot read IP mode file for STMicroelectronics.X-CUBE-ALGOBUILD.1.3.0
2023-12-19 10:48:07,280 [WARN] PackLoader:240 - Cannot read IP mode file for STMicroelectronics.X-CUBE-AZRTOS-G0.1.1.0
2023-12-19 10:48:07,304 [WARN] PackLoader:240 - Cannot read IP mode file for STMicroelectronics.X-CUBE-NFC4.3.0.0
2023-12-19 10:48:07,345 [WARN] PackLoader:240 - Cannot read IP mode file for STMicroelectronics.X-CUBE-BLEMGR.3.0.0
2023-12-19 10:48:07,403 [WARN] PackLoader:240 - Cannot read IP mode file for STMicroelectronics.FP-ATR-SIGFOX1.3.2.0
2023-12-19 10:48:07,480 [WARN] PackLoader:240 - Cannot read IP mode file for SEGGER.I-CUBE-embOS.1.3.1
2023-12-19 10:48:07,616 [WARN] PackLoader:240 - Cannot read IP mode file for STMicroelectronics.X-CUBE-GNSS1.6.0.0
2023-12-19 10:48:07,655 [WARN] PackLoader:240 - Cannot read IP mode file for STMicroelectronics.X-CUBE-AZRTOS-F4.1.1.0
2023-12-19 10:48:07,671 [WARN] PackLoader:240 - Cannot read IP mode file for wolfSSL.I-CUBE-wolfSSL.5.6.3
2023-12-19 10:48:07,717 [WARN] PackLoader:240 - Cannot read IP mode file for STMicroelectronics.X-CUBE-AZRTOS-L5.2.0.0
2023-12-19 10:48:07,830 [WARN] PackLoader:240 - Cannot read IP mode file for STMicroelectronics.X-CUBE-MEMS1.9.6.0
2023-12-19 10:48:08,046 [WARN] PackLoader:240 - Cannot read IP mode file for STMicroelectronics.X-CUBE-EEPRMA1.4.2.0
2023-12-19 10:48:08,100 [WARN] PackLoader:240 - Cannot read IP mode file for ITTIA_DB.I-CUBE-ITTIADB.8.8.0
2023-12-19 10:48:08,134 [WARN] PackLoader:240 - Cannot read IP mode file for STMicroelectronics.X-CUBE-BLEMGR.2.0.0
2023-12-19 10:48:08,189 [WARN] ConditionMgr:438 - getConditionDescription Invalid condition id : UX DEVICE CLASS RTOS Condition cause : null
2023-12-19 10:48:08,190 [WARN] ConditionMgr:438 - getConditionDescription Invalid condition id : UX DEVICE CLASS RTOS Condition cause : null
2023-12-19 10:48:08,194 [WARN] PackLoader:240 - Cannot read IP mode file for STMicroelectronics.X-CUBE-AZRTOS-H7.3.1.0
2023-12-19 10:48:08,195 [WARN] ConditionMgr:1039 - genDependencies : Invalid condition id : UX DEVICE CLASS RTOS Condition cause : null
2023-12-19 10:48:08,195 [WARN] ConditionMgr:1039 - genDependencies : Invalid condition id : UX DEVICE CLASS RTOS Condition cause : null
2023-12-19 10:48:08,196 [WARN] ConditionMgr:1039 - genDependencies : Invalid condition id : UX DEVICE CLASS RTOS Condition cause : null
2023-12-19 10:48:08,196 [WARN] ConditionMgr:1039 - genDependencies : Invalid condition id : UX DEVICE CLASS RTOS Condition cause : null
2023-12-19 10:48:08,196 [WARN] ConditionMgr:1039 - genDependencies : Invalid condition id : UX DEVICE CLASS RTOS Condition cause : null
2023-12-19 10:48:08,213 [WARN] PackLoader:240 - Cannot read IP mode file for STMicroelectronics.X-CUBE-NFC7.1.0.1
2023-12-19 10:48:08,243 [WARN] PackLoader:240 - Cannot read IP mode file for STMicroelectronics.X-CUBE-NFC6.3.0.0
2023-12-19 10:48:08,272 [WARN] PackLoader:240 - Cannot read IP mode file for STMicroelectronics.X-CUBE-EEPRMA1.4.1.0
2023-12-19 10:48:08,308 [WARN] PackLoader:240 - Cannot read IP mode file for STMicroelectronics.X-CUBE-AI.8.1.0
2023-12-19 10:48:08,371 [WARN] ConditionMgr:438 - getConditionDescription Invalid condition id : LAN8742 Phy interface Condition cause : null
2023-12-19 10:48:08,373 [WARN] PackLoader:240 - Cannot read IP mode file for STMicroelectronics.X-CUBE-AZRTOS-L4.2.0.0
2023-12-19 10:48:08,380 [WARN] ConditionMgr:1039 - genDependencies : Invalid condition id : LAN8742 Phy interface Condition cause : null
2023-12-19 10:48:08,381 [WARN] ConditionMgr:1039 - genDependencies : Invalid condition id : LAN8742 Phy interface Condition cause : null
2023-12-19 10:48:08,381 [WARN] ConditionMgr:1039 - genDependencies : Invalid condition id : LAN8742 Phy interface Condition cause : null
2023-12-19 10:48:08,408 [WARN] PackLoader:240 - Cannot read IP mode file for STMicroelectronics.X-CUBE-SFXS2LP1.4.0.0
2023-12-19 10:48:08,425 [WARN] PackLoader:240 - Cannot read IP mode file for STMicroelectronics.X-CUBE-ISPU.1.1.0
2023-12-19 10:48:08,465 [WARN] ConditionMgr:438 - getConditionDescription Invalid condition id : UX DEVICE CLASS RTOS Condition cause : null
2023-12-19 10:48:08,466 [WARN] ConditionMgr:438 - getConditionDescription Invalid condition id : UX DEVICE CLASS RTOS Condition cause : null
2023-12-19 10:48:08,470 [WARN] PackLoader:240 - Cannot read IP mode file for STMicroelectronics.X-CUBE-AZRTOS-WB.2.0.0
2023-12-19 10:48:08,471 [WARN] ConditionMgr:1039 - genDependencies : Invalid condition id : UX DEVICE CLASS RTOS Condition cause : null
2023-12-19 10:48:08,471 [WARN] ConditionMgr:1039 - genDependencies : Invalid condition id : UX DEVICE CLASS RTOS Condition cause : null
2023-12-19 10:48:08,472 [WARN] ConditionMgr:1039 - genDependencies : Invalid condition id : UX DEVICE CLASS RTOS Condition cause : null
2023-12-19 10:48:08,473 [WARN] ConditionMgr:1039 - genDependencies : Invalid condition id : UX DEVICE CLASS RTOS Condition cause : null
2023-12-19 10:48:08,473 [WARN] ConditionMgr:1039 - genDependencies : Invalid condition id : UX DEVICE CLASS RTOS Condition cause : null
2023-12-19 10:48:08,496 [WARN] PackLoader:240 - Cannot read IP mode file for STMicroelectronics.X-CUBE-SUBG2.5.0.0
2023-12-19 10:48:08,533 [WARN] PackLoader:240 - Cannot read IP mode file for STMicroelectronics.X-CUBE-TOF1.3.3.1
2023-12-19 10:48:08,592 [WARN] PackLoader:240 - Cannot read IP mode file for STMicroelectronics.X-CUBE-AZRTOS-G4.2.0.0
2023-12-19 10:48:08,660 [WARN] PackLoader:240 - Cannot read IP mode file for Infineon.AIROC-Wi-Fi-Bluetooth-STM32.1.5.1
2023-12-19 10:48:08,696 [WARN] PackLoader:240 - Cannot read IP mode file for STMicroelectronics.FP-SNS-MOTENVWB1.1.3.0
2023-12-19 10:48:08,733 [WARN] PackLoader:240 - Cannot read IP mode file for STMicroelectronics.FP-SNS-MOTENVWB1.1.3.1
2023-12-19 10:48:08,843 [WARN] PackLoader:240 - Cannot read IP mode file for STMicroelectronics.X-CUBE-MEMS1.10.0.0
2023-12-19 10:48:08,997 [WARN] PackLoader:240 - Cannot read IP mode file for STMicroelectronics.X-CUBE-FREERTOS.1.1.0
2023-12-19 10:48:09,032 [WARN] PackLoader:240 - Cannot read IP mode file for portGmbH.I-Cube-SoM-uGOAL.1.1.0
2023-12-19 10:48:09,057 [WARN] PackLoader:240 - Cannot read IP mode file for STMicroelectronics.X-CUBE-ALS.1.0.1
2023-12-19 10:48:09,106 [WARN] PackLoader:240 - Cannot read IP mode file for STMicroelectronics.FP-ATR-ASTRA1.2.0.0
2023-12-19 10:48:09,264 [WARN] PackLoader:240 - Cannot read IP mode file for STMicroelectronics.X-CUBE-TOF1.3.4.0
2023-12-19 10:48:09,272 [INFO] ThirdParty:978 - Integrity check success = true
2023-12-19 10:48:09,272 [INFO] IntegrityCheckThread:100 - exiting critical section [integrity check]
2023-12-19 10:48:09,272 [INFO] IntegrityCheckThread:103 - End integrity checks thread
2023-12-19 10:48:25,264 [ERROR] LogOutputStream:75 - [STDERR_REDIRECT] SLF4J: Failed to load class "org.slf4j.impl.StaticLoggerBinder".
2023-12-19 10:48:25,265 [ERROR] LogOutputStream:75 - [STDERR_REDIRECT] SLF4J: Defaulting to no-operation (NOP) logger implementation
2023-12-19 10:48:25,266 [ERROR] LogOutputStream:75 - [STDERR_REDIRECT] SLF4J: See http://www.slf4j.org/codes.html#StaticLoggerBinder for further details.
2023-12-19 11:13:00,571 [INFO] McuFinderGlobals:63 - Set McuFinder mode to 2 (CubeIDE integrated)
2023-12-19 11:13:00,636 [INFO] MainUpdater:2868 - connection check result : 10
2023-12-19 11:13:00,656 [INFO] MainUpdater:2868 - connection check result : 10
2023-12-19 11:13:01,117 [INFO] MicroXplorer:468 - Change Database Path : 
2023-12-19 11:13:01,117 [INFO] MicroXplorer:498 - Change Database Version : DB.6.0.92
2023-12-19 11:13:01,130 [WARN] ThirdParty:871 - waiting for thirdparty lock release [close project]
2023-12-19 11:13:01,131 [INFO] ThirdParty:873 - entering critical section [close project]
2023-12-19 11:13:01,132 [INFO] ThirdParty:883 - exiting critical section [close project]
2023-12-19 11:13:01,134 [INFO] PinOutPanel:1499 - setPackage(No Configuration,No Configuration)
2023-12-19 11:13:01,144 [INFO] UtilMem:75 - Begin LoadConfig() Used Memory: 722791072 Bytes (872415232)
2023-12-19 11:13:01,197 [INFO] MicroXplorer:468 - Change Database Path : C:/Users/TAMRD/.stm32cubemx/databases/DB.6.0.81/db/
2023-12-19 11:13:01,197 [INFO] MicroXplorer:498 - Change Database Version : DB.6.0.81
2023-12-19 11:13:03,181 [INFO] OpenFileManager:308 - Change cursor
2023-12-19 11:13:03,404 [INFO] Mcu:1946 - Initializing MCU STM32F103C(8-B)Tx STM32F103C8Tx STM32F103C8T6
2023-12-19 11:13:06,389 [INFO] Context:659 - Trying to add GPIOservice into a context  which must be forbidden
2023-12-19 11:13:07,494 [INFO] RtosManager:555 - Registered RTOS mode: class=CMSIS, group=RTOS, mode=CMSIS_V1, owner=FREERTOS
2023-12-19 11:13:07,495 [INFO] RtosManager:555 - Registered RTOS mode: class=CMSIS, group=RTOS2, mode=CMSIS_V2, owner=FREERTOS
2023-12-19 11:13:07,495 [INFO] RtosManager:555 - Registered RTOS mode: class=RTOS, group=Core, mode=CMSIS_V1, owner=FREERTOS
2023-12-19 11:13:07,495 [INFO] RtosManager:555 - Registered RTOS mode: class=RTOS, group=Core, mode=CMSIS_V2, owner=FREERTOS
2023-12-19 11:13:07,495 [WARN] ModelIntegratedComponent:184 - Missing modes for component STMicroelectronics:FreeRTOS:0.0.1:STMicroelectronics:RTOS:FreeRTOS:Core:::10.2.0:
2023-12-19 11:13:07,516 [WARN] ModelIntegratedComponent:63 - No mode defined for component null
2023-12-19 11:13:07,517 [WARN] ModelIntegratedComponent:63 - No mode defined for component null
2023-12-19 11:13:07,517 [WARN] ModelIntegratedComponent:63 - No mode defined for component null
2023-12-19 11:13:07,518 [WARN] ModelIntegratedComponent:63 - No mode defined for component null
2023-12-19 11:13:07,518 [WARN] ModelIntegratedComponent:63 - No mode defined for component null
2023-12-19 11:13:07,518 [WARN] ModelIntegratedComponent:63 - No mode defined for component null
2023-12-19 11:13:07,518 [WARN] ModelIntegratedComponent:63 - No mode defined for component null
2023-12-19 11:13:07,518 [WARN] ModelIntegratedComponent:63 - No mode defined for component null
2023-12-19 11:13:07,518 [WARN] ModelIntegratedComponent:63 - No mode defined for component null
2023-12-19 11:13:07,518 [WARN] ModelIntegratedComponent:63 - No mode defined for component null
2023-12-19 11:13:07,518 [WARN] ModelIntegratedComponent:63 - No mode defined for component null
2023-12-19 11:13:07,518 [WARN] ModelIntegratedComponent:63 - No mode defined for component null
2023-12-19 11:13:07,518 [WARN] ModelIntegratedComponent:63 - No mode defined for component null
2023-12-19 11:13:07,518 [WARN] ModelIntegratedComponent:63 - No mode defined for component null
2023-12-19 11:13:07,518 [WARN] ModelIntegratedComponent:63 - No mode defined for component null
2023-12-19 11:13:07,518 [WARN] ModelIntegratedComponent:63 - No mode defined for component null
2023-12-19 11:13:07,518 [WARN] ModelIntegratedComponent:63 - No mode defined for component null
2023-12-19 11:13:07,518 [WARN] ModelIntegratedComponent:63 - No mode defined for component null
2023-12-19 11:13:07,519 [WARN] ModelIntegratedComponent:63 - No mode defined for component null
2023-12-19 11:13:07,519 [WARN] ModelIntegratedComponent:63 - No mode defined for component null
2023-12-19 11:13:07,519 [WARN] ModelIntegratedComponent:63 - No mode defined for component null
2023-12-19 11:13:07,519 [WARN] ModelIntegratedComponent:63 - No mode defined for component null
2023-12-19 11:13:07,519 [WARN] ModelIntegratedComponent:63 - No mode defined for component null
2023-12-19 11:13:07,519 [WARN] ModelIntegratedComponent:63 - No mode defined for component null
2023-12-19 11:13:07,519 [WARN] ModelIntegratedComponent:63 - No mode defined for component null
2023-12-19 11:13:07,519 [WARN] ModelIntegratedComponent:63 - No mode defined for component null
2023-12-19 11:13:07,519 [WARN] ModelIntegratedComponent:63 - No mode defined for component null
2023-12-19 11:13:07,519 [WARN] ModelIntegratedComponent:63 - No mode defined for component null
2023-12-19 11:13:07,519 [WARN] ModelIntegratedComponent:63 - No mode defined for component null
2023-12-19 11:13:07,519 [WARN] ModelIntegratedComponent:63 - No mode defined for component null
2023-12-19 11:13:07,519 [WARN] ModelIntegratedComponent:63 - No mode defined for component null
2023-12-19 11:13:07,519 [WARN] ModelIntegratedComponent:63 - No mode defined for component null
2023-12-19 11:13:07,519 [WARN] ModelIntegratedComponent:63 - No mode defined for component null
2023-12-19 11:13:07,948 [INFO] ThirdPartyModel:298 - Start build external matchings
2023-12-19 11:13:08,764 [INFO] ThirdPartyModel:316 - End build external matchings
2023-12-19 11:13:09,132 [WARN] IP:2114 - I2C_Coeff_DF not found: check if there is a RefParameter without a condition.
2023-12-19 11:13:09,132 [WARN] IP:2114 - Analog_Filter not found: check if there is a RefParameter without a condition.
2023-12-19 11:13:10,112 [INFO] UtilMem:75 - End LoadConfig() Used Memory: 518710264 Bytes (1073741824)
2023-12-19 11:13:10,461 [INFO] ApiDb:581 - Connected to CubeFinder SQLite database (C:\Users\TAMRD\.stmcufinder\plugins\mcufinder\mcu\cube-finder-db.db)
2023-12-19 11:13:10,650 [INFO] ApiDb:668 - CubeFinder database Data Model version=2.1
2023-12-19 11:13:10,650 [INFO] ApiDb:669 - CubeFinder database Configuration version=3.0.39
2023-12-19 11:13:10,651 [INFO] ApiDb:670 - CubeFinder database generation date=2023-11-06 (1699269565)
2023-12-19 11:13:10,652 [INFO] ApiDb:671 - CubeFinder database FW Pack versions=[FP-ATR-ASTRA1_V2.0.0, FP-SNS-FLIGHT1_V5.0.1, FP-SNS-FLIGHT1_V5.0.2, FP-SNS-MOTENV1_V4.3.1, FP-SNS-MOTENV1_V4.3.2, FP-SNS-MOTENVWB1_V1.3.0, FP-SNS-SMARTAG2_V1.2.0, STM32Cube_FW_C0_V1.1.0, STM32Cube_FW_F4_V1.28.0, STM32Cube_FW_F7_V1.17.0, STM32Cube_FW_G0_V1.6.1, STM32Cube_FW_G4_V1.5.1, STM32Cube_FW_H5_V0.5.1, STM32Cube_FW_H5_V1.1.1, STM32Cube_FW_H5_V1.2.0RC2, STM32Cube_FW_H7_V1.11.0, STM32Cube_FW_L0_V1.12.2, STM32Cube_FW_L5_V1.5.0, STM32Cube_FW_U5_V1.3.0RC4, STM32Cube_FW_U5_V1.4.0, STM32Cube_FW_WBA_V1.0.0RC1, STM32Cube_FW_WBA_V1.1.0RC1, STM32Cube_FW_WBA_V1.2.0, STM32Cube_FW_WBA_V1.2.0RC2, STM32Cube_FW_WB_V1.15.0RC1, STM32Cube_FW_WB_V1.16.0, STM32Cube_FW_WB_V1.16.0RC2, STM32Cube_FW_WB_V1.18.0, STM32Cube_FW_WL_V1.3.0, X-CUBE-ALGOBUILD_V1.3.0, X-CUBE-ALS_V1.0.1, X-CUBE-AZRTOS-F4_V1.1.0, X-CUBE-AZRTOS-F7_V1.1.0, X-CUBE-AZRTOS-G0_V1.1.0, X-CUBE-AZRTOS-G4_V2.0.0, X-CUBE-AZRTOS-H7_V3.1.0, X-CUBE-AZRTOS-L4_V1.0.0, X-CUBE-AZRTOS-L4_V2.0.0, X-CUBE-AZRTOS-L5_V1.1.0, X-CUBE-AZRTOS-WB_V2.0.0, X-CUBE-AZRTOS-WL_V2.0.0, X-CUBE-BLE1_V7.0.0, X-CUBE-BLE2_V3.3.0, X-CUBE-BLEMGR_V2.0.0, X-CUBE-EEPRMA1_V4.1.0, X-CUBE-EEPRMA1_V4.2.0, X-CUBE-FREERTOS_V1.1.0, X-CUBE-GNSS1_V6.0.0, X-CUBE-MEMS1_V10.0.0, X-CUBE-MEMS1_V9.1.0, X-CUBE-MEMS1_V9.4.0, X-CUBE-MEMS1_V9.6.0, X-CUBE-NFC4_V3.0.0, X-CUBE-NFC7_V1.0.1, X-CUBE-SFXS2LP1_V4.0.0, X-CUBE-SUBG2_V5.0.0, X-CUBE-TOF1_V3.3.1]
2023-12-19 11:13:14,131 [INFO] ApiDb:240 - Found 323 in-development CPN: [B-G473E-ZEST1S, B-WB1M-WPAN1, B-WL5M-SUBG1, NUCLEO-C031C6, NUCLEO-H503RB, NUCLEO-H563ZI, NUCLEO-U545RE-Q, NUCLEO-U5A5ZJ-Q, NUCLEO-WBA52CG, STEVAL-PROTEUS1, STEVAL-SMARTAG2, STEVAL-STWINBX1, STM320518-EVAL, STM32C0116-DK, STM32C011D6Y3TR, STM32C011D6Y6TR, STM32C011F4P3, STM32C011F4P6, STM32C011F4U3, STM32C011F4U6TR, STM32C011F6P3, STM32C011F6P6, STM32C011F6U3, STM32C011F6U6TR, STM32C011J4M3, STM32C011J4M6, STM32C011J6M3, STM32C011J6M6, STM32C0316-DK, STM32C031C4T3, STM32C031C4T6, STM32C031C4U3, STM32C031C4U6, STM32C031C6T3, STM32C031C6T6, STM32C031C6U3, STM32C031C6U6, STM32C031F4P3, STM32C031F4P6, STM32C031F6P3, STM32C031F6P6, STM32C031G4U3, STM32C031G4U6, STM32C031G6U3, STM32C031G6U6, STM32C031K4T3, STM32C031K4T6, STM32C031K4U3, STM32C031K4U6, STM32C031K6T3, STM32C031K6T6, STM32C031K6U3, STM32C031K6U6, STM32G071K8TXN, STM32G071K8UXN, STM32G081GBU6N, STM32G081KBT6N, STM32G081KBUXN, STM32G0B1CCT6N, STM32G0B1KCT6, STM32G0B1NEY6TR, STM32G0B1RCT6N, STM32G0C1CCT6, STM32G0C1CCT6N, STM32G0C1CCU6N, STM32G0C1CET6N, STM32G0C1CEU6N, STM32G0C1KCT6, STM32G0C1NEY6TR, STM32G0C1RCI6N, STM32G0C1RCT6N, STM32G0C1REI6N, STM32G0C1RET6N, STM32G0C1VCI6, STM32G0C1VEI6, STM32G471CCT6, STM32G471CCU6, STM32G471CET3, STM32G471CET6, STM32G471CEU3, STM32G471CEU6, STM32G471MCT6, STM32G471MET3, STM32G471MET6, STM32G471MEY6TR, STM32G471QCT6, STM32G471QET3, STM32G471RCT6, STM32G471RET3, STM32G471RET6, STM32G471VCH6, STM32G471VCI6, STM32G471VCT6, STM32G471VEH3, STM32G471VEH6, STM32G471VEI3, STM32G471VEI6, STM32G471VET3, STM32G471VET6, STM32G474CCT6, STM32H503CBT6, STM32H503CBU6, STM32H503EBY6TR, STM32H503KBU6, STM32H503RBT6, STM32H562AGI6, STM32H562AII6, STM32H562IGK6, STM32H562IGT6, STM32H562IIK6, STM32H562IIT6, STM32H562RGT6, STM32H562RGV6, STM32H562RIT6, STM32H562RIV6, STM32H562VGT6, STM32H562VIT6, STM32H562ZGT6, STM32H562ZIT6, STM32H563AGI6, STM32H563AII3Q, STM32H563AII6, STM32H563IGK6, STM32H563IGT6, STM32H563IIK3Q, STM32H563IIK6, STM32H563IIT3Q, STM32H563IIT6, STM32H563MIY3QTR, STM32H563RGT6, STM32H563RGV6, STM32H563RIT6, STM32H563RIV6, STM32H563VGT6, STM32H563VIT3Q, STM32H563VIT6, STM32H563ZGT6, STM32H563ZIT3Q, STM32H563ZIT6, STM32H573AII3Q, STM32H573AII6, STM32H573I-DK, STM32H573IIK3Q, STM32H573IIK6, STM32H573IIT3Q, STM32H573IIT6, STM32H573MIY3QTR, STM32H573RIT6, STM32H573RIV6, STM32H573VIT3Q, STM32H573VIT6, STM32H573ZIT3Q, STM32H573ZIT6, STM32L4R5QGI6STR, STM32MP131AAE3, STM32MP131AAF3, STM32MP131AAG3, STM32MP131CAE3, STM32MP131CAF3, STM32MP131CAG3, STM32MP131DAE7, STM32MP131DAF7, STM32MP131DAG7, STM32MP131FAE7, STM32MP131FAF7, STM32MP131FAG7, STM32MP133AAE3, STM32MP133AAF3, STM32MP133AAG3, STM32MP133CAE3, STM32MP133CAF3, STM32MP133CAG3, STM32MP133DAE7, STM32MP133DAF7, STM32MP133DAG7, STM32MP133FAE7, STM32MP133FAF7, STM32MP133FAG7, STM32MP135AAE3, STM32MP135AAF3, STM32MP135AAG3, STM32MP135CAE3, STM32MP135CAF3, STM32MP135CAG3, STM32MP135DAE7, STM32MP135DAF7, STM32MP135DAG7, STM32MP135F-DK, STM32MP135FAE7, STM32MP135FAF7, STM32MP135FAF7T, STM32MP135FAF7U, STM32MP135FAG7, STM32U535CBT6, STM32U535CBT6Q, STM32U535CBU6, STM32U535CBU6Q, STM32U535CCT6, STM32U535CCT6Q, STM32U535CCU6, STM32U535CCU6Q, STM32U535CET6, STM32U535CET6Q, STM32U535CEU6, STM32U535CEU6Q, STM32U535JEY6QTR, STM32U535NCY6QTR, STM32U535NEY6QTR, STM32U535RBI6, STM32U535RBI6Q, STM32U535RBT6, STM32U535RBT6Q, STM32U535RCI6, STM32U535RCI6Q, STM32U535RCT6, STM32U535RCT6Q, STM32U535REI6, STM32U535REI6Q, STM32U535RET6, STM32U535RET6Q, STM32U535VCI6, STM32U535VCI6Q, STM32U535VCT6, STM32U535VCT6Q, STM32U535VEI6, STM32U535VEI6Q, STM32U535VET6, STM32U535VET6Q, STM32U545CET6, STM32U545CET6Q, STM32U545CEU6, STM32U545CEU6Q, STM32U545JEY6QTR, STM32U545NEY6QTR, STM32U545REI6, STM32U545REI6Q, STM32U545RET6, STM32U545RET6Q, STM32U545VEI6, STM32U545VEI6Q, STM32U545VET6, STM32U545VET6Q, STM32U595AIH6, STM32U595AIH6Q, STM32U595AJH6, STM32U595AJH6Q, STM32U595QII6, STM32U595QII6Q, STM32U595QJI6, STM32U595QJI6Q, STM32U595RIT6, STM32U595RIT6Q, STM32U595RJT6, STM32U595RJT6Q, STM32U595VIT6, STM32U595VIT6Q, STM32U595VJT6, STM32U595VJT6Q, STM32U595ZIT6, STM32U595ZIT6Q, STM32U595ZIY6QTR, STM32U595ZJT6, STM32U595ZJT6Q, STM32U595ZJY6QTR, STM32U599BJY6QTR, STM32U599NIH6Q, STM32U599NJH6Q, STM32U599VIT6Q, STM32U599VJT6, STM32U599VJT6Q, STM32U599ZIT6Q, STM32U599ZIY6QTR, STM32U599ZJT6Q, STM32U599ZJY6QTR, STM32U5A5AJH6, STM32U5A5AJH6Q, STM32U5A5QJI6, STM32U5A5QJI6Q, STM32U5A5RJT6, STM32U5A5RJT6Q, STM32U5A5VJT6, STM32U5A5VJT6Q, STM32U5A5ZJT6, STM32U5A5ZJT6Q, STM32U5A5ZJY6QTR, STM32U5A9BJY6QTR, STM32U5A9J-DK, STM32U5A9NJH6Q, STM32U5A9VJT6Q, STM32U5A9ZJT6Q, STM32U5A9ZJY6QTR, STM32U5F7VIT6, STM32U5F7VIT6Q, STM32U5F7VJT6, STM32U5F7VJT6Q, STM32U5F9BJY6QTR, STM32U5F9NJH6Q, STM32U5F9VIT6Q, STM32U5F9VJT6Q, STM32U5F9ZIJ6QTR, STM32U5F9ZIT6Q, STM32U5F9ZJJ6QTR, STM32U5F9ZJT6Q, STM32U5G7VJT6, STM32U5G7VJT6Q, STM32U5G9BJY6QTR, STM32U5G9J-DK1, STM32U5G9J-DK2, STM32U5G9NJH6Q, STM32U5G9VJT6Q, STM32U5G9ZJJ6QTR, STM32U5G9ZJT6Q, STM32WB1MMCH6, STM32WBA52CEU6, STM32WBA52CEU6T, STM32WBA52CGU6, STM32WBA52CGU6T, STM32WBA52KEU6, STM32WBA52KEU6T, STM32WBA52KGU6, STM32WBA52KGU6T, STM32WL5MOCH6, STM32WL5MOCH6TR]
2023-12-19 11:13:14,137 [INFO] DbMcus:217 - Found 3882 MCUs, 3882 are supported
2023-12-19 11:13:14,160 [INFO] ApiDb:423 - Load user favorites file C:\Users\TAMRD/.stm32cubeide/favorites.mcus.txt: 0 item(s)
2023-12-19 11:13:14,160 [INFO] ApiDb:427 - User favorites MCUs=[]
2023-12-19 11:13:14,161 [INFO] DbMcus:223 - Set 0 / 0 favorites MCUs
2023-12-19 11:13:14,805 [WARN] ThirdParty:833 - waiting for thirdparty lock release [change project]
2023-12-19 11:13:14,805 [INFO] ThirdParty:835 - entering critical section [change project]
2023-12-19 11:13:14,805 [INFO] ThirdParty:1030 - CMSIS Pack Vendor :STMicroelectronics X-CUBE-ISPU 1.1.0
2023-12-19 11:13:14,805 [INFO] ThirdParty:1030 - CMSIS Pack Vendor :STMicroelectronics USBPD 4.1
2023-12-19 11:13:14,805 [INFO] ThirdParty:1030 - CMSIS Pack Vendor :STMicroelectronics X-CUBE-GNSS1 6.0.0
2023-12-19 11:13:14,805 [INFO] ThirdParty:1030 - CMSIS Pack Vendor :STMicroelectronics USB_HOST 2.0.0
2023-12-19 11:13:14,805 [INFO] ThirdParty:1030 - CMSIS Pack Vendor :STMicroelectronics X-CUBE-AZRTOS-F4 1.1.0
2023-12-19 11:13:14,805 [INFO] ThirdParty:1030 - CMSIS Pack Vendor :STMicroelectronics LIBJPEG 8.0.0
2023-12-19 11:13:14,806 [INFO] ThirdParty:1030 - CMSIS Pack Vendor :wolfSSL I-CUBE-wolfSSL 5.6.3
2023-12-19 11:13:14,806 [INFO] ThirdParty:1030 - CMSIS Pack Vendor :STMicroelectronics X-CUBE-SMBUS 2.1.0
2023-12-19 11:13:14,806 [INFO] ThirdParty:1030 - CMSIS Pack Vendor :STMicroelectronics USB_DEVICE 3.0.0
2023-12-19 11:13:14,806 [INFO] ThirdParty:1030 - CMSIS Pack Vendor :STMicroelectronics X-CUBE-AZRTOS-WB 2.0.0
2023-12-19 11:13:14,806 [INFO] ThirdParty:1030 - CMSIS Pack Vendor :STMicroelectronics X-CUBE-TOUCHGFX 4.23.0
2023-12-19 11:13:14,806 [INFO] ThirdParty:1030 - CMSIS Pack Vendor :STMicroelectronics X-CUBE-AZRTOS-F7 1.1.0
2023-12-19 11:13:14,806 [INFO] ThirdParty:1030 - CMSIS Pack Vendor :STMicroelectronics X-CUBE-AZRTOS-L5 2.0.0
2023-12-19 11:13:14,806 [INFO] ThirdParty:1030 - CMSIS Pack Vendor :STMicroelectronics USB_DEVICE 2.0.0
2023-12-19 11:13:14,806 [INFO] ThirdParty:1030 - CMSIS Pack Vendor :STMicroelectronics X-CUBE-MEMS1 9.6.0
2023-12-19 11:13:14,806 [INFO] ThirdParty:1030 - CMSIS Pack Vendor :STMicroelectronics X-CUBE-EEPRMA1 4.2.0
2023-12-19 11:13:14,806 [INFO] ThirdParty:1030 - CMSIS Pack Vendor :ITTIA_DB I-CUBE-ITTIADB 8.8.0
2023-12-19 11:13:14,806 [INFO] ThirdParty:1030 - CMSIS Pack Vendor :STMicroelectronics FP-SNS-MOTENV1 4.3.2
2023-12-19 11:13:14,806 [INFO] ThirdParty:1030 - CMSIS Pack Vendor :STMicroelectronics X-CUBE-ALGOBUILD 1.3.0
2023-12-19 11:13:14,806 [INFO] ThirdParty:1030 - CMSIS Pack Vendor :STMicroelectronics FreeRTOS 0.0.1
2023-12-19 11:13:14,806 [INFO] ThirdParty:1030 - CMSIS Pack Vendor :STMicroelectronics X-CUBE-AZRTOS-G0 1.1.0
2023-12-19 11:13:14,806 [INFO] ThirdParty:1030 - CMSIS Pack Vendor :STMicroelectronics X-CUBE-BLEMGR 2.0.0
2023-12-19 11:13:14,806 [INFO] ThirdParty:1030 - CMSIS Pack Vendor :STMicroelectronics X-CUBE-NFC4 3.0.0
2023-12-19 11:13:14,806 [INFO] ThirdParty:1030 - CMSIS Pack Vendor :STMicroelectronics X-CUBE-SUBG2 5.0.0
2023-12-19 11:13:14,807 [INFO] ThirdParty:1030 - CMSIS Pack Vendor :STMicroelectronics STM32_WPAN 1.0.0
2023-12-19 11:13:14,807 [INFO] ThirdParty:1030 - CMSIS Pack Vendor :STMicroelectronics lwIP 2.0.3
2023-12-19 11:13:14,807 [INFO] ThirdParty:1030 - CMSIS Pack Vendor :STMicroelectronics FP-SNS-FLIGHT1 5.0.2
2023-12-19 11:13:14,807 [INFO] ThirdParty:1030 - CMSIS Pack Vendor :STMicroelectronics USB_HOST 1.0.0
2023-12-19 11:13:14,807 [INFO] ThirdParty:1030 - CMSIS Pack Vendor :STMicroelectronics X-CUBE-TOF1 3.3.1
2023-12-19 11:13:14,807 [INFO] ThirdParty:1030 - CMSIS Pack Vendor :STMicroelectronics X-CUBE-AZRTOS-G4 2.0.0
2023-12-19 11:13:14,807 [INFO] ThirdParty:1030 - CMSIS Pack Vendor :STMicroelectronics PDM2PCM 3.1.0
2023-12-19 11:13:14,808 [INFO] ThirdParty:1030 - CMSIS Pack Vendor :STMicroelectronics X-CUBE-AZRTOS-H7 3.1.0
2023-12-19 11:13:14,808 [INFO] ThirdParty:1030 - CMSIS Pack Vendor :Infineon AIROC-Wi-Fi-Bluetooth-STM32 1.5.1
2023-12-19 11:13:14,808 [INFO] ThirdParty:1030 - CMSIS Pack Vendor :STMicroelectronics X-CUBE-BLEMGR 3.0.0
2023-12-19 11:13:14,808 [INFO] ThirdParty:1030 - CMSIS Pack Vendor :STMicroelectronics PDM2PCM 3.3.0
2023-12-19 11:13:14,808 [INFO] ThirdParty:1030 - CMSIS Pack Vendor :STMicroelectronics X-CUBE-DISPLAY 3.0.0
2023-12-19 11:13:14,809 [INFO] ThirdParty:1030 - CMSIS Pack Vendor :STMicroelectronics FP-SNS-MOTENVWB1 1.3.0
2023-12-19 11:13:14,809 [INFO] ThirdParty:1030 - CMSIS Pack Vendor :STMicroelectronics FP-SNS-MOTENVWB1 1.3.1
2023-12-19 11:13:14,809 [INFO] ThirdParty:1030 - CMSIS Pack Vendor :STMicroelectronics X-CUBE-BLE1 7.0.0
2023-12-19 11:13:14,809 [INFO] ThirdParty:1030 - CMSIS Pack Vendor :STMicroelectronics FP-ATR-SIGFOX1 3.2.0
2023-12-19 11:13:14,809 [INFO] ThirdParty:1030 - CMSIS Pack Vendor :STMicroelectronics HAL Drivers 0.0.0
2023-12-19 11:13:14,809 [INFO] ThirdParty:1030 - CMSIS Pack Vendor :STMicroelectronics MBEDTLS 2.16.2
2023-12-19 11:13:14,809 [INFO] ThirdParty:1030 - CMSIS Pack Vendor :emotas I-CUBE-CANOPEN 1.3.0
2023-12-19 11:13:14,812 [INFO] ThirdParty:1030 - CMSIS Pack Vendor :STMicroelectronics X-CUBE-MEMS1 10.0.0
2023-12-19 11:13:14,819 [INFO] ThirdParty:1030 - CMSIS Pack Vendor :STMicroelectronics X-CUBE-FREERTOS 1.1.0
2023-12-19 11:13:14,819 [INFO] ThirdParty:1030 - CMSIS Pack Vendor :STMicroelectronics X-CUBE-TOUCHGFX 4.22.0
2023-12-19 11:13:14,819 [INFO] ThirdParty:1030 - CMSIS Pack Vendor :STMicroelectronics X-CUBE-NFC7 1.0.1
2023-12-19 11:13:14,819 [INFO] ThirdParty:1030 - CMSIS Pack Vendor :STMicroelectronics MBEDTLS 2.14.1
2023-12-19 11:13:14,819 [INFO] ThirdParty:1030 - CMSIS Pack Vendor :STMicroelectronics X-CUBE-TOUCHGFX 4.22.1
2023-12-19 11:13:14,819 [INFO] ThirdParty:1030 - CMSIS Pack Vendor :STMicroelectronics X-CUBE-NFC6 3.0.0
2023-12-19 11:13:14,819 [INFO] ThirdParty:1030 - CMSIS Pack Vendor :STMicroelectronics X-CUBE-EEPRMA1 4.1.0
2023-12-19 11:13:14,819 [INFO] ThirdParty:1030 - CMSIS Pack Vendor :portGmbH I-Cube-SoM-uGOAL 1.1.0
2023-12-19 11:13:14,819 [INFO] ThirdParty:1030 - CMSIS Pack Vendor :STMicroelectronics X-CUBE-ALS 1.0.1
2023-12-19 11:13:14,819 [INFO] ThirdParty:1030 - CMSIS Pack Vendor :STMicroelectronics ThreadX 1.0.0
2023-12-19 11:13:14,819 [INFO] ThirdParty:1030 - CMSIS Pack Vendor :STMicroelectronics FP-SNS-SMARTAG2 1.2.0
2023-12-19 11:13:14,819 [INFO] ThirdParty:1030 - CMSIS Pack Vendor :STMicroelectronics X-CUBE-AZRTOS-WL 2.0.0
2023-12-19 11:13:14,819 [INFO] ThirdParty:1030 - CMSIS Pack Vendor :SEGGER I-CUBE-embOS 1.3.1
2023-12-19 11:13:14,819 [INFO] ThirdParty:1030 - CMSIS Pack Vendor :STMicroelectronics USB_DEVICE 1.0.0
2023-12-19 11:13:14,819 [INFO] ThirdParty:1030 - CMSIS Pack Vendor :STMicroelectronics X-CUBE-AI 8.1.0
2023-12-19 11:13:14,819 [INFO] ThirdParty:1030 - CMSIS Pack Vendor :STMicroelectronics X-CUBE-AZRTOS-L4 2.0.0
2023-12-19 11:13:14,819 [INFO] ThirdParty:1030 - CMSIS Pack Vendor :STMicroelectronics ThreadX 0.0.2
2023-12-19 11:13:14,819 [INFO] ThirdParty:1030 - CMSIS Pack Vendor :WES I-CUBE-Cesium 1.3.0
2023-12-19 11:13:14,820 [INFO] ThirdParty:1030 - CMSIS Pack Vendor :STMicroelectronics FP-ATR-ASTRA1 2.0.0
2023-12-19 11:13:14,820 [INFO] ThirdParty:1030 - CMSIS Pack Vendor :STMicroelectronics lwIP 2.1.2
2023-12-19 11:13:14,820 [INFO] ThirdParty:1030 - CMSIS Pack Vendor :STMicroelectronics X-CUBE-SFXS2LP1 4.0.0
2023-12-19 11:13:14,820 [INFO] ThirdParty:1030 - CMSIS Pack Vendor :STMicroelectronics X-CUBE-BLE2 3.3.0
2023-12-19 11:13:14,820 [INFO] ThirdParty:1030 - CMSIS Pack Vendor :STMicroelectronics X-CUBE-TOF1 3.4.0
2023-12-19 11:13:14,820 [INFO] ThirdParty:1030 - CMSIS Pack Vendor :STMicroelectronics PDM2PCM 3.2.0
2023-12-19 11:13:14,820 [INFO] ThirdParty:841 - exiting critical section [change project]
2023-12-19 11:13:15,528 [INFO] PinOutPanel:1499 - setPackage(No Configuration,No Configuration)
2023-12-19 11:13:15,561 [INFO] PinOutPanel:1499 - setPackage(STM32F103C8Tx,LQFP48)
2023-12-19 11:13:17,792 [INFO] UtilMem:75 - Before build in PCC Used Memory: 538268896 Bytes (1073741824)
2023-12-19 11:13:20,571 [INFO] UtilMem:75 - After build in PCC Used Memory: 677207264 Bytes (1073741824)
2023-12-19 11:13:20,605 [INFO] IPUIPlugin:80 - create IPUIPlugin
2023-12-19 11:13:20,605 [INFO] IPUIPlugin:80 - create IPUIPlugin
2023-12-19 11:13:20,606 [INFO] IPUIPlugin:80 - create IPUIPlugin
2023-12-19 11:13:20,606 [INFO] IPUIPlugin:80 - create IPUIPlugin
2023-12-19 11:13:20,606 [INFO] IPUIPlugin:80 - create IPUIPlugin
2023-12-19 11:13:20,606 [INFO] IPUIPlugin:80 - create IPUIPlugin
2023-12-19 11:13:20,606 [INFO] IPUIPlugin:80 - create IPUIPlugin
2023-12-19 11:13:20,606 [INFO] IPUIPlugin:80 - create IPUIPlugin
2023-12-19 11:13:20,606 [INFO] IPUIPlugin:80 - create IPUIPlugin
2023-12-19 11:13:20,606 [INFO] IPUIPlugin:80 - create IPUIPlugin
2023-12-19 11:13:20,606 [INFO] IPUIPlugin:80 - create IPUIPlugin
2023-12-19 11:13:20,607 [INFO] IPUIPlugin:80 - create IPUIPlugin
2023-12-19 11:13:20,607 [INFO] IPUIPlugin:80 - create IPUIPlugin
2023-12-19 11:13:20,607 [INFO] IPUIPlugin:80 - create IPUIPlugin
2023-12-19 11:13:20,607 [INFO] IPUIPlugin:80 - create IPUIPlugin
2023-12-19 11:13:20,607 [INFO] IPUIPlugin:80 - create IPUIPlugin
2023-12-19 11:13:20,607 [INFO] IPUIPlugin:80 - create IPUIPlugin
2023-12-19 11:13:20,608 [INFO] IPUIPlugin:80 - create IPUIPlugin
2023-12-19 11:13:20,608 [INFO] IPUIPlugin:80 - create IPUIPlugin
2023-12-19 11:13:20,608 [INFO] IPUIPlugin:80 - create IPUIPlugin
2023-12-19 11:13:20,608 [INFO] IPUIPlugin:80 - create IPUIPlugin
2023-12-19 11:13:20,609 [INFO] IPUIPlugin:80 - create IPUIPlugin
2023-12-19 11:13:20,637 [INFO] IPUIPlugin:80 - create IPUIPlugin
2023-12-19 11:13:20,643 [INFO] IPUIPlugin:80 - create IPUIPlugin
2023-12-19 11:13:20,644 [INFO] IPUIPlugin:80 - create IPUIPlugin
2023-12-19 11:13:20,644 [INFO] IPUIPlugin:80 - create IPUIPlugin
2023-12-19 11:13:20,644 [INFO] IPUIPlugin:80 - create IPUIPlugin
2023-12-19 11:13:20,668 [WARN] IP:2114 - I2C_Coeff_DF not found: check if there is a RefParameter without a condition.
2023-12-19 11:13:20,668 [WARN] IP:2114 - Analog_Filter not found: check if there is a RefParameter without a condition.
2023-12-19 11:13:21,227 [INFO] CADModel:165 - CPN selected for project levelSTM32F103C8T6
2023-12-19 11:13:21,227 [INFO] CADModel:114 - Register for checkConnection events
2023-12-19 11:13:21,265 [INFO] OpenFileManager:328 - Restore cursor
2023-12-19 11:13:21,505 [WARN] IP:2114 - I2C_Coeff_DF not found: check if there is a RefParameter without a condition.
2023-12-19 11:13:21,505 [WARN] IP:2114 - Analog_Filter not found: check if there is a RefParameter without a condition.
2023-12-19 11:13:21,508 [WARN] IP:2114 - I2C_Coeff_DF not found: check if there is a RefParameter without a condition.
2023-12-19 11:13:21,509 [WARN] IP:2114 - Analog_Filter not found: check if there is a RefParameter without a condition.
2023-12-19 11:13:37,039 [WARN] IP:2114 - I2C_Coeff_DF not found: check if there is a RefParameter without a condition.
2023-12-19 11:13:37,039 [WARN] IP:2114 - Analog_Filter not found: check if there is a RefParameter without a condition.
2023-12-19 11:13:46,567 [WARN] IP:2114 - I2C_Coeff_DF not found: check if there is a RefParameter without a condition.
2023-12-19 11:13:46,567 [WARN] IP:2114 - Analog_Filter not found: check if there is a RefParameter without a condition.
2023-12-19 11:13:46,568 [WARN] IP:2114 - I2C_Coeff_DF not found: check if there is a RefParameter without a condition.
2023-12-19 11:13:46,568 [WARN] IP:2114 - Analog_Filter not found: check if there is a RefParameter without a condition.
2023-12-19 11:13:46,611 [INFO] NvicIntPanel:101 - NVIC parent = com.st.microxplorer.plugins.ip.nvic.MultiNvicIntPanel[,0,0,0x0,invalid,layout=javax.swing.BoxLayout,alignmentX=0.0,alignmentY=0.0,border=,flags=9,maximumSize=,minimumSize=,preferredSize=]
2023-12-19 11:13:46,676 [WARN] IP:2114 - I2C_Coeff_DF not found: check if there is a RefParameter without a condition.
2023-12-19 11:13:46,677 [WARN] IP:2114 - Analog_Filter not found: check if there is a RefParameter without a condition.
2023-12-19 11:13:46,694 [WARN] IP:2114 - I2C_Coeff_DF not found: check if there is a RefParameter without a condition.
2023-12-19 11:13:46,694 [WARN] IP:2114 - Analog_Filter not found: check if there is a RefParameter without a condition.
2023-12-19 11:13:47,631 [INFO] UtilMem:75 - End SaveConfig() Used Memory: 604420112 Bytes (1073741824)
2023-12-19 11:13:48,869 [INFO] UtilMem:75 - End SaveConfig() Used Memory: 619689448 Bytes (1073741824)
2023-12-19 11:13:51,682 [INFO] UtilMem:75 - End SaveConfig() Used Memory: 671002624 Bytes (1073741824)
2023-12-19 11:13:52,514 [INFO] BlockDiagram:2759 - set Specific Code input for plugin: NVIC
2023-12-19 11:13:52,515 [INFO] BlockDiagram:2759 - set Specific Code input for plugin: SYS
2023-12-19 11:13:52,515 [INFO] BlockDiagram:2759 - set Specific Code input for plugin: GPIO
2023-12-19 11:13:52,515 [INFO] BlockDiagram:2759 - set Specific Code input for plugin: RCC
2023-12-19 11:13:52,515 [INFO] BlockDiagram:2759 - set Specific Code input for plugin: I2C
2023-12-19 11:13:52,517 [INFO] CodeGenerator:799 - code generatio: config db path: C:/Users/TAMRD/.stm32cubemx/databases/DB.6.0.81/db/
2023-12-19 11:13:52,531 [WARN] IP:2114 - I2C_Coeff_DF not found: check if there is a RefParameter without a condition.
2023-12-19 11:13:52,532 [WARN] IP:2114 - Analog_Filter not found: check if there is a RefParameter without a condition.
2023-12-19 11:13:52,991 [INFO] CodeEngine:255 - oldGeneratedFile, C:\Users\TAMRD\Documents\STM32_HAL\LCD_I2C\MXTmpFiles\license.tmp_save
2023-12-19 11:13:53,653 [INFO] CodeEngine:279 - Generated code: C:\Users\TAMRD\Documents\STM32_HAL\LCD_I2C\MXTmpFiles\license.tmp
2023-12-19 11:13:53,981 [INFO] CodeEngine:255 - oldGeneratedFile, C:\Users\TAMRD\Documents\STM32_HAL\LCD_I2C\MXTmpFiles\gpio.tmp_save
2023-12-19 11:13:54,237 [INFO] CodeEngine:279 - Generated code: C:\Users\TAMRD\Documents\STM32_HAL\LCD_I2C\MXTmpFiles\gpio.tmp
2023-12-19 11:13:54,539 [INFO] CodeEngine:255 - oldGeneratedFile, C:\Users\TAMRD\Documents\STM32_HAL\LCD_I2C\Core\Src\stm32f1xx_it.c_save
2023-12-19 11:13:55,169 [INFO] CodeEngine:279 - Generated code: C:\Users\TAMRD\Documents\STM32_HAL\LCD_I2C\Core\Src\stm32f1xx_it.c
2023-12-19 11:13:55,187 [INFO] CodeEngine:255 - oldGeneratedFile, C:\Users\TAMRD\Documents\STM32_HAL\LCD_I2C\Core\Inc\stm32f1xx_it.h_save
2023-12-19 11:13:55,290 [INFO] CodeEngine:279 - Generated code: C:\Users\TAMRD\Documents\STM32_HAL\LCD_I2C\Core\Inc\stm32f1xx_it.h
2023-12-19 11:13:55,377 [INFO] CodeEngine:255 - oldGeneratedFile, C:\Users\TAMRD\Documents\STM32_HAL\LCD_I2C\Core\Src\stm32f1xx_hal_msp.c_save
2023-12-19 11:13:55,585 [INFO] CodeEngine:279 - Generated code: C:\Users\TAMRD\Documents\STM32_HAL\LCD_I2C\Core\Src\stm32f1xx_hal_msp.c
2023-12-19 11:13:55,601 [INFO] CodeEngine:255 - oldGeneratedFile, C:\Users\TAMRD\Documents\STM32_HAL\LCD_I2C\MXTmpFiles\system.tmp_save
2023-12-19 11:13:55,686 [INFO] CodeEngine:279 - Generated code: C:\Users\TAMRD\Documents\STM32_HAL\LCD_I2C\MXTmpFiles\system.tmp
2023-12-19 11:13:55,739 [INFO] CodeEngine:311 - oldGeneratedFile, C:\Users\TAMRD\Documents\STM32_HAL\LCD_I2C\Core\Inc\stm32f1xx_hal_conf.h_save
2023-12-19 11:13:55,950 [INFO] CodeEngine:335 - Generated code: C:\Users\TAMRD\Documents\STM32_HAL\LCD_I2C\Core\Inc\stm32f1xx_hal_conf.h
2023-12-19 11:13:56,071 [INFO] CodeEngine:255 - oldGeneratedFile, C:\Users\TAMRD\Documents\STM32_HAL\LCD_I2C\Core\Inc\main.h_save
2023-12-19 11:13:56,319 [INFO] CodeEngine:279 - Generated code: C:\Users\TAMRD\Documents\STM32_HAL\LCD_I2C\Core\Inc\main.h
2023-12-19 11:13:56,361 [INFO] CodeEngine:255 - oldGeneratedFile, C:\Users\TAMRD\Documents\STM32_HAL\LCD_I2C\Core\Src\main.c_save
2023-12-19 11:13:57,347 [INFO] CodeEngine:279 - Generated code: C:\Users\TAMRD\Documents\STM32_HAL\LCD_I2C\Core\Src\main.c
2023-12-19 11:13:59,826 [INFO] ProjectBuilder:3064 - Time for Copy HAL[1] : 821mS.
2023-12-19 11:13:59,836 [INFO] ProjectBuilder:4404 - Project Generator version: 4.1.0
2023-12-19 11:14:00,104 [INFO] ConfigFileManager:1457 - The Die is : DIE410
2023-12-19 11:14:00,161 [INFO] ApiDbMcu:507 - Load IP Config File for FATFS
2023-12-19 11:14:00,235 [INFO] ApiDbMcu:507 - Load IP Config File for FREERTOS
2023-12-19 11:14:00,352 [INFO] ApiDbMcu:507 - Load IP Config File for USB_DEVICE
2023-12-19 11:14:03,672 [INFO] LogOutputStream:77 - [STDOUT_REDIRECT] 
2023-12-19 11:14:11,478 [INFO] ProjectBuilder:4626 - Time for Generating toolchain IDE Files: 11641mS.
2023-12-19 11:14:11,479 [INFO] ProjectBuilder:2935 - Time for Copy CMSIS : 0mS.
2023-12-19 11:14:11,481 [INFO] ProjectBuilder:2935 - Time for Copy CMSIS : 0mS.
